INFO - 2023-05-19 09:08:40 --> REDIRECTED ROUTE at /dashboard
INFO - 2023-05-19 09:08:41 --> Session: Class initialized using 'CodeIgniter\Session\Handlers\FileHandler' driver.
WARNING - 2023-05-19 09:08:42 --> [DEPRECATED] Creation of dynamic property App\Controllers\Auth::$admin is deprecated in APPPATH\Controllers\Auth.php on line 12.
 1 SYSTEMPATH\CodeIgniter.php(906): App\Controllers\Auth->__construct()
 2 SYSTEMPATH\CodeIgniter.php(490): CodeIgniter\CodeIgniter->createController()
 3 SYSTEMPATH\CodeIgniter.php(368): CodeIgniter\CodeIgniter->handleRequest(null, Object(Config\Cache), false)
 4 FCPATH\index.php(67): CodeIgniter\CodeIgniter->run()
 5 SYSTEMPATH\Commands\Server\rewrite.php(47): require_once('C:\\Users\\rimuru\\Development\\web-komisioning\\public\\index.php')
INFO - 2023-05-19 09:08:42 --> Session: Class initialized using 'CodeIgniter\Session\Handlers\FileHandler' driver.
WARNING - 2023-05-19 09:10:34 --> [DEPRECATED] Creation of dynamic property App\Controllers\Auth::$admin is deprecated in APPPATH\Controllers\Auth.php on line 12.
 1 SYSTEMPATH\CodeIgniter.php(906): App\Controllers\Auth->__construct()
 2 SYSTEMPATH\CodeIgniter.php(490): CodeIgniter\CodeIgniter->createController()
 3 SYSTEMPATH\CodeIgniter.php(368): CodeIgniter\CodeIgniter->handleRequest(null, Object(Config\Cache), false)
 4 FCPATH\index.php(67): CodeIgniter\CodeIgniter->run()
 5 SYSTEMPATH\Commands\Server\rewrite.php(47): require_once('C:\\Users\\rimuru\\Development\\web-komisioning\\public\\index.php')
ERROR - 2023-05-19 09:10:39 --> Error connecting to the database: mysqli_sql_exception: No connection could be made because the target machine actively refused it in C:\Users\rimuru\Development\web-komisioning\vendor\codeigniter4\framework\system\Database\MySQLi\Connection.php:173
Stack trace:
#0 C:\Users\rimuru\Development\web-komisioning\vendor\codeigniter4\framework\system\Database\MySQLi\Connection.php(173): mysqli->real_connect()
#1 C:\Users\rimuru\Development\web-komisioning\vendor\codeigniter4\framework\system\Database\BaseConnection.php(391): CodeIgniter\Database\MySQLi\Connection->connect()
#2 C:\Users\rimuru\Development\web-komisioning\vendor\codeigniter4\framework\system\Database\BaseConnection.php(573): CodeIgniter\Database\BaseConnection->initialize()
#3 C:\Users\rimuru\Development\web-komisioning\vendor\codeigniter4\framework\system\Database\BaseBuilder.php(1749): CodeIgniter\Database\BaseConnection->query()
#4 C:\Users\rimuru\Development\web-komisioning\vendor\codeigniter4\framework\system\Model.php(840): CodeIgniter\Database\BaseBuilder->getWhere()
#5 C:\Users\rimuru\Development\web-komisioning\app\Controllers\Auth.php(28): CodeIgniter\Model->__call()
#6 C:\Users\rimuru\Development\web-komisioning\vendor\codeigniter4\framework\system\CodeIgniter.php(934): App\Controllers\Auth->loginProcess()
#7 C:\Users\rimuru\Development\web-komisioning\vendor\codeigniter4\framework\system\CodeIgniter.php(499): CodeIgniter\CodeIgniter->runController()
#8 C:\Users\rimuru\Development\web-komisioning\vendor\codeigniter4\framework\system\CodeIgniter.php(368): CodeIgniter\CodeIgniter->handleRequest()
#9 C:\Users\rimuru\Development\web-komisioning\public\index.php(67): CodeIgniter\CodeIgniter->run()
#10 C:\Users\rimuru\Development\web-komisioning\vendor\codeigniter4\framework\system\Commands\Server\rewrite.php(47): require_once('...')
#11 {main}

Next CodeIgniter\Database\Exceptions\DatabaseException: No connection could be made because the target machine actively refused it in C:\Users\rimuru\Development\web-komisioning\vendor\codeigniter4\framework\system\Database\MySQLi\Connection.php:218
Stack trace:
#0 C:\Users\rimuru\Development\web-komisioning\vendor\codeigniter4\framework\system\Database\BaseConnection.php(391): CodeIgniter\Database\MySQLi\Connection->connect()
#1 C:\Users\rimuru\Development\web-komisioning\vendor\codeigniter4\framework\system\Database\BaseConnection.php(573): CodeIgniter\Database\BaseConnection->initialize()
#2 C:\Users\rimuru\Development\web-komisioning\vendor\codeigniter4\framework\system\Database\BaseBuilder.php(1749): CodeIgniter\Database\BaseConnection->query()
#3 C:\Users\rimuru\Development\web-komisioning\vendor\codeigniter4\framework\system\Model.php(840): CodeIgniter\Database\BaseBuilder->getWhere()
#4 C:\Users\rimuru\Development\web-komisioning\app\Controllers\Auth.php(28): CodeIgniter\Model->__call()
#5 C:\Users\rimuru\Development\web-komisioning\vendor\codeigniter4\framework\system\CodeIgniter.php(934): App\Controllers\Auth->loginProcess()
#6 C:\Users\rimuru\Development\web-komisioning\vendor\codeigniter4\framework\system\CodeIgniter.php(499): CodeIgniter\CodeIgniter->runController()
#7 C:\Users\rimuru\Development\web-komisioning\vendor\codeigniter4\framework\system\CodeIgniter.php(368): CodeIgniter\CodeIgniter->handleRequest()
#8 C:\Users\rimuru\Development\web-komisioning\public\index.php(67): CodeIgniter\CodeIgniter->run()
#9 C:\Users\rimuru\Development\web-komisioning\vendor\codeigniter4\framework\system\Commands\Server\rewrite.php(47): require_once('...')
#10 {main}
CRITICAL - 2023-05-19 09:10:39 --> Unable to connect to the database.
Main connection [MySQLi]: No connection could be made because the target machine actively refused it
in SYSTEMPATH\Database\BaseConnection.php on line 427.
 1 SYSTEMPATH\Database\BaseConnection.php(573): CodeIgniter\Database\BaseConnection->initialize()
 2 SYSTEMPATH\Database\BaseBuilder.php(1749): CodeIgniter\Database\BaseConnection->query()
 3 SYSTEMPATH\Model.php(840): CodeIgniter\Database\BaseBuilder->getWhere()
 4 APPPATH\Controllers\Auth.php(28): CodeIgniter\Model->__call()
 5 SYSTEMPATH\CodeIgniter.php(934): App\Controllers\Auth->loginProcess()
 6 SYSTEMPATH\CodeIgniter.php(499): CodeIgniter\CodeIgniter->runController()
 7 SYSTEMPATH\CodeIgniter.php(368): CodeIgniter\CodeIgniter->handleRequest()
 8 FCPATH\index.php(67): CodeIgniter\CodeIgniter->run()
 9 SYSTEMPATH\Commands\Server\rewrite.php(47): require_once('C:\\Users\\rimuru\\Development\\web-komisioning\\public\\index.php')
WARNING - 2023-05-19 09:10:58 --> [DEPRECATED] Creation of dynamic property App\Controllers\Auth::$admin is deprecated in APPPATH\Controllers\Auth.php on line 12.
 1 SYSTEMPATH\CodeIgniter.php(906): App\Controllers\Auth->__construct()
 2 SYSTEMPATH\CodeIgniter.php(490): CodeIgniter\CodeIgniter->createController()
 3 SYSTEMPATH\CodeIgniter.php(368): CodeIgniter\CodeIgniter->handleRequest(null, Object(Config\Cache), false)
 4 FCPATH\index.php(67): CodeIgniter\CodeIgniter->run()
 5 SYSTEMPATH\Commands\Server\rewrite.php(47): require_once('C:\\Users\\rimuru\\Development\\web-komisioning\\public\\index.php')
INFO - 2023-05-19 09:10:59 --> Session: Class initialized using 'CodeIgniter\Session\Handlers\FileHandler' driver.
INFO - 2023-05-19 09:10:59 --> Session: Class initialized using 'CodeIgniter\Session\Handlers\FileHandler' driver.
INFO - 2023-05-19 09:11:10 --> Session: Class initialized using 'CodeIgniter\Session\Handlers\FileHandler' driver.
WARNING - 2023-05-19 09:11:10 --> [DEPRECATED] Creation of dynamic property App\Controllers\Penyulang::$formpeny is deprecated in APPPATH\Controllers\Penyulang.php on line 22.
 1 SYSTEMPATH\CodeIgniter.php(906): App\Controllers\Penyulang->__construct()
 2 SYSTEMPATH\CodeIgniter.php(490): CodeIgniter\CodeIgniter->createController()
 3 SYSTEMPATH\CodeIgniter.php(368): CodeIgniter\CodeIgniter->handleRequest(null, Object(Config\Cache), false)
 4 FCPATH\index.php(67): CodeIgniter\CodeIgniter->run()
 5 SYSTEMPATH\Commands\Server\rewrite.php(47): require_once('C:\\Users\\rimuru\\Development\\web-komisioning\\public\\index.php')
WARNING - 2023-05-19 09:11:10 --> [DEPRECATED] Creation of dynamic property App\Controllers\Penyulang::$komkp is deprecated in APPPATH\Controllers\Penyulang.php on line 23.
 1 SYSTEMPATH\CodeIgniter.php(906): App\Controllers\Penyulang->__construct()
 2 SYSTEMPATH\CodeIgniter.php(490): CodeIgniter\CodeIgniter->createController()
 3 SYSTEMPATH\CodeIgniter.php(368): CodeIgniter\CodeIgniter->handleRequest(null, Object(Config\Cache), false)
 4 FCPATH\index.php(67): CodeIgniter\CodeIgniter->run()
 5 SYSTEMPATH\Commands\Server\rewrite.php(47): require_once('C:\\Users\\rimuru\\Development\\web-komisioning\\public\\index.php')
WARNING - 2023-05-19 09:11:11 --> [DEPRECATED] Creation of dynamic property App\Controllers\Penyulang::$picmaster is deprecated in APPPATH\Controllers\Penyulang.php on line 24.
 1 SYSTEMPATH\CodeIgniter.php(906): App\Controllers\Penyulang->__construct()
 2 SYSTEMPATH\CodeIgniter.php(490): CodeIgniter\CodeIgniter->createController()
 3 SYSTEMPATH\CodeIgniter.php(368): CodeIgniter\CodeIgniter->handleRequest(null, Object(Config\Cache), false)
 4 FCPATH\index.php(67): CodeIgniter\CodeIgniter->run()
 5 SYSTEMPATH\Commands\Server\rewrite.php(47): require_once('C:\\Users\\rimuru\\Development\\web-komisioning\\public\\index.php')
WARNING - 2023-05-19 09:11:11 --> [DEPRECATED] Creation of dynamic property App\Controllers\Penyulang::$medkom is deprecated in APPPATH\Controllers\Penyulang.php on line 25.
 1 SYSTEMPATH\CodeIgniter.php(906): App\Controllers\Penyulang->__construct()
 2 SYSTEMPATH\CodeIgniter.php(490): CodeIgniter\CodeIgniter->createController()
 3 SYSTEMPATH\CodeIgniter.php(368): CodeIgniter\CodeIgniter->handleRequest(null, Object(Config\Cache), false)
 4 FCPATH\index.php(67): CodeIgniter\CodeIgniter->run()
 5 SYSTEMPATH\Commands\Server\rewrite.php(47): require_once('C:\\Users\\rimuru\\Development\\web-komisioning\\public\\index.php')
WARNING - 2023-05-19 09:11:11 --> [DEPRECATED] Creation of dynamic property App\Controllers\Penyulang::$garduinduk is deprecated in APPPATH\Controllers\Penyulang.php on line 26.
 1 SYSTEMPATH\CodeIgniter.php(906): App\Controllers\Penyulang->__construct()
 2 SYSTEMPATH\CodeIgniter.php(490): CodeIgniter\CodeIgniter->createController()
 3 SYSTEMPATH\CodeIgniter.php(368): CodeIgniter\CodeIgniter->handleRequest(null, Object(Config\Cache), false)
 4 FCPATH\index.php(67): CodeIgniter\CodeIgniter->run()
 5 SYSTEMPATH\Commands\Server\rewrite.php(47): require_once('C:\\Users\\rimuru\\Development\\web-komisioning\\public\\index.php')
WARNING - 2023-05-19 09:11:11 --> [DEPRECATED] Creation of dynamic property App\Controllers\Penyulang::$modem is deprecated in APPPATH\Controllers\Penyulang.php on line 27.
 1 SYSTEMPATH\CodeIgniter.php(906): App\Controllers\Penyulang->__construct()
 2 SYSTEMPATH\CodeIgniter.php(490): CodeIgniter\CodeIgniter->createController()
 3 SYSTEMPATH\CodeIgniter.php(368): CodeIgniter\CodeIgniter->handleRequest(null, Object(Config\Cache), false)
 4 FCPATH\index.php(67): CodeIgniter\CodeIgniter->run()
 5 SYSTEMPATH\Commands\Server\rewrite.php(47): require_once('C:\\Users\\rimuru\\Development\\web-komisioning\\public\\index.php')
WARNING - 2023-05-19 09:11:11 --> [DEPRECATED] Creation of dynamic property App\Controllers\Penyulang::$sectoral is deprecated in APPPATH\Controllers\Penyulang.php on line 28.
 1 SYSTEMPATH\CodeIgniter.php(906): App\Controllers\Penyulang->__construct()
 2 SYSTEMPATH\CodeIgniter.php(490): CodeIgniter\CodeIgniter->createController()
 3 SYSTEMPATH\CodeIgniter.php(368): CodeIgniter\CodeIgniter->handleRequest(null, Object(Config\Cache), false)
 4 FCPATH\index.php(67): CodeIgniter\CodeIgniter->run()
 5 SYSTEMPATH\Commands\Server\rewrite.php(47): require_once('C:\\Users\\rimuru\\Development\\web-komisioning\\public\\index.php')
WARNING - 2023-05-19 09:11:11 --> [DEPRECATED] Creation of dynamic property App\Controllers\Penyulang::$admin is deprecated in APPPATH\Controllers\Penyulang.php on line 29.
 1 SYSTEMPATH\CodeIgniter.php(906): App\Controllers\Penyulang->__construct()
 2 SYSTEMPATH\CodeIgniter.php(490): CodeIgniter\CodeIgniter->createController()
 3 SYSTEMPATH\CodeIgniter.php(368): CodeIgniter\CodeIgniter->handleRequest(null, Object(Config\Cache), false)
 4 FCPATH\index.php(67): CodeIgniter\CodeIgniter->run()
 5 SYSTEMPATH\Commands\Server\rewrite.php(47): require_once('C:\\Users\\rimuru\\Development\\web-komisioning\\public\\index.php')
WARNING - 2023-05-19 09:11:11 --> [DEPRECATED] Creation of dynamic property App\Controllers\Penyulang::$merkrtugi is deprecated in APPPATH\Controllers\Penyulang.php on line 30.
 1 SYSTEMPATH\CodeIgniter.php(906): App\Controllers\Penyulang->__construct()
 2 SYSTEMPATH\CodeIgniter.php(490): CodeIgniter\CodeIgniter->createController()
 3 SYSTEMPATH\CodeIgniter.php(368): CodeIgniter\CodeIgniter->handleRequest(null, Object(Config\Cache), false)
 4 FCPATH\index.php(67): CodeIgniter\CodeIgniter->run()
 5 SYSTEMPATH\Commands\Server\rewrite.php(47): require_once('C:\\Users\\rimuru\\Development\\web-komisioning\\public\\index.php')
INFO - 2023-05-19 09:11:14 --> Session: Class initialized using 'CodeIgniter\Session\Handlers\FileHandler' driver.
WARNING - 2023-05-19 09:11:14 --> [DEPRECATED] Creation of dynamic property App\Controllers\Penyulang::$formpeny is deprecated in APPPATH\Controllers\Penyulang.php on line 22.
 1 SYSTEMPATH\CodeIgniter.php(906): App\Controllers\Penyulang->__construct()
 2 SYSTEMPATH\CodeIgniter.php(490): CodeIgniter\CodeIgniter->createController()
 3 SYSTEMPATH\CodeIgniter.php(368): CodeIgniter\CodeIgniter->handleRequest(null, Object(Config\Cache), false)
 4 FCPATH\index.php(67): CodeIgniter\CodeIgniter->run()
 5 SYSTEMPATH\Commands\Server\rewrite.php(47): require_once('C:\\Users\\rimuru\\Development\\web-komisioning\\public\\index.php')
WARNING - 2023-05-19 09:11:14 --> [DEPRECATED] Creation of dynamic property App\Controllers\Penyulang::$komkp is deprecated in APPPATH\Controllers\Penyulang.php on line 23.
 1 SYSTEMPATH\CodeIgniter.php(906): App\Controllers\Penyulang->__construct()
 2 SYSTEMPATH\CodeIgniter.php(490): CodeIgniter\CodeIgniter->createController()
 3 SYSTEMPATH\CodeIgniter.php(368): CodeIgniter\CodeIgniter->handleRequest(null, Object(Config\Cache), false)
 4 FCPATH\index.php(67): CodeIgniter\CodeIgniter->run()
 5 SYSTEMPATH\Commands\Server\rewrite.php(47): require_once('C:\\Users\\rimuru\\Development\\web-komisioning\\public\\index.php')
WARNING - 2023-05-19 09:11:14 --> [DEPRECATED] Creation of dynamic property App\Controllers\Penyulang::$picmaster is deprecated in APPPATH\Controllers\Penyulang.php on line 24.
 1 SYSTEMPATH\CodeIgniter.php(906): App\Controllers\Penyulang->__construct()
 2 SYSTEMPATH\CodeIgniter.php(490): CodeIgniter\CodeIgniter->createController()
 3 SYSTEMPATH\CodeIgniter.php(368): CodeIgniter\CodeIgniter->handleRequest(null, Object(Config\Cache), false)
 4 FCPATH\index.php(67): CodeIgniter\CodeIgniter->run()
 5 SYSTEMPATH\Commands\Server\rewrite.php(47): require_once('C:\\Users\\rimuru\\Development\\web-komisioning\\public\\index.php')
WARNING - 2023-05-19 09:11:14 --> [DEPRECATED] Creation of dynamic property App\Controllers\Penyulang::$medkom is deprecated in APPPATH\Controllers\Penyulang.php on line 25.
 1 SYSTEMPATH\CodeIgniter.php(906): App\Controllers\Penyulang->__construct()
 2 SYSTEMPATH\CodeIgniter.php(490): CodeIgniter\CodeIgniter->createController()
 3 SYSTEMPATH\CodeIgniter.php(368): CodeIgniter\CodeIgniter->handleRequest(null, Object(Config\Cache), false)
 4 FCPATH\index.php(67): CodeIgniter\CodeIgniter->run()
 5 SYSTEMPATH\Commands\Server\rewrite.php(47): require_once('C:\\Users\\rimuru\\Development\\web-komisioning\\public\\index.php')
WARNING - 2023-05-19 09:11:14 --> [DEPRECATED] Creation of dynamic property App\Controllers\Penyulang::$garduinduk is deprecated in APPPATH\Controllers\Penyulang.php on line 26.
 1 SYSTEMPATH\CodeIgniter.php(906): App\Controllers\Penyulang->__construct()
 2 SYSTEMPATH\CodeIgniter.php(490): CodeIgniter\CodeIgniter->createController()
 3 SYSTEMPATH\CodeIgniter.php(368): CodeIgniter\CodeIgniter->handleRequest(null, Object(Config\Cache), false)
 4 FCPATH\index.php(67): CodeIgniter\CodeIgniter->run()
 5 SYSTEMPATH\Commands\Server\rewrite.php(47): require_once('C:\\Users\\rimuru\\Development\\web-komisioning\\public\\index.php')
WARNING - 2023-05-19 09:11:14 --> [DEPRECATED] Creation of dynamic property App\Controllers\Penyulang::$modem is deprecated in APPPATH\Controllers\Penyulang.php on line 27.
 1 SYSTEMPATH\CodeIgniter.php(906): App\Controllers\Penyulang->__construct()
 2 SYSTEMPATH\CodeIgniter.php(490): CodeIgniter\CodeIgniter->createController()
 3 SYSTEMPATH\CodeIgniter.php(368): CodeIgniter\CodeIgniter->handleRequest(null, Object(Config\Cache), false)
 4 FCPATH\index.php(67): CodeIgniter\CodeIgniter->run()
 5 SYSTEMPATH\Commands\Server\rewrite.php(47): require_once('C:\\Users\\rimuru\\Development\\web-komisioning\\public\\index.php')
WARNING - 2023-05-19 09:11:14 --> [DEPRECATED] Creation of dynamic property App\Controllers\Penyulang::$sectoral is deprecated in APPPATH\Controllers\Penyulang.php on line 28.
 1 SYSTEMPATH\CodeIgniter.php(906): App\Controllers\Penyulang->__construct()
 2 SYSTEMPATH\CodeIgniter.php(490): CodeIgniter\CodeIgniter->createController()
 3 SYSTEMPATH\CodeIgniter.php(368): CodeIgniter\CodeIgniter->handleRequest(null, Object(Config\Cache), false)
 4 FCPATH\index.php(67): CodeIgniter\CodeIgniter->run()
 5 SYSTEMPATH\Commands\Server\rewrite.php(47): require_once('C:\\Users\\rimuru\\Development\\web-komisioning\\public\\index.php')
WARNING - 2023-05-19 09:11:14 --> [DEPRECATED] Creation of dynamic property App\Controllers\Penyulang::$admin is deprecated in APPPATH\Controllers\Penyulang.php on line 29.
 1 SYSTEMPATH\CodeIgniter.php(906): App\Controllers\Penyulang->__construct()
 2 SYSTEMPATH\CodeIgniter.php(490): CodeIgniter\CodeIgniter->createController()
 3 SYSTEMPATH\CodeIgniter.php(368): CodeIgniter\CodeIgniter->handleRequest(null, Object(Config\Cache), false)
 4 FCPATH\index.php(67): CodeIgniter\CodeIgniter->run()
 5 SYSTEMPATH\Commands\Server\rewrite.php(47): require_once('C:\\Users\\rimuru\\Development\\web-komisioning\\public\\index.php')
WARNING - 2023-05-19 09:11:14 --> [DEPRECATED] Creation of dynamic property App\Controllers\Penyulang::$merkrtugi is deprecated in APPPATH\Controllers\Penyulang.php on line 30.
 1 SYSTEMPATH\CodeIgniter.php(906): App\Controllers\Penyulang->__construct()
 2 SYSTEMPATH\CodeIgniter.php(490): CodeIgniter\CodeIgniter->createController()
 3 SYSTEMPATH\CodeIgniter.php(368): CodeIgniter\CodeIgniter->handleRequest(null, Object(Config\Cache), false)
 4 FCPATH\index.php(67): CodeIgniter\CodeIgniter->run()
 5 SYSTEMPATH\Commands\Server\rewrite.php(47): require_once('C:\\Users\\rimuru\\Development\\web-komisioning\\public\\index.php')
INFO - 2023-05-19 09:11:26 --> Session: Class initialized using 'CodeIgniter\Session\Handlers\FileHandler' driver.
WARNING - 2023-05-19 09:11:26 --> [DEPRECATED] Creation of dynamic property App\Controllers\Keypoint::$formkp is deprecated in APPPATH\Controllers\Keypoint.php on line 20.
 1 SYSTEMPATH\CodeIgniter.php(906): App\Controllers\Keypoint->__construct()
 2 SYSTEMPATH\CodeIgniter.php(490): CodeIgniter\CodeIgniter->createController()
 3 SYSTEMPATH\CodeIgniter.php(368): CodeIgniter\CodeIgniter->handleRequest(null, Object(Config\Cache), false)
 4 FCPATH\index.php(67): CodeIgniter\CodeIgniter->run()
 5 SYSTEMPATH\Commands\Server\rewrite.php(47): require_once('C:\\Users\\rimuru\\Development\\web-komisioning\\public\\index.php')
WARNING - 2023-05-19 09:11:26 --> [DEPRECATED] Creation of dynamic property App\Controllers\Keypoint::$komkp is deprecated in APPPATH\Controllers\Keypoint.php on line 21.
 1 SYSTEMPATH\CodeIgniter.php(906): App\Controllers\Keypoint->__construct()
 2 SYSTEMPATH\CodeIgniter.php(490): CodeIgniter\CodeIgniter->createController()
 3 SYSTEMPATH\CodeIgniter.php(368): CodeIgniter\CodeIgniter->handleRequest(null, Object(Config\Cache), false)
 4 FCPATH\index.php(67): CodeIgniter\CodeIgniter->run()
 5 SYSTEMPATH\Commands\Server\rewrite.php(47): require_once('C:\\Users\\rimuru\\Development\\web-komisioning\\public\\index.php')
WARNING - 2023-05-19 09:11:26 --> [DEPRECATED] Creation of dynamic property App\Controllers\Keypoint::$picmaster is deprecated in APPPATH\Controllers\Keypoint.php on line 22.
 1 SYSTEMPATH\CodeIgniter.php(906): App\Controllers\Keypoint->__construct()
 2 SYSTEMPATH\CodeIgniter.php(490): CodeIgniter\CodeIgniter->createController()
 3 SYSTEMPATH\CodeIgniter.php(368): CodeIgniter\CodeIgniter->handleRequest(null, Object(Config\Cache), false)
 4 FCPATH\index.php(67): CodeIgniter\CodeIgniter->run()
 5 SYSTEMPATH\Commands\Server\rewrite.php(47): require_once('C:\\Users\\rimuru\\Development\\web-komisioning\\public\\index.php')
WARNING - 2023-05-19 09:11:26 --> [DEPRECATED] Creation of dynamic property App\Controllers\Keypoint::$medkom is deprecated in APPPATH\Controllers\Keypoint.php on line 23.
 1 SYSTEMPATH\CodeIgniter.php(906): App\Controllers\Keypoint->__construct()
 2 SYSTEMPATH\CodeIgniter.php(490): CodeIgniter\CodeIgniter->createController()
 3 SYSTEMPATH\CodeIgniter.php(368): CodeIgniter\CodeIgniter->handleRequest(null, Object(Config\Cache), false)
 4 FCPATH\index.php(67): CodeIgniter\CodeIgniter->run()
 5 SYSTEMPATH\Commands\Server\rewrite.php(47): require_once('C:\\Users\\rimuru\\Development\\web-komisioning\\public\\index.php')
WARNING - 2023-05-19 09:11:26 --> [DEPRECATED] Creation of dynamic property App\Controllers\Keypoint::$merklbs is deprecated in APPPATH\Controllers\Keypoint.php on line 24.
 1 SYSTEMPATH\CodeIgniter.php(906): App\Controllers\Keypoint->__construct()
 2 SYSTEMPATH\CodeIgniter.php(490): CodeIgniter\CodeIgniter->createController()
 3 SYSTEMPATH\CodeIgniter.php(368): CodeIgniter\CodeIgniter->handleRequest(null, Object(Config\Cache), false)
 4 FCPATH\index.php(67): CodeIgniter\CodeIgniter->run()
 5 SYSTEMPATH\Commands\Server\rewrite.php(47): require_once('C:\\Users\\rimuru\\Development\\web-komisioning\\public\\index.php')
WARNING - 2023-05-19 09:11:26 --> [DEPRECATED] Creation of dynamic property App\Controllers\Keypoint::$garduinduk is deprecated in APPPATH\Controllers\Keypoint.php on line 25.
 1 SYSTEMPATH\CodeIgniter.php(906): App\Controllers\Keypoint->__construct()
 2 SYSTEMPATH\CodeIgniter.php(490): CodeIgniter\CodeIgniter->createController()
 3 SYSTEMPATH\CodeIgniter.php(368): CodeIgniter\CodeIgniter->handleRequest(null, Object(Config\Cache), false)
 4 FCPATH\index.php(67): CodeIgniter\CodeIgniter->run()
 5 SYSTEMPATH\Commands\Server\rewrite.php(47): require_once('C:\\Users\\rimuru\\Development\\web-komisioning\\public\\index.php')
WARNING - 2023-05-19 09:11:26 --> [DEPRECATED] Creation of dynamic property App\Controllers\Keypoint::$modem is deprecated in APPPATH\Controllers\Keypoint.php on line 26.
 1 SYSTEMPATH\CodeIgniter.php(906): App\Controllers\Keypoint->__construct()
 2 SYSTEMPATH\CodeIgniter.php(490): CodeIgniter\CodeIgniter->createController()
 3 SYSTEMPATH\CodeIgniter.php(368): CodeIgniter\CodeIgniter->handleRequest(null, Object(Config\Cache), false)
 4 FCPATH\index.php(67): CodeIgniter\CodeIgniter->run()
 5 SYSTEMPATH\Commands\Server\rewrite.php(47): require_once('C:\\Users\\rimuru\\Development\\web-komisioning\\public\\index.php')
WARNING - 2023-05-19 09:11:26 --> [DEPRECATED] Creation of dynamic property App\Controllers\Keypoint::$sectoral is deprecated in APPPATH\Controllers\Keypoint.php on line 27.
 1 SYSTEMPATH\CodeIgniter.php(906): App\Controllers\Keypoint->__construct()
 2 SYSTEMPATH\CodeIgniter.php(490): CodeIgniter\CodeIgniter->createController()
 3 SYSTEMPATH\CodeIgniter.php(368): CodeIgniter\CodeIgniter->handleRequest(null, Object(Config\Cache), false)
 4 FCPATH\index.php(67): CodeIgniter\CodeIgniter->run()
 5 SYSTEMPATH\Commands\Server\rewrite.php(47): require_once('C:\\Users\\rimuru\\Development\\web-komisioning\\public\\index.php')
WARNING - 2023-05-19 09:11:26 --> [DEPRECATED] Creation of dynamic property App\Controllers\Keypoint::$admin is deprecated in APPPATH\Controllers\Keypoint.php on line 28.
 1 SYSTEMPATH\CodeIgniter.php(906): App\Controllers\Keypoint->__construct()
 2 SYSTEMPATH\CodeIgniter.php(490): CodeIgniter\CodeIgniter->createController()
 3 SYSTEMPATH\CodeIgniter.php(368): CodeIgniter\CodeIgniter->handleRequest(null, Object(Config\Cache), false)
 4 FCPATH\index.php(67): CodeIgniter\CodeIgniter->run()
 5 SYSTEMPATH\Commands\Server\rewrite.php(47): require_once('C:\\Users\\rimuru\\Development\\web-komisioning\\public\\index.php')
WARNING - 2023-05-19 09:11:37 --> [DEPRECATED] Creation of dynamic property App\Controllers\Auth::$admin is deprecated in APPPATH\Controllers\Auth.php on line 12.
 1 SYSTEMPATH\CodeIgniter.php(906): App\Controllers\Auth->__construct()
 2 SYSTEMPATH\CodeIgniter.php(490): CodeIgniter\CodeIgniter->createController()
 3 SYSTEMPATH\CodeIgniter.php(368): CodeIgniter\CodeIgniter->handleRequest(null, Object(Config\Cache), false)
 4 FCPATH\index.php(67): CodeIgniter\CodeIgniter->run()
 5 SYSTEMPATH\Commands\Server\rewrite.php(47): require_once('C:\\Users\\rimuru\\Development\\web-komisioning\\public\\index.php')
INFO - 2023-05-19 09:11:37 --> Session: Class initialized using 'CodeIgniter\Session\Handlers\FileHandler' driver.
WARNING - 2023-05-19 09:11:37 --> [DEPRECATED] Creation of dynamic property App\Controllers\Auth::$admin is deprecated in APPPATH\Controllers\Auth.php on line 12.
 1 SYSTEMPATH\CodeIgniter.php(906): App\Controllers\Auth->__construct()
 2 SYSTEMPATH\CodeIgniter.php(490): CodeIgniter\CodeIgniter->createController()
 3 SYSTEMPATH\CodeIgniter.php(368): CodeIgniter\CodeIgniter->handleRequest(null, Object(Config\Cache), false)
 4 FCPATH\index.php(67): CodeIgniter\CodeIgniter->run()
 5 SYSTEMPATH\Commands\Server\rewrite.php(47): require_once('C:\\Users\\rimuru\\Development\\web-komisioning\\public\\index.php')
INFO - 2023-05-19 09:11:37 --> Session: Class initialized using 'CodeIgniter\Session\Handlers\FileHandler' driver.
WARNING - 2023-05-19 09:11:44 --> [DEPRECATED] Creation of dynamic property App\Controllers\Auth::$admin is deprecated in APPPATH\Controllers\Auth.php on line 12.
 1 SYSTEMPATH\CodeIgniter.php(906): App\Controllers\Auth->__construct()
 2 SYSTEMPATH\CodeIgniter.php(490): CodeIgniter\CodeIgniter->createController()
 3 SYSTEMPATH\CodeIgniter.php(368): CodeIgniter\CodeIgniter->handleRequest(null, Object(Config\Cache), false)
 4 FCPATH\index.php(67): CodeIgniter\CodeIgniter->run()
 5 SYSTEMPATH\Commands\Server\rewrite.php(47): require_once('C:\\Users\\rimuru\\Development\\web-komisioning\\public\\index.php')
INFO - 2023-05-19 09:11:44 --> Session: Class initialized using 'CodeIgniter\Session\Handlers\FileHandler' driver.
INFO - 2023-05-19 09:11:45 --> Session: Class initialized using 'CodeIgniter\Session\Handlers\FileHandler' driver.
INFO - 2023-05-19 09:11:52 --> Session: Class initialized using 'CodeIgniter\Session\Handlers\FileHandler' driver.
WARNING - 2023-05-19 09:11:52 --> [DEPRECATED] Creation of dynamic property App\Controllers\Keypoint::$formkp is deprecated in APPPATH\Controllers\Keypoint.php on line 20.
 1 SYSTEMPATH\CodeIgniter.php(906): App\Controllers\Keypoint->__construct()
 2 SYSTEMPATH\CodeIgniter.php(490): CodeIgniter\CodeIgniter->createController()
 3 SYSTEMPATH\CodeIgniter.php(368): CodeIgniter\CodeIgniter->handleRequest(null, Object(Config\Cache), false)
 4 FCPATH\index.php(67): CodeIgniter\CodeIgniter->run()
 5 SYSTEMPATH\Commands\Server\rewrite.php(47): require_once('C:\\Users\\rimuru\\Development\\web-komisioning\\public\\index.php')
WARNING - 2023-05-19 09:11:52 --> [DEPRECATED] Creation of dynamic property App\Controllers\Keypoint::$komkp is deprecated in APPPATH\Controllers\Keypoint.php on line 21.
 1 SYSTEMPATH\CodeIgniter.php(906): App\Controllers\Keypoint->__construct()
 2 SYSTEMPATH\CodeIgniter.php(490): CodeIgniter\CodeIgniter->createController()
 3 SYSTEMPATH\CodeIgniter.php(368): CodeIgniter\CodeIgniter->handleRequest(null, Object(Config\Cache), false)
 4 FCPATH\index.php(67): CodeIgniter\CodeIgniter->run()
 5 SYSTEMPATH\Commands\Server\rewrite.php(47): require_once('C:\\Users\\rimuru\\Development\\web-komisioning\\public\\index.php')
WARNING - 2023-05-19 09:11:52 --> [DEPRECATED] Creation of dynamic property App\Controllers\Keypoint::$picmaster is deprecated in APPPATH\Controllers\Keypoint.php on line 22.
 1 SYSTEMPATH\CodeIgniter.php(906): App\Controllers\Keypoint->__construct()
 2 SYSTEMPATH\CodeIgniter.php(490): CodeIgniter\CodeIgniter->createController()
 3 SYSTEMPATH\CodeIgniter.php(368): CodeIgniter\CodeIgniter->handleRequest(null, Object(Config\Cache), false)
 4 FCPATH\index.php(67): CodeIgniter\CodeIgniter->run()
 5 SYSTEMPATH\Commands\Server\rewrite.php(47): require_once('C:\\Users\\rimuru\\Development\\web-komisioning\\public\\index.php')
WARNING - 2023-05-19 09:11:52 --> [DEPRECATED] Creation of dynamic property App\Controllers\Keypoint::$medkom is deprecated in APPPATH\Controllers\Keypoint.php on line 23.
 1 SYSTEMPATH\CodeIgniter.php(906): App\Controllers\Keypoint->__construct()
 2 SYSTEMPATH\CodeIgniter.php(490): CodeIgniter\CodeIgniter->createController()
 3 SYSTEMPATH\CodeIgniter.php(368): CodeIgniter\CodeIgniter->handleRequest(null, Object(Config\Cache), false)
 4 FCPATH\index.php(67): CodeIgniter\CodeIgniter->run()
 5 SYSTEMPATH\Commands\Server\rewrite.php(47): require_once('C:\\Users\\rimuru\\Development\\web-komisioning\\public\\index.php')
WARNING - 2023-05-19 09:11:52 --> [DEPRECATED] Creation of dynamic property App\Controllers\Keypoint::$merklbs is deprecated in APPPATH\Controllers\Keypoint.php on line 24.
 1 SYSTEMPATH\CodeIgniter.php(906): App\Controllers\Keypoint->__construct()
 2 SYSTEMPATH\CodeIgniter.php(490): CodeIgniter\CodeIgniter->createController()
 3 SYSTEMPATH\CodeIgniter.php(368): CodeIgniter\CodeIgniter->handleRequest(null, Object(Config\Cache), false)
 4 FCPATH\index.php(67): CodeIgniter\CodeIgniter->run()
 5 SYSTEMPATH\Commands\Server\rewrite.php(47): require_once('C:\\Users\\rimuru\\Development\\web-komisioning\\public\\index.php')
WARNING - 2023-05-19 09:11:52 --> [DEPRECATED] Creation of dynamic property App\Controllers\Keypoint::$garduinduk is deprecated in APPPATH\Controllers\Keypoint.php on line 25.
 1 SYSTEMPATH\CodeIgniter.php(906): App\Controllers\Keypoint->__construct()
 2 SYSTEMPATH\CodeIgniter.php(490): CodeIgniter\CodeIgniter->createController()
 3 SYSTEMPATH\CodeIgniter.php(368): CodeIgniter\CodeIgniter->handleRequest(null, Object(Config\Cache), false)
 4 FCPATH\index.php(67): CodeIgniter\CodeIgniter->run()
 5 SYSTEMPATH\Commands\Server\rewrite.php(47): require_once('C:\\Users\\rimuru\\Development\\web-komisioning\\public\\index.php')
WARNING - 2023-05-19 09:11:52 --> [DEPRECATED] Creation of dynamic property App\Controllers\Keypoint::$modem is deprecated in APPPATH\Controllers\Keypoint.php on line 26.
 1 SYSTEMPATH\CodeIgniter.php(906): App\Controllers\Keypoint->__construct()
 2 SYSTEMPATH\CodeIgniter.php(490): CodeIgniter\CodeIgniter->createController()
 3 SYSTEMPATH\CodeIgniter.php(368): CodeIgniter\CodeIgniter->handleRequest(null, Object(Config\Cache), false)
 4 FCPATH\index.php(67): CodeIgniter\CodeIgniter->run()
 5 SYSTEMPATH\Commands\Server\rewrite.php(47): require_once('C:\\Users\\rimuru\\Development\\web-komisioning\\public\\index.php')
WARNING - 2023-05-19 09:11:52 --> [DEPRECATED] Creation of dynamic property App\Controllers\Keypoint::$sectoral is deprecated in APPPATH\Controllers\Keypoint.php on line 27.
 1 SYSTEMPATH\CodeIgniter.php(906): App\Controllers\Keypoint->__construct()
 2 SYSTEMPATH\CodeIgniter.php(490): CodeIgniter\CodeIgniter->createController()
 3 SYSTEMPATH\CodeIgniter.php(368): CodeIgniter\CodeIgniter->handleRequest(null, Object(Config\Cache), false)
 4 FCPATH\index.php(67): CodeIgniter\CodeIgniter->run()
 5 SYSTEMPATH\Commands\Server\rewrite.php(47): require_once('C:\\Users\\rimuru\\Development\\web-komisioning\\public\\index.php')
WARNING - 2023-05-19 09:11:52 --> [DEPRECATED] Creation of dynamic property App\Controllers\Keypoint::$admin is deprecated in APPPATH\Controllers\Keypoint.php on line 28.
 1 SYSTEMPATH\CodeIgniter.php(906): App\Controllers\Keypoint->__construct()
 2 SYSTEMPATH\CodeIgniter.php(490): CodeIgniter\CodeIgniter->createController()
 3 SYSTEMPATH\CodeIgniter.php(368): CodeIgniter\CodeIgniter->handleRequest(null, Object(Config\Cache), false)
 4 FCPATH\index.php(67): CodeIgniter\CodeIgniter->run()
 5 SYSTEMPATH\Commands\Server\rewrite.php(47): require_once('C:\\Users\\rimuru\\Development\\web-komisioning\\public\\index.php')
INFO - 2023-05-19 09:25:12 --> Session: Class initialized using 'CodeIgniter\Session\Handlers\FileHandler' driver.
WARNING - 2023-05-19 09:25:12 --> [DEPRECATED] Creation of dynamic property App\Controllers\Penyulang::$formpeny is deprecated in APPPATH\Controllers\Penyulang.php on line 22.
 1 SYSTEMPATH\CodeIgniter.php(906): App\Controllers\Penyulang->__construct()
 2 SYSTEMPATH\CodeIgniter.php(490): CodeIgniter\CodeIgniter->createController()
 3 SYSTEMPATH\CodeIgniter.php(368): CodeIgniter\CodeIgniter->handleRequest(null, Object(Config\Cache), false)
 4 FCPATH\index.php(67): CodeIgniter\CodeIgniter->run()
 5 SYSTEMPATH\Commands\Server\rewrite.php(47): require_once('C:\\Users\\rimuru\\Development\\web-komisioning\\public\\index.php')
WARNING - 2023-05-19 09:25:12 --> [DEPRECATED] Creation of dynamic property App\Controllers\Penyulang::$komkp is deprecated in APPPATH\Controllers\Penyulang.php on line 23.
 1 SYSTEMPATH\CodeIgniter.php(906): App\Controllers\Penyulang->__construct()
 2 SYSTEMPATH\CodeIgniter.php(490): CodeIgniter\CodeIgniter->createController()
 3 SYSTEMPATH\CodeIgniter.php(368): CodeIgniter\CodeIgniter->handleRequest(null, Object(Config\Cache), false)
 4 FCPATH\index.php(67): CodeIgniter\CodeIgniter->run()
 5 SYSTEMPATH\Commands\Server\rewrite.php(47): require_once('C:\\Users\\rimuru\\Development\\web-komisioning\\public\\index.php')
WARNING - 2023-05-19 09:25:12 --> [DEPRECATED] Creation of dynamic property App\Controllers\Penyulang::$picmaster is deprecated in APPPATH\Controllers\Penyulang.php on line 24.
 1 SYSTEMPATH\CodeIgniter.php(906): App\Controllers\Penyulang->__construct()
 2 SYSTEMPATH\CodeIgniter.php(490): CodeIgniter\CodeIgniter->createController()
 3 SYSTEMPATH\CodeIgniter.php(368): CodeIgniter\CodeIgniter->handleRequest(null, Object(Config\Cache), false)
 4 FCPATH\index.php(67): CodeIgniter\CodeIgniter->run()
 5 SYSTEMPATH\Commands\Server\rewrite.php(47): require_once('C:\\Users\\rimuru\\Development\\web-komisioning\\public\\index.php')
WARNING - 2023-05-19 09:25:12 --> [DEPRECATED] Creation of dynamic property App\Controllers\Penyulang::$medkom is deprecated in APPPATH\Controllers\Penyulang.php on line 25.
 1 SYSTEMPATH\CodeIgniter.php(906): App\Controllers\Penyulang->__construct()
 2 SYSTEMPATH\CodeIgniter.php(490): CodeIgniter\CodeIgniter->createController()
 3 SYSTEMPATH\CodeIgniter.php(368): CodeIgniter\CodeIgniter->handleRequest(null, Object(Config\Cache), false)
 4 FCPATH\index.php(67): CodeIgniter\CodeIgniter->run()
 5 SYSTEMPATH\Commands\Server\rewrite.php(47): require_once('C:\\Users\\rimuru\\Development\\web-komisioning\\public\\index.php')
WARNING - 2023-05-19 09:25:12 --> [DEPRECATED] Creation of dynamic property App\Controllers\Penyulang::$garduinduk is deprecated in APPPATH\Controllers\Penyulang.php on line 26.
 1 SYSTEMPATH\CodeIgniter.php(906): App\Controllers\Penyulang->__construct()
 2 SYSTEMPATH\CodeIgniter.php(490): CodeIgniter\CodeIgniter->createController()
 3 SYSTEMPATH\CodeIgniter.php(368): CodeIgniter\CodeIgniter->handleRequest(null, Object(Config\Cache), false)
 4 FCPATH\index.php(67): CodeIgniter\CodeIgniter->run()
 5 SYSTEMPATH\Commands\Server\rewrite.php(47): require_once('C:\\Users\\rimuru\\Development\\web-komisioning\\public\\index.php')
WARNING - 2023-05-19 09:25:12 --> [DEPRECATED] Creation of dynamic property App\Controllers\Penyulang::$modem is deprecated in APPPATH\Controllers\Penyulang.php on line 27.
 1 SYSTEMPATH\CodeIgniter.php(906): App\Controllers\Penyulang->__construct()
 2 SYSTEMPATH\CodeIgniter.php(490): CodeIgniter\CodeIgniter->createController()
 3 SYSTEMPATH\CodeIgniter.php(368): CodeIgniter\CodeIgniter->handleRequest(null, Object(Config\Cache), false)
 4 FCPATH\index.php(67): CodeIgniter\CodeIgniter->run()
 5 SYSTEMPATH\Commands\Server\rewrite.php(47): require_once('C:\\Users\\rimuru\\Development\\web-komisioning\\public\\index.php')
WARNING - 2023-05-19 09:25:12 --> [DEPRECATED] Creation of dynamic property App\Controllers\Penyulang::$sectoral is deprecated in APPPATH\Controllers\Penyulang.php on line 28.
 1 SYSTEMPATH\CodeIgniter.php(906): App\Controllers\Penyulang->__construct()
 2 SYSTEMPATH\CodeIgniter.php(490): CodeIgniter\CodeIgniter->createController()
 3 SYSTEMPATH\CodeIgniter.php(368): CodeIgniter\CodeIgniter->handleRequest(null, Object(Config\Cache), false)
 4 FCPATH\index.php(67): CodeIgniter\CodeIgniter->run()
 5 SYSTEMPATH\Commands\Server\rewrite.php(47): require_once('C:\\Users\\rimuru\\Development\\web-komisioning\\public\\index.php')
WARNING - 2023-05-19 09:25:12 --> [DEPRECATED] Creation of dynamic property App\Controllers\Penyulang::$admin is deprecated in APPPATH\Controllers\Penyulang.php on line 29.
 1 SYSTEMPATH\CodeIgniter.php(906): App\Controllers\Penyulang->__construct()
 2 SYSTEMPATH\CodeIgniter.php(490): CodeIgniter\CodeIgniter->createController()
 3 SYSTEMPATH\CodeIgniter.php(368): CodeIgniter\CodeIgniter->handleRequest(null, Object(Config\Cache), false)
 4 FCPATH\index.php(67): CodeIgniter\CodeIgniter->run()
 5 SYSTEMPATH\Commands\Server\rewrite.php(47): require_once('C:\\Users\\rimuru\\Development\\web-komisioning\\public\\index.php')
WARNING - 2023-05-19 09:25:12 --> [DEPRECATED] Creation of dynamic property App\Controllers\Penyulang::$merkrtugi is deprecated in APPPATH\Controllers\Penyulang.php on line 30.
 1 SYSTEMPATH\CodeIgniter.php(906): App\Controllers\Penyulang->__construct()
 2 SYSTEMPATH\CodeIgniter.php(490): CodeIgniter\CodeIgniter->createController()
 3 SYSTEMPATH\CodeIgniter.php(368): CodeIgniter\CodeIgniter->handleRequest(null, Object(Config\Cache), false)
 4 FCPATH\index.php(67): CodeIgniter\CodeIgniter->run()
 5 SYSTEMPATH\Commands\Server\rewrite.php(47): require_once('C:\\Users\\rimuru\\Development\\web-komisioning\\public\\index.php')
INFO - 2023-05-19 10:54:17 --> Session: Class initialized using 'CodeIgniter\Session\Handlers\FileHandler' driver.
INFO - 2023-05-19 10:58:56 --> Session: Class initialized using 'CodeIgniter\Session\Handlers\FileHandler' driver.
WARNING - 2023-05-19 10:58:56 --> [DEPRECATED] Creation of dynamic property App\Controllers\Penyulang::$formpeny is deprecated in APPPATH\Controllers\Penyulang.php on line 22.
 1 SYSTEMPATH\CodeIgniter.php(906): App\Controllers\Penyulang->__construct()
 2 SYSTEMPATH\CodeIgniter.php(490): CodeIgniter\CodeIgniter->createController()
 3 SYSTEMPATH\CodeIgniter.php(368): CodeIgniter\CodeIgniter->handleRequest(null, Object(Config\Cache), false)
 4 FCPATH\index.php(67): CodeIgniter\CodeIgniter->run()
 5 SYSTEMPATH\Commands\Server\rewrite.php(47): require_once('C:\\Users\\rimuru\\Development\\web-komisioning\\public\\index.php')
WARNING - 2023-05-19 10:58:56 --> [DEPRECATED] Creation of dynamic property App\Controllers\Penyulang::$komkp is deprecated in APPPATH\Controllers\Penyulang.php on line 23.
 1 SYSTEMPATH\CodeIgniter.php(906): App\Controllers\Penyulang->__construct()
 2 SYSTEMPATH\CodeIgniter.php(490): CodeIgniter\CodeIgniter->createController()
 3 SYSTEMPATH\CodeIgniter.php(368): CodeIgniter\CodeIgniter->handleRequest(null, Object(Config\Cache), false)
 4 FCPATH\index.php(67): CodeIgniter\CodeIgniter->run()
 5 SYSTEMPATH\Commands\Server\rewrite.php(47): require_once('C:\\Users\\rimuru\\Development\\web-komisioning\\public\\index.php')
WARNING - 2023-05-19 10:58:56 --> [DEPRECATED] Creation of dynamic property App\Controllers\Penyulang::$picmaster is deprecated in APPPATH\Controllers\Penyulang.php on line 24.
 1 SYSTEMPATH\CodeIgniter.php(906): App\Controllers\Penyulang->__construct()
 2 SYSTEMPATH\CodeIgniter.php(490): CodeIgniter\CodeIgniter->createController()
 3 SYSTEMPATH\CodeIgniter.php(368): CodeIgniter\CodeIgniter->handleRequest(null, Object(Config\Cache), false)
 4 FCPATH\index.php(67): CodeIgniter\CodeIgniter->run()
 5 SYSTEMPATH\Commands\Server\rewrite.php(47): require_once('C:\\Users\\rimuru\\Development\\web-komisioning\\public\\index.php')
WARNING - 2023-05-19 10:58:56 --> [DEPRECATED] Creation of dynamic property App\Controllers\Penyulang::$medkom is deprecated in APPPATH\Controllers\Penyulang.php on line 25.
 1 SYSTEMPATH\CodeIgniter.php(906): App\Controllers\Penyulang->__construct()
 2 SYSTEMPATH\CodeIgniter.php(490): CodeIgniter\CodeIgniter->createController()
 3 SYSTEMPATH\CodeIgniter.php(368): CodeIgniter\CodeIgniter->handleRequest(null, Object(Config\Cache), false)
 4 FCPATH\index.php(67): CodeIgniter\CodeIgniter->run()
 5 SYSTEMPATH\Commands\Server\rewrite.php(47): require_once('C:\\Users\\rimuru\\Development\\web-komisioning\\public\\index.php')
WARNING - 2023-05-19 10:58:56 --> [DEPRECATED] Creation of dynamic property App\Controllers\Penyulang::$garduinduk is deprecated in APPPATH\Controllers\Penyulang.php on line 26.
 1 SYSTEMPATH\CodeIgniter.php(906): App\Controllers\Penyulang->__construct()
 2 SYSTEMPATH\CodeIgniter.php(490): CodeIgniter\CodeIgniter->createController()
 3 SYSTEMPATH\CodeIgniter.php(368): CodeIgniter\CodeIgniter->handleRequest(null, Object(Config\Cache), false)
 4 FCPATH\index.php(67): CodeIgniter\CodeIgniter->run()
 5 SYSTEMPATH\Commands\Server\rewrite.php(47): require_once('C:\\Users\\rimuru\\Development\\web-komisioning\\public\\index.php')
WARNING - 2023-05-19 10:58:56 --> [DEPRECATED] Creation of dynamic property App\Controllers\Penyulang::$modem is deprecated in APPPATH\Controllers\Penyulang.php on line 27.
 1 SYSTEMPATH\CodeIgniter.php(906): App\Controllers\Penyulang->__construct()
 2 SYSTEMPATH\CodeIgniter.php(490): CodeIgniter\CodeIgniter->createController()
 3 SYSTEMPATH\CodeIgniter.php(368): CodeIgniter\CodeIgniter->handleRequest(null, Object(Config\Cache), false)
 4 FCPATH\index.php(67): CodeIgniter\CodeIgniter->run()
 5 SYSTEMPATH\Commands\Server\rewrite.php(47): require_once('C:\\Users\\rimuru\\Development\\web-komisioning\\public\\index.php')
WARNING - 2023-05-19 10:58:56 --> [DEPRECATED] Creation of dynamic property App\Controllers\Penyulang::$sectoral is deprecated in APPPATH\Controllers\Penyulang.php on line 28.
 1 SYSTEMPATH\CodeIgniter.php(906): App\Controllers\Penyulang->__construct()
 2 SYSTEMPATH\CodeIgniter.php(490): CodeIgniter\CodeIgniter->createController()
 3 SYSTEMPATH\CodeIgniter.php(368): CodeIgniter\CodeIgniter->handleRequest(null, Object(Config\Cache), false)
 4 FCPATH\index.php(67): CodeIgniter\CodeIgniter->run()
 5 SYSTEMPATH\Commands\Server\rewrite.php(47): require_once('C:\\Users\\rimuru\\Development\\web-komisioning\\public\\index.php')
WARNING - 2023-05-19 10:58:56 --> [DEPRECATED] Creation of dynamic property App\Controllers\Penyulang::$admin is deprecated in APPPATH\Controllers\Penyulang.php on line 29.
 1 SYSTEMPATH\CodeIgniter.php(906): App\Controllers\Penyulang->__construct()
 2 SYSTEMPATH\CodeIgniter.php(490): CodeIgniter\CodeIgniter->createController()
 3 SYSTEMPATH\CodeIgniter.php(368): CodeIgniter\CodeIgniter->handleRequest(null, Object(Config\Cache), false)
 4 FCPATH\index.php(67): CodeIgniter\CodeIgniter->run()
 5 SYSTEMPATH\Commands\Server\rewrite.php(47): require_once('C:\\Users\\rimuru\\Development\\web-komisioning\\public\\index.php')
WARNING - 2023-05-19 10:58:56 --> [DEPRECATED] Creation of dynamic property App\Controllers\Penyulang::$merkrtugi is deprecated in APPPATH\Controllers\Penyulang.php on line 30.
 1 SYSTEMPATH\CodeIgniter.php(906): App\Controllers\Penyulang->__construct()
 2 SYSTEMPATH\CodeIgniter.php(490): CodeIgniter\CodeIgniter->createController()
 3 SYSTEMPATH\CodeIgniter.php(368): CodeIgniter\CodeIgniter->handleRequest(null, Object(Config\Cache), false)
 4 FCPATH\index.php(67): CodeIgniter\CodeIgniter->run()
 5 SYSTEMPATH\Commands\Server\rewrite.php(47): require_once('C:\\Users\\rimuru\\Development\\web-komisioning\\public\\index.php')
