INFO - 2023-04-06 09:00:37 --> REDIRECTED ROUTE at /dashboard
INFO - 2023-04-06 09:00:37 --> Session: Class initialized using 'CodeIgniter\Session\Handlers\FileHandler' driver.
WARNING - 2023-04-06 09:00:38 --> [DEPRECATED] Creation of dynamic property App\Controllers\Auth::$admin is deprecated in APPPATH\Controllers\Auth.php on line 12.
 1 SYSTEMPATH\CodeIgniter.php(906): App\Controllers\Auth->__construct()
 2 SYSTEMPATH\CodeIgniter.php(490): CodeIgniter\CodeIgniter->createController()
 3 SYSTEMPATH\CodeIgniter.php(368): CodeIgniter\CodeIgniter->handleRequest(null, Object(Config\Cache), false)
 4 FCPATH\index.php(67): CodeIgniter\CodeIgniter->run()
 5 SYSTEMPATH\Commands\Server\rewrite.php(47): require_once('C:\\Users\\rimuru\\Development\\web-komisioning\\public\\index.php')
INFO - 2023-04-06 09:00:38 --> Session: Class initialized using 'CodeIgniter\Session\Handlers\FileHandler' driver.
WARNING - 2023-04-06 09:00:50 --> [DEPRECATED] Creation of dynamic property App\Controllers\Auth::$admin is deprecated in APPPATH\Controllers\Auth.php on line 12.
 1 SYSTEMPATH\CodeIgniter.php(906): App\Controllers\Auth->__construct()
 2 SYSTEMPATH\CodeIgniter.php(490): CodeIgniter\CodeIgniter->createController()
 3 SYSTEMPATH\CodeIgniter.php(368): CodeIgniter\CodeIgniter->handleRequest(null, Object(Config\Cache), false)
 4 FCPATH\index.php(67): CodeIgniter\CodeIgniter->run()
 5 SYSTEMPATH\Commands\Server\rewrite.php(47): require_once('C:\\Users\\rimuru\\Development\\web-komisioning\\public\\index.php')
INFO - 2023-04-06 09:00:50 --> Session: Class initialized using 'CodeIgniter\Session\Handlers\FileHandler' driver.
WARNING - 2023-04-06 09:00:58 --> [DEPRECATED] Creation of dynamic property App\Controllers\Auth::$admin is deprecated in APPPATH\Controllers\Auth.php on line 12.
 1 SYSTEMPATH\CodeIgniter.php(906): App\Controllers\Auth->__construct()
 2 SYSTEMPATH\CodeIgniter.php(490): CodeIgniter\CodeIgniter->createController()
 3 SYSTEMPATH\CodeIgniter.php(368): CodeIgniter\CodeIgniter->handleRequest(null, Object(Config\Cache), false)
 4 FCPATH\index.php(67): CodeIgniter\CodeIgniter->run()
 5 SYSTEMPATH\Commands\Server\rewrite.php(47): require_once('C:\\Users\\rimuru\\Development\\web-komisioning\\public\\index.php')
INFO - 2023-04-06 09:00:58 --> Session: Class initialized using 'CodeIgniter\Session\Handlers\FileHandler' driver.
INFO - 2023-04-06 09:00:58 --> Session: Class initialized using 'CodeIgniter\Session\Handlers\FileHandler' driver.
INFO - 2023-04-06 09:01:07 --> Session: Class initialized using 'CodeIgniter\Session\Handlers\FileHandler' driver.
WARNING - 2023-04-06 09:01:07 --> [DEPRECATED] Creation of dynamic property App\Controllers\Keypoint::$formkp is deprecated in APPPATH\Controllers\Keypoint.php on line 20.
 1 SYSTEMPATH\CodeIgniter.php(906): App\Controllers\Keypoint->__construct()
 2 SYSTEMPATH\CodeIgniter.php(490): CodeIgniter\CodeIgniter->createController()
 3 SYSTEMPATH\CodeIgniter.php(368): CodeIgniter\CodeIgniter->handleRequest(null, Object(Config\Cache), false)
 4 FCPATH\index.php(67): CodeIgniter\CodeIgniter->run()
 5 SYSTEMPATH\Commands\Server\rewrite.php(47): require_once('C:\\Users\\rimuru\\Development\\web-komisioning\\public\\index.php')
WARNING - 2023-04-06 09:01:07 --> [DEPRECATED] Creation of dynamic property App\Controllers\Keypoint::$komkp is deprecated in APPPATH\Controllers\Keypoint.php on line 21.
 1 SYSTEMPATH\CodeIgniter.php(906): App\Controllers\Keypoint->__construct()
 2 SYSTEMPATH\CodeIgniter.php(490): CodeIgniter\CodeIgniter->createController()
 3 SYSTEMPATH\CodeIgniter.php(368): CodeIgniter\CodeIgniter->handleRequest(null, Object(Config\Cache), false)
 4 FCPATH\index.php(67): CodeIgniter\CodeIgniter->run()
 5 SYSTEMPATH\Commands\Server\rewrite.php(47): require_once('C:\\Users\\rimuru\\Development\\web-komisioning\\public\\index.php')
WARNING - 2023-04-06 09:01:07 --> [DEPRECATED] Creation of dynamic property App\Controllers\Keypoint::$picmaster is deprecated in APPPATH\Controllers\Keypoint.php on line 22.
 1 SYSTEMPATH\CodeIgniter.php(906): App\Controllers\Keypoint->__construct()
 2 SYSTEMPATH\CodeIgniter.php(490): CodeIgniter\CodeIgniter->createController()
 3 SYSTEMPATH\CodeIgniter.php(368): CodeIgniter\CodeIgniter->handleRequest(null, Object(Config\Cache), false)
 4 FCPATH\index.php(67): CodeIgniter\CodeIgniter->run()
 5 SYSTEMPATH\Commands\Server\rewrite.php(47): require_once('C:\\Users\\rimuru\\Development\\web-komisioning\\public\\index.php')
WARNING - 2023-04-06 09:01:07 --> [DEPRECATED] Creation of dynamic property App\Controllers\Keypoint::$medkom is deprecated in APPPATH\Controllers\Keypoint.php on line 23.
 1 SYSTEMPATH\CodeIgniter.php(906): App\Controllers\Keypoint->__construct()
 2 SYSTEMPATH\CodeIgniter.php(490): CodeIgniter\CodeIgniter->createController()
 3 SYSTEMPATH\CodeIgniter.php(368): CodeIgniter\CodeIgniter->handleRequest(null, Object(Config\Cache), false)
 4 FCPATH\index.php(67): CodeIgniter\CodeIgniter->run()
 5 SYSTEMPATH\Commands\Server\rewrite.php(47): require_once('C:\\Users\\rimuru\\Development\\web-komisioning\\public\\index.php')
WARNING - 2023-04-06 09:01:07 --> [DEPRECATED] Creation of dynamic property App\Controllers\Keypoint::$merklbs is deprecated in APPPATH\Controllers\Keypoint.php on line 24.
 1 SYSTEMPATH\CodeIgniter.php(906): App\Controllers\Keypoint->__construct()
 2 SYSTEMPATH\CodeIgniter.php(490): CodeIgniter\CodeIgniter->createController()
 3 SYSTEMPATH\CodeIgniter.php(368): CodeIgniter\CodeIgniter->handleRequest(null, Object(Config\Cache), false)
 4 FCPATH\index.php(67): CodeIgniter\CodeIgniter->run()
 5 SYSTEMPATH\Commands\Server\rewrite.php(47): require_once('C:\\Users\\rimuru\\Development\\web-komisioning\\public\\index.php')
WARNING - 2023-04-06 09:01:07 --> [DEPRECATED] Creation of dynamic property App\Controllers\Keypoint::$garduinduk is deprecated in APPPATH\Controllers\Keypoint.php on line 25.
 1 SYSTEMPATH\CodeIgniter.php(906): App\Controllers\Keypoint->__construct()
 2 SYSTEMPATH\CodeIgniter.php(490): CodeIgniter\CodeIgniter->createController()
 3 SYSTEMPATH\CodeIgniter.php(368): CodeIgniter\CodeIgniter->handleRequest(null, Object(Config\Cache), false)
 4 FCPATH\index.php(67): CodeIgniter\CodeIgniter->run()
 5 SYSTEMPATH\Commands\Server\rewrite.php(47): require_once('C:\\Users\\rimuru\\Development\\web-komisioning\\public\\index.php')
WARNING - 2023-04-06 09:01:07 --> [DEPRECATED] Creation of dynamic property App\Controllers\Keypoint::$modem is deprecated in APPPATH\Controllers\Keypoint.php on line 26.
 1 SYSTEMPATH\CodeIgniter.php(906): App\Controllers\Keypoint->__construct()
 2 SYSTEMPATH\CodeIgniter.php(490): CodeIgniter\CodeIgniter->createController()
 3 SYSTEMPATH\CodeIgniter.php(368): CodeIgniter\CodeIgniter->handleRequest(null, Object(Config\Cache), false)
 4 FCPATH\index.php(67): CodeIgniter\CodeIgniter->run()
 5 SYSTEMPATH\Commands\Server\rewrite.php(47): require_once('C:\\Users\\rimuru\\Development\\web-komisioning\\public\\index.php')
WARNING - 2023-04-06 09:01:07 --> [DEPRECATED] Creation of dynamic property App\Controllers\Keypoint::$sectoral is deprecated in APPPATH\Controllers\Keypoint.php on line 27.
 1 SYSTEMPATH\CodeIgniter.php(906): App\Controllers\Keypoint->__construct()
 2 SYSTEMPATH\CodeIgniter.php(490): CodeIgniter\CodeIgniter->createController()
 3 SYSTEMPATH\CodeIgniter.php(368): CodeIgniter\CodeIgniter->handleRequest(null, Object(Config\Cache), false)
 4 FCPATH\index.php(67): CodeIgniter\CodeIgniter->run()
 5 SYSTEMPATH\Commands\Server\rewrite.php(47): require_once('C:\\Users\\rimuru\\Development\\web-komisioning\\public\\index.php')
WARNING - 2023-04-06 09:01:07 --> [DEPRECATED] Creation of dynamic property App\Controllers\Keypoint::$admin is deprecated in APPPATH\Controllers\Keypoint.php on line 28.
 1 SYSTEMPATH\CodeIgniter.php(906): App\Controllers\Keypoint->__construct()
 2 SYSTEMPATH\CodeIgniter.php(490): CodeIgniter\CodeIgniter->createController()
 3 SYSTEMPATH\CodeIgniter.php(368): CodeIgniter\CodeIgniter->handleRequest(null, Object(Config\Cache), false)
 4 FCPATH\index.php(67): CodeIgniter\CodeIgniter->run()
 5 SYSTEMPATH\Commands\Server\rewrite.php(47): require_once('C:\\Users\\rimuru\\Development\\web-komisioning\\public\\index.php')
INFO - 2023-04-06 09:23:55 --> Session: Class initialized using 'CodeIgniter\Session\Handlers\FileHandler' driver.
WARNING - 2023-04-06 09:23:55 --> [DEPRECATED] Creation of dynamic property App\Controllers\Keypoint::$formkp is deprecated in APPPATH\Controllers\Keypoint.php on line 20.
 1 SYSTEMPATH\CodeIgniter.php(906): App\Controllers\Keypoint->__construct()
 2 SYSTEMPATH\CodeIgniter.php(490): CodeIgniter\CodeIgniter->createController()
 3 SYSTEMPATH\CodeIgniter.php(368): CodeIgniter\CodeIgniter->handleRequest(null, Object(Config\Cache), false)
 4 FCPATH\index.php(67): CodeIgniter\CodeIgniter->run()
 5 SYSTEMPATH\Commands\Server\rewrite.php(47): require_once('C:\\Users\\rimuru\\Development\\web-komisioning\\public\\index.php')
WARNING - 2023-04-06 09:23:55 --> [DEPRECATED] Creation of dynamic property App\Controllers\Keypoint::$komkp is deprecated in APPPATH\Controllers\Keypoint.php on line 21.
 1 SYSTEMPATH\CodeIgniter.php(906): App\Controllers\Keypoint->__construct()
 2 SYSTEMPATH\CodeIgniter.php(490): CodeIgniter\CodeIgniter->createController()
 3 SYSTEMPATH\CodeIgniter.php(368): CodeIgniter\CodeIgniter->handleRequest(null, Object(Config\Cache), false)
 4 FCPATH\index.php(67): CodeIgniter\CodeIgniter->run()
 5 SYSTEMPATH\Commands\Server\rewrite.php(47): require_once('C:\\Users\\rimuru\\Development\\web-komisioning\\public\\index.php')
WARNING - 2023-04-06 09:23:55 --> [DEPRECATED] Creation of dynamic property App\Controllers\Keypoint::$picmaster is deprecated in APPPATH\Controllers\Keypoint.php on line 22.
 1 SYSTEMPATH\CodeIgniter.php(906): App\Controllers\Keypoint->__construct()
 2 SYSTEMPATH\CodeIgniter.php(490): CodeIgniter\CodeIgniter->createController()
 3 SYSTEMPATH\CodeIgniter.php(368): CodeIgniter\CodeIgniter->handleRequest(null, Object(Config\Cache), false)
 4 FCPATH\index.php(67): CodeIgniter\CodeIgniter->run()
 5 SYSTEMPATH\Commands\Server\rewrite.php(47): require_once('C:\\Users\\rimuru\\Development\\web-komisioning\\public\\index.php')
WARNING - 2023-04-06 09:23:55 --> [DEPRECATED] Creation of dynamic property App\Controllers\Keypoint::$medkom is deprecated in APPPATH\Controllers\Keypoint.php on line 23.
 1 SYSTEMPATH\CodeIgniter.php(906): App\Controllers\Keypoint->__construct()
 2 SYSTEMPATH\CodeIgniter.php(490): CodeIgniter\CodeIgniter->createController()
 3 SYSTEMPATH\CodeIgniter.php(368): CodeIgniter\CodeIgniter->handleRequest(null, Object(Config\Cache), false)
 4 FCPATH\index.php(67): CodeIgniter\CodeIgniter->run()
 5 SYSTEMPATH\Commands\Server\rewrite.php(47): require_once('C:\\Users\\rimuru\\Development\\web-komisioning\\public\\index.php')
WARNING - 2023-04-06 09:23:55 --> [DEPRECATED] Creation of dynamic property App\Controllers\Keypoint::$merklbs is deprecated in APPPATH\Controllers\Keypoint.php on line 24.
 1 SYSTEMPATH\CodeIgniter.php(906): App\Controllers\Keypoint->__construct()
 2 SYSTEMPATH\CodeIgniter.php(490): CodeIgniter\CodeIgniter->createController()
 3 SYSTEMPATH\CodeIgniter.php(368): CodeIgniter\CodeIgniter->handleRequest(null, Object(Config\Cache), false)
 4 FCPATH\index.php(67): CodeIgniter\CodeIgniter->run()
 5 SYSTEMPATH\Commands\Server\rewrite.php(47): require_once('C:\\Users\\rimuru\\Development\\web-komisioning\\public\\index.php')
WARNING - 2023-04-06 09:23:55 --> [DEPRECATED] Creation of dynamic property App\Controllers\Keypoint::$garduinduk is deprecated in APPPATH\Controllers\Keypoint.php on line 25.
 1 SYSTEMPATH\CodeIgniter.php(906): App\Controllers\Keypoint->__construct()
 2 SYSTEMPATH\CodeIgniter.php(490): CodeIgniter\CodeIgniter->createController()
 3 SYSTEMPATH\CodeIgniter.php(368): CodeIgniter\CodeIgniter->handleRequest(null, Object(Config\Cache), false)
 4 FCPATH\index.php(67): CodeIgniter\CodeIgniter->run()
 5 SYSTEMPATH\Commands\Server\rewrite.php(47): require_once('C:\\Users\\rimuru\\Development\\web-komisioning\\public\\index.php')
WARNING - 2023-04-06 09:23:55 --> [DEPRECATED] Creation of dynamic property App\Controllers\Keypoint::$modem is deprecated in APPPATH\Controllers\Keypoint.php on line 26.
 1 SYSTEMPATH\CodeIgniter.php(906): App\Controllers\Keypoint->__construct()
 2 SYSTEMPATH\CodeIgniter.php(490): CodeIgniter\CodeIgniter->createController()
 3 SYSTEMPATH\CodeIgniter.php(368): CodeIgniter\CodeIgniter->handleRequest(null, Object(Config\Cache), false)
 4 FCPATH\index.php(67): CodeIgniter\CodeIgniter->run()
 5 SYSTEMPATH\Commands\Server\rewrite.php(47): require_once('C:\\Users\\rimuru\\Development\\web-komisioning\\public\\index.php')
WARNING - 2023-04-06 09:23:55 --> [DEPRECATED] Creation of dynamic property App\Controllers\Keypoint::$sectoral is deprecated in APPPATH\Controllers\Keypoint.php on line 27.
 1 SYSTEMPATH\CodeIgniter.php(906): App\Controllers\Keypoint->__construct()
 2 SYSTEMPATH\CodeIgniter.php(490): CodeIgniter\CodeIgniter->createController()
 3 SYSTEMPATH\CodeIgniter.php(368): CodeIgniter\CodeIgniter->handleRequest(null, Object(Config\Cache), false)
 4 FCPATH\index.php(67): CodeIgniter\CodeIgniter->run()
 5 SYSTEMPATH\Commands\Server\rewrite.php(47): require_once('C:\\Users\\rimuru\\Development\\web-komisioning\\public\\index.php')
WARNING - 2023-04-06 09:23:55 --> [DEPRECATED] Creation of dynamic property App\Controllers\Keypoint::$admin is deprecated in APPPATH\Controllers\Keypoint.php on line 28.
 1 SYSTEMPATH\CodeIgniter.php(906): App\Controllers\Keypoint->__construct()
 2 SYSTEMPATH\CodeIgniter.php(490): CodeIgniter\CodeIgniter->createController()
 3 SYSTEMPATH\CodeIgniter.php(368): CodeIgniter\CodeIgniter->handleRequest(null, Object(Config\Cache), false)
 4 FCPATH\index.php(67): CodeIgniter\CodeIgniter->run()
 5 SYSTEMPATH\Commands\Server\rewrite.php(47): require_once('C:\\Users\\rimuru\\Development\\web-komisioning\\public\\index.php')
WARNING - 2023-04-06 09:27:17 --> [DEPRECATED] Creation of dynamic property App\Controllers\ExportExcel::$absensi is deprecated in APPPATH\Controllers\ExportExcel.php on line 16.
 1 SYSTEMPATH\CodeIgniter.php(906): App\Controllers\ExportExcel->__construct()
 2 SYSTEMPATH\CodeIgniter.php(490): CodeIgniter\CodeIgniter->createController()
 3 SYSTEMPATH\CodeIgniter.php(368): CodeIgniter\CodeIgniter->handleRequest(null, Object(Config\Cache), false)
 4 FCPATH\index.php(67): CodeIgniter\CodeIgniter->run()
 5 SYSTEMPATH\Commands\Server\rewrite.php(47): require_once('C:\\Users\\rimuru\\Development\\web-komisioning\\public\\index.php')
WARNING - 2023-04-06 09:27:17 --> [DEPRECATED] Creation of dynamic property App\Controllers\ExportExcel::$masuk is deprecated in APPPATH\Controllers\ExportExcel.php on line 17.
 1 SYSTEMPATH\CodeIgniter.php(906): App\Controllers\ExportExcel->__construct()
 2 SYSTEMPATH\CodeIgniter.php(490): CodeIgniter\CodeIgniter->createController()
 3 SYSTEMPATH\CodeIgniter.php(368): CodeIgniter\CodeIgniter->handleRequest(null, Object(Config\Cache), false)
 4 FCPATH\index.php(67): CodeIgniter\CodeIgniter->run()
 5 SYSTEMPATH\Commands\Server\rewrite.php(47): require_once('C:\\Users\\rimuru\\Development\\web-komisioning\\public\\index.php')
CRITICAL - 2023-04-06 09:27:17 --> Undefined property: App\Controllers\ExportExcel::$formkp
in APPPATH\Controllers\ExportExcel.php on line 113.
 1 APPPATH\Controllers\ExportExcel.php(113): CodeIgniter\Debug\Exceptions->errorHandler()
 2 SYSTEMPATH\CodeIgniter.php(934): App\Controllers\ExportExcel->keypoint()
 3 SYSTEMPATH\CodeIgniter.php(499): CodeIgniter\CodeIgniter->runController()
 4 SYSTEMPATH\CodeIgniter.php(368): CodeIgniter\CodeIgniter->handleRequest()
 5 FCPATH\index.php(67): CodeIgniter\CodeIgniter->run()
 6 SYSTEMPATH\Commands\Server\rewrite.php(47): require_once('C:\\Users\\rimuru\\Development\\web-komisioning\\public\\index.php')
WARNING - 2023-04-06 09:28:44 --> [DEPRECATED] Creation of dynamic property App\Controllers\ExportExcel::$absensi is deprecated in APPPATH\Controllers\ExportExcel.php on line 17.
 1 SYSTEMPATH\CodeIgniter.php(906): App\Controllers\ExportExcel->__construct()
 2 SYSTEMPATH\CodeIgniter.php(490): CodeIgniter\CodeIgniter->createController()
 3 SYSTEMPATH\CodeIgniter.php(368): CodeIgniter\CodeIgniter->handleRequest(null, Object(Config\Cache), false)
 4 FCPATH\index.php(67): CodeIgniter\CodeIgniter->run()
 5 SYSTEMPATH\Commands\Server\rewrite.php(47): require_once('C:\\Users\\rimuru\\Development\\web-komisioning\\public\\index.php')
WARNING - 2023-04-06 09:28:44 --> [DEPRECATED] Creation of dynamic property App\Controllers\ExportExcel::$masuk is deprecated in APPPATH\Controllers\ExportExcel.php on line 18.
 1 SYSTEMPATH\CodeIgniter.php(906): App\Controllers\ExportExcel->__construct()
 2 SYSTEMPATH\CodeIgniter.php(490): CodeIgniter\CodeIgniter->createController()
 3 SYSTEMPATH\CodeIgniter.php(368): CodeIgniter\CodeIgniter->handleRequest(null, Object(Config\Cache), false)
 4 FCPATH\index.php(67): CodeIgniter\CodeIgniter->run()
 5 SYSTEMPATH\Commands\Server\rewrite.php(47): require_once('C:\\Users\\rimuru\\Development\\web-komisioning\\public\\index.php')
WARNING - 2023-04-06 09:28:44 --> [DEPRECATED] Creation of dynamic property App\Controllers\ExportExcel::$formkp is deprecated in APPPATH\Controllers\ExportExcel.php on line 19.
 1 SYSTEMPATH\CodeIgniter.php(906): App\Controllers\ExportExcel->__construct()
 2 SYSTEMPATH\CodeIgniter.php(490): CodeIgniter\CodeIgniter->createController()
 3 SYSTEMPATH\CodeIgniter.php(368): CodeIgniter\CodeIgniter->handleRequest(null, Object(Config\Cache), false)
 4 FCPATH\index.php(67): CodeIgniter\CodeIgniter->run()
 5 SYSTEMPATH\Commands\Server\rewrite.php(47): require_once('C:\\Users\\rimuru\\Development\\web-komisioning\\public\\index.php')
WARNING - 2023-04-06 09:28:46 --> [DEPRECATED] Creation of dynamic property App\Controllers\ExportExcel::$absensi is deprecated in APPPATH\Controllers\ExportExcel.php on line 17.
 1 SYSTEMPATH\CodeIgniter.php(906): App\Controllers\ExportExcel->__construct()
 2 SYSTEMPATH\CodeIgniter.php(490): CodeIgniter\CodeIgniter->createController()
 3 SYSTEMPATH\CodeIgniter.php(368): CodeIgniter\CodeIgniter->handleRequest(null, Object(Config\Cache), false)
 4 FCPATH\index.php(67): CodeIgniter\CodeIgniter->run()
 5 SYSTEMPATH\Commands\Server\rewrite.php(47): require_once('C:\\Users\\rimuru\\Development\\web-komisioning\\public\\index.php')
WARNING - 2023-04-06 09:28:46 --> [DEPRECATED] Creation of dynamic property App\Controllers\ExportExcel::$masuk is deprecated in APPPATH\Controllers\ExportExcel.php on line 18.
 1 SYSTEMPATH\CodeIgniter.php(906): App\Controllers\ExportExcel->__construct()
 2 SYSTEMPATH\CodeIgniter.php(490): CodeIgniter\CodeIgniter->createController()
 3 SYSTEMPATH\CodeIgniter.php(368): CodeIgniter\CodeIgniter->handleRequest(null, Object(Config\Cache), false)
 4 FCPATH\index.php(67): CodeIgniter\CodeIgniter->run()
 5 SYSTEMPATH\Commands\Server\rewrite.php(47): require_once('C:\\Users\\rimuru\\Development\\web-komisioning\\public\\index.php')
WARNING - 2023-04-06 09:28:46 --> [DEPRECATED] Creation of dynamic property App\Controllers\ExportExcel::$formkp is deprecated in APPPATH\Controllers\ExportExcel.php on line 19.
 1 SYSTEMPATH\CodeIgniter.php(906): App\Controllers\ExportExcel->__construct()
 2 SYSTEMPATH\CodeIgniter.php(490): CodeIgniter\CodeIgniter->createController()
 3 SYSTEMPATH\CodeIgniter.php(368): CodeIgniter\CodeIgniter->handleRequest(null, Object(Config\Cache), false)
 4 FCPATH\index.php(67): CodeIgniter\CodeIgniter->run()
 5 SYSTEMPATH\Commands\Server\rewrite.php(47): require_once('C:\\Users\\rimuru\\Development\\web-komisioning\\public\\index.php')
WARNING - 2023-04-06 09:28:47 --> [DEPRECATED] Creation of dynamic property App\Controllers\ExportExcel::$absensi is deprecated in APPPATH\Controllers\ExportExcel.php on line 17.
 1 SYSTEMPATH\CodeIgniter.php(906): App\Controllers\ExportExcel->__construct()
 2 SYSTEMPATH\CodeIgniter.php(490): CodeIgniter\CodeIgniter->createController()
 3 SYSTEMPATH\CodeIgniter.php(368): CodeIgniter\CodeIgniter->handleRequest(null, Object(Config\Cache), false)
 4 FCPATH\index.php(67): CodeIgniter\CodeIgniter->run()
 5 SYSTEMPATH\Commands\Server\rewrite.php(47): require_once('C:\\Users\\rimuru\\Development\\web-komisioning\\public\\index.php')
WARNING - 2023-04-06 09:28:47 --> [DEPRECATED] Creation of dynamic property App\Controllers\ExportExcel::$masuk is deprecated in APPPATH\Controllers\ExportExcel.php on line 18.
 1 SYSTEMPATH\CodeIgniter.php(906): App\Controllers\ExportExcel->__construct()
 2 SYSTEMPATH\CodeIgniter.php(490): CodeIgniter\CodeIgniter->createController()
 3 SYSTEMPATH\CodeIgniter.php(368): CodeIgniter\CodeIgniter->handleRequest(null, Object(Config\Cache), false)
 4 FCPATH\index.php(67): CodeIgniter\CodeIgniter->run()
 5 SYSTEMPATH\Commands\Server\rewrite.php(47): require_once('C:\\Users\\rimuru\\Development\\web-komisioning\\public\\index.php')
WARNING - 2023-04-06 09:28:47 --> [DEPRECATED] Creation of dynamic property App\Controllers\ExportExcel::$formkp is deprecated in APPPATH\Controllers\ExportExcel.php on line 19.
 1 SYSTEMPATH\CodeIgniter.php(906): App\Controllers\ExportExcel->__construct()
 2 SYSTEMPATH\CodeIgniter.php(490): CodeIgniter\CodeIgniter->createController()
 3 SYSTEMPATH\CodeIgniter.php(368): CodeIgniter\CodeIgniter->handleRequest(null, Object(Config\Cache), false)
 4 FCPATH\index.php(67): CodeIgniter\CodeIgniter->run()
 5 SYSTEMPATH\Commands\Server\rewrite.php(47): require_once('C:\\Users\\rimuru\\Development\\web-komisioning\\public\\index.php')
INFO - 2023-04-06 09:29:33 --> Session: Class initialized using 'CodeIgniter\Session\Handlers\FileHandler' driver.
WARNING - 2023-04-06 09:29:33 --> [DEPRECATED] Creation of dynamic property App\Controllers\Keypoint::$formkp is deprecated in APPPATH\Controllers\Keypoint.php on line 20.
 1 SYSTEMPATH\CodeIgniter.php(906): App\Controllers\Keypoint->__construct()
 2 SYSTEMPATH\CodeIgniter.php(490): CodeIgniter\CodeIgniter->createController()
 3 SYSTEMPATH\CodeIgniter.php(368): CodeIgniter\CodeIgniter->handleRequest(null, Object(Config\Cache), false)
 4 FCPATH\index.php(67): CodeIgniter\CodeIgniter->run()
 5 SYSTEMPATH\Commands\Server\rewrite.php(47): require_once('C:\\Users\\rimuru\\Development\\web-komisioning\\public\\index.php')
WARNING - 2023-04-06 09:29:33 --> [DEPRECATED] Creation of dynamic property App\Controllers\Keypoint::$komkp is deprecated in APPPATH\Controllers\Keypoint.php on line 21.
 1 SYSTEMPATH\CodeIgniter.php(906): App\Controllers\Keypoint->__construct()
 2 SYSTEMPATH\CodeIgniter.php(490): CodeIgniter\CodeIgniter->createController()
 3 SYSTEMPATH\CodeIgniter.php(368): CodeIgniter\CodeIgniter->handleRequest(null, Object(Config\Cache), false)
 4 FCPATH\index.php(67): CodeIgniter\CodeIgniter->run()
 5 SYSTEMPATH\Commands\Server\rewrite.php(47): require_once('C:\\Users\\rimuru\\Development\\web-komisioning\\public\\index.php')
WARNING - 2023-04-06 09:29:33 --> [DEPRECATED] Creation of dynamic property App\Controllers\Keypoint::$picmaster is deprecated in APPPATH\Controllers\Keypoint.php on line 22.
 1 SYSTEMPATH\CodeIgniter.php(906): App\Controllers\Keypoint->__construct()
 2 SYSTEMPATH\CodeIgniter.php(490): CodeIgniter\CodeIgniter->createController()
 3 SYSTEMPATH\CodeIgniter.php(368): CodeIgniter\CodeIgniter->handleRequest(null, Object(Config\Cache), false)
 4 FCPATH\index.php(67): CodeIgniter\CodeIgniter->run()
 5 SYSTEMPATH\Commands\Server\rewrite.php(47): require_once('C:\\Users\\rimuru\\Development\\web-komisioning\\public\\index.php')
WARNING - 2023-04-06 09:29:33 --> [DEPRECATED] Creation of dynamic property App\Controllers\Keypoint::$medkom is deprecated in APPPATH\Controllers\Keypoint.php on line 23.
 1 SYSTEMPATH\CodeIgniter.php(906): App\Controllers\Keypoint->__construct()
 2 SYSTEMPATH\CodeIgniter.php(490): CodeIgniter\CodeIgniter->createController()
 3 SYSTEMPATH\CodeIgniter.php(368): CodeIgniter\CodeIgniter->handleRequest(null, Object(Config\Cache), false)
 4 FCPATH\index.php(67): CodeIgniter\CodeIgniter->run()
 5 SYSTEMPATH\Commands\Server\rewrite.php(47): require_once('C:\\Users\\rimuru\\Development\\web-komisioning\\public\\index.php')
WARNING - 2023-04-06 09:29:33 --> [DEPRECATED] Creation of dynamic property App\Controllers\Keypoint::$merklbs is deprecated in APPPATH\Controllers\Keypoint.php on line 24.
 1 SYSTEMPATH\CodeIgniter.php(906): App\Controllers\Keypoint->__construct()
 2 SYSTEMPATH\CodeIgniter.php(490): CodeIgniter\CodeIgniter->createController()
 3 SYSTEMPATH\CodeIgniter.php(368): CodeIgniter\CodeIgniter->handleRequest(null, Object(Config\Cache), false)
 4 FCPATH\index.php(67): CodeIgniter\CodeIgniter->run()
 5 SYSTEMPATH\Commands\Server\rewrite.php(47): require_once('C:\\Users\\rimuru\\Development\\web-komisioning\\public\\index.php')
WARNING - 2023-04-06 09:29:33 --> [DEPRECATED] Creation of dynamic property App\Controllers\Keypoint::$garduinduk is deprecated in APPPATH\Controllers\Keypoint.php on line 25.
 1 SYSTEMPATH\CodeIgniter.php(906): App\Controllers\Keypoint->__construct()
 2 SYSTEMPATH\CodeIgniter.php(490): CodeIgniter\CodeIgniter->createController()
 3 SYSTEMPATH\CodeIgniter.php(368): CodeIgniter\CodeIgniter->handleRequest(null, Object(Config\Cache), false)
 4 FCPATH\index.php(67): CodeIgniter\CodeIgniter->run()
 5 SYSTEMPATH\Commands\Server\rewrite.php(47): require_once('C:\\Users\\rimuru\\Development\\web-komisioning\\public\\index.php')
WARNING - 2023-04-06 09:29:33 --> [DEPRECATED] Creation of dynamic property App\Controllers\Keypoint::$modem is deprecated in APPPATH\Controllers\Keypoint.php on line 26.
 1 SYSTEMPATH\CodeIgniter.php(906): App\Controllers\Keypoint->__construct()
 2 SYSTEMPATH\CodeIgniter.php(490): CodeIgniter\CodeIgniter->createController()
 3 SYSTEMPATH\CodeIgniter.php(368): CodeIgniter\CodeIgniter->handleRequest(null, Object(Config\Cache), false)
 4 FCPATH\index.php(67): CodeIgniter\CodeIgniter->run()
 5 SYSTEMPATH\Commands\Server\rewrite.php(47): require_once('C:\\Users\\rimuru\\Development\\web-komisioning\\public\\index.php')
WARNING - 2023-04-06 09:29:33 --> [DEPRECATED] Creation of dynamic property App\Controllers\Keypoint::$sectoral is deprecated in APPPATH\Controllers\Keypoint.php on line 27.
 1 SYSTEMPATH\CodeIgniter.php(906): App\Controllers\Keypoint->__construct()
 2 SYSTEMPATH\CodeIgniter.php(490): CodeIgniter\CodeIgniter->createController()
 3 SYSTEMPATH\CodeIgniter.php(368): CodeIgniter\CodeIgniter->handleRequest(null, Object(Config\Cache), false)
 4 FCPATH\index.php(67): CodeIgniter\CodeIgniter->run()
 5 SYSTEMPATH\Commands\Server\rewrite.php(47): require_once('C:\\Users\\rimuru\\Development\\web-komisioning\\public\\index.php')
WARNING - 2023-04-06 09:29:33 --> [DEPRECATED] Creation of dynamic property App\Controllers\Keypoint::$admin is deprecated in APPPATH\Controllers\Keypoint.php on line 28.
 1 SYSTEMPATH\CodeIgniter.php(906): App\Controllers\Keypoint->__construct()
 2 SYSTEMPATH\CodeIgniter.php(490): CodeIgniter\CodeIgniter->createController()
 3 SYSTEMPATH\CodeIgniter.php(368): CodeIgniter\CodeIgniter->handleRequest(null, Object(Config\Cache), false)
 4 FCPATH\index.php(67): CodeIgniter\CodeIgniter->run()
 5 SYSTEMPATH\Commands\Server\rewrite.php(47): require_once('C:\\Users\\rimuru\\Development\\web-komisioning\\public\\index.php')
WARNING - 2023-04-06 09:29:36 --> [DEPRECATED] Creation of dynamic property App\Controllers\ExportExcel::$absensi is deprecated in APPPATH\Controllers\ExportExcel.php on line 17.
 1 SYSTEMPATH\CodeIgniter.php(906): App\Controllers\ExportExcel->__construct()
 2 SYSTEMPATH\CodeIgniter.php(490): CodeIgniter\CodeIgniter->createController()
 3 SYSTEMPATH\CodeIgniter.php(368): CodeIgniter\CodeIgniter->handleRequest(null, Object(Config\Cache), false)
 4 FCPATH\index.php(67): CodeIgniter\CodeIgniter->run()
 5 SYSTEMPATH\Commands\Server\rewrite.php(47): require_once('C:\\Users\\rimuru\\Development\\web-komisioning\\public\\index.php')
WARNING - 2023-04-06 09:29:36 --> [DEPRECATED] Creation of dynamic property App\Controllers\ExportExcel::$masuk is deprecated in APPPATH\Controllers\ExportExcel.php on line 18.
 1 SYSTEMPATH\CodeIgniter.php(906): App\Controllers\ExportExcel->__construct()
 2 SYSTEMPATH\CodeIgniter.php(490): CodeIgniter\CodeIgniter->createController()
 3 SYSTEMPATH\CodeIgniter.php(368): CodeIgniter\CodeIgniter->handleRequest(null, Object(Config\Cache), false)
 4 FCPATH\index.php(67): CodeIgniter\CodeIgniter->run()
 5 SYSTEMPATH\Commands\Server\rewrite.php(47): require_once('C:\\Users\\rimuru\\Development\\web-komisioning\\public\\index.php')
WARNING - 2023-04-06 09:29:36 --> [DEPRECATED] Creation of dynamic property App\Controllers\ExportExcel::$formkp is deprecated in APPPATH\Controllers\ExportExcel.php on line 19.
 1 SYSTEMPATH\CodeIgniter.php(906): App\Controllers\ExportExcel->__construct()
 2 SYSTEMPATH\CodeIgniter.php(490): CodeIgniter\CodeIgniter->createController()
 3 SYSTEMPATH\CodeIgniter.php(368): CodeIgniter\CodeIgniter->handleRequest(null, Object(Config\Cache), false)
 4 FCPATH\index.php(67): CodeIgniter\CodeIgniter->run()
 5 SYSTEMPATH\Commands\Server\rewrite.php(47): require_once('C:\\Users\\rimuru\\Development\\web-komisioning\\public\\index.php')
INFO - 2023-04-06 09:36:29 --> Session: Class initialized using 'CodeIgniter\Session\Handlers\FileHandler' driver.
WARNING - 2023-04-06 09:36:29 --> [DEPRECATED] Creation of dynamic property App\Controllers\Keypoint::$formkp is deprecated in APPPATH\Controllers\Keypoint.php on line 20.
 1 SYSTEMPATH\CodeIgniter.php(906): App\Controllers\Keypoint->__construct()
 2 SYSTEMPATH\CodeIgniter.php(490): CodeIgniter\CodeIgniter->createController()
 3 SYSTEMPATH\CodeIgniter.php(368): CodeIgniter\CodeIgniter->handleRequest(null, Object(Config\Cache), false)
 4 FCPATH\index.php(67): CodeIgniter\CodeIgniter->run()
 5 SYSTEMPATH\Commands\Server\rewrite.php(47): require_once('C:\\Users\\rimuru\\Development\\web-komisioning\\public\\index.php')
WARNING - 2023-04-06 09:36:29 --> [DEPRECATED] Creation of dynamic property App\Controllers\Keypoint::$komkp is deprecated in APPPATH\Controllers\Keypoint.php on line 21.
 1 SYSTEMPATH\CodeIgniter.php(906): App\Controllers\Keypoint->__construct()
 2 SYSTEMPATH\CodeIgniter.php(490): CodeIgniter\CodeIgniter->createController()
 3 SYSTEMPATH\CodeIgniter.php(368): CodeIgniter\CodeIgniter->handleRequest(null, Object(Config\Cache), false)
 4 FCPATH\index.php(67): CodeIgniter\CodeIgniter->run()
 5 SYSTEMPATH\Commands\Server\rewrite.php(47): require_once('C:\\Users\\rimuru\\Development\\web-komisioning\\public\\index.php')
WARNING - 2023-04-06 09:36:29 --> [DEPRECATED] Creation of dynamic property App\Controllers\Keypoint::$picmaster is deprecated in APPPATH\Controllers\Keypoint.php on line 22.
 1 SYSTEMPATH\CodeIgniter.php(906): App\Controllers\Keypoint->__construct()
 2 SYSTEMPATH\CodeIgniter.php(490): CodeIgniter\CodeIgniter->createController()
 3 SYSTEMPATH\CodeIgniter.php(368): CodeIgniter\CodeIgniter->handleRequest(null, Object(Config\Cache), false)
 4 FCPATH\index.php(67): CodeIgniter\CodeIgniter->run()
 5 SYSTEMPATH\Commands\Server\rewrite.php(47): require_once('C:\\Users\\rimuru\\Development\\web-komisioning\\public\\index.php')
WARNING - 2023-04-06 09:36:29 --> [DEPRECATED] Creation of dynamic property App\Controllers\Keypoint::$medkom is deprecated in APPPATH\Controllers\Keypoint.php on line 23.
 1 SYSTEMPATH\CodeIgniter.php(906): App\Controllers\Keypoint->__construct()
 2 SYSTEMPATH\CodeIgniter.php(490): CodeIgniter\CodeIgniter->createController()
 3 SYSTEMPATH\CodeIgniter.php(368): CodeIgniter\CodeIgniter->handleRequest(null, Object(Config\Cache), false)
 4 FCPATH\index.php(67): CodeIgniter\CodeIgniter->run()
 5 SYSTEMPATH\Commands\Server\rewrite.php(47): require_once('C:\\Users\\rimuru\\Development\\web-komisioning\\public\\index.php')
WARNING - 2023-04-06 09:36:29 --> [DEPRECATED] Creation of dynamic property App\Controllers\Keypoint::$merklbs is deprecated in APPPATH\Controllers\Keypoint.php on line 24.
 1 SYSTEMPATH\CodeIgniter.php(906): App\Controllers\Keypoint->__construct()
 2 SYSTEMPATH\CodeIgniter.php(490): CodeIgniter\CodeIgniter->createController()
 3 SYSTEMPATH\CodeIgniter.php(368): CodeIgniter\CodeIgniter->handleRequest(null, Object(Config\Cache), false)
 4 FCPATH\index.php(67): CodeIgniter\CodeIgniter->run()
 5 SYSTEMPATH\Commands\Server\rewrite.php(47): require_once('C:\\Users\\rimuru\\Development\\web-komisioning\\public\\index.php')
WARNING - 2023-04-06 09:36:29 --> [DEPRECATED] Creation of dynamic property App\Controllers\Keypoint::$garduinduk is deprecated in APPPATH\Controllers\Keypoint.php on line 25.
 1 SYSTEMPATH\CodeIgniter.php(906): App\Controllers\Keypoint->__construct()
 2 SYSTEMPATH\CodeIgniter.php(490): CodeIgniter\CodeIgniter->createController()
 3 SYSTEMPATH\CodeIgniter.php(368): CodeIgniter\CodeIgniter->handleRequest(null, Object(Config\Cache), false)
 4 FCPATH\index.php(67): CodeIgniter\CodeIgniter->run()
 5 SYSTEMPATH\Commands\Server\rewrite.php(47): require_once('C:\\Users\\rimuru\\Development\\web-komisioning\\public\\index.php')
WARNING - 2023-04-06 09:36:29 --> [DEPRECATED] Creation of dynamic property App\Controllers\Keypoint::$modem is deprecated in APPPATH\Controllers\Keypoint.php on line 26.
 1 SYSTEMPATH\CodeIgniter.php(906): App\Controllers\Keypoint->__construct()
 2 SYSTEMPATH\CodeIgniter.php(490): CodeIgniter\CodeIgniter->createController()
 3 SYSTEMPATH\CodeIgniter.php(368): CodeIgniter\CodeIgniter->handleRequest(null, Object(Config\Cache), false)
 4 FCPATH\index.php(67): CodeIgniter\CodeIgniter->run()
 5 SYSTEMPATH\Commands\Server\rewrite.php(47): require_once('C:\\Users\\rimuru\\Development\\web-komisioning\\public\\index.php')
WARNING - 2023-04-06 09:36:29 --> [DEPRECATED] Creation of dynamic property App\Controllers\Keypoint::$sectoral is deprecated in APPPATH\Controllers\Keypoint.php on line 27.
 1 SYSTEMPATH\CodeIgniter.php(906): App\Controllers\Keypoint->__construct()
 2 SYSTEMPATH\CodeIgniter.php(490): CodeIgniter\CodeIgniter->createController()
 3 SYSTEMPATH\CodeIgniter.php(368): CodeIgniter\CodeIgniter->handleRequest(null, Object(Config\Cache), false)
 4 FCPATH\index.php(67): CodeIgniter\CodeIgniter->run()
 5 SYSTEMPATH\Commands\Server\rewrite.php(47): require_once('C:\\Users\\rimuru\\Development\\web-komisioning\\public\\index.php')
WARNING - 2023-04-06 09:36:29 --> [DEPRECATED] Creation of dynamic property App\Controllers\Keypoint::$admin is deprecated in APPPATH\Controllers\Keypoint.php on line 28.
 1 SYSTEMPATH\CodeIgniter.php(906): App\Controllers\Keypoint->__construct()
 2 SYSTEMPATH\CodeIgniter.php(490): CodeIgniter\CodeIgniter->createController()
 3 SYSTEMPATH\CodeIgniter.php(368): CodeIgniter\CodeIgniter->handleRequest(null, Object(Config\Cache), false)
 4 FCPATH\index.php(67): CodeIgniter\CodeIgniter->run()
 5 SYSTEMPATH\Commands\Server\rewrite.php(47): require_once('C:\\Users\\rimuru\\Development\\web-komisioning\\public\\index.php')
WARNING - 2023-04-06 09:36:31 --> [DEPRECATED] Creation of dynamic property App\Controllers\ExportExcel::$absensi is deprecated in APPPATH\Controllers\ExportExcel.php on line 17.
 1 SYSTEMPATH\CodeIgniter.php(906): App\Controllers\ExportExcel->__construct()
 2 SYSTEMPATH\CodeIgniter.php(490): CodeIgniter\CodeIgniter->createController()
 3 SYSTEMPATH\CodeIgniter.php(368): CodeIgniter\CodeIgniter->handleRequest(null, Object(Config\Cache), false)
 4 FCPATH\index.php(67): CodeIgniter\CodeIgniter->run()
 5 SYSTEMPATH\Commands\Server\rewrite.php(47): require_once('C:\\Users\\rimuru\\Development\\web-komisioning\\public\\index.php')
WARNING - 2023-04-06 09:36:31 --> [DEPRECATED] Creation of dynamic property App\Controllers\ExportExcel::$masuk is deprecated in APPPATH\Controllers\ExportExcel.php on line 18.
 1 SYSTEMPATH\CodeIgniter.php(906): App\Controllers\ExportExcel->__construct()
 2 SYSTEMPATH\CodeIgniter.php(490): CodeIgniter\CodeIgniter->createController()
 3 SYSTEMPATH\CodeIgniter.php(368): CodeIgniter\CodeIgniter->handleRequest(null, Object(Config\Cache), false)
 4 FCPATH\index.php(67): CodeIgniter\CodeIgniter->run()
 5 SYSTEMPATH\Commands\Server\rewrite.php(47): require_once('C:\\Users\\rimuru\\Development\\web-komisioning\\public\\index.php')
WARNING - 2023-04-06 09:36:31 --> [DEPRECATED] Creation of dynamic property App\Controllers\ExportExcel::$formkp is deprecated in APPPATH\Controllers\ExportExcel.php on line 19.
 1 SYSTEMPATH\CodeIgniter.php(906): App\Controllers\ExportExcel->__construct()
 2 SYSTEMPATH\CodeIgniter.php(490): CodeIgniter\CodeIgniter->createController()
 3 SYSTEMPATH\CodeIgniter.php(368): CodeIgniter\CodeIgniter->handleRequest(null, Object(Config\Cache), false)
 4 FCPATH\index.php(67): CodeIgniter\CodeIgniter->run()
 5 SYSTEMPATH\Commands\Server\rewrite.php(47): require_once('C:\\Users\\rimuru\\Development\\web-komisioning\\public\\index.php')
INFO - 2023-04-06 09:52:03 --> Session: Class initialized using 'CodeIgniter\Session\Handlers\FileHandler' driver.
WARNING - 2023-04-06 09:52:03 --> [DEPRECATED] Creation of dynamic property App\Controllers\Keypoint::$formkp is deprecated in APPPATH\Controllers\Keypoint.php on line 20.
 1 SYSTEMPATH\CodeIgniter.php(906): App\Controllers\Keypoint->__construct()
 2 SYSTEMPATH\CodeIgniter.php(490): CodeIgniter\CodeIgniter->createController()
 3 SYSTEMPATH\CodeIgniter.php(368): CodeIgniter\CodeIgniter->handleRequest(null, Object(Config\Cache), false)
 4 FCPATH\index.php(67): CodeIgniter\CodeIgniter->run()
 5 SYSTEMPATH\Commands\Server\rewrite.php(47): require_once('C:\\Users\\rimuru\\Development\\web-komisioning\\public\\index.php')
WARNING - 2023-04-06 09:52:03 --> [DEPRECATED] Creation of dynamic property App\Controllers\Keypoint::$komkp is deprecated in APPPATH\Controllers\Keypoint.php on line 21.
 1 SYSTEMPATH\CodeIgniter.php(906): App\Controllers\Keypoint->__construct()
 2 SYSTEMPATH\CodeIgniter.php(490): CodeIgniter\CodeIgniter->createController()
 3 SYSTEMPATH\CodeIgniter.php(368): CodeIgniter\CodeIgniter->handleRequest(null, Object(Config\Cache), false)
 4 FCPATH\index.php(67): CodeIgniter\CodeIgniter->run()
 5 SYSTEMPATH\Commands\Server\rewrite.php(47): require_once('C:\\Users\\rimuru\\Development\\web-komisioning\\public\\index.php')
WARNING - 2023-04-06 09:52:03 --> [DEPRECATED] Creation of dynamic property App\Controllers\Keypoint::$picmaster is deprecated in APPPATH\Controllers\Keypoint.php on line 22.
 1 SYSTEMPATH\CodeIgniter.php(906): App\Controllers\Keypoint->__construct()
 2 SYSTEMPATH\CodeIgniter.php(490): CodeIgniter\CodeIgniter->createController()
 3 SYSTEMPATH\CodeIgniter.php(368): CodeIgniter\CodeIgniter->handleRequest(null, Object(Config\Cache), false)
 4 FCPATH\index.php(67): CodeIgniter\CodeIgniter->run()
 5 SYSTEMPATH\Commands\Server\rewrite.php(47): require_once('C:\\Users\\rimuru\\Development\\web-komisioning\\public\\index.php')
WARNING - 2023-04-06 09:52:03 --> [DEPRECATED] Creation of dynamic property App\Controllers\Keypoint::$medkom is deprecated in APPPATH\Controllers\Keypoint.php on line 23.
 1 SYSTEMPATH\CodeIgniter.php(906): App\Controllers\Keypoint->__construct()
 2 SYSTEMPATH\CodeIgniter.php(490): CodeIgniter\CodeIgniter->createController()
 3 SYSTEMPATH\CodeIgniter.php(368): CodeIgniter\CodeIgniter->handleRequest(null, Object(Config\Cache), false)
 4 FCPATH\index.php(67): CodeIgniter\CodeIgniter->run()
 5 SYSTEMPATH\Commands\Server\rewrite.php(47): require_once('C:\\Users\\rimuru\\Development\\web-komisioning\\public\\index.php')
WARNING - 2023-04-06 09:52:03 --> [DEPRECATED] Creation of dynamic property App\Controllers\Keypoint::$merklbs is deprecated in APPPATH\Controllers\Keypoint.php on line 24.
 1 SYSTEMPATH\CodeIgniter.php(906): App\Controllers\Keypoint->__construct()
 2 SYSTEMPATH\CodeIgniter.php(490): CodeIgniter\CodeIgniter->createController()
 3 SYSTEMPATH\CodeIgniter.php(368): CodeIgniter\CodeIgniter->handleRequest(null, Object(Config\Cache), false)
 4 FCPATH\index.php(67): CodeIgniter\CodeIgniter->run()
 5 SYSTEMPATH\Commands\Server\rewrite.php(47): require_once('C:\\Users\\rimuru\\Development\\web-komisioning\\public\\index.php')
WARNING - 2023-04-06 09:52:03 --> [DEPRECATED] Creation of dynamic property App\Controllers\Keypoint::$garduinduk is deprecated in APPPATH\Controllers\Keypoint.php on line 25.
 1 SYSTEMPATH\CodeIgniter.php(906): App\Controllers\Keypoint->__construct()
 2 SYSTEMPATH\CodeIgniter.php(490): CodeIgniter\CodeIgniter->createController()
 3 SYSTEMPATH\CodeIgniter.php(368): CodeIgniter\CodeIgniter->handleRequest(null, Object(Config\Cache), false)
 4 FCPATH\index.php(67): CodeIgniter\CodeIgniter->run()
 5 SYSTEMPATH\Commands\Server\rewrite.php(47): require_once('C:\\Users\\rimuru\\Development\\web-komisioning\\public\\index.php')
WARNING - 2023-04-06 09:52:03 --> [DEPRECATED] Creation of dynamic property App\Controllers\Keypoint::$modem is deprecated in APPPATH\Controllers\Keypoint.php on line 26.
 1 SYSTEMPATH\CodeIgniter.php(906): App\Controllers\Keypoint->__construct()
 2 SYSTEMPATH\CodeIgniter.php(490): CodeIgniter\CodeIgniter->createController()
 3 SYSTEMPATH\CodeIgniter.php(368): CodeIgniter\CodeIgniter->handleRequest(null, Object(Config\Cache), false)
 4 FCPATH\index.php(67): CodeIgniter\CodeIgniter->run()
 5 SYSTEMPATH\Commands\Server\rewrite.php(47): require_once('C:\\Users\\rimuru\\Development\\web-komisioning\\public\\index.php')
WARNING - 2023-04-06 09:52:03 --> [DEPRECATED] Creation of dynamic property App\Controllers\Keypoint::$sectoral is deprecated in APPPATH\Controllers\Keypoint.php on line 27.
 1 SYSTEMPATH\CodeIgniter.php(906): App\Controllers\Keypoint->__construct()
 2 SYSTEMPATH\CodeIgniter.php(490): CodeIgniter\CodeIgniter->createController()
 3 SYSTEMPATH\CodeIgniter.php(368): CodeIgniter\CodeIgniter->handleRequest(null, Object(Config\Cache), false)
 4 FCPATH\index.php(67): CodeIgniter\CodeIgniter->run()
 5 SYSTEMPATH\Commands\Server\rewrite.php(47): require_once('C:\\Users\\rimuru\\Development\\web-komisioning\\public\\index.php')
WARNING - 2023-04-06 09:52:03 --> [DEPRECATED] Creation of dynamic property App\Controllers\Keypoint::$admin is deprecated in APPPATH\Controllers\Keypoint.php on line 28.
 1 SYSTEMPATH\CodeIgniter.php(906): App\Controllers\Keypoint->__construct()
 2 SYSTEMPATH\CodeIgniter.php(490): CodeIgniter\CodeIgniter->createController()
 3 SYSTEMPATH\CodeIgniter.php(368): CodeIgniter\CodeIgniter->handleRequest(null, Object(Config\Cache), false)
 4 FCPATH\index.php(67): CodeIgniter\CodeIgniter->run()
 5 SYSTEMPATH\Commands\Server\rewrite.php(47): require_once('C:\\Users\\rimuru\\Development\\web-komisioning\\public\\index.php')
WARNING - 2023-04-06 09:52:06 --> [DEPRECATED] Creation of dynamic property App\Controllers\ExportExcel::$absensi is deprecated in APPPATH\Controllers\ExportExcel.php on line 17.
 1 SYSTEMPATH\CodeIgniter.php(906): App\Controllers\ExportExcel->__construct()
 2 SYSTEMPATH\CodeIgniter.php(490): CodeIgniter\CodeIgniter->createController()
 3 SYSTEMPATH\CodeIgniter.php(368): CodeIgniter\CodeIgniter->handleRequest(null, Object(Config\Cache), false)
 4 FCPATH\index.php(67): CodeIgniter\CodeIgniter->run()
 5 SYSTEMPATH\Commands\Server\rewrite.php(47): require_once('C:\\Users\\rimuru\\Development\\web-komisioning\\public\\index.php')
WARNING - 2023-04-06 09:52:06 --> [DEPRECATED] Creation of dynamic property App\Controllers\ExportExcel::$masuk is deprecated in APPPATH\Controllers\ExportExcel.php on line 18.
 1 SYSTEMPATH\CodeIgniter.php(906): App\Controllers\ExportExcel->__construct()
 2 SYSTEMPATH\CodeIgniter.php(490): CodeIgniter\CodeIgniter->createController()
 3 SYSTEMPATH\CodeIgniter.php(368): CodeIgniter\CodeIgniter->handleRequest(null, Object(Config\Cache), false)
 4 FCPATH\index.php(67): CodeIgniter\CodeIgniter->run()
 5 SYSTEMPATH\Commands\Server\rewrite.php(47): require_once('C:\\Users\\rimuru\\Development\\web-komisioning\\public\\index.php')
WARNING - 2023-04-06 09:52:06 --> [DEPRECATED] Creation of dynamic property App\Controllers\ExportExcel::$formkp is deprecated in APPPATH\Controllers\ExportExcel.php on line 19.
 1 SYSTEMPATH\CodeIgniter.php(906): App\Controllers\ExportExcel->__construct()
 2 SYSTEMPATH\CodeIgniter.php(490): CodeIgniter\CodeIgniter->createController()
 3 SYSTEMPATH\CodeIgniter.php(368): CodeIgniter\CodeIgniter->handleRequest(null, Object(Config\Cache), false)
 4 FCPATH\index.php(67): CodeIgniter\CodeIgniter->run()
 5 SYSTEMPATH\Commands\Server\rewrite.php(47): require_once('C:\\Users\\rimuru\\Development\\web-komisioning\\public\\index.php')
INFO - 2023-04-06 09:55:55 --> Session: Class initialized using 'CodeIgniter\Session\Handlers\FileHandler' driver.
WARNING - 2023-04-06 09:55:55 --> [DEPRECATED] Creation of dynamic property App\Controllers\Keypoint::$formkp is deprecated in APPPATH\Controllers\Keypoint.php on line 20.
 1 SYSTEMPATH\CodeIgniter.php(906): App\Controllers\Keypoint->__construct()
 2 SYSTEMPATH\CodeIgniter.php(490): CodeIgniter\CodeIgniter->createController()
 3 SYSTEMPATH\CodeIgniter.php(368): CodeIgniter\CodeIgniter->handleRequest(null, Object(Config\Cache), false)
 4 FCPATH\index.php(67): CodeIgniter\CodeIgniter->run()
 5 SYSTEMPATH\Commands\Server\rewrite.php(47): require_once('C:\\Users\\rimuru\\Development\\web-komisioning\\public\\index.php')
WARNING - 2023-04-06 09:55:55 --> [DEPRECATED] Creation of dynamic property App\Controllers\Keypoint::$komkp is deprecated in APPPATH\Controllers\Keypoint.php on line 21.
 1 SYSTEMPATH\CodeIgniter.php(906): App\Controllers\Keypoint->__construct()
 2 SYSTEMPATH\CodeIgniter.php(490): CodeIgniter\CodeIgniter->createController()
 3 SYSTEMPATH\CodeIgniter.php(368): CodeIgniter\CodeIgniter->handleRequest(null, Object(Config\Cache), false)
 4 FCPATH\index.php(67): CodeIgniter\CodeIgniter->run()
 5 SYSTEMPATH\Commands\Server\rewrite.php(47): require_once('C:\\Users\\rimuru\\Development\\web-komisioning\\public\\index.php')
WARNING - 2023-04-06 09:55:55 --> [DEPRECATED] Creation of dynamic property App\Controllers\Keypoint::$picmaster is deprecated in APPPATH\Controllers\Keypoint.php on line 22.
 1 SYSTEMPATH\CodeIgniter.php(906): App\Controllers\Keypoint->__construct()
 2 SYSTEMPATH\CodeIgniter.php(490): CodeIgniter\CodeIgniter->createController()
 3 SYSTEMPATH\CodeIgniter.php(368): CodeIgniter\CodeIgniter->handleRequest(null, Object(Config\Cache), false)
 4 FCPATH\index.php(67): CodeIgniter\CodeIgniter->run()
 5 SYSTEMPATH\Commands\Server\rewrite.php(47): require_once('C:\\Users\\rimuru\\Development\\web-komisioning\\public\\index.php')
WARNING - 2023-04-06 09:55:55 --> [DEPRECATED] Creation of dynamic property App\Controllers\Keypoint::$medkom is deprecated in APPPATH\Controllers\Keypoint.php on line 23.
 1 SYSTEMPATH\CodeIgniter.php(906): App\Controllers\Keypoint->__construct()
 2 SYSTEMPATH\CodeIgniter.php(490): CodeIgniter\CodeIgniter->createController()
 3 SYSTEMPATH\CodeIgniter.php(368): CodeIgniter\CodeIgniter->handleRequest(null, Object(Config\Cache), false)
 4 FCPATH\index.php(67): CodeIgniter\CodeIgniter->run()
 5 SYSTEMPATH\Commands\Server\rewrite.php(47): require_once('C:\\Users\\rimuru\\Development\\web-komisioning\\public\\index.php')
WARNING - 2023-04-06 09:55:55 --> [DEPRECATED] Creation of dynamic property App\Controllers\Keypoint::$merklbs is deprecated in APPPATH\Controllers\Keypoint.php on line 24.
 1 SYSTEMPATH\CodeIgniter.php(906): App\Controllers\Keypoint->__construct()
 2 SYSTEMPATH\CodeIgniter.php(490): CodeIgniter\CodeIgniter->createController()
 3 SYSTEMPATH\CodeIgniter.php(368): CodeIgniter\CodeIgniter->handleRequest(null, Object(Config\Cache), false)
 4 FCPATH\index.php(67): CodeIgniter\CodeIgniter->run()
 5 SYSTEMPATH\Commands\Server\rewrite.php(47): require_once('C:\\Users\\rimuru\\Development\\web-komisioning\\public\\index.php')
WARNING - 2023-04-06 09:55:55 --> [DEPRECATED] Creation of dynamic property App\Controllers\Keypoint::$garduinduk is deprecated in APPPATH\Controllers\Keypoint.php on line 25.
 1 SYSTEMPATH\CodeIgniter.php(906): App\Controllers\Keypoint->__construct()
 2 SYSTEMPATH\CodeIgniter.php(490): CodeIgniter\CodeIgniter->createController()
 3 SYSTEMPATH\CodeIgniter.php(368): CodeIgniter\CodeIgniter->handleRequest(null, Object(Config\Cache), false)
 4 FCPATH\index.php(67): CodeIgniter\CodeIgniter->run()
 5 SYSTEMPATH\Commands\Server\rewrite.php(47): require_once('C:\\Users\\rimuru\\Development\\web-komisioning\\public\\index.php')
WARNING - 2023-04-06 09:55:55 --> [DEPRECATED] Creation of dynamic property App\Controllers\Keypoint::$modem is deprecated in APPPATH\Controllers\Keypoint.php on line 26.
 1 SYSTEMPATH\CodeIgniter.php(906): App\Controllers\Keypoint->__construct()
 2 SYSTEMPATH\CodeIgniter.php(490): CodeIgniter\CodeIgniter->createController()
 3 SYSTEMPATH\CodeIgniter.php(368): CodeIgniter\CodeIgniter->handleRequest(null, Object(Config\Cache), false)
 4 FCPATH\index.php(67): CodeIgniter\CodeIgniter->run()
 5 SYSTEMPATH\Commands\Server\rewrite.php(47): require_once('C:\\Users\\rimuru\\Development\\web-komisioning\\public\\index.php')
WARNING - 2023-04-06 09:55:55 --> [DEPRECATED] Creation of dynamic property App\Controllers\Keypoint::$sectoral is deprecated in APPPATH\Controllers\Keypoint.php on line 27.
 1 SYSTEMPATH\CodeIgniter.php(906): App\Controllers\Keypoint->__construct()
 2 SYSTEMPATH\CodeIgniter.php(490): CodeIgniter\CodeIgniter->createController()
 3 SYSTEMPATH\CodeIgniter.php(368): CodeIgniter\CodeIgniter->handleRequest(null, Object(Config\Cache), false)
 4 FCPATH\index.php(67): CodeIgniter\CodeIgniter->run()
 5 SYSTEMPATH\Commands\Server\rewrite.php(47): require_once('C:\\Users\\rimuru\\Development\\web-komisioning\\public\\index.php')
WARNING - 2023-04-06 09:55:55 --> [DEPRECATED] Creation of dynamic property App\Controllers\Keypoint::$admin is deprecated in APPPATH\Controllers\Keypoint.php on line 28.
 1 SYSTEMPATH\CodeIgniter.php(906): App\Controllers\Keypoint->__construct()
 2 SYSTEMPATH\CodeIgniter.php(490): CodeIgniter\CodeIgniter->createController()
 3 SYSTEMPATH\CodeIgniter.php(368): CodeIgniter\CodeIgniter->handleRequest(null, Object(Config\Cache), false)
 4 FCPATH\index.php(67): CodeIgniter\CodeIgniter->run()
 5 SYSTEMPATH\Commands\Server\rewrite.php(47): require_once('C:\\Users\\rimuru\\Development\\web-komisioning\\public\\index.php')
WARNING - 2023-04-06 09:56:02 --> [DEPRECATED] Creation of dynamic property App\Controllers\ExportExcel::$absensi is deprecated in APPPATH\Controllers\ExportExcel.php on line 17.
 1 SYSTEMPATH\CodeIgniter.php(906): App\Controllers\ExportExcel->__construct()
 2 SYSTEMPATH\CodeIgniter.php(490): CodeIgniter\CodeIgniter->createController()
 3 SYSTEMPATH\CodeIgniter.php(368): CodeIgniter\CodeIgniter->handleRequest(null, Object(Config\Cache), false)
 4 FCPATH\index.php(67): CodeIgniter\CodeIgniter->run()
 5 SYSTEMPATH\Commands\Server\rewrite.php(47): require_once('C:\\Users\\rimuru\\Development\\web-komisioning\\public\\index.php')
WARNING - 2023-04-06 09:56:02 --> [DEPRECATED] Creation of dynamic property App\Controllers\ExportExcel::$masuk is deprecated in APPPATH\Controllers\ExportExcel.php on line 18.
 1 SYSTEMPATH\CodeIgniter.php(906): App\Controllers\ExportExcel->__construct()
 2 SYSTEMPATH\CodeIgniter.php(490): CodeIgniter\CodeIgniter->createController()
 3 SYSTEMPATH\CodeIgniter.php(368): CodeIgniter\CodeIgniter->handleRequest(null, Object(Config\Cache), false)
 4 FCPATH\index.php(67): CodeIgniter\CodeIgniter->run()
 5 SYSTEMPATH\Commands\Server\rewrite.php(47): require_once('C:\\Users\\rimuru\\Development\\web-komisioning\\public\\index.php')
WARNING - 2023-04-06 09:56:02 --> [DEPRECATED] Creation of dynamic property App\Controllers\ExportExcel::$formkp is deprecated in APPPATH\Controllers\ExportExcel.php on line 19.
 1 SYSTEMPATH\CodeIgniter.php(906): App\Controllers\ExportExcel->__construct()
 2 SYSTEMPATH\CodeIgniter.php(490): CodeIgniter\CodeIgniter->createController()
 3 SYSTEMPATH\CodeIgniter.php(368): CodeIgniter\CodeIgniter->handleRequest(null, Object(Config\Cache), false)
 4 FCPATH\index.php(67): CodeIgniter\CodeIgniter->run()
 5 SYSTEMPATH\Commands\Server\rewrite.php(47): require_once('C:\\Users\\rimuru\\Development\\web-komisioning\\public\\index.php')
CRITICAL - 2023-04-06 09:56:02 --> Undefined array key 4
in VENDORPATH\phpoffice\phpspreadsheet\src\PhpSpreadsheet\Cell\Coordinate.php on line 302.
 1 VENDORPATH\phpoffice\phpspreadsheet\src\PhpSpreadsheet\Cell\Coordinate.php(302): CodeIgniter\Debug\Exceptions->errorHandler()
 2 VENDORPATH\phpoffice\phpspreadsheet\src\PhpSpreadsheet\Worksheet\Worksheet.php(1491): PhpOffice\PhpSpreadsheet\Cell\Coordinate::columnIndexFromString()
 3 APPPATH\Controllers\ExportExcel.php(157): PhpOffice\PhpSpreadsheet\Worksheet\Worksheet->getColumnDimension()
 4 SYSTEMPATH\CodeIgniter.php(934): App\Controllers\ExportExcel->keypoint()
 5 SYSTEMPATH\CodeIgniter.php(499): CodeIgniter\CodeIgniter->runController()
 6 SYSTEMPATH\CodeIgniter.php(368): CodeIgniter\CodeIgniter->handleRequest()
 7 FCPATH\index.php(67): CodeIgniter\CodeIgniter->run()
 8 SYSTEMPATH\Commands\Server\rewrite.php(47): require_once('C:\\Users\\rimuru\\Development\\web-komisioning\\public\\index.php')
INFO - 2023-04-06 09:56:46 --> Session: Class initialized using 'CodeIgniter\Session\Handlers\FileHandler' driver.
WARNING - 2023-04-06 09:56:46 --> [DEPRECATED] Creation of dynamic property App\Controllers\Keypoint::$formkp is deprecated in APPPATH\Controllers\Keypoint.php on line 20.
 1 SYSTEMPATH\CodeIgniter.php(906): App\Controllers\Keypoint->__construct()
 2 SYSTEMPATH\CodeIgniter.php(490): CodeIgniter\CodeIgniter->createController()
 3 SYSTEMPATH\CodeIgniter.php(368): CodeIgniter\CodeIgniter->handleRequest(null, Object(Config\Cache), false)
 4 FCPATH\index.php(67): CodeIgniter\CodeIgniter->run()
 5 SYSTEMPATH\Commands\Server\rewrite.php(47): require_once('C:\\Users\\rimuru\\Development\\web-komisioning\\public\\index.php')
WARNING - 2023-04-06 09:56:46 --> [DEPRECATED] Creation of dynamic property App\Controllers\Keypoint::$komkp is deprecated in APPPATH\Controllers\Keypoint.php on line 21.
 1 SYSTEMPATH\CodeIgniter.php(906): App\Controllers\Keypoint->__construct()
 2 SYSTEMPATH\CodeIgniter.php(490): CodeIgniter\CodeIgniter->createController()
 3 SYSTEMPATH\CodeIgniter.php(368): CodeIgniter\CodeIgniter->handleRequest(null, Object(Config\Cache), false)
 4 FCPATH\index.php(67): CodeIgniter\CodeIgniter->run()
 5 SYSTEMPATH\Commands\Server\rewrite.php(47): require_once('C:\\Users\\rimuru\\Development\\web-komisioning\\public\\index.php')
WARNING - 2023-04-06 09:56:46 --> [DEPRECATED] Creation of dynamic property App\Controllers\Keypoint::$picmaster is deprecated in APPPATH\Controllers\Keypoint.php on line 22.
 1 SYSTEMPATH\CodeIgniter.php(906): App\Controllers\Keypoint->__construct()
 2 SYSTEMPATH\CodeIgniter.php(490): CodeIgniter\CodeIgniter->createController()
 3 SYSTEMPATH\CodeIgniter.php(368): CodeIgniter\CodeIgniter->handleRequest(null, Object(Config\Cache), false)
 4 FCPATH\index.php(67): CodeIgniter\CodeIgniter->run()
 5 SYSTEMPATH\Commands\Server\rewrite.php(47): require_once('C:\\Users\\rimuru\\Development\\web-komisioning\\public\\index.php')
WARNING - 2023-04-06 09:56:46 --> [DEPRECATED] Creation of dynamic property App\Controllers\Keypoint::$medkom is deprecated in APPPATH\Controllers\Keypoint.php on line 23.
 1 SYSTEMPATH\CodeIgniter.php(906): App\Controllers\Keypoint->__construct()
 2 SYSTEMPATH\CodeIgniter.php(490): CodeIgniter\CodeIgniter->createController()
 3 SYSTEMPATH\CodeIgniter.php(368): CodeIgniter\CodeIgniter->handleRequest(null, Object(Config\Cache), false)
 4 FCPATH\index.php(67): CodeIgniter\CodeIgniter->run()
 5 SYSTEMPATH\Commands\Server\rewrite.php(47): require_once('C:\\Users\\rimuru\\Development\\web-komisioning\\public\\index.php')
WARNING - 2023-04-06 09:56:46 --> [DEPRECATED] Creation of dynamic property App\Controllers\Keypoint::$merklbs is deprecated in APPPATH\Controllers\Keypoint.php on line 24.
 1 SYSTEMPATH\CodeIgniter.php(906): App\Controllers\Keypoint->__construct()
 2 SYSTEMPATH\CodeIgniter.php(490): CodeIgniter\CodeIgniter->createController()
 3 SYSTEMPATH\CodeIgniter.php(368): CodeIgniter\CodeIgniter->handleRequest(null, Object(Config\Cache), false)
 4 FCPATH\index.php(67): CodeIgniter\CodeIgniter->run()
 5 SYSTEMPATH\Commands\Server\rewrite.php(47): require_once('C:\\Users\\rimuru\\Development\\web-komisioning\\public\\index.php')
WARNING - 2023-04-06 09:56:46 --> [DEPRECATED] Creation of dynamic property App\Controllers\Keypoint::$garduinduk is deprecated in APPPATH\Controllers\Keypoint.php on line 25.
 1 SYSTEMPATH\CodeIgniter.php(906): App\Controllers\Keypoint->__construct()
 2 SYSTEMPATH\CodeIgniter.php(490): CodeIgniter\CodeIgniter->createController()
 3 SYSTEMPATH\CodeIgniter.php(368): CodeIgniter\CodeIgniter->handleRequest(null, Object(Config\Cache), false)
 4 FCPATH\index.php(67): CodeIgniter\CodeIgniter->run()
 5 SYSTEMPATH\Commands\Server\rewrite.php(47): require_once('C:\\Users\\rimuru\\Development\\web-komisioning\\public\\index.php')
WARNING - 2023-04-06 09:56:46 --> [DEPRECATED] Creation of dynamic property App\Controllers\Keypoint::$modem is deprecated in APPPATH\Controllers\Keypoint.php on line 26.
 1 SYSTEMPATH\CodeIgniter.php(906): App\Controllers\Keypoint->__construct()
 2 SYSTEMPATH\CodeIgniter.php(490): CodeIgniter\CodeIgniter->createController()
 3 SYSTEMPATH\CodeIgniter.php(368): CodeIgniter\CodeIgniter->handleRequest(null, Object(Config\Cache), false)
 4 FCPATH\index.php(67): CodeIgniter\CodeIgniter->run()
 5 SYSTEMPATH\Commands\Server\rewrite.php(47): require_once('C:\\Users\\rimuru\\Development\\web-komisioning\\public\\index.php')
WARNING - 2023-04-06 09:56:46 --> [DEPRECATED] Creation of dynamic property App\Controllers\Keypoint::$sectoral is deprecated in APPPATH\Controllers\Keypoint.php on line 27.
 1 SYSTEMPATH\CodeIgniter.php(906): App\Controllers\Keypoint->__construct()
 2 SYSTEMPATH\CodeIgniter.php(490): CodeIgniter\CodeIgniter->createController()
 3 SYSTEMPATH\CodeIgniter.php(368): CodeIgniter\CodeIgniter->handleRequest(null, Object(Config\Cache), false)
 4 FCPATH\index.php(67): CodeIgniter\CodeIgniter->run()
 5 SYSTEMPATH\Commands\Server\rewrite.php(47): require_once('C:\\Users\\rimuru\\Development\\web-komisioning\\public\\index.php')
WARNING - 2023-04-06 09:56:46 --> [DEPRECATED] Creation of dynamic property App\Controllers\Keypoint::$admin is deprecated in APPPATH\Controllers\Keypoint.php on line 28.
 1 SYSTEMPATH\CodeIgniter.php(906): App\Controllers\Keypoint->__construct()
 2 SYSTEMPATH\CodeIgniter.php(490): CodeIgniter\CodeIgniter->createController()
 3 SYSTEMPATH\CodeIgniter.php(368): CodeIgniter\CodeIgniter->handleRequest(null, Object(Config\Cache), false)
 4 FCPATH\index.php(67): CodeIgniter\CodeIgniter->run()
 5 SYSTEMPATH\Commands\Server\rewrite.php(47): require_once('C:\\Users\\rimuru\\Development\\web-komisioning\\public\\index.php')
WARNING - 2023-04-06 09:56:48 --> [DEPRECATED] Creation of dynamic property App\Controllers\ExportExcel::$absensi is deprecated in APPPATH\Controllers\ExportExcel.php on line 17.
 1 SYSTEMPATH\CodeIgniter.php(906): App\Controllers\ExportExcel->__construct()
 2 SYSTEMPATH\CodeIgniter.php(490): CodeIgniter\CodeIgniter->createController()
 3 SYSTEMPATH\CodeIgniter.php(368): CodeIgniter\CodeIgniter->handleRequest(null, Object(Config\Cache), false)
 4 FCPATH\index.php(67): CodeIgniter\CodeIgniter->run()
 5 SYSTEMPATH\Commands\Server\rewrite.php(47): require_once('C:\\Users\\rimuru\\Development\\web-komisioning\\public\\index.php')
WARNING - 2023-04-06 09:56:48 --> [DEPRECATED] Creation of dynamic property App\Controllers\ExportExcel::$masuk is deprecated in APPPATH\Controllers\ExportExcel.php on line 18.
 1 SYSTEMPATH\CodeIgniter.php(906): App\Controllers\ExportExcel->__construct()
 2 SYSTEMPATH\CodeIgniter.php(490): CodeIgniter\CodeIgniter->createController()
 3 SYSTEMPATH\CodeIgniter.php(368): CodeIgniter\CodeIgniter->handleRequest(null, Object(Config\Cache), false)
 4 FCPATH\index.php(67): CodeIgniter\CodeIgniter->run()
 5 SYSTEMPATH\Commands\Server\rewrite.php(47): require_once('C:\\Users\\rimuru\\Development\\web-komisioning\\public\\index.php')
WARNING - 2023-04-06 09:56:48 --> [DEPRECATED] Creation of dynamic property App\Controllers\ExportExcel::$formkp is deprecated in APPPATH\Controllers\ExportExcel.php on line 19.
 1 SYSTEMPATH\CodeIgniter.php(906): App\Controllers\ExportExcel->__construct()
 2 SYSTEMPATH\CodeIgniter.php(490): CodeIgniter\CodeIgniter->createController()
 3 SYSTEMPATH\CodeIgniter.php(368): CodeIgniter\CodeIgniter->handleRequest(null, Object(Config\Cache), false)
 4 FCPATH\index.php(67): CodeIgniter\CodeIgniter->run()
 5 SYSTEMPATH\Commands\Server\rewrite.php(47): require_once('C:\\Users\\rimuru\\Development\\web-komisioning\\public\\index.php')
INFO - 2023-04-06 10:06:21 --> Session: Class initialized using 'CodeIgniter\Session\Handlers\FileHandler' driver.
WARNING - 2023-04-06 10:06:21 --> [DEPRECATED] Creation of dynamic property App\Controllers\Keypoint::$formkp is deprecated in APPPATH\Controllers\Keypoint.php on line 20.
 1 SYSTEMPATH\CodeIgniter.php(906): App\Controllers\Keypoint->__construct()
 2 SYSTEMPATH\CodeIgniter.php(490): CodeIgniter\CodeIgniter->createController()
 3 SYSTEMPATH\CodeIgniter.php(368): CodeIgniter\CodeIgniter->handleRequest(null, Object(Config\Cache), false)
 4 FCPATH\index.php(67): CodeIgniter\CodeIgniter->run()
 5 SYSTEMPATH\Commands\Server\rewrite.php(47): require_once('C:\\Users\\rimuru\\Development\\web-komisioning\\public\\index.php')
WARNING - 2023-04-06 10:06:21 --> [DEPRECATED] Creation of dynamic property App\Controllers\Keypoint::$komkp is deprecated in APPPATH\Controllers\Keypoint.php on line 21.
 1 SYSTEMPATH\CodeIgniter.php(906): App\Controllers\Keypoint->__construct()
 2 SYSTEMPATH\CodeIgniter.php(490): CodeIgniter\CodeIgniter->createController()
 3 SYSTEMPATH\CodeIgniter.php(368): CodeIgniter\CodeIgniter->handleRequest(null, Object(Config\Cache), false)
 4 FCPATH\index.php(67): CodeIgniter\CodeIgniter->run()
 5 SYSTEMPATH\Commands\Server\rewrite.php(47): require_once('C:\\Users\\rimuru\\Development\\web-komisioning\\public\\index.php')
WARNING - 2023-04-06 10:06:21 --> [DEPRECATED] Creation of dynamic property App\Controllers\Keypoint::$picmaster is deprecated in APPPATH\Controllers\Keypoint.php on line 22.
 1 SYSTEMPATH\CodeIgniter.php(906): App\Controllers\Keypoint->__construct()
 2 SYSTEMPATH\CodeIgniter.php(490): CodeIgniter\CodeIgniter->createController()
 3 SYSTEMPATH\CodeIgniter.php(368): CodeIgniter\CodeIgniter->handleRequest(null, Object(Config\Cache), false)
 4 FCPATH\index.php(67): CodeIgniter\CodeIgniter->run()
 5 SYSTEMPATH\Commands\Server\rewrite.php(47): require_once('C:\\Users\\rimuru\\Development\\web-komisioning\\public\\index.php')
WARNING - 2023-04-06 10:06:21 --> [DEPRECATED] Creation of dynamic property App\Controllers\Keypoint::$medkom is deprecated in APPPATH\Controllers\Keypoint.php on line 23.
 1 SYSTEMPATH\CodeIgniter.php(906): App\Controllers\Keypoint->__construct()
 2 SYSTEMPATH\CodeIgniter.php(490): CodeIgniter\CodeIgniter->createController()
 3 SYSTEMPATH\CodeIgniter.php(368): CodeIgniter\CodeIgniter->handleRequest(null, Object(Config\Cache), false)
 4 FCPATH\index.php(67): CodeIgniter\CodeIgniter->run()
 5 SYSTEMPATH\Commands\Server\rewrite.php(47): require_once('C:\\Users\\rimuru\\Development\\web-komisioning\\public\\index.php')
WARNING - 2023-04-06 10:06:21 --> [DEPRECATED] Creation of dynamic property App\Controllers\Keypoint::$merklbs is deprecated in APPPATH\Controllers\Keypoint.php on line 24.
 1 SYSTEMPATH\CodeIgniter.php(906): App\Controllers\Keypoint->__construct()
 2 SYSTEMPATH\CodeIgniter.php(490): CodeIgniter\CodeIgniter->createController()
 3 SYSTEMPATH\CodeIgniter.php(368): CodeIgniter\CodeIgniter->handleRequest(null, Object(Config\Cache), false)
 4 FCPATH\index.php(67): CodeIgniter\CodeIgniter->run()
 5 SYSTEMPATH\Commands\Server\rewrite.php(47): require_once('C:\\Users\\rimuru\\Development\\web-komisioning\\public\\index.php')
WARNING - 2023-04-06 10:06:21 --> [DEPRECATED] Creation of dynamic property App\Controllers\Keypoint::$garduinduk is deprecated in APPPATH\Controllers\Keypoint.php on line 25.
 1 SYSTEMPATH\CodeIgniter.php(906): App\Controllers\Keypoint->__construct()
 2 SYSTEMPATH\CodeIgniter.php(490): CodeIgniter\CodeIgniter->createController()
 3 SYSTEMPATH\CodeIgniter.php(368): CodeIgniter\CodeIgniter->handleRequest(null, Object(Config\Cache), false)
 4 FCPATH\index.php(67): CodeIgniter\CodeIgniter->run()
 5 SYSTEMPATH\Commands\Server\rewrite.php(47): require_once('C:\\Users\\rimuru\\Development\\web-komisioning\\public\\index.php')
WARNING - 2023-04-06 10:06:21 --> [DEPRECATED] Creation of dynamic property App\Controllers\Keypoint::$modem is deprecated in APPPATH\Controllers\Keypoint.php on line 26.
 1 SYSTEMPATH\CodeIgniter.php(906): App\Controllers\Keypoint->__construct()
 2 SYSTEMPATH\CodeIgniter.php(490): CodeIgniter\CodeIgniter->createController()
 3 SYSTEMPATH\CodeIgniter.php(368): CodeIgniter\CodeIgniter->handleRequest(null, Object(Config\Cache), false)
 4 FCPATH\index.php(67): CodeIgniter\CodeIgniter->run()
 5 SYSTEMPATH\Commands\Server\rewrite.php(47): require_once('C:\\Users\\rimuru\\Development\\web-komisioning\\public\\index.php')
WARNING - 2023-04-06 10:06:21 --> [DEPRECATED] Creation of dynamic property App\Controllers\Keypoint::$sectoral is deprecated in APPPATH\Controllers\Keypoint.php on line 27.
 1 SYSTEMPATH\CodeIgniter.php(906): App\Controllers\Keypoint->__construct()
 2 SYSTEMPATH\CodeIgniter.php(490): CodeIgniter\CodeIgniter->createController()
 3 SYSTEMPATH\CodeIgniter.php(368): CodeIgniter\CodeIgniter->handleRequest(null, Object(Config\Cache), false)
 4 FCPATH\index.php(67): CodeIgniter\CodeIgniter->run()
 5 SYSTEMPATH\Commands\Server\rewrite.php(47): require_once('C:\\Users\\rimuru\\Development\\web-komisioning\\public\\index.php')
WARNING - 2023-04-06 10:06:21 --> [DEPRECATED] Creation of dynamic property App\Controllers\Keypoint::$admin is deprecated in APPPATH\Controllers\Keypoint.php on line 28.
 1 SYSTEMPATH\CodeIgniter.php(906): App\Controllers\Keypoint->__construct()
 2 SYSTEMPATH\CodeIgniter.php(490): CodeIgniter\CodeIgniter->createController()
 3 SYSTEMPATH\CodeIgniter.php(368): CodeIgniter\CodeIgniter->handleRequest(null, Object(Config\Cache), false)
 4 FCPATH\index.php(67): CodeIgniter\CodeIgniter->run()
 5 SYSTEMPATH\Commands\Server\rewrite.php(47): require_once('C:\\Users\\rimuru\\Development\\web-komisioning\\public\\index.php')
WARNING - 2023-04-06 10:06:25 --> [DEPRECATED] Creation of dynamic property App\Controllers\ExportExcel::$absensi is deprecated in APPPATH\Controllers\ExportExcel.php on line 17.
 1 SYSTEMPATH\CodeIgniter.php(906): App\Controllers\ExportExcel->__construct()
 2 SYSTEMPATH\CodeIgniter.php(490): CodeIgniter\CodeIgniter->createController()
 3 SYSTEMPATH\CodeIgniter.php(368): CodeIgniter\CodeIgniter->handleRequest(null, Object(Config\Cache), false)
 4 FCPATH\index.php(67): CodeIgniter\CodeIgniter->run()
 5 SYSTEMPATH\Commands\Server\rewrite.php(47): require_once('C:\\Users\\rimuru\\Development\\web-komisioning\\public\\index.php')
WARNING - 2023-04-06 10:06:25 --> [DEPRECATED] Creation of dynamic property App\Controllers\ExportExcel::$masuk is deprecated in APPPATH\Controllers\ExportExcel.php on line 18.
 1 SYSTEMPATH\CodeIgniter.php(906): App\Controllers\ExportExcel->__construct()
 2 SYSTEMPATH\CodeIgniter.php(490): CodeIgniter\CodeIgniter->createController()
 3 SYSTEMPATH\CodeIgniter.php(368): CodeIgniter\CodeIgniter->handleRequest(null, Object(Config\Cache), false)
 4 FCPATH\index.php(67): CodeIgniter\CodeIgniter->run()
 5 SYSTEMPATH\Commands\Server\rewrite.php(47): require_once('C:\\Users\\rimuru\\Development\\web-komisioning\\public\\index.php')
WARNING - 2023-04-06 10:06:25 --> [DEPRECATED] Creation of dynamic property App\Controllers\ExportExcel::$formkp is deprecated in APPPATH\Controllers\ExportExcel.php on line 19.
 1 SYSTEMPATH\CodeIgniter.php(906): App\Controllers\ExportExcel->__construct()
 2 SYSTEMPATH\CodeIgniter.php(490): CodeIgniter\CodeIgniter->createController()
 3 SYSTEMPATH\CodeIgniter.php(368): CodeIgniter\CodeIgniter->handleRequest(null, Object(Config\Cache), false)
 4 FCPATH\index.php(67): CodeIgniter\CodeIgniter->run()
 5 SYSTEMPATH\Commands\Server\rewrite.php(47): require_once('C:\\Users\\rimuru\\Development\\web-komisioning\\public\\index.php')
