INFO - 2023-05-13 06:49:33 --> REDIRECTED ROUTE at /dashboard
INFO - 2023-05-13 06:49:33 --> Session: Class initialized using 'CodeIgniter\Session\Handlers\FileHandler' driver.
WARNING - 2023-05-13 06:49:34 --> [DEPRECATED] Creation of dynamic property App\Controllers\Auth::$admin is deprecated in APPPATH\Controllers\Auth.php on line 12.
 1 SYSTEMPATH\CodeIgniter.php(906): App\Controllers\Auth->__construct()
 2 SYSTEMPATH\CodeIgniter.php(490): CodeIgniter\CodeIgniter->createController()
 3 SYSTEMPATH\CodeIgniter.php(368): CodeIgniter\CodeIgniter->handleRequest(null, Object(Config\Cache), false)
 4 FCPATH\index.php(67): CodeIgniter\CodeIgniter->run()
 5 SYSTEMPATH\Commands\Server\rewrite.php(47): require_once('C:\\Users\\rimuru\\Development\\web-komisioning\\public\\index.php')
INFO - 2023-05-13 06:49:34 --> Session: Class initialized using 'CodeIgniter\Session\Handlers\FileHandler' driver.
WARNING - 2023-05-13 06:49:41 --> [DEPRECATED] Creation of dynamic property App\Controllers\Auth::$admin is deprecated in APPPATH\Controllers\Auth.php on line 12.
 1 SYSTEMPATH\CodeIgniter.php(906): App\Controllers\Auth->__construct()
 2 SYSTEMPATH\CodeIgniter.php(490): CodeIgniter\CodeIgniter->createController()
 3 SYSTEMPATH\CodeIgniter.php(368): CodeIgniter\CodeIgniter->handleRequest(null, Object(Config\Cache), false)
 4 FCPATH\index.php(67): CodeIgniter\CodeIgniter->run()
 5 SYSTEMPATH\Commands\Server\rewrite.php(47): require_once('C:\\Users\\rimuru\\Development\\web-komisioning\\public\\index.php')
INFO - 2023-05-13 06:49:41 --> Session: Class initialized using 'CodeIgniter\Session\Handlers\FileHandler' driver.
INFO - 2023-05-13 06:49:41 --> Session: Class initialized using 'CodeIgniter\Session\Handlers\FileHandler' driver.
INFO - 2023-05-13 10:23:00 --> Session: Class initialized using 'CodeIgniter\Session\Handlers\FileHandler' driver.
WARNING - 2023-05-13 10:23:00 --> [DEPRECATED] Creation of dynamic property App\Controllers\Auth::$admin is deprecated in APPPATH\Controllers\Auth.php on line 12.
 1 SYSTEMPATH\CodeIgniter.php(906): App\Controllers\Auth->__construct()
 2 SYSTEMPATH\CodeIgniter.php(490): CodeIgniter\CodeIgniter->createController()
 3 SYSTEMPATH\CodeIgniter.php(368): CodeIgniter\CodeIgniter->handleRequest(null, Object(Config\Cache), false)
 4 FCPATH\index.php(67): CodeIgniter\CodeIgniter->run()
 5 SYSTEMPATH\Commands\Server\rewrite.php(47): require_once('C:\\Users\\rimuru\\Development\\web-komisioning\\public\\index.php')
INFO - 2023-05-13 10:23:01 --> Session: Class initialized using 'CodeIgniter\Session\Handlers\FileHandler' driver.
WARNING - 2023-05-13 10:24:48 --> [DEPRECATED] Creation of dynamic property App\Controllers\Auth::$admin is deprecated in APPPATH\Controllers\Auth.php on line 12.
 1 SYSTEMPATH\CodeIgniter.php(906): App\Controllers\Auth->__construct()
 2 SYSTEMPATH\CodeIgniter.php(490): CodeIgniter\CodeIgniter->createController()
 3 SYSTEMPATH\CodeIgniter.php(368): CodeIgniter\CodeIgniter->handleRequest(null, Object(Config\Cache), false)
 4 FCPATH\index.php(67): CodeIgniter\CodeIgniter->run()
 5 SYSTEMPATH\Commands\Server\rewrite.php(47): require_once('C:\\Users\\rimuru\\Development\\web-komisioning\\public\\index.php')
INFO - 2023-05-13 10:24:49 --> Session: Class initialized using 'CodeIgniter\Session\Handlers\FileHandler' driver.
INFO - 2023-05-13 10:24:49 --> Session: Class initialized using 'CodeIgniter\Session\Handlers\FileHandler' driver.
INFO - 2023-05-13 10:27:47 --> Session: Class initialized using 'CodeIgniter\Session\Handlers\FileHandler' driver.
INFO - 2023-05-13 10:28:32 --> Session: Class initialized using 'CodeIgniter\Session\Handlers\FileHandler' driver.
INFO - 2023-05-13 10:29:18 --> Session: Class initialized using 'CodeIgniter\Session\Handlers\FileHandler' driver.
INFO - 2023-05-13 10:32:34 --> Session: Class initialized using 'CodeIgniter\Session\Handlers\FileHandler' driver.
INFO - 2023-05-13 10:37:33 --> Session: Class initialized using 'CodeIgniter\Session\Handlers\FileHandler' driver.
INFO - 2023-05-13 10:38:42 --> Session: Class initialized using 'CodeIgniter\Session\Handlers\FileHandler' driver.
INFO - 2023-05-13 10:40:08 --> Session: Class initialized using 'CodeIgniter\Session\Handlers\FileHandler' driver.
INFO - 2023-05-13 10:40:59 --> Session: Class initialized using 'CodeIgniter\Session\Handlers\FileHandler' driver.
INFO - 2023-05-13 10:41:30 --> Session: Class initialized using 'CodeIgniter\Session\Handlers\FileHandler' driver.
INFO - 2023-05-13 10:42:04 --> Session: Class initialized using 'CodeIgniter\Session\Handlers\FileHandler' driver.
INFO - 2023-05-13 10:42:44 --> Session: Class initialized using 'CodeIgniter\Session\Handlers\FileHandler' driver.
INFO - 2023-05-13 10:44:10 --> Session: Class initialized using 'CodeIgniter\Session\Handlers\FileHandler' driver.
INFO - 2023-05-13 10:45:34 --> Session: Class initialized using 'CodeIgniter\Session\Handlers\FileHandler' driver.
INFO - 2023-05-13 10:45:53 --> Session: Class initialized using 'CodeIgniter\Session\Handlers\FileHandler' driver.
INFO - 2023-05-13 10:46:16 --> Session: Class initialized using 'CodeIgniter\Session\Handlers\FileHandler' driver.
INFO - 2023-05-13 10:48:23 --> Session: Class initialized using 'CodeIgniter\Session\Handlers\FileHandler' driver.
INFO - 2023-05-13 10:50:36 --> Session: Class initialized using 'CodeIgniter\Session\Handlers\FileHandler' driver.
INFO - 2023-05-13 10:50:55 --> Session: Class initialized using 'CodeIgniter\Session\Handlers\FileHandler' driver.
INFO - 2023-05-13 10:55:11 --> Session: Class initialized using 'CodeIgniter\Session\Handlers\FileHandler' driver.
INFO - 2023-05-13 10:55:29 --> Session: Class initialized using 'CodeIgniter\Session\Handlers\FileHandler' driver.
INFO - 2023-05-13 10:56:13 --> Session: Class initialized using 'CodeIgniter\Session\Handlers\FileHandler' driver.
INFO - 2023-05-13 10:56:30 --> Session: Class initialized using 'CodeIgniter\Session\Handlers\FileHandler' driver.
INFO - 2023-05-13 10:56:45 --> Session: Class initialized using 'CodeIgniter\Session\Handlers\FileHandler' driver.
INFO - 2023-05-13 10:57:11 --> Session: Class initialized using 'CodeIgniter\Session\Handlers\FileHandler' driver.
INFO - 2023-05-13 10:57:28 --> Session: Class initialized using 'CodeIgniter\Session\Handlers\FileHandler' driver.
INFO - 2023-05-13 10:57:40 --> Session: Class initialized using 'CodeIgniter\Session\Handlers\FileHandler' driver.
INFO - 2023-05-13 10:58:17 --> Session: Class initialized using 'CodeIgniter\Session\Handlers\FileHandler' driver.
INFO - 2023-05-13 10:58:48 --> Session: Class initialized using 'CodeIgniter\Session\Handlers\FileHandler' driver.
INFO - 2023-05-13 11:00:05 --> Session: Class initialized using 'CodeIgniter\Session\Handlers\FileHandler' driver.
INFO - 2023-05-13 11:00:45 --> Session: Class initialized using 'CodeIgniter\Session\Handlers\FileHandler' driver.
INFO - 2023-05-13 11:02:11 --> Session: Class initialized using 'CodeIgniter\Session\Handlers\FileHandler' driver.
INFO - 2023-05-13 11:05:32 --> Session: Class initialized using 'CodeIgniter\Session\Handlers\FileHandler' driver.
INFO - 2023-05-13 11:06:40 --> Session: Class initialized using 'CodeIgniter\Session\Handlers\FileHandler' driver.
INFO - 2023-05-13 11:07:31 --> Session: Class initialized using 'CodeIgniter\Session\Handlers\FileHandler' driver.
INFO - 2023-05-13 11:07:57 --> Session: Class initialized using 'CodeIgniter\Session\Handlers\FileHandler' driver.
INFO - 2023-05-13 11:08:21 --> Session: Class initialized using 'CodeIgniter\Session\Handlers\FileHandler' driver.
INFO - 2023-05-13 11:09:28 --> Session: Class initialized using 'CodeIgniter\Session\Handlers\FileHandler' driver.
INFO - 2023-05-13 11:16:37 --> Session: Class initialized using 'CodeIgniter\Session\Handlers\FileHandler' driver.
INFO - 2023-05-13 11:17:36 --> Session: Class initialized using 'CodeIgniter\Session\Handlers\FileHandler' driver.
INFO - 2023-05-13 11:18:41 --> Session: Class initialized using 'CodeIgniter\Session\Handlers\FileHandler' driver.
INFO - 2023-05-13 11:19:21 --> Session: Class initialized using 'CodeIgniter\Session\Handlers\FileHandler' driver.
INFO - 2023-05-13 11:20:17 --> Session: Class initialized using 'CodeIgniter\Session\Handlers\FileHandler' driver.
INFO - 2023-05-13 11:26:00 --> Session: Class initialized using 'CodeIgniter\Session\Handlers\FileHandler' driver.
INFO - 2023-05-13 11:27:16 --> Session: Class initialized using 'CodeIgniter\Session\Handlers\FileHandler' driver.
INFO - 2023-05-13 11:28:27 --> Session: Class initialized using 'CodeIgniter\Session\Handlers\FileHandler' driver.
INFO - 2023-05-13 11:28:47 --> Session: Class initialized using 'CodeIgniter\Session\Handlers\FileHandler' driver.
INFO - 2023-05-13 11:29:51 --> Session: Class initialized using 'CodeIgniter\Session\Handlers\FileHandler' driver.
WARNING - 2023-05-13 11:29:51 --> [DEPRECATED] Creation of dynamic property App\Controllers\Sectoral::$sectoral is deprecated in APPPATH\Controllers\Sectoral.php on line 12.
 1 SYSTEMPATH\CodeIgniter.php(906): App\Controllers\Sectoral->__construct()
 2 SYSTEMPATH\CodeIgniter.php(490): CodeIgniter\CodeIgniter->createController()
 3 SYSTEMPATH\CodeIgniter.php(368): CodeIgniter\CodeIgniter->handleRequest(null, Object(Config\Cache), false)
 4 FCPATH\index.php(67): CodeIgniter\CodeIgniter->run()
 5 SYSTEMPATH\Commands\Server\rewrite.php(47): require_once('C:\\Users\\rimuru\\Development\\web-komisioning\\public\\index.php')
INFO - 2023-05-13 11:31:03 --> Session: Class initialized using 'CodeIgniter\Session\Handlers\FileHandler' driver.
INFO - 2023-05-13 11:53:05 --> Session: Class initialized using 'CodeIgniter\Session\Handlers\FileHandler' driver.
CRITICAL - 2023-05-13 11:53:05 --> Array to string conversion
in SYSTEMPATH\Database\BaseBuilder.php on line 1147.
 1 SYSTEMPATH\Database\BaseBuilder.php(1147): CodeIgniter\Debug\Exceptions->errorHandler()
 2 SYSTEMPATH\Database\BaseBuilder.php(986): CodeIgniter\Database\BaseBuilder->_like()
 3 APPPATH\Helpers\custom_helper.php(30): CodeIgniter\Database\BaseBuilder->like()
 4 APPPATH\Views\dashboard\index.php(240): countKeypointDCCMetropolis()
 5 SYSTEMPATH\View\View.php(213): include('C:\\Users\\rimuru\\Development\\web-komisioning\\app\\Views\\dashboard\\index.php')
 6 SYSTEMPATH\View\View.php(216): CodeIgniter\View\View->CodeIgniter\View\{closure}()
 7 SYSTEMPATH\Common.php(1184): CodeIgniter\View\View->render()
 8 APPPATH\Controllers\Dashboard.php(9): view()
 9 SYSTEMPATH\CodeIgniter.php(934): App\Controllers\Dashboard->index()
10 SYSTEMPATH\CodeIgniter.php(499): CodeIgniter\CodeIgniter->runController()
11 SYSTEMPATH\CodeIgniter.php(368): CodeIgniter\CodeIgniter->handleRequest()
12 FCPATH\index.php(67): CodeIgniter\CodeIgniter->run()
13 SYSTEMPATH\Commands\Server\rewrite.php(47): require_once('C:\\Users\\rimuru\\Development\\web-komisioning\\public\\index.php')
INFO - 2023-05-13 11:54:50 --> Session: Class initialized using 'CodeIgniter\Session\Handlers\FileHandler' driver.
INFO - 2023-05-13 11:55:58 --> Session: Class initialized using 'CodeIgniter\Session\Handlers\FileHandler' driver.
INFO - 2023-05-13 11:56:08 --> Session: Class initialized using 'CodeIgniter\Session\Handlers\FileHandler' driver.
INFO - 2023-05-13 13:59:19 --> Session: Class initialized using 'CodeIgniter\Session\Handlers\FileHandler' driver.
WARNING - 2023-05-13 13:59:20 --> [DEPRECATED] Creation of dynamic property App\Controllers\Auth::$admin is deprecated in APPPATH\Controllers\Auth.php on line 12.
 1 SYSTEMPATH\CodeIgniter.php(906): App\Controllers\Auth->__construct()
 2 SYSTEMPATH\CodeIgniter.php(490): CodeIgniter\CodeIgniter->createController()
 3 SYSTEMPATH\CodeIgniter.php(368): CodeIgniter\CodeIgniter->handleRequest(null, Object(Config\Cache), false)
 4 FCPATH\index.php(67): CodeIgniter\CodeIgniter->run()
 5 SYSTEMPATH\Commands\Server\rewrite.php(47): require_once('C:\\Users\\rimuru\\Development\\web-komisioning\\public\\index.php')
INFO - 2023-05-13 13:59:20 --> Session: Class initialized using 'CodeIgniter\Session\Handlers\FileHandler' driver.
WARNING - 2023-05-13 13:59:26 --> [DEPRECATED] Creation of dynamic property App\Controllers\Auth::$admin is deprecated in APPPATH\Controllers\Auth.php on line 12.
 1 SYSTEMPATH\CodeIgniter.php(906): App\Controllers\Auth->__construct()
 2 SYSTEMPATH\CodeIgniter.php(490): CodeIgniter\CodeIgniter->createController()
 3 SYSTEMPATH\CodeIgniter.php(368): CodeIgniter\CodeIgniter->handleRequest(null, Object(Config\Cache), false)
 4 FCPATH\index.php(67): CodeIgniter\CodeIgniter->run()
 5 SYSTEMPATH\Commands\Server\rewrite.php(47): require_once('C:\\Users\\rimuru\\Development\\web-komisioning\\public\\index.php')
INFO - 2023-05-13 13:59:26 --> Session: Class initialized using 'CodeIgniter\Session\Handlers\FileHandler' driver.
INFO - 2023-05-13 13:59:26 --> Session: Class initialized using 'CodeIgniter\Session\Handlers\FileHandler' driver.
INFO - 2023-05-13 14:03:05 --> Session: Class initialized using 'CodeIgniter\Session\Handlers\FileHandler' driver.
ERROR - 2023-05-13 14:03:06 --> mysqli_sql_exception: You have an error in your SQL syntax; check the manual that corresponds to your MySQL server version for the right syntax to use near '= '2023-05-01'
AND   = '2023-05-31'' at line 10 in C:\Users\rimuru\Development\web-komisioning\vendor\codeigniter4\framework\system\Database\MySQLi\Connection.php:295
Stack trace:
#0 C:\Users\rimuru\Development\web-komisioning\vendor\codeigniter4\framework\system\Database\MySQLi\Connection.php(295): mysqli->query()
#1 C:\Users\rimuru\Development\web-komisioning\vendor\codeigniter4\framework\system\Database\BaseConnection.php(691): CodeIgniter\Database\MySQLi\Connection->execute()
#2 C:\Users\rimuru\Development\web-komisioning\vendor\codeigniter4\framework\system\Database\BaseConnection.php(605): CodeIgniter\Database\BaseConnection->simpleQuery()
#3 C:\Users\rimuru\Development\web-komisioning\vendor\codeigniter4\framework\system\Database\BaseBuilder.php(1700): CodeIgniter\Database\BaseConnection->query()
#4 C:\Users\rimuru\Development\web-komisioning\app\Helpers\custom_helper.php(37): CodeIgniter\Database\BaseBuilder->countAllResults()
#5 C:\Users\rimuru\Development\web-komisioning\app\Views\dashboard\index.php(240): countKDMMonthly()
#6 C:\Users\rimuru\Development\web-komisioning\vendor\codeigniter4\framework\system\View\View.php(213): include('...')
#7 C:\Users\rimuru\Development\web-komisioning\vendor\codeigniter4\framework\system\View\View.php(216): CodeIgniter\View\View->CodeIgniter\View\{closure}()
#8 C:\Users\rimuru\Development\web-komisioning\vendor\codeigniter4\framework\system\Common.php(1184): CodeIgniter\View\View->render()
#9 C:\Users\rimuru\Development\web-komisioning\app\Controllers\Dashboard.php(9): view()
#10 C:\Users\rimuru\Development\web-komisioning\vendor\codeigniter4\framework\system\CodeIgniter.php(934): App\Controllers\Dashboard->index()
#11 C:\Users\rimuru\Development\web-komisioning\vendor\codeigniter4\framework\system\CodeIgniter.php(499): CodeIgniter\CodeIgniter->runController()
#12 C:\Users\rimuru\Development\web-komisioning\vendor\codeigniter4\framework\system\CodeIgniter.php(368): CodeIgniter\CodeIgniter->handleRequest()
#13 C:\Users\rimuru\Development\web-komisioning\public\index.php(67): CodeIgniter\CodeIgniter->run()
#14 C:\Users\rimuru\Development\web-komisioning\vendor\codeigniter4\framework\system\Commands\Server\rewrite.php(47): require_once('...')
#15 {main}
CRITICAL - 2023-05-13 14:03:06 --> You have an error in your SQL syntax; check the manual that corresponds to your MySQL server version for the right syntax to use near '= '2023-05-01'
AND   = '2023-05-31'' at line 10
in SYSTEMPATH\Database\MySQLi\Connection.php on line 295.
 1 SYSTEMPATH\Database\MySQLi\Connection.php(295): mysqli->query()
 2 SYSTEMPATH\Database\BaseConnection.php(691): CodeIgniter\Database\MySQLi\Connection->execute()
 3 SYSTEMPATH\Database\BaseConnection.php(605): CodeIgniter\Database\BaseConnection->simpleQuery()
 4 SYSTEMPATH\Database\BaseBuilder.php(1700): CodeIgniter\Database\BaseConnection->query()
 5 APPPATH\Helpers\custom_helper.php(37): CodeIgniter\Database\BaseBuilder->countAllResults()
 6 APPPATH\Views\dashboard\index.php(240): countKDMMonthly()
 7 SYSTEMPATH\View\View.php(213): include('C:\\Users\\rimuru\\Development\\web-komisioning\\app\\Views\\dashboard\\index.php')
 8 SYSTEMPATH\View\View.php(216): CodeIgniter\View\View->CodeIgniter\View\{closure}()
 9 SYSTEMPATH\Common.php(1184): CodeIgniter\View\View->render()
10 APPPATH\Controllers\Dashboard.php(9): view()
11 SYSTEMPATH\CodeIgniter.php(934): App\Controllers\Dashboard->index()
12 SYSTEMPATH\CodeIgniter.php(499): CodeIgniter\CodeIgniter->runController()
13 SYSTEMPATH\CodeIgniter.php(368): CodeIgniter\CodeIgniter->handleRequest()
14 FCPATH\index.php(67): CodeIgniter\CodeIgniter->run()
15 SYSTEMPATH\Commands\Server\rewrite.php(47): require_once('C:\\Users\\rimuru\\Development\\web-komisioning\\public\\index.php')
INFO - 2023-05-13 14:03:52 --> Session: Class initialized using 'CodeIgniter\Session\Handlers\FileHandler' driver.
INFO - 2023-05-13 14:04:10 --> Session: Class initialized using 'CodeIgniter\Session\Handlers\FileHandler' driver.
INFO - 2023-05-13 14:04:36 --> Session: Class initialized using 'CodeIgniter\Session\Handlers\FileHandler' driver.
INFO - 2023-05-13 14:05:57 --> Session: Class initialized using 'CodeIgniter\Session\Handlers\FileHandler' driver.
INFO - 2023-05-13 14:06:27 --> Session: Class initialized using 'CodeIgniter\Session\Handlers\FileHandler' driver.
INFO - 2023-05-13 14:07:43 --> Session: Class initialized using 'CodeIgniter\Session\Handlers\FileHandler' driver.
INFO - 2023-05-13 14:09:17 --> Session: Class initialized using 'CodeIgniter\Session\Handlers\FileHandler' driver.
INFO - 2023-05-13 14:14:36 --> Session: Class initialized using 'CodeIgniter\Session\Handlers\FileHandler' driver.
INFO - 2023-05-13 14:19:56 --> Session: Class initialized using 'CodeIgniter\Session\Handlers\FileHandler' driver.
INFO - 2023-05-13 14:29:08 --> Session: Class initialized using 'CodeIgniter\Session\Handlers\FileHandler' driver.
INFO - 2023-05-13 14:31:42 --> Session: Class initialized using 'CodeIgniter\Session\Handlers\FileHandler' driver.
INFO - 2023-05-13 14:33:26 --> Session: Class initialized using 'CodeIgniter\Session\Handlers\FileHandler' driver.
INFO - 2023-05-13 14:34:57 --> Session: Class initialized using 'CodeIgniter\Session\Handlers\FileHandler' driver.
INFO - 2023-05-13 14:41:14 --> Session: Class initialized using 'CodeIgniter\Session\Handlers\FileHandler' driver.
INFO - 2023-05-13 14:42:10 --> Session: Class initialized using 'CodeIgniter\Session\Handlers\FileHandler' driver.
INFO - 2023-05-13 14:44:14 --> Session: Class initialized using 'CodeIgniter\Session\Handlers\FileHandler' driver.
INFO - 2023-05-13 14:47:41 --> Session: Class initialized using 'CodeIgniter\Session\Handlers\FileHandler' driver.
WARNING - 2023-05-13 14:47:41 --> [DEPRECATED] Creation of dynamic property App\Controllers\Penyulang::$formpeny is deprecated in APPPATH\Controllers\Penyulang.php on line 22.
 1 SYSTEMPATH\CodeIgniter.php(906): App\Controllers\Penyulang->__construct()
 2 SYSTEMPATH\CodeIgniter.php(490): CodeIgniter\CodeIgniter->createController()
 3 SYSTEMPATH\CodeIgniter.php(368): CodeIgniter\CodeIgniter->handleRequest(null, Object(Config\Cache), false)
 4 FCPATH\index.php(67): CodeIgniter\CodeIgniter->run()
 5 SYSTEMPATH\Commands\Server\rewrite.php(47): require_once('C:\\Users\\rimuru\\Development\\web-komisioning\\public\\index.php')
WARNING - 2023-05-13 14:47:41 --> [DEPRECATED] Creation of dynamic property App\Controllers\Penyulang::$komkp is deprecated in APPPATH\Controllers\Penyulang.php on line 23.
 1 SYSTEMPATH\CodeIgniter.php(906): App\Controllers\Penyulang->__construct()
 2 SYSTEMPATH\CodeIgniter.php(490): CodeIgniter\CodeIgniter->createController()
 3 SYSTEMPATH\CodeIgniter.php(368): CodeIgniter\CodeIgniter->handleRequest(null, Object(Config\Cache), false)
 4 FCPATH\index.php(67): CodeIgniter\CodeIgniter->run()
 5 SYSTEMPATH\Commands\Server\rewrite.php(47): require_once('C:\\Users\\rimuru\\Development\\web-komisioning\\public\\index.php')
WARNING - 2023-05-13 14:47:41 --> [DEPRECATED] Creation of dynamic property App\Controllers\Penyulang::$picmaster is deprecated in APPPATH\Controllers\Penyulang.php on line 24.
 1 SYSTEMPATH\CodeIgniter.php(906): App\Controllers\Penyulang->__construct()
 2 SYSTEMPATH\CodeIgniter.php(490): CodeIgniter\CodeIgniter->createController()
 3 SYSTEMPATH\CodeIgniter.php(368): CodeIgniter\CodeIgniter->handleRequest(null, Object(Config\Cache), false)
 4 FCPATH\index.php(67): CodeIgniter\CodeIgniter->run()
 5 SYSTEMPATH\Commands\Server\rewrite.php(47): require_once('C:\\Users\\rimuru\\Development\\web-komisioning\\public\\index.php')
WARNING - 2023-05-13 14:47:41 --> [DEPRECATED] Creation of dynamic property App\Controllers\Penyulang::$medkom is deprecated in APPPATH\Controllers\Penyulang.php on line 25.
 1 SYSTEMPATH\CodeIgniter.php(906): App\Controllers\Penyulang->__construct()
 2 SYSTEMPATH\CodeIgniter.php(490): CodeIgniter\CodeIgniter->createController()
 3 SYSTEMPATH\CodeIgniter.php(368): CodeIgniter\CodeIgniter->handleRequest(null, Object(Config\Cache), false)
 4 FCPATH\index.php(67): CodeIgniter\CodeIgniter->run()
 5 SYSTEMPATH\Commands\Server\rewrite.php(47): require_once('C:\\Users\\rimuru\\Development\\web-komisioning\\public\\index.php')
WARNING - 2023-05-13 14:47:41 --> [DEPRECATED] Creation of dynamic property App\Controllers\Penyulang::$garduinduk is deprecated in APPPATH\Controllers\Penyulang.php on line 26.
 1 SYSTEMPATH\CodeIgniter.php(906): App\Controllers\Penyulang->__construct()
 2 SYSTEMPATH\CodeIgniter.php(490): CodeIgniter\CodeIgniter->createController()
 3 SYSTEMPATH\CodeIgniter.php(368): CodeIgniter\CodeIgniter->handleRequest(null, Object(Config\Cache), false)
 4 FCPATH\index.php(67): CodeIgniter\CodeIgniter->run()
 5 SYSTEMPATH\Commands\Server\rewrite.php(47): require_once('C:\\Users\\rimuru\\Development\\web-komisioning\\public\\index.php')
WARNING - 2023-05-13 14:47:41 --> [DEPRECATED] Creation of dynamic property App\Controllers\Penyulang::$modem is deprecated in APPPATH\Controllers\Penyulang.php on line 27.
 1 SYSTEMPATH\CodeIgniter.php(906): App\Controllers\Penyulang->__construct()
 2 SYSTEMPATH\CodeIgniter.php(490): CodeIgniter\CodeIgniter->createController()
 3 SYSTEMPATH\CodeIgniter.php(368): CodeIgniter\CodeIgniter->handleRequest(null, Object(Config\Cache), false)
 4 FCPATH\index.php(67): CodeIgniter\CodeIgniter->run()
 5 SYSTEMPATH\Commands\Server\rewrite.php(47): require_once('C:\\Users\\rimuru\\Development\\web-komisioning\\public\\index.php')
WARNING - 2023-05-13 14:47:41 --> [DEPRECATED] Creation of dynamic property App\Controllers\Penyulang::$sectoral is deprecated in APPPATH\Controllers\Penyulang.php on line 28.
 1 SYSTEMPATH\CodeIgniter.php(906): App\Controllers\Penyulang->__construct()
 2 SYSTEMPATH\CodeIgniter.php(490): CodeIgniter\CodeIgniter->createController()
 3 SYSTEMPATH\CodeIgniter.php(368): CodeIgniter\CodeIgniter->handleRequest(null, Object(Config\Cache), false)
 4 FCPATH\index.php(67): CodeIgniter\CodeIgniter->run()
 5 SYSTEMPATH\Commands\Server\rewrite.php(47): require_once('C:\\Users\\rimuru\\Development\\web-komisioning\\public\\index.php')
WARNING - 2023-05-13 14:47:41 --> [DEPRECATED] Creation of dynamic property App\Controllers\Penyulang::$admin is deprecated in APPPATH\Controllers\Penyulang.php on line 29.
 1 SYSTEMPATH\CodeIgniter.php(906): App\Controllers\Penyulang->__construct()
 2 SYSTEMPATH\CodeIgniter.php(490): CodeIgniter\CodeIgniter->createController()
 3 SYSTEMPATH\CodeIgniter.php(368): CodeIgniter\CodeIgniter->handleRequest(null, Object(Config\Cache), false)
 4 FCPATH\index.php(67): CodeIgniter\CodeIgniter->run()
 5 SYSTEMPATH\Commands\Server\rewrite.php(47): require_once('C:\\Users\\rimuru\\Development\\web-komisioning\\public\\index.php')
WARNING - 2023-05-13 14:47:41 --> [DEPRECATED] Creation of dynamic property App\Controllers\Penyulang::$merkrtugi is deprecated in APPPATH\Controllers\Penyulang.php on line 30.
 1 SYSTEMPATH\CodeIgniter.php(906): App\Controllers\Penyulang->__construct()
 2 SYSTEMPATH\CodeIgniter.php(490): CodeIgniter\CodeIgniter->createController()
 3 SYSTEMPATH\CodeIgniter.php(368): CodeIgniter\CodeIgniter->handleRequest(null, Object(Config\Cache), false)
 4 FCPATH\index.php(67): CodeIgniter\CodeIgniter->run()
 5 SYSTEMPATH\Commands\Server\rewrite.php(47): require_once('C:\\Users\\rimuru\\Development\\web-komisioning\\public\\index.php')
INFO - 2023-05-13 14:48:01 --> Session: Class initialized using 'CodeIgniter\Session\Handlers\FileHandler' driver.
WARNING - 2023-05-13 14:48:01 --> [DEPRECATED] Creation of dynamic property App\Controllers\Penyulang::$formpeny is deprecated in APPPATH\Controllers\Penyulang.php on line 22.
 1 SYSTEMPATH\CodeIgniter.php(906): App\Controllers\Penyulang->__construct()
 2 SYSTEMPATH\CodeIgniter.php(490): CodeIgniter\CodeIgniter->createController()
 3 SYSTEMPATH\CodeIgniter.php(368): CodeIgniter\CodeIgniter->handleRequest(null, Object(Config\Cache), false)
 4 FCPATH\index.php(67): CodeIgniter\CodeIgniter->run()
 5 SYSTEMPATH\Commands\Server\rewrite.php(47): require_once('C:\\Users\\rimuru\\Development\\web-komisioning\\public\\index.php')
WARNING - 2023-05-13 14:48:01 --> [DEPRECATED] Creation of dynamic property App\Controllers\Penyulang::$komkp is deprecated in APPPATH\Controllers\Penyulang.php on line 23.
 1 SYSTEMPATH\CodeIgniter.php(906): App\Controllers\Penyulang->__construct()
 2 SYSTEMPATH\CodeIgniter.php(490): CodeIgniter\CodeIgniter->createController()
 3 SYSTEMPATH\CodeIgniter.php(368): CodeIgniter\CodeIgniter->handleRequest(null, Object(Config\Cache), false)
 4 FCPATH\index.php(67): CodeIgniter\CodeIgniter->run()
 5 SYSTEMPATH\Commands\Server\rewrite.php(47): require_once('C:\\Users\\rimuru\\Development\\web-komisioning\\public\\index.php')
WARNING - 2023-05-13 14:48:01 --> [DEPRECATED] Creation of dynamic property App\Controllers\Penyulang::$picmaster is deprecated in APPPATH\Controllers\Penyulang.php on line 24.
 1 SYSTEMPATH\CodeIgniter.php(906): App\Controllers\Penyulang->__construct()
 2 SYSTEMPATH\CodeIgniter.php(490): CodeIgniter\CodeIgniter->createController()
 3 SYSTEMPATH\CodeIgniter.php(368): CodeIgniter\CodeIgniter->handleRequest(null, Object(Config\Cache), false)
 4 FCPATH\index.php(67): CodeIgniter\CodeIgniter->run()
 5 SYSTEMPATH\Commands\Server\rewrite.php(47): require_once('C:\\Users\\rimuru\\Development\\web-komisioning\\public\\index.php')
WARNING - 2023-05-13 14:48:01 --> [DEPRECATED] Creation of dynamic property App\Controllers\Penyulang::$medkom is deprecated in APPPATH\Controllers\Penyulang.php on line 25.
 1 SYSTEMPATH\CodeIgniter.php(906): App\Controllers\Penyulang->__construct()
 2 SYSTEMPATH\CodeIgniter.php(490): CodeIgniter\CodeIgniter->createController()
 3 SYSTEMPATH\CodeIgniter.php(368): CodeIgniter\CodeIgniter->handleRequest(null, Object(Config\Cache), false)
 4 FCPATH\index.php(67): CodeIgniter\CodeIgniter->run()
 5 SYSTEMPATH\Commands\Server\rewrite.php(47): require_once('C:\\Users\\rimuru\\Development\\web-komisioning\\public\\index.php')
WARNING - 2023-05-13 14:48:01 --> [DEPRECATED] Creation of dynamic property App\Controllers\Penyulang::$garduinduk is deprecated in APPPATH\Controllers\Penyulang.php on line 26.
 1 SYSTEMPATH\CodeIgniter.php(906): App\Controllers\Penyulang->__construct()
 2 SYSTEMPATH\CodeIgniter.php(490): CodeIgniter\CodeIgniter->createController()
 3 SYSTEMPATH\CodeIgniter.php(368): CodeIgniter\CodeIgniter->handleRequest(null, Object(Config\Cache), false)
 4 FCPATH\index.php(67): CodeIgniter\CodeIgniter->run()
 5 SYSTEMPATH\Commands\Server\rewrite.php(47): require_once('C:\\Users\\rimuru\\Development\\web-komisioning\\public\\index.php')
WARNING - 2023-05-13 14:48:01 --> [DEPRECATED] Creation of dynamic property App\Controllers\Penyulang::$modem is deprecated in APPPATH\Controllers\Penyulang.php on line 27.
 1 SYSTEMPATH\CodeIgniter.php(906): App\Controllers\Penyulang->__construct()
 2 SYSTEMPATH\CodeIgniter.php(490): CodeIgniter\CodeIgniter->createController()
 3 SYSTEMPATH\CodeIgniter.php(368): CodeIgniter\CodeIgniter->handleRequest(null, Object(Config\Cache), false)
 4 FCPATH\index.php(67): CodeIgniter\CodeIgniter->run()
 5 SYSTEMPATH\Commands\Server\rewrite.php(47): require_once('C:\\Users\\rimuru\\Development\\web-komisioning\\public\\index.php')
WARNING - 2023-05-13 14:48:01 --> [DEPRECATED] Creation of dynamic property App\Controllers\Penyulang::$sectoral is deprecated in APPPATH\Controllers\Penyulang.php on line 28.
 1 SYSTEMPATH\CodeIgniter.php(906): App\Controllers\Penyulang->__construct()
 2 SYSTEMPATH\CodeIgniter.php(490): CodeIgniter\CodeIgniter->createController()
 3 SYSTEMPATH\CodeIgniter.php(368): CodeIgniter\CodeIgniter->handleRequest(null, Object(Config\Cache), false)
 4 FCPATH\index.php(67): CodeIgniter\CodeIgniter->run()
 5 SYSTEMPATH\Commands\Server\rewrite.php(47): require_once('C:\\Users\\rimuru\\Development\\web-komisioning\\public\\index.php')
WARNING - 2023-05-13 14:48:01 --> [DEPRECATED] Creation of dynamic property App\Controllers\Penyulang::$admin is deprecated in APPPATH\Controllers\Penyulang.php on line 29.
 1 SYSTEMPATH\CodeIgniter.php(906): App\Controllers\Penyulang->__construct()
 2 SYSTEMPATH\CodeIgniter.php(490): CodeIgniter\CodeIgniter->createController()
 3 SYSTEMPATH\CodeIgniter.php(368): CodeIgniter\CodeIgniter->handleRequest(null, Object(Config\Cache), false)
 4 FCPATH\index.php(67): CodeIgniter\CodeIgniter->run()
 5 SYSTEMPATH\Commands\Server\rewrite.php(47): require_once('C:\\Users\\rimuru\\Development\\web-komisioning\\public\\index.php')
WARNING - 2023-05-13 14:48:01 --> [DEPRECATED] Creation of dynamic property App\Controllers\Penyulang::$merkrtugi is deprecated in APPPATH\Controllers\Penyulang.php on line 30.
 1 SYSTEMPATH\CodeIgniter.php(906): App\Controllers\Penyulang->__construct()
 2 SYSTEMPATH\CodeIgniter.php(490): CodeIgniter\CodeIgniter->createController()
 3 SYSTEMPATH\CodeIgniter.php(368): CodeIgniter\CodeIgniter->handleRequest(null, Object(Config\Cache), false)
 4 FCPATH\index.php(67): CodeIgniter\CodeIgniter->run()
 5 SYSTEMPATH\Commands\Server\rewrite.php(47): require_once('C:\\Users\\rimuru\\Development\\web-komisioning\\public\\index.php')
INFO - 2023-05-13 14:49:10 --> Session: Class initialized using 'CodeIgniter\Session\Handlers\FileHandler' driver.
WARNING - 2023-05-13 14:49:10 --> [DEPRECATED] Creation of dynamic property App\Controllers\Keypoint::$formkp is deprecated in APPPATH\Controllers\Keypoint.php on line 20.
 1 SYSTEMPATH\CodeIgniter.php(906): App\Controllers\Keypoint->__construct()
 2 SYSTEMPATH\CodeIgniter.php(490): CodeIgniter\CodeIgniter->createController()
 3 SYSTEMPATH\CodeIgniter.php(368): CodeIgniter\CodeIgniter->handleRequest(null, Object(Config\Cache), false)
 4 FCPATH\index.php(67): CodeIgniter\CodeIgniter->run()
 5 SYSTEMPATH\Commands\Server\rewrite.php(47): require_once('C:\\Users\\rimuru\\Development\\web-komisioning\\public\\index.php')
WARNING - 2023-05-13 14:49:10 --> [DEPRECATED] Creation of dynamic property App\Controllers\Keypoint::$komkp is deprecated in APPPATH\Controllers\Keypoint.php on line 21.
 1 SYSTEMPATH\CodeIgniter.php(906): App\Controllers\Keypoint->__construct()
 2 SYSTEMPATH\CodeIgniter.php(490): CodeIgniter\CodeIgniter->createController()
 3 SYSTEMPATH\CodeIgniter.php(368): CodeIgniter\CodeIgniter->handleRequest(null, Object(Config\Cache), false)
 4 FCPATH\index.php(67): CodeIgniter\CodeIgniter->run()
 5 SYSTEMPATH\Commands\Server\rewrite.php(47): require_once('C:\\Users\\rimuru\\Development\\web-komisioning\\public\\index.php')
WARNING - 2023-05-13 14:49:10 --> [DEPRECATED] Creation of dynamic property App\Controllers\Keypoint::$picmaster is deprecated in APPPATH\Controllers\Keypoint.php on line 22.
 1 SYSTEMPATH\CodeIgniter.php(906): App\Controllers\Keypoint->__construct()
 2 SYSTEMPATH\CodeIgniter.php(490): CodeIgniter\CodeIgniter->createController()
 3 SYSTEMPATH\CodeIgniter.php(368): CodeIgniter\CodeIgniter->handleRequest(null, Object(Config\Cache), false)
 4 FCPATH\index.php(67): CodeIgniter\CodeIgniter->run()
 5 SYSTEMPATH\Commands\Server\rewrite.php(47): require_once('C:\\Users\\rimuru\\Development\\web-komisioning\\public\\index.php')
WARNING - 2023-05-13 14:49:10 --> [DEPRECATED] Creation of dynamic property App\Controllers\Keypoint::$medkom is deprecated in APPPATH\Controllers\Keypoint.php on line 23.
 1 SYSTEMPATH\CodeIgniter.php(906): App\Controllers\Keypoint->__construct()
 2 SYSTEMPATH\CodeIgniter.php(490): CodeIgniter\CodeIgniter->createController()
 3 SYSTEMPATH\CodeIgniter.php(368): CodeIgniter\CodeIgniter->handleRequest(null, Object(Config\Cache), false)
 4 FCPATH\index.php(67): CodeIgniter\CodeIgniter->run()
 5 SYSTEMPATH\Commands\Server\rewrite.php(47): require_once('C:\\Users\\rimuru\\Development\\web-komisioning\\public\\index.php')
WARNING - 2023-05-13 14:49:10 --> [DEPRECATED] Creation of dynamic property App\Controllers\Keypoint::$merklbs is deprecated in APPPATH\Controllers\Keypoint.php on line 24.
 1 SYSTEMPATH\CodeIgniter.php(906): App\Controllers\Keypoint->__construct()
 2 SYSTEMPATH\CodeIgniter.php(490): CodeIgniter\CodeIgniter->createController()
 3 SYSTEMPATH\CodeIgniter.php(368): CodeIgniter\CodeIgniter->handleRequest(null, Object(Config\Cache), false)
 4 FCPATH\index.php(67): CodeIgniter\CodeIgniter->run()
 5 SYSTEMPATH\Commands\Server\rewrite.php(47): require_once('C:\\Users\\rimuru\\Development\\web-komisioning\\public\\index.php')
WARNING - 2023-05-13 14:49:10 --> [DEPRECATED] Creation of dynamic property App\Controllers\Keypoint::$garduinduk is deprecated in APPPATH\Controllers\Keypoint.php on line 25.
 1 SYSTEMPATH\CodeIgniter.php(906): App\Controllers\Keypoint->__construct()
 2 SYSTEMPATH\CodeIgniter.php(490): CodeIgniter\CodeIgniter->createController()
 3 SYSTEMPATH\CodeIgniter.php(368): CodeIgniter\CodeIgniter->handleRequest(null, Object(Config\Cache), false)
 4 FCPATH\index.php(67): CodeIgniter\CodeIgniter->run()
 5 SYSTEMPATH\Commands\Server\rewrite.php(47): require_once('C:\\Users\\rimuru\\Development\\web-komisioning\\public\\index.php')
WARNING - 2023-05-13 14:49:10 --> [DEPRECATED] Creation of dynamic property App\Controllers\Keypoint::$modem is deprecated in APPPATH\Controllers\Keypoint.php on line 26.
 1 SYSTEMPATH\CodeIgniter.php(906): App\Controllers\Keypoint->__construct()
 2 SYSTEMPATH\CodeIgniter.php(490): CodeIgniter\CodeIgniter->createController()
 3 SYSTEMPATH\CodeIgniter.php(368): CodeIgniter\CodeIgniter->handleRequest(null, Object(Config\Cache), false)
 4 FCPATH\index.php(67): CodeIgniter\CodeIgniter->run()
 5 SYSTEMPATH\Commands\Server\rewrite.php(47): require_once('C:\\Users\\rimuru\\Development\\web-komisioning\\public\\index.php')
WARNING - 2023-05-13 14:49:10 --> [DEPRECATED] Creation of dynamic property App\Controllers\Keypoint::$sectoral is deprecated in APPPATH\Controllers\Keypoint.php on line 27.
 1 SYSTEMPATH\CodeIgniter.php(906): App\Controllers\Keypoint->__construct()
 2 SYSTEMPATH\CodeIgniter.php(490): CodeIgniter\CodeIgniter->createController()
 3 SYSTEMPATH\CodeIgniter.php(368): CodeIgniter\CodeIgniter->handleRequest(null, Object(Config\Cache), false)
 4 FCPATH\index.php(67): CodeIgniter\CodeIgniter->run()
 5 SYSTEMPATH\Commands\Server\rewrite.php(47): require_once('C:\\Users\\rimuru\\Development\\web-komisioning\\public\\index.php')
WARNING - 2023-05-13 14:49:10 --> [DEPRECATED] Creation of dynamic property App\Controllers\Keypoint::$admin is deprecated in APPPATH\Controllers\Keypoint.php on line 28.
 1 SYSTEMPATH\CodeIgniter.php(906): App\Controllers\Keypoint->__construct()
 2 SYSTEMPATH\CodeIgniter.php(490): CodeIgniter\CodeIgniter->createController()
 3 SYSTEMPATH\CodeIgniter.php(368): CodeIgniter\CodeIgniter->handleRequest(null, Object(Config\Cache), false)
 4 FCPATH\index.php(67): CodeIgniter\CodeIgniter->run()
 5 SYSTEMPATH\Commands\Server\rewrite.php(47): require_once('C:\\Users\\rimuru\\Development\\web-komisioning\\public\\index.php')
INFO - 2023-05-13 14:49:33 --> Session: Class initialized using 'CodeIgniter\Session\Handlers\FileHandler' driver.
WARNING - 2023-05-13 14:49:33 --> [DEPRECATED] Creation of dynamic property App\Controllers\Gardu_Induk::$gardu_induk is deprecated in APPPATH\Controllers\Gardu_Induk.php on line 12.
 1 SYSTEMPATH\CodeIgniter.php(906): App\Controllers\Gardu_Induk->__construct()
 2 SYSTEMPATH\CodeIgniter.php(490): CodeIgniter\CodeIgniter->createController()
 3 SYSTEMPATH\CodeIgniter.php(368): CodeIgniter\CodeIgniter->handleRequest(null, Object(Config\Cache), false)
 4 FCPATH\index.php(67): CodeIgniter\CodeIgniter->run()
 5 SYSTEMPATH\Commands\Server\rewrite.php(47): require_once('C:\\Users\\rimuru\\Development\\web-komisioning\\public\\index.php')
INFO - 2023-05-13 14:49:51 --> Session: Class initialized using 'CodeIgniter\Session\Handlers\FileHandler' driver.
WARNING - 2023-05-13 14:49:51 --> [DEPRECATED] Creation of dynamic property App\Controllers\Penyulang::$formpeny is deprecated in APPPATH\Controllers\Penyulang.php on line 22.
 1 SYSTEMPATH\CodeIgniter.php(906): App\Controllers\Penyulang->__construct()
 2 SYSTEMPATH\CodeIgniter.php(490): CodeIgniter\CodeIgniter->createController()
 3 SYSTEMPATH\CodeIgniter.php(368): CodeIgniter\CodeIgniter->handleRequest(null, Object(Config\Cache), false)
 4 FCPATH\index.php(67): CodeIgniter\CodeIgniter->run()
 5 SYSTEMPATH\Commands\Server\rewrite.php(47): require_once('C:\\Users\\rimuru\\Development\\web-komisioning\\public\\index.php')
WARNING - 2023-05-13 14:49:51 --> [DEPRECATED] Creation of dynamic property App\Controllers\Penyulang::$komkp is deprecated in APPPATH\Controllers\Penyulang.php on line 23.
 1 SYSTEMPATH\CodeIgniter.php(906): App\Controllers\Penyulang->__construct()
 2 SYSTEMPATH\CodeIgniter.php(490): CodeIgniter\CodeIgniter->createController()
 3 SYSTEMPATH\CodeIgniter.php(368): CodeIgniter\CodeIgniter->handleRequest(null, Object(Config\Cache), false)
 4 FCPATH\index.php(67): CodeIgniter\CodeIgniter->run()
 5 SYSTEMPATH\Commands\Server\rewrite.php(47): require_once('C:\\Users\\rimuru\\Development\\web-komisioning\\public\\index.php')
WARNING - 2023-05-13 14:49:51 --> [DEPRECATED] Creation of dynamic property App\Controllers\Penyulang::$picmaster is deprecated in APPPATH\Controllers\Penyulang.php on line 24.
 1 SYSTEMPATH\CodeIgniter.php(906): App\Controllers\Penyulang->__construct()
 2 SYSTEMPATH\CodeIgniter.php(490): CodeIgniter\CodeIgniter->createController()
 3 SYSTEMPATH\CodeIgniter.php(368): CodeIgniter\CodeIgniter->handleRequest(null, Object(Config\Cache), false)
 4 FCPATH\index.php(67): CodeIgniter\CodeIgniter->run()
 5 SYSTEMPATH\Commands\Server\rewrite.php(47): require_once('C:\\Users\\rimuru\\Development\\web-komisioning\\public\\index.php')
WARNING - 2023-05-13 14:49:51 --> [DEPRECATED] Creation of dynamic property App\Controllers\Penyulang::$medkom is deprecated in APPPATH\Controllers\Penyulang.php on line 25.
 1 SYSTEMPATH\CodeIgniter.php(906): App\Controllers\Penyulang->__construct()
 2 SYSTEMPATH\CodeIgniter.php(490): CodeIgniter\CodeIgniter->createController()
 3 SYSTEMPATH\CodeIgniter.php(368): CodeIgniter\CodeIgniter->handleRequest(null, Object(Config\Cache), false)
 4 FCPATH\index.php(67): CodeIgniter\CodeIgniter->run()
 5 SYSTEMPATH\Commands\Server\rewrite.php(47): require_once('C:\\Users\\rimuru\\Development\\web-komisioning\\public\\index.php')
WARNING - 2023-05-13 14:49:51 --> [DEPRECATED] Creation of dynamic property App\Controllers\Penyulang::$garduinduk is deprecated in APPPATH\Controllers\Penyulang.php on line 26.
 1 SYSTEMPATH\CodeIgniter.php(906): App\Controllers\Penyulang->__construct()
 2 SYSTEMPATH\CodeIgniter.php(490): CodeIgniter\CodeIgniter->createController()
 3 SYSTEMPATH\CodeIgniter.php(368): CodeIgniter\CodeIgniter->handleRequest(null, Object(Config\Cache), false)
 4 FCPATH\index.php(67): CodeIgniter\CodeIgniter->run()
 5 SYSTEMPATH\Commands\Server\rewrite.php(47): require_once('C:\\Users\\rimuru\\Development\\web-komisioning\\public\\index.php')
WARNING - 2023-05-13 14:49:51 --> [DEPRECATED] Creation of dynamic property App\Controllers\Penyulang::$modem is deprecated in APPPATH\Controllers\Penyulang.php on line 27.
 1 SYSTEMPATH\CodeIgniter.php(906): App\Controllers\Penyulang->__construct()
 2 SYSTEMPATH\CodeIgniter.php(490): CodeIgniter\CodeIgniter->createController()
 3 SYSTEMPATH\CodeIgniter.php(368): CodeIgniter\CodeIgniter->handleRequest(null, Object(Config\Cache), false)
 4 FCPATH\index.php(67): CodeIgniter\CodeIgniter->run()
 5 SYSTEMPATH\Commands\Server\rewrite.php(47): require_once('C:\\Users\\rimuru\\Development\\web-komisioning\\public\\index.php')
WARNING - 2023-05-13 14:49:51 --> [DEPRECATED] Creation of dynamic property App\Controllers\Penyulang::$sectoral is deprecated in APPPATH\Controllers\Penyulang.php on line 28.
 1 SYSTEMPATH\CodeIgniter.php(906): App\Controllers\Penyulang->__construct()
 2 SYSTEMPATH\CodeIgniter.php(490): CodeIgniter\CodeIgniter->createController()
 3 SYSTEMPATH\CodeIgniter.php(368): CodeIgniter\CodeIgniter->handleRequest(null, Object(Config\Cache), false)
 4 FCPATH\index.php(67): CodeIgniter\CodeIgniter->run()
 5 SYSTEMPATH\Commands\Server\rewrite.php(47): require_once('C:\\Users\\rimuru\\Development\\web-komisioning\\public\\index.php')
WARNING - 2023-05-13 14:49:51 --> [DEPRECATED] Creation of dynamic property App\Controllers\Penyulang::$admin is deprecated in APPPATH\Controllers\Penyulang.php on line 29.
 1 SYSTEMPATH\CodeIgniter.php(906): App\Controllers\Penyulang->__construct()
 2 SYSTEMPATH\CodeIgniter.php(490): CodeIgniter\CodeIgniter->createController()
 3 SYSTEMPATH\CodeIgniter.php(368): CodeIgniter\CodeIgniter->handleRequest(null, Object(Config\Cache), false)
 4 FCPATH\index.php(67): CodeIgniter\CodeIgniter->run()
 5 SYSTEMPATH\Commands\Server\rewrite.php(47): require_once('C:\\Users\\rimuru\\Development\\web-komisioning\\public\\index.php')
WARNING - 2023-05-13 14:49:51 --> [DEPRECATED] Creation of dynamic property App\Controllers\Penyulang::$merkrtugi is deprecated in APPPATH\Controllers\Penyulang.php on line 30.
 1 SYSTEMPATH\CodeIgniter.php(906): App\Controllers\Penyulang->__construct()
 2 SYSTEMPATH\CodeIgniter.php(490): CodeIgniter\CodeIgniter->createController()
 3 SYSTEMPATH\CodeIgniter.php(368): CodeIgniter\CodeIgniter->handleRequest(null, Object(Config\Cache), false)
 4 FCPATH\index.php(67): CodeIgniter\CodeIgniter->run()
 5 SYSTEMPATH\Commands\Server\rewrite.php(47): require_once('C:\\Users\\rimuru\\Development\\web-komisioning\\public\\index.php')
INFO - 2023-05-13 14:54:42 --> Session: Class initialized using 'CodeIgniter\Session\Handlers\FileHandler' driver.
WARNING - 2023-05-13 14:54:42 --> [DEPRECATED] Creation of dynamic property App\Controllers\Gardu_Induk::$gardu_induk is deprecated in APPPATH\Controllers\Gardu_Induk.php on line 12.
 1 SYSTEMPATH\CodeIgniter.php(906): App\Controllers\Gardu_Induk->__construct()
 2 SYSTEMPATH\CodeIgniter.php(490): CodeIgniter\CodeIgniter->createController()
 3 SYSTEMPATH\CodeIgniter.php(368): CodeIgniter\CodeIgniter->handleRequest(null, Object(Config\Cache), false)
 4 FCPATH\index.php(67): CodeIgniter\CodeIgniter->run()
 5 SYSTEMPATH\Commands\Server\rewrite.php(47): require_once('C:\\Users\\rimuru\\Development\\web-komisioning\\public\\index.php')
INFO - 2023-05-13 14:57:18 --> Session: Class initialized using 'CodeIgniter\Session\Handlers\FileHandler' driver.
ERROR - 2023-05-13 14:57:19 --> mysqli_sql_exception: Unknown column 'tb_formpeny.id_gi' in 'on clause' in C:\Users\rimuru\Development\web-komisioning\vendor\codeigniter4\framework\system\Database\MySQLi\Connection.php:295
Stack trace:
#0 C:\Users\rimuru\Development\web-komisioning\vendor\codeigniter4\framework\system\Database\MySQLi\Connection.php(295): mysqli->query()
#1 C:\Users\rimuru\Development\web-komisioning\vendor\codeigniter4\framework\system\Database\BaseConnection.php(691): CodeIgniter\Database\MySQLi\Connection->execute()
#2 C:\Users\rimuru\Development\web-komisioning\vendor\codeigniter4\framework\system\Database\BaseConnection.php(605): CodeIgniter\Database\BaseConnection->simpleQuery()
#3 C:\Users\rimuru\Development\web-komisioning\vendor\codeigniter4\framework\system\Database\BaseBuilder.php(1700): CodeIgniter\Database\BaseConnection->query()
#4 C:\Users\rimuru\Development\web-komisioning\app\Helpers\custom_helper.php(149): CodeIgniter\Database\BaseBuilder->countAllResults()
#5 C:\Users\rimuru\Development\web-komisioning\app\Views\dashboard\index.php(166): countFDMDaily()
#6 C:\Users\rimuru\Development\web-komisioning\vendor\codeigniter4\framework\system\View\View.php(213): include('...')
#7 C:\Users\rimuru\Development\web-komisioning\vendor\codeigniter4\framework\system\View\View.php(216): CodeIgniter\View\View->CodeIgniter\View\{closure}()
#8 C:\Users\rimuru\Development\web-komisioning\vendor\codeigniter4\framework\system\Common.php(1184): CodeIgniter\View\View->render()
#9 C:\Users\rimuru\Development\web-komisioning\app\Controllers\Dashboard.php(9): view()
#10 C:\Users\rimuru\Development\web-komisioning\vendor\codeigniter4\framework\system\CodeIgniter.php(934): App\Controllers\Dashboard->index()
#11 C:\Users\rimuru\Development\web-komisioning\vendor\codeigniter4\framework\system\CodeIgniter.php(499): CodeIgniter\CodeIgniter->runController()
#12 C:\Users\rimuru\Development\web-komisioning\vendor\codeigniter4\framework\system\CodeIgniter.php(368): CodeIgniter\CodeIgniter->handleRequest()
#13 C:\Users\rimuru\Development\web-komisioning\public\index.php(67): CodeIgniter\CodeIgniter->run()
#14 C:\Users\rimuru\Development\web-komisioning\vendor\codeigniter4\framework\system\Commands\Server\rewrite.php(47): require_once('...')
#15 {main}
CRITICAL - 2023-05-13 14:57:19 --> Unknown column 'tb_formpeny.id_gi' in 'on clause'
in SYSTEMPATH\Database\MySQLi\Connection.php on line 295.
 1 SYSTEMPATH\Database\MySQLi\Connection.php(295): mysqli->query()
 2 SYSTEMPATH\Database\BaseConnection.php(691): CodeIgniter\Database\MySQLi\Connection->execute()
 3 SYSTEMPATH\Database\BaseConnection.php(605): CodeIgniter\Database\BaseConnection->simpleQuery()
 4 SYSTEMPATH\Database\BaseBuilder.php(1700): CodeIgniter\Database\BaseConnection->query()
 5 APPPATH\Helpers\custom_helper.php(149): CodeIgniter\Database\BaseBuilder->countAllResults()
 6 APPPATH\Views\dashboard\index.php(166): countFDMDaily()
 7 SYSTEMPATH\View\View.php(213): include('C:\\Users\\rimuru\\Development\\web-komisioning\\app\\Views\\dashboard\\index.php')
 8 SYSTEMPATH\View\View.php(216): CodeIgniter\View\View->CodeIgniter\View\{closure}()
 9 SYSTEMPATH\Common.php(1184): CodeIgniter\View\View->render()
10 APPPATH\Controllers\Dashboard.php(9): view()
11 SYSTEMPATH\CodeIgniter.php(934): App\Controllers\Dashboard->index()
12 SYSTEMPATH\CodeIgniter.php(499): CodeIgniter\CodeIgniter->runController()
13 SYSTEMPATH\CodeIgniter.php(368): CodeIgniter\CodeIgniter->handleRequest()
14 FCPATH\index.php(67): CodeIgniter\CodeIgniter->run()
15 SYSTEMPATH\Commands\Server\rewrite.php(47): require_once('C:\\Users\\rimuru\\Development\\web-komisioning\\public\\index.php')
INFO - 2023-05-13 14:59:31 --> Session: Class initialized using 'CodeIgniter\Session\Handlers\FileHandler' driver.
ERROR - 2023-05-13 14:59:31 --> mysqli_sql_exception: Unknown column 'tgl_komisioning' in 'where clause' in C:\Users\rimuru\Development\web-komisioning\vendor\codeigniter4\framework\system\Database\MySQLi\Connection.php:295
Stack trace:
#0 C:\Users\rimuru\Development\web-komisioning\vendor\codeigniter4\framework\system\Database\MySQLi\Connection.php(295): mysqli->query()
#1 C:\Users\rimuru\Development\web-komisioning\vendor\codeigniter4\framework\system\Database\BaseConnection.php(691): CodeIgniter\Database\MySQLi\Connection->execute()
#2 C:\Users\rimuru\Development\web-komisioning\vendor\codeigniter4\framework\system\Database\BaseConnection.php(605): CodeIgniter\Database\BaseConnection->simpleQuery()
#3 C:\Users\rimuru\Development\web-komisioning\vendor\codeigniter4\framework\system\Database\BaseBuilder.php(1700): CodeIgniter\Database\BaseConnection->query()
#4 C:\Users\rimuru\Development\web-komisioning\app\Helpers\custom_helper.php(149): CodeIgniter\Database\BaseBuilder->countAllResults()
#5 C:\Users\rimuru\Development\web-komisioning\app\Views\dashboard\index.php(166): countFDMDaily()
#6 C:\Users\rimuru\Development\web-komisioning\vendor\codeigniter4\framework\system\View\View.php(213): include('...')
#7 C:\Users\rimuru\Development\web-komisioning\vendor\codeigniter4\framework\system\View\View.php(216): CodeIgniter\View\View->CodeIgniter\View\{closure}()
#8 C:\Users\rimuru\Development\web-komisioning\vendor\codeigniter4\framework\system\Common.php(1184): CodeIgniter\View\View->render()
#9 C:\Users\rimuru\Development\web-komisioning\app\Controllers\Dashboard.php(9): view()
#10 C:\Users\rimuru\Development\web-komisioning\vendor\codeigniter4\framework\system\CodeIgniter.php(934): App\Controllers\Dashboard->index()
#11 C:\Users\rimuru\Development\web-komisioning\vendor\codeigniter4\framework\system\CodeIgniter.php(499): CodeIgniter\CodeIgniter->runController()
#12 C:\Users\rimuru\Development\web-komisioning\vendor\codeigniter4\framework\system\CodeIgniter.php(368): CodeIgniter\CodeIgniter->handleRequest()
#13 C:\Users\rimuru\Development\web-komisioning\public\index.php(67): CodeIgniter\CodeIgniter->run()
#14 C:\Users\rimuru\Development\web-komisioning\vendor\codeigniter4\framework\system\Commands\Server\rewrite.php(47): require_once('...')
#15 {main}
CRITICAL - 2023-05-13 14:59:31 --> Unknown column 'tgl_komisioning' in 'where clause'
in SYSTEMPATH\Database\MySQLi\Connection.php on line 295.
 1 SYSTEMPATH\Database\MySQLi\Connection.php(295): mysqli->query()
 2 SYSTEMPATH\Database\BaseConnection.php(691): CodeIgniter\Database\MySQLi\Connection->execute()
 3 SYSTEMPATH\Database\BaseConnection.php(605): CodeIgniter\Database\BaseConnection->simpleQuery()
 4 SYSTEMPATH\Database\BaseBuilder.php(1700): CodeIgniter\Database\BaseConnection->query()
 5 APPPATH\Helpers\custom_helper.php(149): CodeIgniter\Database\BaseBuilder->countAllResults()
 6 APPPATH\Views\dashboard\index.php(166): countFDMDaily()
 7 SYSTEMPATH\View\View.php(213): include('C:\\Users\\rimuru\\Development\\web-komisioning\\app\\Views\\dashboard\\index.php')
 8 SYSTEMPATH\View\View.php(216): CodeIgniter\View\View->CodeIgniter\View\{closure}()
 9 SYSTEMPATH\Common.php(1184): CodeIgniter\View\View->render()
10 APPPATH\Controllers\Dashboard.php(9): view()
11 SYSTEMPATH\CodeIgniter.php(934): App\Controllers\Dashboard->index()
12 SYSTEMPATH\CodeIgniter.php(499): CodeIgniter\CodeIgniter->runController()
13 SYSTEMPATH\CodeIgniter.php(368): CodeIgniter\CodeIgniter->handleRequest()
14 FCPATH\index.php(67): CodeIgniter\CodeIgniter->run()
15 SYSTEMPATH\Commands\Server\rewrite.php(47): require_once('C:\\Users\\rimuru\\Development\\web-komisioning\\public\\index.php')
INFO - 2023-05-13 14:59:34 --> Session: Class initialized using 'CodeIgniter\Session\Handlers\FileHandler' driver.
ERROR - 2023-05-13 14:59:34 --> mysqli_sql_exception: Unknown column 'tgl_komisioning' in 'where clause' in C:\Users\rimuru\Development\web-komisioning\vendor\codeigniter4\framework\system\Database\MySQLi\Connection.php:295
Stack trace:
#0 C:\Users\rimuru\Development\web-komisioning\vendor\codeigniter4\framework\system\Database\MySQLi\Connection.php(295): mysqli->query()
#1 C:\Users\rimuru\Development\web-komisioning\vendor\codeigniter4\framework\system\Database\BaseConnection.php(691): CodeIgniter\Database\MySQLi\Connection->execute()
#2 C:\Users\rimuru\Development\web-komisioning\vendor\codeigniter4\framework\system\Database\BaseConnection.php(605): CodeIgniter\Database\BaseConnection->simpleQuery()
#3 C:\Users\rimuru\Development\web-komisioning\vendor\codeigniter4\framework\system\Database\BaseBuilder.php(1700): CodeIgniter\Database\BaseConnection->query()
#4 C:\Users\rimuru\Development\web-komisioning\app\Helpers\custom_helper.php(149): CodeIgniter\Database\BaseBuilder->countAllResults()
#5 C:\Users\rimuru\Development\web-komisioning\app\Views\dashboard\index.php(166): countFDMDaily()
#6 C:\Users\rimuru\Development\web-komisioning\vendor\codeigniter4\framework\system\View\View.php(213): include('...')
#7 C:\Users\rimuru\Development\web-komisioning\vendor\codeigniter4\framework\system\View\View.php(216): CodeIgniter\View\View->CodeIgniter\View\{closure}()
#8 C:\Users\rimuru\Development\web-komisioning\vendor\codeigniter4\framework\system\Common.php(1184): CodeIgniter\View\View->render()
#9 C:\Users\rimuru\Development\web-komisioning\app\Controllers\Dashboard.php(9): view()
#10 C:\Users\rimuru\Development\web-komisioning\vendor\codeigniter4\framework\system\CodeIgniter.php(934): App\Controllers\Dashboard->index()
#11 C:\Users\rimuru\Development\web-komisioning\vendor\codeigniter4\framework\system\CodeIgniter.php(499): CodeIgniter\CodeIgniter->runController()
#12 C:\Users\rimuru\Development\web-komisioning\vendor\codeigniter4\framework\system\CodeIgniter.php(368): CodeIgniter\CodeIgniter->handleRequest()
#13 C:\Users\rimuru\Development\web-komisioning\public\index.php(67): CodeIgniter\CodeIgniter->run()
#14 C:\Users\rimuru\Development\web-komisioning\vendor\codeigniter4\framework\system\Commands\Server\rewrite.php(47): require_once('...')
#15 {main}
CRITICAL - 2023-05-13 14:59:34 --> Unknown column 'tgl_komisioning' in 'where clause'
in SYSTEMPATH\Database\MySQLi\Connection.php on line 295.
 1 SYSTEMPATH\Database\MySQLi\Connection.php(295): mysqli->query()
 2 SYSTEMPATH\Database\BaseConnection.php(691): CodeIgniter\Database\MySQLi\Connection->execute()
 3 SYSTEMPATH\Database\BaseConnection.php(605): CodeIgniter\Database\BaseConnection->simpleQuery()
 4 SYSTEMPATH\Database\BaseBuilder.php(1700): CodeIgniter\Database\BaseConnection->query()
 5 APPPATH\Helpers\custom_helper.php(149): CodeIgniter\Database\BaseBuilder->countAllResults()
 6 APPPATH\Views\dashboard\index.php(166): countFDMDaily()
 7 SYSTEMPATH\View\View.php(213): include('C:\\Users\\rimuru\\Development\\web-komisioning\\app\\Views\\dashboard\\index.php')
 8 SYSTEMPATH\View\View.php(216): CodeIgniter\View\View->CodeIgniter\View\{closure}()
 9 SYSTEMPATH\Common.php(1184): CodeIgniter\View\View->render()
10 APPPATH\Controllers\Dashboard.php(9): view()
11 SYSTEMPATH\CodeIgniter.php(934): App\Controllers\Dashboard->index()
12 SYSTEMPATH\CodeIgniter.php(499): CodeIgniter\CodeIgniter->runController()
13 SYSTEMPATH\CodeIgniter.php(368): CodeIgniter\CodeIgniter->handleRequest()
14 FCPATH\index.php(67): CodeIgniter\CodeIgniter->run()
15 SYSTEMPATH\Commands\Server\rewrite.php(47): require_once('C:\\Users\\rimuru\\Development\\web-komisioning\\public\\index.php')
INFO - 2023-05-13 15:00:08 --> Session: Class initialized using 'CodeIgniter\Session\Handlers\FileHandler' driver.
INFO - 2023-05-13 15:02:10 --> Session: Class initialized using 'CodeIgniter\Session\Handlers\FileHandler' driver.
INFO - 2023-05-13 15:03:17 --> Session: Class initialized using 'CodeIgniter\Session\Handlers\FileHandler' driver.
INFO - 2023-05-13 15:07:14 --> Session: Class initialized using 'CodeIgniter\Session\Handlers\FileHandler' driver.
INFO - 2023-05-13 15:10:28 --> Session: Class initialized using 'CodeIgniter\Session\Handlers\FileHandler' driver.
INFO - 2023-05-13 15:13:03 --> Session: Class initialized using 'CodeIgniter\Session\Handlers\FileHandler' driver.
INFO - 2023-05-13 15:15:28 --> Session: Class initialized using 'CodeIgniter\Session\Handlers\FileHandler' driver.
