INFO - 2023-05-04 10:36:27 --> REDIRECTED ROUTE at /dashboard
INFO - 2023-05-04 10:36:27 --> Session: Class initialized using 'CodeIgniter\Session\Handlers\FileHandler' driver.
WARNING - 2023-05-04 10:36:28 --> [DEPRECATED] Creation of dynamic property App\Controllers\Auth::$admin is deprecated in APPPATH\Controllers\Auth.php on line 12.
 1 SYSTEMPATH\CodeIgniter.php(906): App\Controllers\Auth->__construct()
 2 SYSTEMPATH\CodeIgniter.php(490): CodeIgniter\CodeIgniter->createController()
 3 SYSTEMPATH\CodeIgniter.php(368): CodeIgniter\CodeIgniter->handleRequest(null, Object(Config\Cache), false)
 4 FCPATH\index.php(67): CodeIgniter\CodeIgniter->run()
 5 SYSTEMPATH\Commands\Server\rewrite.php(47): require_once('C:\\Users\\rimuru\\Development\\web-komisioning\\public\\index.php')
INFO - 2023-05-04 10:36:28 --> Session: Class initialized using 'CodeIgniter\Session\Handlers\FileHandler' driver.
WARNING - 2023-05-04 10:36:36 --> [DEPRECATED] Creation of dynamic property App\Controllers\Auth::$admin is deprecated in APPPATH\Controllers\Auth.php on line 12.
 1 SYSTEMPATH\CodeIgniter.php(906): App\Controllers\Auth->__construct()
 2 SYSTEMPATH\CodeIgniter.php(490): CodeIgniter\CodeIgniter->createController()
 3 SYSTEMPATH\CodeIgniter.php(368): CodeIgniter\CodeIgniter->handleRequest(null, Object(Config\Cache), false)
 4 FCPATH\index.php(67): CodeIgniter\CodeIgniter->run()
 5 SYSTEMPATH\Commands\Server\rewrite.php(47): require_once('C:\\Users\\rimuru\\Development\\web-komisioning\\public\\index.php')
INFO - 2023-05-04 10:36:36 --> Session: Class initialized using 'CodeIgniter\Session\Handlers\FileHandler' driver.
WARNING - 2023-05-04 10:36:36 --> [DEPRECATED] Creation of dynamic property App\Controllers\Auth::$admin is deprecated in APPPATH\Controllers\Auth.php on line 12.
 1 SYSTEMPATH\CodeIgniter.php(906): App\Controllers\Auth->__construct()
 2 SYSTEMPATH\CodeIgniter.php(490): CodeIgniter\CodeIgniter->createController()
 3 SYSTEMPATH\CodeIgniter.php(368): CodeIgniter\CodeIgniter->handleRequest(null, Object(Config\Cache), false)
 4 FCPATH\index.php(67): CodeIgniter\CodeIgniter->run()
 5 SYSTEMPATH\Commands\Server\rewrite.php(47): require_once('C:\\Users\\rimuru\\Development\\web-komisioning\\public\\index.php')
INFO - 2023-05-04 10:36:36 --> Session: Class initialized using 'CodeIgniter\Session\Handlers\FileHandler' driver.
WARNING - 2023-05-04 10:36:45 --> [DEPRECATED] Creation of dynamic property App\Controllers\Auth::$admin is deprecated in APPPATH\Controllers\Auth.php on line 12.
 1 SYSTEMPATH\CodeIgniter.php(906): App\Controllers\Auth->__construct()
 2 SYSTEMPATH\CodeIgniter.php(490): CodeIgniter\CodeIgniter->createController()
 3 SYSTEMPATH\CodeIgniter.php(368): CodeIgniter\CodeIgniter->handleRequest(null, Object(Config\Cache), false)
 4 FCPATH\index.php(67): CodeIgniter\CodeIgniter->run()
 5 SYSTEMPATH\Commands\Server\rewrite.php(47): require_once('C:\\Users\\rimuru\\Development\\web-komisioning\\public\\index.php')
INFO - 2023-05-04 10:36:45 --> Session: Class initialized using 'CodeIgniter\Session\Handlers\FileHandler' driver.
INFO - 2023-05-04 10:36:46 --> Session: Class initialized using 'CodeIgniter\Session\Handlers\FileHandler' driver.
INFO - 2023-05-04 10:36:55 --> Session: Class initialized using 'CodeIgniter\Session\Handlers\FileHandler' driver.
WARNING - 2023-05-04 10:36:55 --> [DEPRECATED] Creation of dynamic property App\Controllers\Keypoint::$formkp is deprecated in APPPATH\Controllers\Keypoint.php on line 20.
 1 SYSTEMPATH\CodeIgniter.php(906): App\Controllers\Keypoint->__construct()
 2 SYSTEMPATH\CodeIgniter.php(490): CodeIgniter\CodeIgniter->createController()
 3 SYSTEMPATH\CodeIgniter.php(368): CodeIgniter\CodeIgniter->handleRequest(null, Object(Config\Cache), false)
 4 FCPATH\index.php(67): CodeIgniter\CodeIgniter->run()
 5 SYSTEMPATH\Commands\Server\rewrite.php(47): require_once('C:\\Users\\rimuru\\Development\\web-komisioning\\public\\index.php')
WARNING - 2023-05-04 10:36:55 --> [DEPRECATED] Creation of dynamic property App\Controllers\Keypoint::$komkp is deprecated in APPPATH\Controllers\Keypoint.php on line 21.
 1 SYSTEMPATH\CodeIgniter.php(906): App\Controllers\Keypoint->__construct()
 2 SYSTEMPATH\CodeIgniter.php(490): CodeIgniter\CodeIgniter->createController()
 3 SYSTEMPATH\CodeIgniter.php(368): CodeIgniter\CodeIgniter->handleRequest(null, Object(Config\Cache), false)
 4 FCPATH\index.php(67): CodeIgniter\CodeIgniter->run()
 5 SYSTEMPATH\Commands\Server\rewrite.php(47): require_once('C:\\Users\\rimuru\\Development\\web-komisioning\\public\\index.php')
WARNING - 2023-05-04 10:36:55 --> [DEPRECATED] Creation of dynamic property App\Controllers\Keypoint::$picmaster is deprecated in APPPATH\Controllers\Keypoint.php on line 22.
 1 SYSTEMPATH\CodeIgniter.php(906): App\Controllers\Keypoint->__construct()
 2 SYSTEMPATH\CodeIgniter.php(490): CodeIgniter\CodeIgniter->createController()
 3 SYSTEMPATH\CodeIgniter.php(368): CodeIgniter\CodeIgniter->handleRequest(null, Object(Config\Cache), false)
 4 FCPATH\index.php(67): CodeIgniter\CodeIgniter->run()
 5 SYSTEMPATH\Commands\Server\rewrite.php(47): require_once('C:\\Users\\rimuru\\Development\\web-komisioning\\public\\index.php')
WARNING - 2023-05-04 10:36:55 --> [DEPRECATED] Creation of dynamic property App\Controllers\Keypoint::$medkom is deprecated in APPPATH\Controllers\Keypoint.php on line 23.
 1 SYSTEMPATH\CodeIgniter.php(906): App\Controllers\Keypoint->__construct()
 2 SYSTEMPATH\CodeIgniter.php(490): CodeIgniter\CodeIgniter->createController()
 3 SYSTEMPATH\CodeIgniter.php(368): CodeIgniter\CodeIgniter->handleRequest(null, Object(Config\Cache), false)
 4 FCPATH\index.php(67): CodeIgniter\CodeIgniter->run()
 5 SYSTEMPATH\Commands\Server\rewrite.php(47): require_once('C:\\Users\\rimuru\\Development\\web-komisioning\\public\\index.php')
WARNING - 2023-05-04 10:36:55 --> [DEPRECATED] Creation of dynamic property App\Controllers\Keypoint::$merklbs is deprecated in APPPATH\Controllers\Keypoint.php on line 24.
 1 SYSTEMPATH\CodeIgniter.php(906): App\Controllers\Keypoint->__construct()
 2 SYSTEMPATH\CodeIgniter.php(490): CodeIgniter\CodeIgniter->createController()
 3 SYSTEMPATH\CodeIgniter.php(368): CodeIgniter\CodeIgniter->handleRequest(null, Object(Config\Cache), false)
 4 FCPATH\index.php(67): CodeIgniter\CodeIgniter->run()
 5 SYSTEMPATH\Commands\Server\rewrite.php(47): require_once('C:\\Users\\rimuru\\Development\\web-komisioning\\public\\index.php')
WARNING - 2023-05-04 10:36:55 --> [DEPRECATED] Creation of dynamic property App\Controllers\Keypoint::$garduinduk is deprecated in APPPATH\Controllers\Keypoint.php on line 25.
 1 SYSTEMPATH\CodeIgniter.php(906): App\Controllers\Keypoint->__construct()
 2 SYSTEMPATH\CodeIgniter.php(490): CodeIgniter\CodeIgniter->createController()
 3 SYSTEMPATH\CodeIgniter.php(368): CodeIgniter\CodeIgniter->handleRequest(null, Object(Config\Cache), false)
 4 FCPATH\index.php(67): CodeIgniter\CodeIgniter->run()
 5 SYSTEMPATH\Commands\Server\rewrite.php(47): require_once('C:\\Users\\rimuru\\Development\\web-komisioning\\public\\index.php')
WARNING - 2023-05-04 10:36:55 --> [DEPRECATED] Creation of dynamic property App\Controllers\Keypoint::$modem is deprecated in APPPATH\Controllers\Keypoint.php on line 26.
 1 SYSTEMPATH\CodeIgniter.php(906): App\Controllers\Keypoint->__construct()
 2 SYSTEMPATH\CodeIgniter.php(490): CodeIgniter\CodeIgniter->createController()
 3 SYSTEMPATH\CodeIgniter.php(368): CodeIgniter\CodeIgniter->handleRequest(null, Object(Config\Cache), false)
 4 FCPATH\index.php(67): CodeIgniter\CodeIgniter->run()
 5 SYSTEMPATH\Commands\Server\rewrite.php(47): require_once('C:\\Users\\rimuru\\Development\\web-komisioning\\public\\index.php')
WARNING - 2023-05-04 10:36:55 --> [DEPRECATED] Creation of dynamic property App\Controllers\Keypoint::$sectoral is deprecated in APPPATH\Controllers\Keypoint.php on line 27.
 1 SYSTEMPATH\CodeIgniter.php(906): App\Controllers\Keypoint->__construct()
 2 SYSTEMPATH\CodeIgniter.php(490): CodeIgniter\CodeIgniter->createController()
 3 SYSTEMPATH\CodeIgniter.php(368): CodeIgniter\CodeIgniter->handleRequest(null, Object(Config\Cache), false)
 4 FCPATH\index.php(67): CodeIgniter\CodeIgniter->run()
 5 SYSTEMPATH\Commands\Server\rewrite.php(47): require_once('C:\\Users\\rimuru\\Development\\web-komisioning\\public\\index.php')
WARNING - 2023-05-04 10:36:55 --> [DEPRECATED] Creation of dynamic property App\Controllers\Keypoint::$admin is deprecated in APPPATH\Controllers\Keypoint.php on line 28.
 1 SYSTEMPATH\CodeIgniter.php(906): App\Controllers\Keypoint->__construct()
 2 SYSTEMPATH\CodeIgniter.php(490): CodeIgniter\CodeIgniter->createController()
 3 SYSTEMPATH\CodeIgniter.php(368): CodeIgniter\CodeIgniter->handleRequest(null, Object(Config\Cache), false)
 4 FCPATH\index.php(67): CodeIgniter\CodeIgniter->run()
 5 SYSTEMPATH\Commands\Server\rewrite.php(47): require_once('C:\\Users\\rimuru\\Development\\web-komisioning\\public\\index.php')
INFO - 2023-05-04 10:37:03 --> Session: Class initialized using 'CodeIgniter\Session\Handlers\FileHandler' driver.
WARNING - 2023-05-04 10:37:03 --> [DEPRECATED] Creation of dynamic property App\Controllers\Penyulang::$formpeny is deprecated in APPPATH\Controllers\Penyulang.php on line 22.
 1 SYSTEMPATH\CodeIgniter.php(906): App\Controllers\Penyulang->__construct()
 2 SYSTEMPATH\CodeIgniter.php(490): CodeIgniter\CodeIgniter->createController()
 3 SYSTEMPATH\CodeIgniter.php(368): CodeIgniter\CodeIgniter->handleRequest(null, Object(Config\Cache), false)
 4 FCPATH\index.php(67): CodeIgniter\CodeIgniter->run()
 5 SYSTEMPATH\Commands\Server\rewrite.php(47): require_once('C:\\Users\\rimuru\\Development\\web-komisioning\\public\\index.php')
WARNING - 2023-05-04 10:37:03 --> [DEPRECATED] Creation of dynamic property App\Controllers\Penyulang::$komkp is deprecated in APPPATH\Controllers\Penyulang.php on line 23.
 1 SYSTEMPATH\CodeIgniter.php(906): App\Controllers\Penyulang->__construct()
 2 SYSTEMPATH\CodeIgniter.php(490): CodeIgniter\CodeIgniter->createController()
 3 SYSTEMPATH\CodeIgniter.php(368): CodeIgniter\CodeIgniter->handleRequest(null, Object(Config\Cache), false)
 4 FCPATH\index.php(67): CodeIgniter\CodeIgniter->run()
 5 SYSTEMPATH\Commands\Server\rewrite.php(47): require_once('C:\\Users\\rimuru\\Development\\web-komisioning\\public\\index.php')
WARNING - 2023-05-04 10:37:03 --> [DEPRECATED] Creation of dynamic property App\Controllers\Penyulang::$picmaster is deprecated in APPPATH\Controllers\Penyulang.php on line 24.
 1 SYSTEMPATH\CodeIgniter.php(906): App\Controllers\Penyulang->__construct()
 2 SYSTEMPATH\CodeIgniter.php(490): CodeIgniter\CodeIgniter->createController()
 3 SYSTEMPATH\CodeIgniter.php(368): CodeIgniter\CodeIgniter->handleRequest(null, Object(Config\Cache), false)
 4 FCPATH\index.php(67): CodeIgniter\CodeIgniter->run()
 5 SYSTEMPATH\Commands\Server\rewrite.php(47): require_once('C:\\Users\\rimuru\\Development\\web-komisioning\\public\\index.php')
WARNING - 2023-05-04 10:37:03 --> [DEPRECATED] Creation of dynamic property App\Controllers\Penyulang::$medkom is deprecated in APPPATH\Controllers\Penyulang.php on line 25.
 1 SYSTEMPATH\CodeIgniter.php(906): App\Controllers\Penyulang->__construct()
 2 SYSTEMPATH\CodeIgniter.php(490): CodeIgniter\CodeIgniter->createController()
 3 SYSTEMPATH\CodeIgniter.php(368): CodeIgniter\CodeIgniter->handleRequest(null, Object(Config\Cache), false)
 4 FCPATH\index.php(67): CodeIgniter\CodeIgniter->run()
 5 SYSTEMPATH\Commands\Server\rewrite.php(47): require_once('C:\\Users\\rimuru\\Development\\web-komisioning\\public\\index.php')
WARNING - 2023-05-04 10:37:03 --> [DEPRECATED] Creation of dynamic property App\Controllers\Penyulang::$garduinduk is deprecated in APPPATH\Controllers\Penyulang.php on line 26.
 1 SYSTEMPATH\CodeIgniter.php(906): App\Controllers\Penyulang->__construct()
 2 SYSTEMPATH\CodeIgniter.php(490): CodeIgniter\CodeIgniter->createController()
 3 SYSTEMPATH\CodeIgniter.php(368): CodeIgniter\CodeIgniter->handleRequest(null, Object(Config\Cache), false)
 4 FCPATH\index.php(67): CodeIgniter\CodeIgniter->run()
 5 SYSTEMPATH\Commands\Server\rewrite.php(47): require_once('C:\\Users\\rimuru\\Development\\web-komisioning\\public\\index.php')
WARNING - 2023-05-04 10:37:03 --> [DEPRECATED] Creation of dynamic property App\Controllers\Penyulang::$modem is deprecated in APPPATH\Controllers\Penyulang.php on line 27.
 1 SYSTEMPATH\CodeIgniter.php(906): App\Controllers\Penyulang->__construct()
 2 SYSTEMPATH\CodeIgniter.php(490): CodeIgniter\CodeIgniter->createController()
 3 SYSTEMPATH\CodeIgniter.php(368): CodeIgniter\CodeIgniter->handleRequest(null, Object(Config\Cache), false)
 4 FCPATH\index.php(67): CodeIgniter\CodeIgniter->run()
 5 SYSTEMPATH\Commands\Server\rewrite.php(47): require_once('C:\\Users\\rimuru\\Development\\web-komisioning\\public\\index.php')
WARNING - 2023-05-04 10:37:03 --> [DEPRECATED] Creation of dynamic property App\Controllers\Penyulang::$sectoral is deprecated in APPPATH\Controllers\Penyulang.php on line 28.
 1 SYSTEMPATH\CodeIgniter.php(906): App\Controllers\Penyulang->__construct()
 2 SYSTEMPATH\CodeIgniter.php(490): CodeIgniter\CodeIgniter->createController()
 3 SYSTEMPATH\CodeIgniter.php(368): CodeIgniter\CodeIgniter->handleRequest(null, Object(Config\Cache), false)
 4 FCPATH\index.php(67): CodeIgniter\CodeIgniter->run()
 5 SYSTEMPATH\Commands\Server\rewrite.php(47): require_once('C:\\Users\\rimuru\\Development\\web-komisioning\\public\\index.php')
WARNING - 2023-05-04 10:37:03 --> [DEPRECATED] Creation of dynamic property App\Controllers\Penyulang::$admin is deprecated in APPPATH\Controllers\Penyulang.php on line 29.
 1 SYSTEMPATH\CodeIgniter.php(906): App\Controllers\Penyulang->__construct()
 2 SYSTEMPATH\CodeIgniter.php(490): CodeIgniter\CodeIgniter->createController()
 3 SYSTEMPATH\CodeIgniter.php(368): CodeIgniter\CodeIgniter->handleRequest(null, Object(Config\Cache), false)
 4 FCPATH\index.php(67): CodeIgniter\CodeIgniter->run()
 5 SYSTEMPATH\Commands\Server\rewrite.php(47): require_once('C:\\Users\\rimuru\\Development\\web-komisioning\\public\\index.php')
WARNING - 2023-05-04 10:37:03 --> [DEPRECATED] Creation of dynamic property App\Controllers\Penyulang::$merkrtugi is deprecated in APPPATH\Controllers\Penyulang.php on line 30.
 1 SYSTEMPATH\CodeIgniter.php(906): App\Controllers\Penyulang->__construct()
 2 SYSTEMPATH\CodeIgniter.php(490): CodeIgniter\CodeIgniter->createController()
 3 SYSTEMPATH\CodeIgniter.php(368): CodeIgniter\CodeIgniter->handleRequest(null, Object(Config\Cache), false)
 4 FCPATH\index.php(67): CodeIgniter\CodeIgniter->run()
 5 SYSTEMPATH\Commands\Server\rewrite.php(47): require_once('C:\\Users\\rimuru\\Development\\web-komisioning\\public\\index.php')
INFO - 2023-05-04 10:37:06 --> Session: Class initialized using 'CodeIgniter\Session\Handlers\FileHandler' driver.
WARNING - 2023-05-04 10:37:06 --> [DEPRECATED] Creation of dynamic property App\Controllers\Absen::$absensi is deprecated in APPPATH\Controllers\Absen.php on line 13.
 1 SYSTEMPATH\CodeIgniter.php(906): App\Controllers\Absen->__construct()
 2 SYSTEMPATH\CodeIgniter.php(490): CodeIgniter\CodeIgniter->createController()
 3 SYSTEMPATH\CodeIgniter.php(368): CodeIgniter\CodeIgniter->handleRequest(null, Object(Config\Cache), false)
 4 FCPATH\index.php(67): CodeIgniter\CodeIgniter->run()
 5 SYSTEMPATH\Commands\Server\rewrite.php(47): require_once('C:\\Users\\rimuru\\Development\\web-komisioning\\public\\index.php')
WARNING - 2023-05-04 10:37:06 --> [DEPRECATED] Creation of dynamic property App\Controllers\Absen::$masuk is deprecated in APPPATH\Controllers\Absen.php on line 14.
 1 SYSTEMPATH\CodeIgniter.php(906): App\Controllers\Absen->__construct()
 2 SYSTEMPATH\CodeIgniter.php(490): CodeIgniter\CodeIgniter->createController()
 3 SYSTEMPATH\CodeIgniter.php(368): CodeIgniter\CodeIgniter->handleRequest(null, Object(Config\Cache), false)
 4 FCPATH\index.php(67): CodeIgniter\CodeIgniter->run()
 5 SYSTEMPATH\Commands\Server\rewrite.php(47): require_once('C:\\Users\\rimuru\\Development\\web-komisioning\\public\\index.php')
INFO - 2023-05-04 10:38:11 --> Session: Class initialized using 'CodeIgniter\Session\Handlers\FileHandler' driver.
WARNING - 2023-05-04 10:38:11 --> [DEPRECATED] Creation of dynamic property App\Controllers\Absen::$absensi is deprecated in APPPATH\Controllers\Absen.php on line 13.
 1 SYSTEMPATH\CodeIgniter.php(906): App\Controllers\Absen->__construct()
 2 SYSTEMPATH\CodeIgniter.php(490): CodeIgniter\CodeIgniter->createController()
 3 SYSTEMPATH\CodeIgniter.php(368): CodeIgniter\CodeIgniter->handleRequest(null, Object(Config\Cache), false)
 4 FCPATH\index.php(67): CodeIgniter\CodeIgniter->run()
 5 SYSTEMPATH\Commands\Server\rewrite.php(47): require_once('C:\\Users\\rimuru\\Development\\web-komisioning\\public\\index.php')
WARNING - 2023-05-04 10:38:11 --> [DEPRECATED] Creation of dynamic property App\Controllers\Absen::$masuk is deprecated in APPPATH\Controllers\Absen.php on line 14.
 1 SYSTEMPATH\CodeIgniter.php(906): App\Controllers\Absen->__construct()
 2 SYSTEMPATH\CodeIgniter.php(490): CodeIgniter\CodeIgniter->createController()
 3 SYSTEMPATH\CodeIgniter.php(368): CodeIgniter\CodeIgniter->handleRequest(null, Object(Config\Cache), false)
 4 FCPATH\index.php(67): CodeIgniter\CodeIgniter->run()
 5 SYSTEMPATH\Commands\Server\rewrite.php(47): require_once('C:\\Users\\rimuru\\Development\\web-komisioning\\public\\index.php')
INFO - 2023-05-04 10:53:32 --> Session: Class initialized using 'CodeIgniter\Session\Handlers\FileHandler' driver.
WARNING - 2023-05-04 10:53:32 --> [DEPRECATED] Creation of dynamic property App\Controllers\Penyulang::$formpeny is deprecated in APPPATH\Controllers\Penyulang.php on line 22.
 1 SYSTEMPATH\CodeIgniter.php(906): App\Controllers\Penyulang->__construct()
 2 SYSTEMPATH\CodeIgniter.php(490): CodeIgniter\CodeIgniter->createController()
 3 SYSTEMPATH\CodeIgniter.php(368): CodeIgniter\CodeIgniter->handleRequest(null, Object(Config\Cache), false)
 4 FCPATH\index.php(67): CodeIgniter\CodeIgniter->run()
 5 SYSTEMPATH\Commands\Server\rewrite.php(47): require_once('C:\\Users\\rimuru\\Development\\web-komisioning\\public\\index.php')
WARNING - 2023-05-04 10:53:32 --> [DEPRECATED] Creation of dynamic property App\Controllers\Penyulang::$komkp is deprecated in APPPATH\Controllers\Penyulang.php on line 23.
 1 SYSTEMPATH\CodeIgniter.php(906): App\Controllers\Penyulang->__construct()
 2 SYSTEMPATH\CodeIgniter.php(490): CodeIgniter\CodeIgniter->createController()
 3 SYSTEMPATH\CodeIgniter.php(368): CodeIgniter\CodeIgniter->handleRequest(null, Object(Config\Cache), false)
 4 FCPATH\index.php(67): CodeIgniter\CodeIgniter->run()
 5 SYSTEMPATH\Commands\Server\rewrite.php(47): require_once('C:\\Users\\rimuru\\Development\\web-komisioning\\public\\index.php')
WARNING - 2023-05-04 10:53:32 --> [DEPRECATED] Creation of dynamic property App\Controllers\Penyulang::$picmaster is deprecated in APPPATH\Controllers\Penyulang.php on line 24.
 1 SYSTEMPATH\CodeIgniter.php(906): App\Controllers\Penyulang->__construct()
 2 SYSTEMPATH\CodeIgniter.php(490): CodeIgniter\CodeIgniter->createController()
 3 SYSTEMPATH\CodeIgniter.php(368): CodeIgniter\CodeIgniter->handleRequest(null, Object(Config\Cache), false)
 4 FCPATH\index.php(67): CodeIgniter\CodeIgniter->run()
 5 SYSTEMPATH\Commands\Server\rewrite.php(47): require_once('C:\\Users\\rimuru\\Development\\web-komisioning\\public\\index.php')
WARNING - 2023-05-04 10:53:32 --> [DEPRECATED] Creation of dynamic property App\Controllers\Penyulang::$medkom is deprecated in APPPATH\Controllers\Penyulang.php on line 25.
 1 SYSTEMPATH\CodeIgniter.php(906): App\Controllers\Penyulang->__construct()
 2 SYSTEMPATH\CodeIgniter.php(490): CodeIgniter\CodeIgniter->createController()
 3 SYSTEMPATH\CodeIgniter.php(368): CodeIgniter\CodeIgniter->handleRequest(null, Object(Config\Cache), false)
 4 FCPATH\index.php(67): CodeIgniter\CodeIgniter->run()
 5 SYSTEMPATH\Commands\Server\rewrite.php(47): require_once('C:\\Users\\rimuru\\Development\\web-komisioning\\public\\index.php')
WARNING - 2023-05-04 10:53:32 --> [DEPRECATED] Creation of dynamic property App\Controllers\Penyulang::$garduinduk is deprecated in APPPATH\Controllers\Penyulang.php on line 26.
 1 SYSTEMPATH\CodeIgniter.php(906): App\Controllers\Penyulang->__construct()
 2 SYSTEMPATH\CodeIgniter.php(490): CodeIgniter\CodeIgniter->createController()
 3 SYSTEMPATH\CodeIgniter.php(368): CodeIgniter\CodeIgniter->handleRequest(null, Object(Config\Cache), false)
 4 FCPATH\index.php(67): CodeIgniter\CodeIgniter->run()
 5 SYSTEMPATH\Commands\Server\rewrite.php(47): require_once('C:\\Users\\rimuru\\Development\\web-komisioning\\public\\index.php')
WARNING - 2023-05-04 10:53:32 --> [DEPRECATED] Creation of dynamic property App\Controllers\Penyulang::$modem is deprecated in APPPATH\Controllers\Penyulang.php on line 27.
 1 SYSTEMPATH\CodeIgniter.php(906): App\Controllers\Penyulang->__construct()
 2 SYSTEMPATH\CodeIgniter.php(490): CodeIgniter\CodeIgniter->createController()
 3 SYSTEMPATH\CodeIgniter.php(368): CodeIgniter\CodeIgniter->handleRequest(null, Object(Config\Cache), false)
 4 FCPATH\index.php(67): CodeIgniter\CodeIgniter->run()
 5 SYSTEMPATH\Commands\Server\rewrite.php(47): require_once('C:\\Users\\rimuru\\Development\\web-komisioning\\public\\index.php')
WARNING - 2023-05-04 10:53:32 --> [DEPRECATED] Creation of dynamic property App\Controllers\Penyulang::$sectoral is deprecated in APPPATH\Controllers\Penyulang.php on line 28.
 1 SYSTEMPATH\CodeIgniter.php(906): App\Controllers\Penyulang->__construct()
 2 SYSTEMPATH\CodeIgniter.php(490): CodeIgniter\CodeIgniter->createController()
 3 SYSTEMPATH\CodeIgniter.php(368): CodeIgniter\CodeIgniter->handleRequest(null, Object(Config\Cache), false)
 4 FCPATH\index.php(67): CodeIgniter\CodeIgniter->run()
 5 SYSTEMPATH\Commands\Server\rewrite.php(47): require_once('C:\\Users\\rimuru\\Development\\web-komisioning\\public\\index.php')
WARNING - 2023-05-04 10:53:32 --> [DEPRECATED] Creation of dynamic property App\Controllers\Penyulang::$admin is deprecated in APPPATH\Controllers\Penyulang.php on line 29.
 1 SYSTEMPATH\CodeIgniter.php(906): App\Controllers\Penyulang->__construct()
 2 SYSTEMPATH\CodeIgniter.php(490): CodeIgniter\CodeIgniter->createController()
 3 SYSTEMPATH\CodeIgniter.php(368): CodeIgniter\CodeIgniter->handleRequest(null, Object(Config\Cache), false)
 4 FCPATH\index.php(67): CodeIgniter\CodeIgniter->run()
 5 SYSTEMPATH\Commands\Server\rewrite.php(47): require_once('C:\\Users\\rimuru\\Development\\web-komisioning\\public\\index.php')
WARNING - 2023-05-04 10:53:32 --> [DEPRECATED] Creation of dynamic property App\Controllers\Penyulang::$merkrtugi is deprecated in APPPATH\Controllers\Penyulang.php on line 30.
 1 SYSTEMPATH\CodeIgniter.php(906): App\Controllers\Penyulang->__construct()
 2 SYSTEMPATH\CodeIgniter.php(490): CodeIgniter\CodeIgniter->createController()
 3 SYSTEMPATH\CodeIgniter.php(368): CodeIgniter\CodeIgniter->handleRequest(null, Object(Config\Cache), false)
 4 FCPATH\index.php(67): CodeIgniter\CodeIgniter->run()
 5 SYSTEMPATH\Commands\Server\rewrite.php(47): require_once('C:\\Users\\rimuru\\Development\\web-komisioning\\public\\index.php')
INFO - 2023-05-04 10:53:37 --> Session: Class initialized using 'CodeIgniter\Session\Handlers\FileHandler' driver.
WARNING - 2023-05-04 10:53:37 --> [DEPRECATED] Creation of dynamic property App\Controllers\Keypoint::$formkp is deprecated in APPPATH\Controllers\Keypoint.php on line 20.
 1 SYSTEMPATH\CodeIgniter.php(906): App\Controllers\Keypoint->__construct()
 2 SYSTEMPATH\CodeIgniter.php(490): CodeIgniter\CodeIgniter->createController()
 3 SYSTEMPATH\CodeIgniter.php(368): CodeIgniter\CodeIgniter->handleRequest(null, Object(Config\Cache), false)
 4 FCPATH\index.php(67): CodeIgniter\CodeIgniter->run()
 5 SYSTEMPATH\Commands\Server\rewrite.php(47): require_once('C:\\Users\\rimuru\\Development\\web-komisioning\\public\\index.php')
WARNING - 2023-05-04 10:53:37 --> [DEPRECATED] Creation of dynamic property App\Controllers\Keypoint::$komkp is deprecated in APPPATH\Controllers\Keypoint.php on line 21.
 1 SYSTEMPATH\CodeIgniter.php(906): App\Controllers\Keypoint->__construct()
 2 SYSTEMPATH\CodeIgniter.php(490): CodeIgniter\CodeIgniter->createController()
 3 SYSTEMPATH\CodeIgniter.php(368): CodeIgniter\CodeIgniter->handleRequest(null, Object(Config\Cache), false)
 4 FCPATH\index.php(67): CodeIgniter\CodeIgniter->run()
 5 SYSTEMPATH\Commands\Server\rewrite.php(47): require_once('C:\\Users\\rimuru\\Development\\web-komisioning\\public\\index.php')
WARNING - 2023-05-04 10:53:37 --> [DEPRECATED] Creation of dynamic property App\Controllers\Keypoint::$picmaster is deprecated in APPPATH\Controllers\Keypoint.php on line 22.
 1 SYSTEMPATH\CodeIgniter.php(906): App\Controllers\Keypoint->__construct()
 2 SYSTEMPATH\CodeIgniter.php(490): CodeIgniter\CodeIgniter->createController()
 3 SYSTEMPATH\CodeIgniter.php(368): CodeIgniter\CodeIgniter->handleRequest(null, Object(Config\Cache), false)
 4 FCPATH\index.php(67): CodeIgniter\CodeIgniter->run()
 5 SYSTEMPATH\Commands\Server\rewrite.php(47): require_once('C:\\Users\\rimuru\\Development\\web-komisioning\\public\\index.php')
WARNING - 2023-05-04 10:53:37 --> [DEPRECATED] Creation of dynamic property App\Controllers\Keypoint::$medkom is deprecated in APPPATH\Controllers\Keypoint.php on line 23.
 1 SYSTEMPATH\CodeIgniter.php(906): App\Controllers\Keypoint->__construct()
 2 SYSTEMPATH\CodeIgniter.php(490): CodeIgniter\CodeIgniter->createController()
 3 SYSTEMPATH\CodeIgniter.php(368): CodeIgniter\CodeIgniter->handleRequest(null, Object(Config\Cache), false)
 4 FCPATH\index.php(67): CodeIgniter\CodeIgniter->run()
 5 SYSTEMPATH\Commands\Server\rewrite.php(47): require_once('C:\\Users\\rimuru\\Development\\web-komisioning\\public\\index.php')
WARNING - 2023-05-04 10:53:37 --> [DEPRECATED] Creation of dynamic property App\Controllers\Keypoint::$merklbs is deprecated in APPPATH\Controllers\Keypoint.php on line 24.
 1 SYSTEMPATH\CodeIgniter.php(906): App\Controllers\Keypoint->__construct()
 2 SYSTEMPATH\CodeIgniter.php(490): CodeIgniter\CodeIgniter->createController()
 3 SYSTEMPATH\CodeIgniter.php(368): CodeIgniter\CodeIgniter->handleRequest(null, Object(Config\Cache), false)
 4 FCPATH\index.php(67): CodeIgniter\CodeIgniter->run()
 5 SYSTEMPATH\Commands\Server\rewrite.php(47): require_once('C:\\Users\\rimuru\\Development\\web-komisioning\\public\\index.php')
WARNING - 2023-05-04 10:53:37 --> [DEPRECATED] Creation of dynamic property App\Controllers\Keypoint::$garduinduk is deprecated in APPPATH\Controllers\Keypoint.php on line 25.
 1 SYSTEMPATH\CodeIgniter.php(906): App\Controllers\Keypoint->__construct()
 2 SYSTEMPATH\CodeIgniter.php(490): CodeIgniter\CodeIgniter->createController()
 3 SYSTEMPATH\CodeIgniter.php(368): CodeIgniter\CodeIgniter->handleRequest(null, Object(Config\Cache), false)
 4 FCPATH\index.php(67): CodeIgniter\CodeIgniter->run()
 5 SYSTEMPATH\Commands\Server\rewrite.php(47): require_once('C:\\Users\\rimuru\\Development\\web-komisioning\\public\\index.php')
WARNING - 2023-05-04 10:53:37 --> [DEPRECATED] Creation of dynamic property App\Controllers\Keypoint::$modem is deprecated in APPPATH\Controllers\Keypoint.php on line 26.
 1 SYSTEMPATH\CodeIgniter.php(906): App\Controllers\Keypoint->__construct()
 2 SYSTEMPATH\CodeIgniter.php(490): CodeIgniter\CodeIgniter->createController()
 3 SYSTEMPATH\CodeIgniter.php(368): CodeIgniter\CodeIgniter->handleRequest(null, Object(Config\Cache), false)
 4 FCPATH\index.php(67): CodeIgniter\CodeIgniter->run()
 5 SYSTEMPATH\Commands\Server\rewrite.php(47): require_once('C:\\Users\\rimuru\\Development\\web-komisioning\\public\\index.php')
WARNING - 2023-05-04 10:53:37 --> [DEPRECATED] Creation of dynamic property App\Controllers\Keypoint::$sectoral is deprecated in APPPATH\Controllers\Keypoint.php on line 27.
 1 SYSTEMPATH\CodeIgniter.php(906): App\Controllers\Keypoint->__construct()
 2 SYSTEMPATH\CodeIgniter.php(490): CodeIgniter\CodeIgniter->createController()
 3 SYSTEMPATH\CodeIgniter.php(368): CodeIgniter\CodeIgniter->handleRequest(null, Object(Config\Cache), false)
 4 FCPATH\index.php(67): CodeIgniter\CodeIgniter->run()
 5 SYSTEMPATH\Commands\Server\rewrite.php(47): require_once('C:\\Users\\rimuru\\Development\\web-komisioning\\public\\index.php')
WARNING - 2023-05-04 10:53:37 --> [DEPRECATED] Creation of dynamic property App\Controllers\Keypoint::$admin is deprecated in APPPATH\Controllers\Keypoint.php on line 28.
 1 SYSTEMPATH\CodeIgniter.php(906): App\Controllers\Keypoint->__construct()
 2 SYSTEMPATH\CodeIgniter.php(490): CodeIgniter\CodeIgniter->createController()
 3 SYSTEMPATH\CodeIgniter.php(368): CodeIgniter\CodeIgniter->handleRequest(null, Object(Config\Cache), false)
 4 FCPATH\index.php(67): CodeIgniter\CodeIgniter->run()
 5 SYSTEMPATH\Commands\Server\rewrite.php(47): require_once('C:\\Users\\rimuru\\Development\\web-komisioning\\public\\index.php')
INFO - 2023-05-04 10:57:26 --> Session: Class initialized using 'CodeIgniter\Session\Handlers\FileHandler' driver.
WARNING - 2023-05-04 10:57:27 --> [DEPRECATED] Creation of dynamic property App\Controllers\Keypoint::$formkp is deprecated in APPPATH\Controllers\Keypoint.php on line 20.
 1 SYSTEMPATH\CodeIgniter.php(906): App\Controllers\Keypoint->__construct()
 2 SYSTEMPATH\CodeIgniter.php(490): CodeIgniter\CodeIgniter->createController()
 3 SYSTEMPATH\CodeIgniter.php(368): CodeIgniter\CodeIgniter->handleRequest(null, Object(Config\Cache), false)
 4 FCPATH\index.php(67): CodeIgniter\CodeIgniter->run()
 5 SYSTEMPATH\Commands\Server\rewrite.php(47): require_once('C:\\Users\\rimuru\\Development\\web-komisioning\\public\\index.php')
WARNING - 2023-05-04 10:57:27 --> [DEPRECATED] Creation of dynamic property App\Controllers\Keypoint::$komkp is deprecated in APPPATH\Controllers\Keypoint.php on line 21.
 1 SYSTEMPATH\CodeIgniter.php(906): App\Controllers\Keypoint->__construct()
 2 SYSTEMPATH\CodeIgniter.php(490): CodeIgniter\CodeIgniter->createController()
 3 SYSTEMPATH\CodeIgniter.php(368): CodeIgniter\CodeIgniter->handleRequest(null, Object(Config\Cache), false)
 4 FCPATH\index.php(67): CodeIgniter\CodeIgniter->run()
 5 SYSTEMPATH\Commands\Server\rewrite.php(47): require_once('C:\\Users\\rimuru\\Development\\web-komisioning\\public\\index.php')
WARNING - 2023-05-04 10:57:27 --> [DEPRECATED] Creation of dynamic property App\Controllers\Keypoint::$picmaster is deprecated in APPPATH\Controllers\Keypoint.php on line 22.
 1 SYSTEMPATH\CodeIgniter.php(906): App\Controllers\Keypoint->__construct()
 2 SYSTEMPATH\CodeIgniter.php(490): CodeIgniter\CodeIgniter->createController()
 3 SYSTEMPATH\CodeIgniter.php(368): CodeIgniter\CodeIgniter->handleRequest(null, Object(Config\Cache), false)
 4 FCPATH\index.php(67): CodeIgniter\CodeIgniter->run()
 5 SYSTEMPATH\Commands\Server\rewrite.php(47): require_once('C:\\Users\\rimuru\\Development\\web-komisioning\\public\\index.php')
WARNING - 2023-05-04 10:57:27 --> [DEPRECATED] Creation of dynamic property App\Controllers\Keypoint::$medkom is deprecated in APPPATH\Controllers\Keypoint.php on line 23.
 1 SYSTEMPATH\CodeIgniter.php(906): App\Controllers\Keypoint->__construct()
 2 SYSTEMPATH\CodeIgniter.php(490): CodeIgniter\CodeIgniter->createController()
 3 SYSTEMPATH\CodeIgniter.php(368): CodeIgniter\CodeIgniter->handleRequest(null, Object(Config\Cache), false)
 4 FCPATH\index.php(67): CodeIgniter\CodeIgniter->run()
 5 SYSTEMPATH\Commands\Server\rewrite.php(47): require_once('C:\\Users\\rimuru\\Development\\web-komisioning\\public\\index.php')
WARNING - 2023-05-04 10:57:27 --> [DEPRECATED] Creation of dynamic property App\Controllers\Keypoint::$merklbs is deprecated in APPPATH\Controllers\Keypoint.php on line 24.
 1 SYSTEMPATH\CodeIgniter.php(906): App\Controllers\Keypoint->__construct()
 2 SYSTEMPATH\CodeIgniter.php(490): CodeIgniter\CodeIgniter->createController()
 3 SYSTEMPATH\CodeIgniter.php(368): CodeIgniter\CodeIgniter->handleRequest(null, Object(Config\Cache), false)
 4 FCPATH\index.php(67): CodeIgniter\CodeIgniter->run()
 5 SYSTEMPATH\Commands\Server\rewrite.php(47): require_once('C:\\Users\\rimuru\\Development\\web-komisioning\\public\\index.php')
WARNING - 2023-05-04 10:57:27 --> [DEPRECATED] Creation of dynamic property App\Controllers\Keypoint::$garduinduk is deprecated in APPPATH\Controllers\Keypoint.php on line 25.
 1 SYSTEMPATH\CodeIgniter.php(906): App\Controllers\Keypoint->__construct()
 2 SYSTEMPATH\CodeIgniter.php(490): CodeIgniter\CodeIgniter->createController()
 3 SYSTEMPATH\CodeIgniter.php(368): CodeIgniter\CodeIgniter->handleRequest(null, Object(Config\Cache), false)
 4 FCPATH\index.php(67): CodeIgniter\CodeIgniter->run()
 5 SYSTEMPATH\Commands\Server\rewrite.php(47): require_once('C:\\Users\\rimuru\\Development\\web-komisioning\\public\\index.php')
WARNING - 2023-05-04 10:57:27 --> [DEPRECATED] Creation of dynamic property App\Controllers\Keypoint::$modem is deprecated in APPPATH\Controllers\Keypoint.php on line 26.
 1 SYSTEMPATH\CodeIgniter.php(906): App\Controllers\Keypoint->__construct()
 2 SYSTEMPATH\CodeIgniter.php(490): CodeIgniter\CodeIgniter->createController()
 3 SYSTEMPATH\CodeIgniter.php(368): CodeIgniter\CodeIgniter->handleRequest(null, Object(Config\Cache), false)
 4 FCPATH\index.php(67): CodeIgniter\CodeIgniter->run()
 5 SYSTEMPATH\Commands\Server\rewrite.php(47): require_once('C:\\Users\\rimuru\\Development\\web-komisioning\\public\\index.php')
WARNING - 2023-05-04 10:57:27 --> [DEPRECATED] Creation of dynamic property App\Controllers\Keypoint::$sectoral is deprecated in APPPATH\Controllers\Keypoint.php on line 27.
 1 SYSTEMPATH\CodeIgniter.php(906): App\Controllers\Keypoint->__construct()
 2 SYSTEMPATH\CodeIgniter.php(490): CodeIgniter\CodeIgniter->createController()
 3 SYSTEMPATH\CodeIgniter.php(368): CodeIgniter\CodeIgniter->handleRequest(null, Object(Config\Cache), false)
 4 FCPATH\index.php(67): CodeIgniter\CodeIgniter->run()
 5 SYSTEMPATH\Commands\Server\rewrite.php(47): require_once('C:\\Users\\rimuru\\Development\\web-komisioning\\public\\index.php')
WARNING - 2023-05-04 10:57:27 --> [DEPRECATED] Creation of dynamic property App\Controllers\Keypoint::$admin is deprecated in APPPATH\Controllers\Keypoint.php on line 28.
 1 SYSTEMPATH\CodeIgniter.php(906): App\Controllers\Keypoint->__construct()
 2 SYSTEMPATH\CodeIgniter.php(490): CodeIgniter\CodeIgniter->createController()
 3 SYSTEMPATH\CodeIgniter.php(368): CodeIgniter\CodeIgniter->handleRequest(null, Object(Config\Cache), false)
 4 FCPATH\index.php(67): CodeIgniter\CodeIgniter->run()
 5 SYSTEMPATH\Commands\Server\rewrite.php(47): require_once('C:\\Users\\rimuru\\Development\\web-komisioning\\public\\index.php')
INFO - 2023-05-04 11:07:57 --> Session: Class initialized using 'CodeIgniter\Session\Handlers\FileHandler' driver.
WARNING - 2023-05-04 11:07:57 --> [DEPRECATED] Creation of dynamic property App\Controllers\Penyulang::$formpeny is deprecated in APPPATH\Controllers\Penyulang.php on line 22.
 1 SYSTEMPATH\CodeIgniter.php(906): App\Controllers\Penyulang->__construct()
 2 SYSTEMPATH\CodeIgniter.php(490): CodeIgniter\CodeIgniter->createController()
 3 SYSTEMPATH\CodeIgniter.php(368): CodeIgniter\CodeIgniter->handleRequest(null, Object(Config\Cache), false)
 4 FCPATH\index.php(67): CodeIgniter\CodeIgniter->run()
 5 SYSTEMPATH\Commands\Server\rewrite.php(47): require_once('C:\\Users\\rimuru\\Development\\web-komisioning\\public\\index.php')
WARNING - 2023-05-04 11:07:57 --> [DEPRECATED] Creation of dynamic property App\Controllers\Penyulang::$komkp is deprecated in APPPATH\Controllers\Penyulang.php on line 23.
 1 SYSTEMPATH\CodeIgniter.php(906): App\Controllers\Penyulang->__construct()
 2 SYSTEMPATH\CodeIgniter.php(490): CodeIgniter\CodeIgniter->createController()
 3 SYSTEMPATH\CodeIgniter.php(368): CodeIgniter\CodeIgniter->handleRequest(null, Object(Config\Cache), false)
 4 FCPATH\index.php(67): CodeIgniter\CodeIgniter->run()
 5 SYSTEMPATH\Commands\Server\rewrite.php(47): require_once('C:\\Users\\rimuru\\Development\\web-komisioning\\public\\index.php')
WARNING - 2023-05-04 11:07:57 --> [DEPRECATED] Creation of dynamic property App\Controllers\Penyulang::$picmaster is deprecated in APPPATH\Controllers\Penyulang.php on line 24.
 1 SYSTEMPATH\CodeIgniter.php(906): App\Controllers\Penyulang->__construct()
 2 SYSTEMPATH\CodeIgniter.php(490): CodeIgniter\CodeIgniter->createController()
 3 SYSTEMPATH\CodeIgniter.php(368): CodeIgniter\CodeIgniter->handleRequest(null, Object(Config\Cache), false)
 4 FCPATH\index.php(67): CodeIgniter\CodeIgniter->run()
 5 SYSTEMPATH\Commands\Server\rewrite.php(47): require_once('C:\\Users\\rimuru\\Development\\web-komisioning\\public\\index.php')
WARNING - 2023-05-04 11:07:57 --> [DEPRECATED] Creation of dynamic property App\Controllers\Penyulang::$medkom is deprecated in APPPATH\Controllers\Penyulang.php on line 25.
 1 SYSTEMPATH\CodeIgniter.php(906): App\Controllers\Penyulang->__construct()
 2 SYSTEMPATH\CodeIgniter.php(490): CodeIgniter\CodeIgniter->createController()
 3 SYSTEMPATH\CodeIgniter.php(368): CodeIgniter\CodeIgniter->handleRequest(null, Object(Config\Cache), false)
 4 FCPATH\index.php(67): CodeIgniter\CodeIgniter->run()
 5 SYSTEMPATH\Commands\Server\rewrite.php(47): require_once('C:\\Users\\rimuru\\Development\\web-komisioning\\public\\index.php')
WARNING - 2023-05-04 11:07:57 --> [DEPRECATED] Creation of dynamic property App\Controllers\Penyulang::$garduinduk is deprecated in APPPATH\Controllers\Penyulang.php on line 26.
 1 SYSTEMPATH\CodeIgniter.php(906): App\Controllers\Penyulang->__construct()
 2 SYSTEMPATH\CodeIgniter.php(490): CodeIgniter\CodeIgniter->createController()
 3 SYSTEMPATH\CodeIgniter.php(368): CodeIgniter\CodeIgniter->handleRequest(null, Object(Config\Cache), false)
 4 FCPATH\index.php(67): CodeIgniter\CodeIgniter->run()
 5 SYSTEMPATH\Commands\Server\rewrite.php(47): require_once('C:\\Users\\rimuru\\Development\\web-komisioning\\public\\index.php')
WARNING - 2023-05-04 11:07:57 --> [DEPRECATED] Creation of dynamic property App\Controllers\Penyulang::$modem is deprecated in APPPATH\Controllers\Penyulang.php on line 27.
 1 SYSTEMPATH\CodeIgniter.php(906): App\Controllers\Penyulang->__construct()
 2 SYSTEMPATH\CodeIgniter.php(490): CodeIgniter\CodeIgniter->createController()
 3 SYSTEMPATH\CodeIgniter.php(368): CodeIgniter\CodeIgniter->handleRequest(null, Object(Config\Cache), false)
 4 FCPATH\index.php(67): CodeIgniter\CodeIgniter->run()
 5 SYSTEMPATH\Commands\Server\rewrite.php(47): require_once('C:\\Users\\rimuru\\Development\\web-komisioning\\public\\index.php')
WARNING - 2023-05-04 11:07:57 --> [DEPRECATED] Creation of dynamic property App\Controllers\Penyulang::$sectoral is deprecated in APPPATH\Controllers\Penyulang.php on line 28.
 1 SYSTEMPATH\CodeIgniter.php(906): App\Controllers\Penyulang->__construct()
 2 SYSTEMPATH\CodeIgniter.php(490): CodeIgniter\CodeIgniter->createController()
 3 SYSTEMPATH\CodeIgniter.php(368): CodeIgniter\CodeIgniter->handleRequest(null, Object(Config\Cache), false)
 4 FCPATH\index.php(67): CodeIgniter\CodeIgniter->run()
 5 SYSTEMPATH\Commands\Server\rewrite.php(47): require_once('C:\\Users\\rimuru\\Development\\web-komisioning\\public\\index.php')
WARNING - 2023-05-04 11:07:57 --> [DEPRECATED] Creation of dynamic property App\Controllers\Penyulang::$admin is deprecated in APPPATH\Controllers\Penyulang.php on line 29.
 1 SYSTEMPATH\CodeIgniter.php(906): App\Controllers\Penyulang->__construct()
 2 SYSTEMPATH\CodeIgniter.php(490): CodeIgniter\CodeIgniter->createController()
 3 SYSTEMPATH\CodeIgniter.php(368): CodeIgniter\CodeIgniter->handleRequest(null, Object(Config\Cache), false)
 4 FCPATH\index.php(67): CodeIgniter\CodeIgniter->run()
 5 SYSTEMPATH\Commands\Server\rewrite.php(47): require_once('C:\\Users\\rimuru\\Development\\web-komisioning\\public\\index.php')
WARNING - 2023-05-04 11:07:57 --> [DEPRECATED] Creation of dynamic property App\Controllers\Penyulang::$merkrtugi is deprecated in APPPATH\Controllers\Penyulang.php on line 30.
 1 SYSTEMPATH\CodeIgniter.php(906): App\Controllers\Penyulang->__construct()
 2 SYSTEMPATH\CodeIgniter.php(490): CodeIgniter\CodeIgniter->createController()
 3 SYSTEMPATH\CodeIgniter.php(368): CodeIgniter\CodeIgniter->handleRequest(null, Object(Config\Cache), false)
 4 FCPATH\index.php(67): CodeIgniter\CodeIgniter->run()
 5 SYSTEMPATH\Commands\Server\rewrite.php(47): require_once('C:\\Users\\rimuru\\Development\\web-komisioning\\public\\index.php')
INFO - 2023-05-04 11:41:29 --> Session: Class initialized using 'CodeIgniter\Session\Handlers\FileHandler' driver.
WARNING - 2023-05-04 11:41:29 --> [DEPRECATED] Creation of dynamic property App\Controllers\Penyulang::$formpeny is deprecated in APPPATH\Controllers\Penyulang.php on line 22.
 1 SYSTEMPATH\CodeIgniter.php(906): App\Controllers\Penyulang->__construct()
 2 SYSTEMPATH\CodeIgniter.php(490): CodeIgniter\CodeIgniter->createController()
 3 SYSTEMPATH\CodeIgniter.php(368): CodeIgniter\CodeIgniter->handleRequest(null, Object(Config\Cache), false)
 4 FCPATH\index.php(67): CodeIgniter\CodeIgniter->run()
 5 SYSTEMPATH\Commands\Server\rewrite.php(47): require_once('C:\\Users\\rimuru\\Development\\web-komisioning\\public\\index.php')
WARNING - 2023-05-04 11:41:29 --> [DEPRECATED] Creation of dynamic property App\Controllers\Penyulang::$komkp is deprecated in APPPATH\Controllers\Penyulang.php on line 23.
 1 SYSTEMPATH\CodeIgniter.php(906): App\Controllers\Penyulang->__construct()
 2 SYSTEMPATH\CodeIgniter.php(490): CodeIgniter\CodeIgniter->createController()
 3 SYSTEMPATH\CodeIgniter.php(368): CodeIgniter\CodeIgniter->handleRequest(null, Object(Config\Cache), false)
 4 FCPATH\index.php(67): CodeIgniter\CodeIgniter->run()
 5 SYSTEMPATH\Commands\Server\rewrite.php(47): require_once('C:\\Users\\rimuru\\Development\\web-komisioning\\public\\index.php')
WARNING - 2023-05-04 11:41:29 --> [DEPRECATED] Creation of dynamic property App\Controllers\Penyulang::$picmaster is deprecated in APPPATH\Controllers\Penyulang.php on line 24.
 1 SYSTEMPATH\CodeIgniter.php(906): App\Controllers\Penyulang->__construct()
 2 SYSTEMPATH\CodeIgniter.php(490): CodeIgniter\CodeIgniter->createController()
 3 SYSTEMPATH\CodeIgniter.php(368): CodeIgniter\CodeIgniter->handleRequest(null, Object(Config\Cache), false)
 4 FCPATH\index.php(67): CodeIgniter\CodeIgniter->run()
 5 SYSTEMPATH\Commands\Server\rewrite.php(47): require_once('C:\\Users\\rimuru\\Development\\web-komisioning\\public\\index.php')
WARNING - 2023-05-04 11:41:29 --> [DEPRECATED] Creation of dynamic property App\Controllers\Penyulang::$medkom is deprecated in APPPATH\Controllers\Penyulang.php on line 25.
 1 SYSTEMPATH\CodeIgniter.php(906): App\Controllers\Penyulang->__construct()
 2 SYSTEMPATH\CodeIgniter.php(490): CodeIgniter\CodeIgniter->createController()
 3 SYSTEMPATH\CodeIgniter.php(368): CodeIgniter\CodeIgniter->handleRequest(null, Object(Config\Cache), false)
 4 FCPATH\index.php(67): CodeIgniter\CodeIgniter->run()
 5 SYSTEMPATH\Commands\Server\rewrite.php(47): require_once('C:\\Users\\rimuru\\Development\\web-komisioning\\public\\index.php')
WARNING - 2023-05-04 11:41:29 --> [DEPRECATED] Creation of dynamic property App\Controllers\Penyulang::$garduinduk is deprecated in APPPATH\Controllers\Penyulang.php on line 26.
 1 SYSTEMPATH\CodeIgniter.php(906): App\Controllers\Penyulang->__construct()
 2 SYSTEMPATH\CodeIgniter.php(490): CodeIgniter\CodeIgniter->createController()
 3 SYSTEMPATH\CodeIgniter.php(368): CodeIgniter\CodeIgniter->handleRequest(null, Object(Config\Cache), false)
 4 FCPATH\index.php(67): CodeIgniter\CodeIgniter->run()
 5 SYSTEMPATH\Commands\Server\rewrite.php(47): require_once('C:\\Users\\rimuru\\Development\\web-komisioning\\public\\index.php')
WARNING - 2023-05-04 11:41:29 --> [DEPRECATED] Creation of dynamic property App\Controllers\Penyulang::$modem is deprecated in APPPATH\Controllers\Penyulang.php on line 27.
 1 SYSTEMPATH\CodeIgniter.php(906): App\Controllers\Penyulang->__construct()
 2 SYSTEMPATH\CodeIgniter.php(490): CodeIgniter\CodeIgniter->createController()
 3 SYSTEMPATH\CodeIgniter.php(368): CodeIgniter\CodeIgniter->handleRequest(null, Object(Config\Cache), false)
 4 FCPATH\index.php(67): CodeIgniter\CodeIgniter->run()
 5 SYSTEMPATH\Commands\Server\rewrite.php(47): require_once('C:\\Users\\rimuru\\Development\\web-komisioning\\public\\index.php')
WARNING - 2023-05-04 11:41:29 --> [DEPRECATED] Creation of dynamic property App\Controllers\Penyulang::$sectoral is deprecated in APPPATH\Controllers\Penyulang.php on line 28.
 1 SYSTEMPATH\CodeIgniter.php(906): App\Controllers\Penyulang->__construct()
 2 SYSTEMPATH\CodeIgniter.php(490): CodeIgniter\CodeIgniter->createController()
 3 SYSTEMPATH\CodeIgniter.php(368): CodeIgniter\CodeIgniter->handleRequest(null, Object(Config\Cache), false)
 4 FCPATH\index.php(67): CodeIgniter\CodeIgniter->run()
 5 SYSTEMPATH\Commands\Server\rewrite.php(47): require_once('C:\\Users\\rimuru\\Development\\web-komisioning\\public\\index.php')
WARNING - 2023-05-04 11:41:29 --> [DEPRECATED] Creation of dynamic property App\Controllers\Penyulang::$admin is deprecated in APPPATH\Controllers\Penyulang.php on line 29.
 1 SYSTEMPATH\CodeIgniter.php(906): App\Controllers\Penyulang->__construct()
 2 SYSTEMPATH\CodeIgniter.php(490): CodeIgniter\CodeIgniter->createController()
 3 SYSTEMPATH\CodeIgniter.php(368): CodeIgniter\CodeIgniter->handleRequest(null, Object(Config\Cache), false)
 4 FCPATH\index.php(67): CodeIgniter\CodeIgniter->run()
 5 SYSTEMPATH\Commands\Server\rewrite.php(47): require_once('C:\\Users\\rimuru\\Development\\web-komisioning\\public\\index.php')
WARNING - 2023-05-04 11:41:29 --> [DEPRECATED] Creation of dynamic property App\Controllers\Penyulang::$merkrtugi is deprecated in APPPATH\Controllers\Penyulang.php on line 30.
 1 SYSTEMPATH\CodeIgniter.php(906): App\Controllers\Penyulang->__construct()
 2 SYSTEMPATH\CodeIgniter.php(490): CodeIgniter\CodeIgniter->createController()
 3 SYSTEMPATH\CodeIgniter.php(368): CodeIgniter\CodeIgniter->handleRequest(null, Object(Config\Cache), false)
 4 FCPATH\index.php(67): CodeIgniter\CodeIgniter->run()
 5 SYSTEMPATH\Commands\Server\rewrite.php(47): require_once('C:\\Users\\rimuru\\Development\\web-komisioning\\public\\index.php')
INFO - 2023-05-04 11:41:46 --> Session: Class initialized using 'CodeIgniter\Session\Handlers\FileHandler' driver.
WARNING - 2023-05-04 11:41:46 --> [DEPRECATED] Creation of dynamic property App\Controllers\Penyulang::$formpeny is deprecated in APPPATH\Controllers\Penyulang.php on line 22.
 1 SYSTEMPATH\CodeIgniter.php(906): App\Controllers\Penyulang->__construct()
 2 SYSTEMPATH\CodeIgniter.php(490): CodeIgniter\CodeIgniter->createController()
 3 SYSTEMPATH\CodeIgniter.php(368): CodeIgniter\CodeIgniter->handleRequest(null, Object(Config\Cache), false)
 4 FCPATH\index.php(67): CodeIgniter\CodeIgniter->run()
 5 SYSTEMPATH\Commands\Server\rewrite.php(47): require_once('C:\\Users\\rimuru\\Development\\web-komisioning\\public\\index.php')
WARNING - 2023-05-04 11:41:46 --> [DEPRECATED] Creation of dynamic property App\Controllers\Penyulang::$komkp is deprecated in APPPATH\Controllers\Penyulang.php on line 23.
 1 SYSTEMPATH\CodeIgniter.php(906): App\Controllers\Penyulang->__construct()
 2 SYSTEMPATH\CodeIgniter.php(490): CodeIgniter\CodeIgniter->createController()
 3 SYSTEMPATH\CodeIgniter.php(368): CodeIgniter\CodeIgniter->handleRequest(null, Object(Config\Cache), false)
 4 FCPATH\index.php(67): CodeIgniter\CodeIgniter->run()
 5 SYSTEMPATH\Commands\Server\rewrite.php(47): require_once('C:\\Users\\rimuru\\Development\\web-komisioning\\public\\index.php')
WARNING - 2023-05-04 11:41:46 --> [DEPRECATED] Creation of dynamic property App\Controllers\Penyulang::$picmaster is deprecated in APPPATH\Controllers\Penyulang.php on line 24.
 1 SYSTEMPATH\CodeIgniter.php(906): App\Controllers\Penyulang->__construct()
 2 SYSTEMPATH\CodeIgniter.php(490): CodeIgniter\CodeIgniter->createController()
 3 SYSTEMPATH\CodeIgniter.php(368): CodeIgniter\CodeIgniter->handleRequest(null, Object(Config\Cache), false)
 4 FCPATH\index.php(67): CodeIgniter\CodeIgniter->run()
 5 SYSTEMPATH\Commands\Server\rewrite.php(47): require_once('C:\\Users\\rimuru\\Development\\web-komisioning\\public\\index.php')
WARNING - 2023-05-04 11:41:46 --> [DEPRECATED] Creation of dynamic property App\Controllers\Penyulang::$medkom is deprecated in APPPATH\Controllers\Penyulang.php on line 25.
 1 SYSTEMPATH\CodeIgniter.php(906): App\Controllers\Penyulang->__construct()
 2 SYSTEMPATH\CodeIgniter.php(490): CodeIgniter\CodeIgniter->createController()
 3 SYSTEMPATH\CodeIgniter.php(368): CodeIgniter\CodeIgniter->handleRequest(null, Object(Config\Cache), false)
 4 FCPATH\index.php(67): CodeIgniter\CodeIgniter->run()
 5 SYSTEMPATH\Commands\Server\rewrite.php(47): require_once('C:\\Users\\rimuru\\Development\\web-komisioning\\public\\index.php')
WARNING - 2023-05-04 11:41:46 --> [DEPRECATED] Creation of dynamic property App\Controllers\Penyulang::$garduinduk is deprecated in APPPATH\Controllers\Penyulang.php on line 26.
 1 SYSTEMPATH\CodeIgniter.php(906): App\Controllers\Penyulang->__construct()
 2 SYSTEMPATH\CodeIgniter.php(490): CodeIgniter\CodeIgniter->createController()
 3 SYSTEMPATH\CodeIgniter.php(368): CodeIgniter\CodeIgniter->handleRequest(null, Object(Config\Cache), false)
 4 FCPATH\index.php(67): CodeIgniter\CodeIgniter->run()
 5 SYSTEMPATH\Commands\Server\rewrite.php(47): require_once('C:\\Users\\rimuru\\Development\\web-komisioning\\public\\index.php')
WARNING - 2023-05-04 11:41:46 --> [DEPRECATED] Creation of dynamic property App\Controllers\Penyulang::$modem is deprecated in APPPATH\Controllers\Penyulang.php on line 27.
 1 SYSTEMPATH\CodeIgniter.php(906): App\Controllers\Penyulang->__construct()
 2 SYSTEMPATH\CodeIgniter.php(490): CodeIgniter\CodeIgniter->createController()
 3 SYSTEMPATH\CodeIgniter.php(368): CodeIgniter\CodeIgniter->handleRequest(null, Object(Config\Cache), false)
 4 FCPATH\index.php(67): CodeIgniter\CodeIgniter->run()
 5 SYSTEMPATH\Commands\Server\rewrite.php(47): require_once('C:\\Users\\rimuru\\Development\\web-komisioning\\public\\index.php')
WARNING - 2023-05-04 11:41:46 --> [DEPRECATED] Creation of dynamic property App\Controllers\Penyulang::$sectoral is deprecated in APPPATH\Controllers\Penyulang.php on line 28.
 1 SYSTEMPATH\CodeIgniter.php(906): App\Controllers\Penyulang->__construct()
 2 SYSTEMPATH\CodeIgniter.php(490): CodeIgniter\CodeIgniter->createController()
 3 SYSTEMPATH\CodeIgniter.php(368): CodeIgniter\CodeIgniter->handleRequest(null, Object(Config\Cache), false)
 4 FCPATH\index.php(67): CodeIgniter\CodeIgniter->run()
 5 SYSTEMPATH\Commands\Server\rewrite.php(47): require_once('C:\\Users\\rimuru\\Development\\web-komisioning\\public\\index.php')
WARNING - 2023-05-04 11:41:46 --> [DEPRECATED] Creation of dynamic property App\Controllers\Penyulang::$admin is deprecated in APPPATH\Controllers\Penyulang.php on line 29.
 1 SYSTEMPATH\CodeIgniter.php(906): App\Controllers\Penyulang->__construct()
 2 SYSTEMPATH\CodeIgniter.php(490): CodeIgniter\CodeIgniter->createController()
 3 SYSTEMPATH\CodeIgniter.php(368): CodeIgniter\CodeIgniter->handleRequest(null, Object(Config\Cache), false)
 4 FCPATH\index.php(67): CodeIgniter\CodeIgniter->run()
 5 SYSTEMPATH\Commands\Server\rewrite.php(47): require_once('C:\\Users\\rimuru\\Development\\web-komisioning\\public\\index.php')
WARNING - 2023-05-04 11:41:46 --> [DEPRECATED] Creation of dynamic property App\Controllers\Penyulang::$merkrtugi is deprecated in APPPATH\Controllers\Penyulang.php on line 30.
 1 SYSTEMPATH\CodeIgniter.php(906): App\Controllers\Penyulang->__construct()
 2 SYSTEMPATH\CodeIgniter.php(490): CodeIgniter\CodeIgniter->createController()
 3 SYSTEMPATH\CodeIgniter.php(368): CodeIgniter\CodeIgniter->handleRequest(null, Object(Config\Cache), false)
 4 FCPATH\index.php(67): CodeIgniter\CodeIgniter->run()
 5 SYSTEMPATH\Commands\Server\rewrite.php(47): require_once('C:\\Users\\rimuru\\Development\\web-komisioning\\public\\index.php')
INFO - 2023-05-04 11:41:57 --> Session: Class initialized using 'CodeIgniter\Session\Handlers\FileHandler' driver.
WARNING - 2023-05-04 11:41:57 --> [DEPRECATED] Creation of dynamic property App\Controllers\Penyulang::$formpeny is deprecated in APPPATH\Controllers\Penyulang.php on line 22.
 1 SYSTEMPATH\CodeIgniter.php(906): App\Controllers\Penyulang->__construct()
 2 SYSTEMPATH\CodeIgniter.php(490): CodeIgniter\CodeIgniter->createController()
 3 SYSTEMPATH\CodeIgniter.php(368): CodeIgniter\CodeIgniter->handleRequest(null, Object(Config\Cache), false)
 4 FCPATH\index.php(67): CodeIgniter\CodeIgniter->run()
 5 SYSTEMPATH\Commands\Server\rewrite.php(47): require_once('C:\\Users\\rimuru\\Development\\web-komisioning\\public\\index.php')
WARNING - 2023-05-04 11:41:57 --> [DEPRECATED] Creation of dynamic property App\Controllers\Penyulang::$komkp is deprecated in APPPATH\Controllers\Penyulang.php on line 23.
 1 SYSTEMPATH\CodeIgniter.php(906): App\Controllers\Penyulang->__construct()
 2 SYSTEMPATH\CodeIgniter.php(490): CodeIgniter\CodeIgniter->createController()
 3 SYSTEMPATH\CodeIgniter.php(368): CodeIgniter\CodeIgniter->handleRequest(null, Object(Config\Cache), false)
 4 FCPATH\index.php(67): CodeIgniter\CodeIgniter->run()
 5 SYSTEMPATH\Commands\Server\rewrite.php(47): require_once('C:\\Users\\rimuru\\Development\\web-komisioning\\public\\index.php')
WARNING - 2023-05-04 11:41:57 --> [DEPRECATED] Creation of dynamic property App\Controllers\Penyulang::$picmaster is deprecated in APPPATH\Controllers\Penyulang.php on line 24.
 1 SYSTEMPATH\CodeIgniter.php(906): App\Controllers\Penyulang->__construct()
 2 SYSTEMPATH\CodeIgniter.php(490): CodeIgniter\CodeIgniter->createController()
 3 SYSTEMPATH\CodeIgniter.php(368): CodeIgniter\CodeIgniter->handleRequest(null, Object(Config\Cache), false)
 4 FCPATH\index.php(67): CodeIgniter\CodeIgniter->run()
 5 SYSTEMPATH\Commands\Server\rewrite.php(47): require_once('C:\\Users\\rimuru\\Development\\web-komisioning\\public\\index.php')
WARNING - 2023-05-04 11:41:57 --> [DEPRECATED] Creation of dynamic property App\Controllers\Penyulang::$medkom is deprecated in APPPATH\Controllers\Penyulang.php on line 25.
 1 SYSTEMPATH\CodeIgniter.php(906): App\Controllers\Penyulang->__construct()
 2 SYSTEMPATH\CodeIgniter.php(490): CodeIgniter\CodeIgniter->createController()
 3 SYSTEMPATH\CodeIgniter.php(368): CodeIgniter\CodeIgniter->handleRequest(null, Object(Config\Cache), false)
 4 FCPATH\index.php(67): CodeIgniter\CodeIgniter->run()
 5 SYSTEMPATH\Commands\Server\rewrite.php(47): require_once('C:\\Users\\rimuru\\Development\\web-komisioning\\public\\index.php')
WARNING - 2023-05-04 11:41:57 --> [DEPRECATED] Creation of dynamic property App\Controllers\Penyulang::$garduinduk is deprecated in APPPATH\Controllers\Penyulang.php on line 26.
 1 SYSTEMPATH\CodeIgniter.php(906): App\Controllers\Penyulang->__construct()
 2 SYSTEMPATH\CodeIgniter.php(490): CodeIgniter\CodeIgniter->createController()
 3 SYSTEMPATH\CodeIgniter.php(368): CodeIgniter\CodeIgniter->handleRequest(null, Object(Config\Cache), false)
 4 FCPATH\index.php(67): CodeIgniter\CodeIgniter->run()
 5 SYSTEMPATH\Commands\Server\rewrite.php(47): require_once('C:\\Users\\rimuru\\Development\\web-komisioning\\public\\index.php')
WARNING - 2023-05-04 11:41:57 --> [DEPRECATED] Creation of dynamic property App\Controllers\Penyulang::$modem is deprecated in APPPATH\Controllers\Penyulang.php on line 27.
 1 SYSTEMPATH\CodeIgniter.php(906): App\Controllers\Penyulang->__construct()
 2 SYSTEMPATH\CodeIgniter.php(490): CodeIgniter\CodeIgniter->createController()
 3 SYSTEMPATH\CodeIgniter.php(368): CodeIgniter\CodeIgniter->handleRequest(null, Object(Config\Cache), false)
 4 FCPATH\index.php(67): CodeIgniter\CodeIgniter->run()
 5 SYSTEMPATH\Commands\Server\rewrite.php(47): require_once('C:\\Users\\rimuru\\Development\\web-komisioning\\public\\index.php')
WARNING - 2023-05-04 11:41:57 --> [DEPRECATED] Creation of dynamic property App\Controllers\Penyulang::$sectoral is deprecated in APPPATH\Controllers\Penyulang.php on line 28.
 1 SYSTEMPATH\CodeIgniter.php(906): App\Controllers\Penyulang->__construct()
 2 SYSTEMPATH\CodeIgniter.php(490): CodeIgniter\CodeIgniter->createController()
 3 SYSTEMPATH\CodeIgniter.php(368): CodeIgniter\CodeIgniter->handleRequest(null, Object(Config\Cache), false)
 4 FCPATH\index.php(67): CodeIgniter\CodeIgniter->run()
 5 SYSTEMPATH\Commands\Server\rewrite.php(47): require_once('C:\\Users\\rimuru\\Development\\web-komisioning\\public\\index.php')
WARNING - 2023-05-04 11:41:57 --> [DEPRECATED] Creation of dynamic property App\Controllers\Penyulang::$admin is deprecated in APPPATH\Controllers\Penyulang.php on line 29.
 1 SYSTEMPATH\CodeIgniter.php(906): App\Controllers\Penyulang->__construct()
 2 SYSTEMPATH\CodeIgniter.php(490): CodeIgniter\CodeIgniter->createController()
 3 SYSTEMPATH\CodeIgniter.php(368): CodeIgniter\CodeIgniter->handleRequest(null, Object(Config\Cache), false)
 4 FCPATH\index.php(67): CodeIgniter\CodeIgniter->run()
 5 SYSTEMPATH\Commands\Server\rewrite.php(47): require_once('C:\\Users\\rimuru\\Development\\web-komisioning\\public\\index.php')
WARNING - 2023-05-04 11:41:57 --> [DEPRECATED] Creation of dynamic property App\Controllers\Penyulang::$merkrtugi is deprecated in APPPATH\Controllers\Penyulang.php on line 30.
 1 SYSTEMPATH\CodeIgniter.php(906): App\Controllers\Penyulang->__construct()
 2 SYSTEMPATH\CodeIgniter.php(490): CodeIgniter\CodeIgniter->createController()
 3 SYSTEMPATH\CodeIgniter.php(368): CodeIgniter\CodeIgniter->handleRequest(null, Object(Config\Cache), false)
 4 FCPATH\index.php(67): CodeIgniter\CodeIgniter->run()
 5 SYSTEMPATH\Commands\Server\rewrite.php(47): require_once('C:\\Users\\rimuru\\Development\\web-komisioning\\public\\index.php')
INFO - 2023-05-04 11:42:06 --> Session: Class initialized using 'CodeIgniter\Session\Handlers\FileHandler' driver.
WARNING - 2023-05-04 11:42:06 --> [DEPRECATED] Creation of dynamic property App\Controllers\Penyulang::$formpeny is deprecated in APPPATH\Controllers\Penyulang.php on line 22.
 1 SYSTEMPATH\CodeIgniter.php(906): App\Controllers\Penyulang->__construct()
 2 SYSTEMPATH\CodeIgniter.php(490): CodeIgniter\CodeIgniter->createController()
 3 SYSTEMPATH\CodeIgniter.php(368): CodeIgniter\CodeIgniter->handleRequest(null, Object(Config\Cache), false)
 4 FCPATH\index.php(67): CodeIgniter\CodeIgniter->run()
 5 SYSTEMPATH\Commands\Server\rewrite.php(47): require_once('C:\\Users\\rimuru\\Development\\web-komisioning\\public\\index.php')
WARNING - 2023-05-04 11:42:06 --> [DEPRECATED] Creation of dynamic property App\Controllers\Penyulang::$komkp is deprecated in APPPATH\Controllers\Penyulang.php on line 23.
 1 SYSTEMPATH\CodeIgniter.php(906): App\Controllers\Penyulang->__construct()
 2 SYSTEMPATH\CodeIgniter.php(490): CodeIgniter\CodeIgniter->createController()
 3 SYSTEMPATH\CodeIgniter.php(368): CodeIgniter\CodeIgniter->handleRequest(null, Object(Config\Cache), false)
 4 FCPATH\index.php(67): CodeIgniter\CodeIgniter->run()
 5 SYSTEMPATH\Commands\Server\rewrite.php(47): require_once('C:\\Users\\rimuru\\Development\\web-komisioning\\public\\index.php')
WARNING - 2023-05-04 11:42:06 --> [DEPRECATED] Creation of dynamic property App\Controllers\Penyulang::$picmaster is deprecated in APPPATH\Controllers\Penyulang.php on line 24.
 1 SYSTEMPATH\CodeIgniter.php(906): App\Controllers\Penyulang->__construct()
 2 SYSTEMPATH\CodeIgniter.php(490): CodeIgniter\CodeIgniter->createController()
 3 SYSTEMPATH\CodeIgniter.php(368): CodeIgniter\CodeIgniter->handleRequest(null, Object(Config\Cache), false)
 4 FCPATH\index.php(67): CodeIgniter\CodeIgniter->run()
 5 SYSTEMPATH\Commands\Server\rewrite.php(47): require_once('C:\\Users\\rimuru\\Development\\web-komisioning\\public\\index.php')
WARNING - 2023-05-04 11:42:06 --> [DEPRECATED] Creation of dynamic property App\Controllers\Penyulang::$medkom is deprecated in APPPATH\Controllers\Penyulang.php on line 25.
 1 SYSTEMPATH\CodeIgniter.php(906): App\Controllers\Penyulang->__construct()
 2 SYSTEMPATH\CodeIgniter.php(490): CodeIgniter\CodeIgniter->createController()
 3 SYSTEMPATH\CodeIgniter.php(368): CodeIgniter\CodeIgniter->handleRequest(null, Object(Config\Cache), false)
 4 FCPATH\index.php(67): CodeIgniter\CodeIgniter->run()
 5 SYSTEMPATH\Commands\Server\rewrite.php(47): require_once('C:\\Users\\rimuru\\Development\\web-komisioning\\public\\index.php')
WARNING - 2023-05-04 11:42:06 --> [DEPRECATED] Creation of dynamic property App\Controllers\Penyulang::$garduinduk is deprecated in APPPATH\Controllers\Penyulang.php on line 26.
 1 SYSTEMPATH\CodeIgniter.php(906): App\Controllers\Penyulang->__construct()
 2 SYSTEMPATH\CodeIgniter.php(490): CodeIgniter\CodeIgniter->createController()
 3 SYSTEMPATH\CodeIgniter.php(368): CodeIgniter\CodeIgniter->handleRequest(null, Object(Config\Cache), false)
 4 FCPATH\index.php(67): CodeIgniter\CodeIgniter->run()
 5 SYSTEMPATH\Commands\Server\rewrite.php(47): require_once('C:\\Users\\rimuru\\Development\\web-komisioning\\public\\index.php')
WARNING - 2023-05-04 11:42:06 --> [DEPRECATED] Creation of dynamic property App\Controllers\Penyulang::$modem is deprecated in APPPATH\Controllers\Penyulang.php on line 27.
 1 SYSTEMPATH\CodeIgniter.php(906): App\Controllers\Penyulang->__construct()
 2 SYSTEMPATH\CodeIgniter.php(490): CodeIgniter\CodeIgniter->createController()
 3 SYSTEMPATH\CodeIgniter.php(368): CodeIgniter\CodeIgniter->handleRequest(null, Object(Config\Cache), false)
 4 FCPATH\index.php(67): CodeIgniter\CodeIgniter->run()
 5 SYSTEMPATH\Commands\Server\rewrite.php(47): require_once('C:\\Users\\rimuru\\Development\\web-komisioning\\public\\index.php')
WARNING - 2023-05-04 11:42:06 --> [DEPRECATED] Creation of dynamic property App\Controllers\Penyulang::$sectoral is deprecated in APPPATH\Controllers\Penyulang.php on line 28.
 1 SYSTEMPATH\CodeIgniter.php(906): App\Controllers\Penyulang->__construct()
 2 SYSTEMPATH\CodeIgniter.php(490): CodeIgniter\CodeIgniter->createController()
 3 SYSTEMPATH\CodeIgniter.php(368): CodeIgniter\CodeIgniter->handleRequest(null, Object(Config\Cache), false)
 4 FCPATH\index.php(67): CodeIgniter\CodeIgniter->run()
 5 SYSTEMPATH\Commands\Server\rewrite.php(47): require_once('C:\\Users\\rimuru\\Development\\web-komisioning\\public\\index.php')
WARNING - 2023-05-04 11:42:06 --> [DEPRECATED] Creation of dynamic property App\Controllers\Penyulang::$admin is deprecated in APPPATH\Controllers\Penyulang.php on line 29.
 1 SYSTEMPATH\CodeIgniter.php(906): App\Controllers\Penyulang->__construct()
 2 SYSTEMPATH\CodeIgniter.php(490): CodeIgniter\CodeIgniter->createController()
 3 SYSTEMPATH\CodeIgniter.php(368): CodeIgniter\CodeIgniter->handleRequest(null, Object(Config\Cache), false)
 4 FCPATH\index.php(67): CodeIgniter\CodeIgniter->run()
 5 SYSTEMPATH\Commands\Server\rewrite.php(47): require_once('C:\\Users\\rimuru\\Development\\web-komisioning\\public\\index.php')
WARNING - 2023-05-04 11:42:06 --> [DEPRECATED] Creation of dynamic property App\Controllers\Penyulang::$merkrtugi is deprecated in APPPATH\Controllers\Penyulang.php on line 30.
 1 SYSTEMPATH\CodeIgniter.php(906): App\Controllers\Penyulang->__construct()
 2 SYSTEMPATH\CodeIgniter.php(490): CodeIgniter\CodeIgniter->createController()
 3 SYSTEMPATH\CodeIgniter.php(368): CodeIgniter\CodeIgniter->handleRequest(null, Object(Config\Cache), false)
 4 FCPATH\index.php(67): CodeIgniter\CodeIgniter->run()
 5 SYSTEMPATH\Commands\Server\rewrite.php(47): require_once('C:\\Users\\rimuru\\Development\\web-komisioning\\public\\index.php')
INFO - 2023-05-04 11:42:12 --> Session: Class initialized using 'CodeIgniter\Session\Handlers\FileHandler' driver.
WARNING - 2023-05-04 11:42:12 --> [DEPRECATED] Creation of dynamic property App\Controllers\Penyulang::$formpeny is deprecated in APPPATH\Controllers\Penyulang.php on line 22.
 1 SYSTEMPATH\CodeIgniter.php(906): App\Controllers\Penyulang->__construct()
 2 SYSTEMPATH\CodeIgniter.php(490): CodeIgniter\CodeIgniter->createController()
 3 SYSTEMPATH\CodeIgniter.php(368): CodeIgniter\CodeIgniter->handleRequest(null, Object(Config\Cache), false)
 4 FCPATH\index.php(67): CodeIgniter\CodeIgniter->run()
 5 SYSTEMPATH\Commands\Server\rewrite.php(47): require_once('C:\\Users\\rimuru\\Development\\web-komisioning\\public\\index.php')
WARNING - 2023-05-04 11:42:12 --> [DEPRECATED] Creation of dynamic property App\Controllers\Penyulang::$komkp is deprecated in APPPATH\Controllers\Penyulang.php on line 23.
 1 SYSTEMPATH\CodeIgniter.php(906): App\Controllers\Penyulang->__construct()
 2 SYSTEMPATH\CodeIgniter.php(490): CodeIgniter\CodeIgniter->createController()
 3 SYSTEMPATH\CodeIgniter.php(368): CodeIgniter\CodeIgniter->handleRequest(null, Object(Config\Cache), false)
 4 FCPATH\index.php(67): CodeIgniter\CodeIgniter->run()
 5 SYSTEMPATH\Commands\Server\rewrite.php(47): require_once('C:\\Users\\rimuru\\Development\\web-komisioning\\public\\index.php')
WARNING - 2023-05-04 11:42:12 --> [DEPRECATED] Creation of dynamic property App\Controllers\Penyulang::$picmaster is deprecated in APPPATH\Controllers\Penyulang.php on line 24.
 1 SYSTEMPATH\CodeIgniter.php(906): App\Controllers\Penyulang->__construct()
 2 SYSTEMPATH\CodeIgniter.php(490): CodeIgniter\CodeIgniter->createController()
 3 SYSTEMPATH\CodeIgniter.php(368): CodeIgniter\CodeIgniter->handleRequest(null, Object(Config\Cache), false)
 4 FCPATH\index.php(67): CodeIgniter\CodeIgniter->run()
 5 SYSTEMPATH\Commands\Server\rewrite.php(47): require_once('C:\\Users\\rimuru\\Development\\web-komisioning\\public\\index.php')
WARNING - 2023-05-04 11:42:12 --> [DEPRECATED] Creation of dynamic property App\Controllers\Penyulang::$medkom is deprecated in APPPATH\Controllers\Penyulang.php on line 25.
 1 SYSTEMPATH\CodeIgniter.php(906): App\Controllers\Penyulang->__construct()
 2 SYSTEMPATH\CodeIgniter.php(490): CodeIgniter\CodeIgniter->createController()
 3 SYSTEMPATH\CodeIgniter.php(368): CodeIgniter\CodeIgniter->handleRequest(null, Object(Config\Cache), false)
 4 FCPATH\index.php(67): CodeIgniter\CodeIgniter->run()
 5 SYSTEMPATH\Commands\Server\rewrite.php(47): require_once('C:\\Users\\rimuru\\Development\\web-komisioning\\public\\index.php')
WARNING - 2023-05-04 11:42:12 --> [DEPRECATED] Creation of dynamic property App\Controllers\Penyulang::$garduinduk is deprecated in APPPATH\Controllers\Penyulang.php on line 26.
 1 SYSTEMPATH\CodeIgniter.php(906): App\Controllers\Penyulang->__construct()
 2 SYSTEMPATH\CodeIgniter.php(490): CodeIgniter\CodeIgniter->createController()
 3 SYSTEMPATH\CodeIgniter.php(368): CodeIgniter\CodeIgniter->handleRequest(null, Object(Config\Cache), false)
 4 FCPATH\index.php(67): CodeIgniter\CodeIgniter->run()
 5 SYSTEMPATH\Commands\Server\rewrite.php(47): require_once('C:\\Users\\rimuru\\Development\\web-komisioning\\public\\index.php')
WARNING - 2023-05-04 11:42:12 --> [DEPRECATED] Creation of dynamic property App\Controllers\Penyulang::$modem is deprecated in APPPATH\Controllers\Penyulang.php on line 27.
 1 SYSTEMPATH\CodeIgniter.php(906): App\Controllers\Penyulang->__construct()
 2 SYSTEMPATH\CodeIgniter.php(490): CodeIgniter\CodeIgniter->createController()
 3 SYSTEMPATH\CodeIgniter.php(368): CodeIgniter\CodeIgniter->handleRequest(null, Object(Config\Cache), false)
 4 FCPATH\index.php(67): CodeIgniter\CodeIgniter->run()
 5 SYSTEMPATH\Commands\Server\rewrite.php(47): require_once('C:\\Users\\rimuru\\Development\\web-komisioning\\public\\index.php')
WARNING - 2023-05-04 11:42:12 --> [DEPRECATED] Creation of dynamic property App\Controllers\Penyulang::$sectoral is deprecated in APPPATH\Controllers\Penyulang.php on line 28.
 1 SYSTEMPATH\CodeIgniter.php(906): App\Controllers\Penyulang->__construct()
 2 SYSTEMPATH\CodeIgniter.php(490): CodeIgniter\CodeIgniter->createController()
 3 SYSTEMPATH\CodeIgniter.php(368): CodeIgniter\CodeIgniter->handleRequest(null, Object(Config\Cache), false)
 4 FCPATH\index.php(67): CodeIgniter\CodeIgniter->run()
 5 SYSTEMPATH\Commands\Server\rewrite.php(47): require_once('C:\\Users\\rimuru\\Development\\web-komisioning\\public\\index.php')
WARNING - 2023-05-04 11:42:12 --> [DEPRECATED] Creation of dynamic property App\Controllers\Penyulang::$admin is deprecated in APPPATH\Controllers\Penyulang.php on line 29.
 1 SYSTEMPATH\CodeIgniter.php(906): App\Controllers\Penyulang->__construct()
 2 SYSTEMPATH\CodeIgniter.php(490): CodeIgniter\CodeIgniter->createController()
 3 SYSTEMPATH\CodeIgniter.php(368): CodeIgniter\CodeIgniter->handleRequest(null, Object(Config\Cache), false)
 4 FCPATH\index.php(67): CodeIgniter\CodeIgniter->run()
 5 SYSTEMPATH\Commands\Server\rewrite.php(47): require_once('C:\\Users\\rimuru\\Development\\web-komisioning\\public\\index.php')
WARNING - 2023-05-04 11:42:12 --> [DEPRECATED] Creation of dynamic property App\Controllers\Penyulang::$merkrtugi is deprecated in APPPATH\Controllers\Penyulang.php on line 30.
 1 SYSTEMPATH\CodeIgniter.php(906): App\Controllers\Penyulang->__construct()
 2 SYSTEMPATH\CodeIgniter.php(490): CodeIgniter\CodeIgniter->createController()
 3 SYSTEMPATH\CodeIgniter.php(368): CodeIgniter\CodeIgniter->handleRequest(null, Object(Config\Cache), false)
 4 FCPATH\index.php(67): CodeIgniter\CodeIgniter->run()
 5 SYSTEMPATH\Commands\Server\rewrite.php(47): require_once('C:\\Users\\rimuru\\Development\\web-komisioning\\public\\index.php')
INFO - 2023-05-04 11:46:04 --> Session: Class initialized using 'CodeIgniter\Session\Handlers\FileHandler' driver.
WARNING - 2023-05-04 11:46:04 --> [DEPRECATED] Creation of dynamic property App\Controllers\Absen::$absensi is deprecated in APPPATH\Controllers\Absen.php on line 13.
 1 SYSTEMPATH\CodeIgniter.php(906): App\Controllers\Absen->__construct()
 2 SYSTEMPATH\CodeIgniter.php(490): CodeIgniter\CodeIgniter->createController()
 3 SYSTEMPATH\CodeIgniter.php(368): CodeIgniter\CodeIgniter->handleRequest(null, Object(Config\Cache), false)
 4 FCPATH\index.php(67): CodeIgniter\CodeIgniter->run()
 5 SYSTEMPATH\Commands\Server\rewrite.php(47): require_once('C:\\Users\\rimuru\\Development\\web-komisioning\\public\\index.php')
WARNING - 2023-05-04 11:46:04 --> [DEPRECATED] Creation of dynamic property App\Controllers\Absen::$masuk is deprecated in APPPATH\Controllers\Absen.php on line 14.
 1 SYSTEMPATH\CodeIgniter.php(906): App\Controllers\Absen->__construct()
 2 SYSTEMPATH\CodeIgniter.php(490): CodeIgniter\CodeIgniter->createController()
 3 SYSTEMPATH\CodeIgniter.php(368): CodeIgniter\CodeIgniter->handleRequest(null, Object(Config\Cache), false)
 4 FCPATH\index.php(67): CodeIgniter\CodeIgniter->run()
 5 SYSTEMPATH\Commands\Server\rewrite.php(47): require_once('C:\\Users\\rimuru\\Development\\web-komisioning\\public\\index.php')
INFO - 2023-05-04 11:46:20 --> Session: Class initialized using 'CodeIgniter\Session\Handlers\FileHandler' driver.
WARNING - 2023-05-04 11:46:21 --> [DEPRECATED] Creation of dynamic property App\Controllers\Penyulang::$formpeny is deprecated in APPPATH\Controllers\Penyulang.php on line 22.
 1 SYSTEMPATH\CodeIgniter.php(906): App\Controllers\Penyulang->__construct()
 2 SYSTEMPATH\CodeIgniter.php(490): CodeIgniter\CodeIgniter->createController()
 3 SYSTEMPATH\CodeIgniter.php(368): CodeIgniter\CodeIgniter->handleRequest(null, Object(Config\Cache), false)
 4 FCPATH\index.php(67): CodeIgniter\CodeIgniter->run()
 5 SYSTEMPATH\Commands\Server\rewrite.php(47): require_once('C:\\Users\\rimuru\\Development\\web-komisioning\\public\\index.php')
WARNING - 2023-05-04 11:46:21 --> [DEPRECATED] Creation of dynamic property App\Controllers\Penyulang::$komkp is deprecated in APPPATH\Controllers\Penyulang.php on line 23.
 1 SYSTEMPATH\CodeIgniter.php(906): App\Controllers\Penyulang->__construct()
 2 SYSTEMPATH\CodeIgniter.php(490): CodeIgniter\CodeIgniter->createController()
 3 SYSTEMPATH\CodeIgniter.php(368): CodeIgniter\CodeIgniter->handleRequest(null, Object(Config\Cache), false)
 4 FCPATH\index.php(67): CodeIgniter\CodeIgniter->run()
 5 SYSTEMPATH\Commands\Server\rewrite.php(47): require_once('C:\\Users\\rimuru\\Development\\web-komisioning\\public\\index.php')
WARNING - 2023-05-04 11:46:21 --> [DEPRECATED] Creation of dynamic property App\Controllers\Penyulang::$picmaster is deprecated in APPPATH\Controllers\Penyulang.php on line 24.
 1 SYSTEMPATH\CodeIgniter.php(906): App\Controllers\Penyulang->__construct()
 2 SYSTEMPATH\CodeIgniter.php(490): CodeIgniter\CodeIgniter->createController()
 3 SYSTEMPATH\CodeIgniter.php(368): CodeIgniter\CodeIgniter->handleRequest(null, Object(Config\Cache), false)
 4 FCPATH\index.php(67): CodeIgniter\CodeIgniter->run()
 5 SYSTEMPATH\Commands\Server\rewrite.php(47): require_once('C:\\Users\\rimuru\\Development\\web-komisioning\\public\\index.php')
WARNING - 2023-05-04 11:46:21 --> [DEPRECATED] Creation of dynamic property App\Controllers\Penyulang::$medkom is deprecated in APPPATH\Controllers\Penyulang.php on line 25.
 1 SYSTEMPATH\CodeIgniter.php(906): App\Controllers\Penyulang->__construct()
 2 SYSTEMPATH\CodeIgniter.php(490): CodeIgniter\CodeIgniter->createController()
 3 SYSTEMPATH\CodeIgniter.php(368): CodeIgniter\CodeIgniter->handleRequest(null, Object(Config\Cache), false)
 4 FCPATH\index.php(67): CodeIgniter\CodeIgniter->run()
 5 SYSTEMPATH\Commands\Server\rewrite.php(47): require_once('C:\\Users\\rimuru\\Development\\web-komisioning\\public\\index.php')
WARNING - 2023-05-04 11:46:21 --> [DEPRECATED] Creation of dynamic property App\Controllers\Penyulang::$garduinduk is deprecated in APPPATH\Controllers\Penyulang.php on line 26.
 1 SYSTEMPATH\CodeIgniter.php(906): App\Controllers\Penyulang->__construct()
 2 SYSTEMPATH\CodeIgniter.php(490): CodeIgniter\CodeIgniter->createController()
 3 SYSTEMPATH\CodeIgniter.php(368): CodeIgniter\CodeIgniter->handleRequest(null, Object(Config\Cache), false)
 4 FCPATH\index.php(67): CodeIgniter\CodeIgniter->run()
 5 SYSTEMPATH\Commands\Server\rewrite.php(47): require_once('C:\\Users\\rimuru\\Development\\web-komisioning\\public\\index.php')
WARNING - 2023-05-04 11:46:21 --> [DEPRECATED] Creation of dynamic property App\Controllers\Penyulang::$modem is deprecated in APPPATH\Controllers\Penyulang.php on line 27.
 1 SYSTEMPATH\CodeIgniter.php(906): App\Controllers\Penyulang->__construct()
 2 SYSTEMPATH\CodeIgniter.php(490): CodeIgniter\CodeIgniter->createController()
 3 SYSTEMPATH\CodeIgniter.php(368): CodeIgniter\CodeIgniter->handleRequest(null, Object(Config\Cache), false)
 4 FCPATH\index.php(67): CodeIgniter\CodeIgniter->run()
 5 SYSTEMPATH\Commands\Server\rewrite.php(47): require_once('C:\\Users\\rimuru\\Development\\web-komisioning\\public\\index.php')
WARNING - 2023-05-04 11:46:21 --> [DEPRECATED] Creation of dynamic property App\Controllers\Penyulang::$sectoral is deprecated in APPPATH\Controllers\Penyulang.php on line 28.
 1 SYSTEMPATH\CodeIgniter.php(906): App\Controllers\Penyulang->__construct()
 2 SYSTEMPATH\CodeIgniter.php(490): CodeIgniter\CodeIgniter->createController()
 3 SYSTEMPATH\CodeIgniter.php(368): CodeIgniter\CodeIgniter->handleRequest(null, Object(Config\Cache), false)
 4 FCPATH\index.php(67): CodeIgniter\CodeIgniter->run()
 5 SYSTEMPATH\Commands\Server\rewrite.php(47): require_once('C:\\Users\\rimuru\\Development\\web-komisioning\\public\\index.php')
WARNING - 2023-05-04 11:46:21 --> [DEPRECATED] Creation of dynamic property App\Controllers\Penyulang::$admin is deprecated in APPPATH\Controllers\Penyulang.php on line 29.
 1 SYSTEMPATH\CodeIgniter.php(906): App\Controllers\Penyulang->__construct()
 2 SYSTEMPATH\CodeIgniter.php(490): CodeIgniter\CodeIgniter->createController()
 3 SYSTEMPATH\CodeIgniter.php(368): CodeIgniter\CodeIgniter->handleRequest(null, Object(Config\Cache), false)
 4 FCPATH\index.php(67): CodeIgniter\CodeIgniter->run()
 5 SYSTEMPATH\Commands\Server\rewrite.php(47): require_once('C:\\Users\\rimuru\\Development\\web-komisioning\\public\\index.php')
WARNING - 2023-05-04 11:46:21 --> [DEPRECATED] Creation of dynamic property App\Controllers\Penyulang::$merkrtugi is deprecated in APPPATH\Controllers\Penyulang.php on line 30.
 1 SYSTEMPATH\CodeIgniter.php(906): App\Controllers\Penyulang->__construct()
 2 SYSTEMPATH\CodeIgniter.php(490): CodeIgniter\CodeIgniter->createController()
 3 SYSTEMPATH\CodeIgniter.php(368): CodeIgniter\CodeIgniter->handleRequest(null, Object(Config\Cache), false)
 4 FCPATH\index.php(67): CodeIgniter\CodeIgniter->run()
 5 SYSTEMPATH\Commands\Server\rewrite.php(47): require_once('C:\\Users\\rimuru\\Development\\web-komisioning\\public\\index.php')
INFO - 2023-05-04 11:46:26 --> Session: Class initialized using 'CodeIgniter\Session\Handlers\FileHandler' driver.
WARNING - 2023-05-04 11:46:26 --> [DEPRECATED] Creation of dynamic property App\Controllers\Keypoint::$formkp is deprecated in APPPATH\Controllers\Keypoint.php on line 20.
 1 SYSTEMPATH\CodeIgniter.php(906): App\Controllers\Keypoint->__construct()
 2 SYSTEMPATH\CodeIgniter.php(490): CodeIgniter\CodeIgniter->createController()
 3 SYSTEMPATH\CodeIgniter.php(368): CodeIgniter\CodeIgniter->handleRequest(null, Object(Config\Cache), false)
 4 FCPATH\index.php(67): CodeIgniter\CodeIgniter->run()
 5 SYSTEMPATH\Commands\Server\rewrite.php(47): require_once('C:\\Users\\rimuru\\Development\\web-komisioning\\public\\index.php')
WARNING - 2023-05-04 11:46:26 --> [DEPRECATED] Creation of dynamic property App\Controllers\Keypoint::$komkp is deprecated in APPPATH\Controllers\Keypoint.php on line 21.
 1 SYSTEMPATH\CodeIgniter.php(906): App\Controllers\Keypoint->__construct()
 2 SYSTEMPATH\CodeIgniter.php(490): CodeIgniter\CodeIgniter->createController()
 3 SYSTEMPATH\CodeIgniter.php(368): CodeIgniter\CodeIgniter->handleRequest(null, Object(Config\Cache), false)
 4 FCPATH\index.php(67): CodeIgniter\CodeIgniter->run()
 5 SYSTEMPATH\Commands\Server\rewrite.php(47): require_once('C:\\Users\\rimuru\\Development\\web-komisioning\\public\\index.php')
WARNING - 2023-05-04 11:46:26 --> [DEPRECATED] Creation of dynamic property App\Controllers\Keypoint::$picmaster is deprecated in APPPATH\Controllers\Keypoint.php on line 22.
 1 SYSTEMPATH\CodeIgniter.php(906): App\Controllers\Keypoint->__construct()
 2 SYSTEMPATH\CodeIgniter.php(490): CodeIgniter\CodeIgniter->createController()
 3 SYSTEMPATH\CodeIgniter.php(368): CodeIgniter\CodeIgniter->handleRequest(null, Object(Config\Cache), false)
 4 FCPATH\index.php(67): CodeIgniter\CodeIgniter->run()
 5 SYSTEMPATH\Commands\Server\rewrite.php(47): require_once('C:\\Users\\rimuru\\Development\\web-komisioning\\public\\index.php')
WARNING - 2023-05-04 11:46:26 --> [DEPRECATED] Creation of dynamic property App\Controllers\Keypoint::$medkom is deprecated in APPPATH\Controllers\Keypoint.php on line 23.
 1 SYSTEMPATH\CodeIgniter.php(906): App\Controllers\Keypoint->__construct()
 2 SYSTEMPATH\CodeIgniter.php(490): CodeIgniter\CodeIgniter->createController()
 3 SYSTEMPATH\CodeIgniter.php(368): CodeIgniter\CodeIgniter->handleRequest(null, Object(Config\Cache), false)
 4 FCPATH\index.php(67): CodeIgniter\CodeIgniter->run()
 5 SYSTEMPATH\Commands\Server\rewrite.php(47): require_once('C:\\Users\\rimuru\\Development\\web-komisioning\\public\\index.php')
WARNING - 2023-05-04 11:46:26 --> [DEPRECATED] Creation of dynamic property App\Controllers\Keypoint::$merklbs is deprecated in APPPATH\Controllers\Keypoint.php on line 24.
 1 SYSTEMPATH\CodeIgniter.php(906): App\Controllers\Keypoint->__construct()
 2 SYSTEMPATH\CodeIgniter.php(490): CodeIgniter\CodeIgniter->createController()
 3 SYSTEMPATH\CodeIgniter.php(368): CodeIgniter\CodeIgniter->handleRequest(null, Object(Config\Cache), false)
 4 FCPATH\index.php(67): CodeIgniter\CodeIgniter->run()
 5 SYSTEMPATH\Commands\Server\rewrite.php(47): require_once('C:\\Users\\rimuru\\Development\\web-komisioning\\public\\index.php')
WARNING - 2023-05-04 11:46:26 --> [DEPRECATED] Creation of dynamic property App\Controllers\Keypoint::$garduinduk is deprecated in APPPATH\Controllers\Keypoint.php on line 25.
 1 SYSTEMPATH\CodeIgniter.php(906): App\Controllers\Keypoint->__construct()
 2 SYSTEMPATH\CodeIgniter.php(490): CodeIgniter\CodeIgniter->createController()
 3 SYSTEMPATH\CodeIgniter.php(368): CodeIgniter\CodeIgniter->handleRequest(null, Object(Config\Cache), false)
 4 FCPATH\index.php(67): CodeIgniter\CodeIgniter->run()
 5 SYSTEMPATH\Commands\Server\rewrite.php(47): require_once('C:\\Users\\rimuru\\Development\\web-komisioning\\public\\index.php')
WARNING - 2023-05-04 11:46:26 --> [DEPRECATED] Creation of dynamic property App\Controllers\Keypoint::$modem is deprecated in APPPATH\Controllers\Keypoint.php on line 26.
 1 SYSTEMPATH\CodeIgniter.php(906): App\Controllers\Keypoint->__construct()
 2 SYSTEMPATH\CodeIgniter.php(490): CodeIgniter\CodeIgniter->createController()
 3 SYSTEMPATH\CodeIgniter.php(368): CodeIgniter\CodeIgniter->handleRequest(null, Object(Config\Cache), false)
 4 FCPATH\index.php(67): CodeIgniter\CodeIgniter->run()
 5 SYSTEMPATH\Commands\Server\rewrite.php(47): require_once('C:\\Users\\rimuru\\Development\\web-komisioning\\public\\index.php')
WARNING - 2023-05-04 11:46:26 --> [DEPRECATED] Creation of dynamic property App\Controllers\Keypoint::$sectoral is deprecated in APPPATH\Controllers\Keypoint.php on line 27.
 1 SYSTEMPATH\CodeIgniter.php(906): App\Controllers\Keypoint->__construct()
 2 SYSTEMPATH\CodeIgniter.php(490): CodeIgniter\CodeIgniter->createController()
 3 SYSTEMPATH\CodeIgniter.php(368): CodeIgniter\CodeIgniter->handleRequest(null, Object(Config\Cache), false)
 4 FCPATH\index.php(67): CodeIgniter\CodeIgniter->run()
 5 SYSTEMPATH\Commands\Server\rewrite.php(47): require_once('C:\\Users\\rimuru\\Development\\web-komisioning\\public\\index.php')
WARNING - 2023-05-04 11:46:26 --> [DEPRECATED] Creation of dynamic property App\Controllers\Keypoint::$admin is deprecated in APPPATH\Controllers\Keypoint.php on line 28.
 1 SYSTEMPATH\CodeIgniter.php(906): App\Controllers\Keypoint->__construct()
 2 SYSTEMPATH\CodeIgniter.php(490): CodeIgniter\CodeIgniter->createController()
 3 SYSTEMPATH\CodeIgniter.php(368): CodeIgniter\CodeIgniter->handleRequest(null, Object(Config\Cache), false)
 4 FCPATH\index.php(67): CodeIgniter\CodeIgniter->run()
 5 SYSTEMPATH\Commands\Server\rewrite.php(47): require_once('C:\\Users\\rimuru\\Development\\web-komisioning\\public\\index.php')
INFO - 2023-05-04 11:56:13 --> Session: Class initialized using 'CodeIgniter\Session\Handlers\FileHandler' driver.
WARNING - 2023-05-04 11:56:13 --> [DEPRECATED] Creation of dynamic property App\Controllers\Penyulang::$formpeny is deprecated in APPPATH\Controllers\Penyulang.php on line 22.
 1 SYSTEMPATH\CodeIgniter.php(906): App\Controllers\Penyulang->__construct()
 2 SYSTEMPATH\CodeIgniter.php(490): CodeIgniter\CodeIgniter->createController()
 3 SYSTEMPATH\CodeIgniter.php(368): CodeIgniter\CodeIgniter->handleRequest(null, Object(Config\Cache), false)
 4 FCPATH\index.php(67): CodeIgniter\CodeIgniter->run()
 5 SYSTEMPATH\Commands\Server\rewrite.php(47): require_once('C:\\Users\\rimuru\\Development\\web-komisioning\\public\\index.php')
WARNING - 2023-05-04 11:56:13 --> [DEPRECATED] Creation of dynamic property App\Controllers\Penyulang::$komkp is deprecated in APPPATH\Controllers\Penyulang.php on line 23.
 1 SYSTEMPATH\CodeIgniter.php(906): App\Controllers\Penyulang->__construct()
 2 SYSTEMPATH\CodeIgniter.php(490): CodeIgniter\CodeIgniter->createController()
 3 SYSTEMPATH\CodeIgniter.php(368): CodeIgniter\CodeIgniter->handleRequest(null, Object(Config\Cache), false)
 4 FCPATH\index.php(67): CodeIgniter\CodeIgniter->run()
 5 SYSTEMPATH\Commands\Server\rewrite.php(47): require_once('C:\\Users\\rimuru\\Development\\web-komisioning\\public\\index.php')
WARNING - 2023-05-04 11:56:13 --> [DEPRECATED] Creation of dynamic property App\Controllers\Penyulang::$picmaster is deprecated in APPPATH\Controllers\Penyulang.php on line 24.
 1 SYSTEMPATH\CodeIgniter.php(906): App\Controllers\Penyulang->__construct()
 2 SYSTEMPATH\CodeIgniter.php(490): CodeIgniter\CodeIgniter->createController()
 3 SYSTEMPATH\CodeIgniter.php(368): CodeIgniter\CodeIgniter->handleRequest(null, Object(Config\Cache), false)
 4 FCPATH\index.php(67): CodeIgniter\CodeIgniter->run()
 5 SYSTEMPATH\Commands\Server\rewrite.php(47): require_once('C:\\Users\\rimuru\\Development\\web-komisioning\\public\\index.php')
WARNING - 2023-05-04 11:56:13 --> [DEPRECATED] Creation of dynamic property App\Controllers\Penyulang::$medkom is deprecated in APPPATH\Controllers\Penyulang.php on line 25.
 1 SYSTEMPATH\CodeIgniter.php(906): App\Controllers\Penyulang->__construct()
 2 SYSTEMPATH\CodeIgniter.php(490): CodeIgniter\CodeIgniter->createController()
 3 SYSTEMPATH\CodeIgniter.php(368): CodeIgniter\CodeIgniter->handleRequest(null, Object(Config\Cache), false)
 4 FCPATH\index.php(67): CodeIgniter\CodeIgniter->run()
 5 SYSTEMPATH\Commands\Server\rewrite.php(47): require_once('C:\\Users\\rimuru\\Development\\web-komisioning\\public\\index.php')
WARNING - 2023-05-04 11:56:13 --> [DEPRECATED] Creation of dynamic property App\Controllers\Penyulang::$garduinduk is deprecated in APPPATH\Controllers\Penyulang.php on line 26.
 1 SYSTEMPATH\CodeIgniter.php(906): App\Controllers\Penyulang->__construct()
 2 SYSTEMPATH\CodeIgniter.php(490): CodeIgniter\CodeIgniter->createController()
 3 SYSTEMPATH\CodeIgniter.php(368): CodeIgniter\CodeIgniter->handleRequest(null, Object(Config\Cache), false)
 4 FCPATH\index.php(67): CodeIgniter\CodeIgniter->run()
 5 SYSTEMPATH\Commands\Server\rewrite.php(47): require_once('C:\\Users\\rimuru\\Development\\web-komisioning\\public\\index.php')
WARNING - 2023-05-04 11:56:13 --> [DEPRECATED] Creation of dynamic property App\Controllers\Penyulang::$modem is deprecated in APPPATH\Controllers\Penyulang.php on line 27.
 1 SYSTEMPATH\CodeIgniter.php(906): App\Controllers\Penyulang->__construct()
 2 SYSTEMPATH\CodeIgniter.php(490): CodeIgniter\CodeIgniter->createController()
 3 SYSTEMPATH\CodeIgniter.php(368): CodeIgniter\CodeIgniter->handleRequest(null, Object(Config\Cache), false)
 4 FCPATH\index.php(67): CodeIgniter\CodeIgniter->run()
 5 SYSTEMPATH\Commands\Server\rewrite.php(47): require_once('C:\\Users\\rimuru\\Development\\web-komisioning\\public\\index.php')
WARNING - 2023-05-04 11:56:13 --> [DEPRECATED] Creation of dynamic property App\Controllers\Penyulang::$sectoral is deprecated in APPPATH\Controllers\Penyulang.php on line 28.
 1 SYSTEMPATH\CodeIgniter.php(906): App\Controllers\Penyulang->__construct()
 2 SYSTEMPATH\CodeIgniter.php(490): CodeIgniter\CodeIgniter->createController()
 3 SYSTEMPATH\CodeIgniter.php(368): CodeIgniter\CodeIgniter->handleRequest(null, Object(Config\Cache), false)
 4 FCPATH\index.php(67): CodeIgniter\CodeIgniter->run()
 5 SYSTEMPATH\Commands\Server\rewrite.php(47): require_once('C:\\Users\\rimuru\\Development\\web-komisioning\\public\\index.php')
WARNING - 2023-05-04 11:56:13 --> [DEPRECATED] Creation of dynamic property App\Controllers\Penyulang::$admin is deprecated in APPPATH\Controllers\Penyulang.php on line 29.
 1 SYSTEMPATH\CodeIgniter.php(906): App\Controllers\Penyulang->__construct()
 2 SYSTEMPATH\CodeIgniter.php(490): CodeIgniter\CodeIgniter->createController()
 3 SYSTEMPATH\CodeIgniter.php(368): CodeIgniter\CodeIgniter->handleRequest(null, Object(Config\Cache), false)
 4 FCPATH\index.php(67): CodeIgniter\CodeIgniter->run()
 5 SYSTEMPATH\Commands\Server\rewrite.php(47): require_once('C:\\Users\\rimuru\\Development\\web-komisioning\\public\\index.php')
WARNING - 2023-05-04 11:56:13 --> [DEPRECATED] Creation of dynamic property App\Controllers\Penyulang::$merkrtugi is deprecated in APPPATH\Controllers\Penyulang.php on line 30.
 1 SYSTEMPATH\CodeIgniter.php(906): App\Controllers\Penyulang->__construct()
 2 SYSTEMPATH\CodeIgniter.php(490): CodeIgniter\CodeIgniter->createController()
 3 SYSTEMPATH\CodeIgniter.php(368): CodeIgniter\CodeIgniter->handleRequest(null, Object(Config\Cache), false)
 4 FCPATH\index.php(67): CodeIgniter\CodeIgniter->run()
 5 SYSTEMPATH\Commands\Server\rewrite.php(47): require_once('C:\\Users\\rimuru\\Development\\web-komisioning\\public\\index.php')
INFO - 2023-05-04 11:56:19 --> Session: Class initialized using 'CodeIgniter\Session\Handlers\FileHandler' driver.
WARNING - 2023-05-04 11:56:19 --> [DEPRECATED] Creation of dynamic property App\Controllers\Keypoint::$formkp is deprecated in APPPATH\Controllers\Keypoint.php on line 20.
 1 SYSTEMPATH\CodeIgniter.php(906): App\Controllers\Keypoint->__construct()
 2 SYSTEMPATH\CodeIgniter.php(490): CodeIgniter\CodeIgniter->createController()
 3 SYSTEMPATH\CodeIgniter.php(368): CodeIgniter\CodeIgniter->handleRequest(null, Object(Config\Cache), false)
 4 FCPATH\index.php(67): CodeIgniter\CodeIgniter->run()
 5 SYSTEMPATH\Commands\Server\rewrite.php(47): require_once('C:\\Users\\rimuru\\Development\\web-komisioning\\public\\index.php')
WARNING - 2023-05-04 11:56:19 --> [DEPRECATED] Creation of dynamic property App\Controllers\Keypoint::$komkp is deprecated in APPPATH\Controllers\Keypoint.php on line 21.
 1 SYSTEMPATH\CodeIgniter.php(906): App\Controllers\Keypoint->__construct()
 2 SYSTEMPATH\CodeIgniter.php(490): CodeIgniter\CodeIgniter->createController()
 3 SYSTEMPATH\CodeIgniter.php(368): CodeIgniter\CodeIgniter->handleRequest(null, Object(Config\Cache), false)
 4 FCPATH\index.php(67): CodeIgniter\CodeIgniter->run()
 5 SYSTEMPATH\Commands\Server\rewrite.php(47): require_once('C:\\Users\\rimuru\\Development\\web-komisioning\\public\\index.php')
WARNING - 2023-05-04 11:56:19 --> [DEPRECATED] Creation of dynamic property App\Controllers\Keypoint::$picmaster is deprecated in APPPATH\Controllers\Keypoint.php on line 22.
 1 SYSTEMPATH\CodeIgniter.php(906): App\Controllers\Keypoint->__construct()
 2 SYSTEMPATH\CodeIgniter.php(490): CodeIgniter\CodeIgniter->createController()
 3 SYSTEMPATH\CodeIgniter.php(368): CodeIgniter\CodeIgniter->handleRequest(null, Object(Config\Cache), false)
 4 FCPATH\index.php(67): CodeIgniter\CodeIgniter->run()
 5 SYSTEMPATH\Commands\Server\rewrite.php(47): require_once('C:\\Users\\rimuru\\Development\\web-komisioning\\public\\index.php')
WARNING - 2023-05-04 11:56:19 --> [DEPRECATED] Creation of dynamic property App\Controllers\Keypoint::$medkom is deprecated in APPPATH\Controllers\Keypoint.php on line 23.
 1 SYSTEMPATH\CodeIgniter.php(906): App\Controllers\Keypoint->__construct()
 2 SYSTEMPATH\CodeIgniter.php(490): CodeIgniter\CodeIgniter->createController()
 3 SYSTEMPATH\CodeIgniter.php(368): CodeIgniter\CodeIgniter->handleRequest(null, Object(Config\Cache), false)
 4 FCPATH\index.php(67): CodeIgniter\CodeIgniter->run()
 5 SYSTEMPATH\Commands\Server\rewrite.php(47): require_once('C:\\Users\\rimuru\\Development\\web-komisioning\\public\\index.php')
WARNING - 2023-05-04 11:56:19 --> [DEPRECATED] Creation of dynamic property App\Controllers\Keypoint::$merklbs is deprecated in APPPATH\Controllers\Keypoint.php on line 24.
 1 SYSTEMPATH\CodeIgniter.php(906): App\Controllers\Keypoint->__construct()
 2 SYSTEMPATH\CodeIgniter.php(490): CodeIgniter\CodeIgniter->createController()
 3 SYSTEMPATH\CodeIgniter.php(368): CodeIgniter\CodeIgniter->handleRequest(null, Object(Config\Cache), false)
 4 FCPATH\index.php(67): CodeIgniter\CodeIgniter->run()
 5 SYSTEMPATH\Commands\Server\rewrite.php(47): require_once('C:\\Users\\rimuru\\Development\\web-komisioning\\public\\index.php')
WARNING - 2023-05-04 11:56:19 --> [DEPRECATED] Creation of dynamic property App\Controllers\Keypoint::$garduinduk is deprecated in APPPATH\Controllers\Keypoint.php on line 25.
 1 SYSTEMPATH\CodeIgniter.php(906): App\Controllers\Keypoint->__construct()
 2 SYSTEMPATH\CodeIgniter.php(490): CodeIgniter\CodeIgniter->createController()
 3 SYSTEMPATH\CodeIgniter.php(368): CodeIgniter\CodeIgniter->handleRequest(null, Object(Config\Cache), false)
 4 FCPATH\index.php(67): CodeIgniter\CodeIgniter->run()
 5 SYSTEMPATH\Commands\Server\rewrite.php(47): require_once('C:\\Users\\rimuru\\Development\\web-komisioning\\public\\index.php')
WARNING - 2023-05-04 11:56:19 --> [DEPRECATED] Creation of dynamic property App\Controllers\Keypoint::$modem is deprecated in APPPATH\Controllers\Keypoint.php on line 26.
 1 SYSTEMPATH\CodeIgniter.php(906): App\Controllers\Keypoint->__construct()
 2 SYSTEMPATH\CodeIgniter.php(490): CodeIgniter\CodeIgniter->createController()
 3 SYSTEMPATH\CodeIgniter.php(368): CodeIgniter\CodeIgniter->handleRequest(null, Object(Config\Cache), false)
 4 FCPATH\index.php(67): CodeIgniter\CodeIgniter->run()
 5 SYSTEMPATH\Commands\Server\rewrite.php(47): require_once('C:\\Users\\rimuru\\Development\\web-komisioning\\public\\index.php')
WARNING - 2023-05-04 11:56:19 --> [DEPRECATED] Creation of dynamic property App\Controllers\Keypoint::$sectoral is deprecated in APPPATH\Controllers\Keypoint.php on line 27.
 1 SYSTEMPATH\CodeIgniter.php(906): App\Controllers\Keypoint->__construct()
 2 SYSTEMPATH\CodeIgniter.php(490): CodeIgniter\CodeIgniter->createController()
 3 SYSTEMPATH\CodeIgniter.php(368): CodeIgniter\CodeIgniter->handleRequest(null, Object(Config\Cache), false)
 4 FCPATH\index.php(67): CodeIgniter\CodeIgniter->run()
 5 SYSTEMPATH\Commands\Server\rewrite.php(47): require_once('C:\\Users\\rimuru\\Development\\web-komisioning\\public\\index.php')
WARNING - 2023-05-04 11:56:19 --> [DEPRECATED] Creation of dynamic property App\Controllers\Keypoint::$admin is deprecated in APPPATH\Controllers\Keypoint.php on line 28.
 1 SYSTEMPATH\CodeIgniter.php(906): App\Controllers\Keypoint->__construct()
 2 SYSTEMPATH\CodeIgniter.php(490): CodeIgniter\CodeIgniter->createController()
 3 SYSTEMPATH\CodeIgniter.php(368): CodeIgniter\CodeIgniter->handleRequest(null, Object(Config\Cache), false)
 4 FCPATH\index.php(67): CodeIgniter\CodeIgniter->run()
 5 SYSTEMPATH\Commands\Server\rewrite.php(47): require_once('C:\\Users\\rimuru\\Development\\web-komisioning\\public\\index.php')
