INFO - 2023-04-10 11:05:03 --> REDIRECTED ROUTE at /dashboard
INFO - 2023-04-10 11:05:03 --> Session: Class initialized using 'CodeIgniter\Session\Handlers\FileHandler' driver.
WARNING - 2023-04-10 11:05:04 --> [DEPRECATED] Creation of dynamic property App\Controllers\Auth::$admin is deprecated in APPPATH\Controllers\Auth.php on line 12.
 1 SYSTEMPATH\CodeIgniter.php(906): App\Controllers\Auth->__construct()
 2 SYSTEMPATH\CodeIgniter.php(490): CodeIgniter\CodeIgniter->createController()
 3 SYSTEMPATH\CodeIgniter.php(368): CodeIgniter\CodeIgniter->handleRequest(null, Object(Config\Cache), false)
 4 FCPATH\index.php(67): CodeIgniter\CodeIgniter->run()
 5 SYSTEMPATH\Commands\Server\rewrite.php(47): require_once('C:\\Users\\rimuru\\Development\\web-komisioning\\public\\index.php')
INFO - 2023-04-10 11:05:04 --> Session: Class initialized using 'CodeIgniter\Session\Handlers\FileHandler' driver.
WARNING - 2023-04-10 11:14:02 --> [DEPRECATED] Creation of dynamic property App\Controllers\Auth::$admin is deprecated in APPPATH\Controllers\Auth.php on line 12.
 1 SYSTEMPATH\CodeIgniter.php(906): App\Controllers\Auth->__construct()
 2 SYSTEMPATH\CodeIgniter.php(490): CodeIgniter\CodeIgniter->createController()
 3 SYSTEMPATH\CodeIgniter.php(368): CodeIgniter\CodeIgniter->handleRequest(null, Object(Config\Cache), false)
 4 FCPATH\index.php(67): CodeIgniter\CodeIgniter->run()
 5 SYSTEMPATH\Commands\Server\rewrite.php(47): require_once('C:\\Users\\rimuru\\Development\\web-komisioning\\public\\index.php')
INFO - 2023-04-10 11:14:02 --> Session: Class initialized using 'CodeIgniter\Session\Handlers\FileHandler' driver.
WARNING - 2023-04-10 11:14:21 --> [DEPRECATED] Creation of dynamic property App\Controllers\Auth::$admin is deprecated in APPPATH\Controllers\Auth.php on line 12.
 1 SYSTEMPATH\CodeIgniter.php(906): App\Controllers\Auth->__construct()
 2 SYSTEMPATH\CodeIgniter.php(490): CodeIgniter\CodeIgniter->createController()
 3 SYSTEMPATH\CodeIgniter.php(368): CodeIgniter\CodeIgniter->handleRequest(null, Object(Config\Cache), false)
 4 FCPATH\index.php(67): CodeIgniter\CodeIgniter->run()
 5 SYSTEMPATH\Commands\Server\rewrite.php(47): require_once('C:\\Users\\rimuru\\Development\\web-komisioning\\public\\index.php')
INFO - 2023-04-10 11:14:22 --> Session: Class initialized using 'CodeIgniter\Session\Handlers\FileHandler' driver.
INFO - 2023-04-10 11:14:22 --> Session: Class initialized using 'CodeIgniter\Session\Handlers\FileHandler' driver.
INFO - 2023-04-10 11:14:53 --> Session: Class initialized using 'CodeIgniter\Session\Handlers\FileHandler' driver.
INFO - 2023-04-10 11:14:56 --> Session: Class initialized using 'CodeIgniter\Session\Handlers\FileHandler' driver.
WARNING - 2023-04-10 11:14:56 --> [DEPRECATED] Creation of dynamic property App\Controllers\Penyulang::$formpeny is deprecated in APPPATH\Controllers\Penyulang.php on line 22.
 1 SYSTEMPATH\CodeIgniter.php(906): App\Controllers\Penyulang->__construct()
 2 SYSTEMPATH\CodeIgniter.php(490): CodeIgniter\CodeIgniter->createController()
 3 SYSTEMPATH\CodeIgniter.php(368): CodeIgniter\CodeIgniter->handleRequest(null, Object(Config\Cache), false)
 4 FCPATH\index.php(67): CodeIgniter\CodeIgniter->run()
 5 SYSTEMPATH\Commands\Server\rewrite.php(47): require_once('C:\\Users\\rimuru\\Development\\web-komisioning\\public\\index.php')
WARNING - 2023-04-10 11:14:56 --> [DEPRECATED] Creation of dynamic property App\Controllers\Penyulang::$komkp is deprecated in APPPATH\Controllers\Penyulang.php on line 23.
 1 SYSTEMPATH\CodeIgniter.php(906): App\Controllers\Penyulang->__construct()
 2 SYSTEMPATH\CodeIgniter.php(490): CodeIgniter\CodeIgniter->createController()
 3 SYSTEMPATH\CodeIgniter.php(368): CodeIgniter\CodeIgniter->handleRequest(null, Object(Config\Cache), false)
 4 FCPATH\index.php(67): CodeIgniter\CodeIgniter->run()
 5 SYSTEMPATH\Commands\Server\rewrite.php(47): require_once('C:\\Users\\rimuru\\Development\\web-komisioning\\public\\index.php')
WARNING - 2023-04-10 11:14:56 --> [DEPRECATED] Creation of dynamic property App\Controllers\Penyulang::$picmaster is deprecated in APPPATH\Controllers\Penyulang.php on line 24.
 1 SYSTEMPATH\CodeIgniter.php(906): App\Controllers\Penyulang->__construct()
 2 SYSTEMPATH\CodeIgniter.php(490): CodeIgniter\CodeIgniter->createController()
 3 SYSTEMPATH\CodeIgniter.php(368): CodeIgniter\CodeIgniter->handleRequest(null, Object(Config\Cache), false)
 4 FCPATH\index.php(67): CodeIgniter\CodeIgniter->run()
 5 SYSTEMPATH\Commands\Server\rewrite.php(47): require_once('C:\\Users\\rimuru\\Development\\web-komisioning\\public\\index.php')
WARNING - 2023-04-10 11:14:56 --> [DEPRECATED] Creation of dynamic property App\Controllers\Penyulang::$medkom is deprecated in APPPATH\Controllers\Penyulang.php on line 25.
 1 SYSTEMPATH\CodeIgniter.php(906): App\Controllers\Penyulang->__construct()
 2 SYSTEMPATH\CodeIgniter.php(490): CodeIgniter\CodeIgniter->createController()
 3 SYSTEMPATH\CodeIgniter.php(368): CodeIgniter\CodeIgniter->handleRequest(null, Object(Config\Cache), false)
 4 FCPATH\index.php(67): CodeIgniter\CodeIgniter->run()
 5 SYSTEMPATH\Commands\Server\rewrite.php(47): require_once('C:\\Users\\rimuru\\Development\\web-komisioning\\public\\index.php')
WARNING - 2023-04-10 11:14:56 --> [DEPRECATED] Creation of dynamic property App\Controllers\Penyulang::$garduinduk is deprecated in APPPATH\Controllers\Penyulang.php on line 26.
 1 SYSTEMPATH\CodeIgniter.php(906): App\Controllers\Penyulang->__construct()
 2 SYSTEMPATH\CodeIgniter.php(490): CodeIgniter\CodeIgniter->createController()
 3 SYSTEMPATH\CodeIgniter.php(368): CodeIgniter\CodeIgniter->handleRequest(null, Object(Config\Cache), false)
 4 FCPATH\index.php(67): CodeIgniter\CodeIgniter->run()
 5 SYSTEMPATH\Commands\Server\rewrite.php(47): require_once('C:\\Users\\rimuru\\Development\\web-komisioning\\public\\index.php')
WARNING - 2023-04-10 11:14:57 --> [DEPRECATED] Creation of dynamic property App\Controllers\Penyulang::$modem is deprecated in APPPATH\Controllers\Penyulang.php on line 27.
 1 SYSTEMPATH\CodeIgniter.php(906): App\Controllers\Penyulang->__construct()
 2 SYSTEMPATH\CodeIgniter.php(490): CodeIgniter\CodeIgniter->createController()
 3 SYSTEMPATH\CodeIgniter.php(368): CodeIgniter\CodeIgniter->handleRequest(null, Object(Config\Cache), false)
 4 FCPATH\index.php(67): CodeIgniter\CodeIgniter->run()
 5 SYSTEMPATH\Commands\Server\rewrite.php(47): require_once('C:\\Users\\rimuru\\Development\\web-komisioning\\public\\index.php')
WARNING - 2023-04-10 11:14:57 --> [DEPRECATED] Creation of dynamic property App\Controllers\Penyulang::$sectoral is deprecated in APPPATH\Controllers\Penyulang.php on line 28.
 1 SYSTEMPATH\CodeIgniter.php(906): App\Controllers\Penyulang->__construct()
 2 SYSTEMPATH\CodeIgniter.php(490): CodeIgniter\CodeIgniter->createController()
 3 SYSTEMPATH\CodeIgniter.php(368): CodeIgniter\CodeIgniter->handleRequest(null, Object(Config\Cache), false)
 4 FCPATH\index.php(67): CodeIgniter\CodeIgniter->run()
 5 SYSTEMPATH\Commands\Server\rewrite.php(47): require_once('C:\\Users\\rimuru\\Development\\web-komisioning\\public\\index.php')
WARNING - 2023-04-10 11:14:57 --> [DEPRECATED] Creation of dynamic property App\Controllers\Penyulang::$admin is deprecated in APPPATH\Controllers\Penyulang.php on line 29.
 1 SYSTEMPATH\CodeIgniter.php(906): App\Controllers\Penyulang->__construct()
 2 SYSTEMPATH\CodeIgniter.php(490): CodeIgniter\CodeIgniter->createController()
 3 SYSTEMPATH\CodeIgniter.php(368): CodeIgniter\CodeIgniter->handleRequest(null, Object(Config\Cache), false)
 4 FCPATH\index.php(67): CodeIgniter\CodeIgniter->run()
 5 SYSTEMPATH\Commands\Server\rewrite.php(47): require_once('C:\\Users\\rimuru\\Development\\web-komisioning\\public\\index.php')
WARNING - 2023-04-10 11:14:57 --> [DEPRECATED] Creation of dynamic property App\Controllers\Penyulang::$merkrtugi is deprecated in APPPATH\Controllers\Penyulang.php on line 30.
 1 SYSTEMPATH\CodeIgniter.php(906): App\Controllers\Penyulang->__construct()
 2 SYSTEMPATH\CodeIgniter.php(490): CodeIgniter\CodeIgniter->createController()
 3 SYSTEMPATH\CodeIgniter.php(368): CodeIgniter\CodeIgniter->handleRequest(null, Object(Config\Cache), false)
 4 FCPATH\index.php(67): CodeIgniter\CodeIgniter->run()
 5 SYSTEMPATH\Commands\Server\rewrite.php(47): require_once('C:\\Users\\rimuru\\Development\\web-komisioning\\public\\index.php')
INFO - 2023-04-10 11:15:02 --> Session: Class initialized using 'CodeIgniter\Session\Handlers\FileHandler' driver.
WARNING - 2023-04-10 11:15:02 --> [DEPRECATED] Creation of dynamic property App\Controllers\Penyulang::$formpeny is deprecated in APPPATH\Controllers\Penyulang.php on line 22.
 1 SYSTEMPATH\CodeIgniter.php(906): App\Controllers\Penyulang->__construct()
 2 SYSTEMPATH\CodeIgniter.php(490): CodeIgniter\CodeIgniter->createController()
 3 SYSTEMPATH\CodeIgniter.php(368): CodeIgniter\CodeIgniter->handleRequest(null, Object(Config\Cache), false)
 4 FCPATH\index.php(67): CodeIgniter\CodeIgniter->run()
 5 SYSTEMPATH\Commands\Server\rewrite.php(47): require_once('C:\\Users\\rimuru\\Development\\web-komisioning\\public\\index.php')
WARNING - 2023-04-10 11:15:02 --> [DEPRECATED] Creation of dynamic property App\Controllers\Penyulang::$komkp is deprecated in APPPATH\Controllers\Penyulang.php on line 23.
 1 SYSTEMPATH\CodeIgniter.php(906): App\Controllers\Penyulang->__construct()
 2 SYSTEMPATH\CodeIgniter.php(490): CodeIgniter\CodeIgniter->createController()
 3 SYSTEMPATH\CodeIgniter.php(368): CodeIgniter\CodeIgniter->handleRequest(null, Object(Config\Cache), false)
 4 FCPATH\index.php(67): CodeIgniter\CodeIgniter->run()
 5 SYSTEMPATH\Commands\Server\rewrite.php(47): require_once('C:\\Users\\rimuru\\Development\\web-komisioning\\public\\index.php')
WARNING - 2023-04-10 11:15:02 --> [DEPRECATED] Creation of dynamic property App\Controllers\Penyulang::$picmaster is deprecated in APPPATH\Controllers\Penyulang.php on line 24.
 1 SYSTEMPATH\CodeIgniter.php(906): App\Controllers\Penyulang->__construct()
 2 SYSTEMPATH\CodeIgniter.php(490): CodeIgniter\CodeIgniter->createController()
 3 SYSTEMPATH\CodeIgniter.php(368): CodeIgniter\CodeIgniter->handleRequest(null, Object(Config\Cache), false)
 4 FCPATH\index.php(67): CodeIgniter\CodeIgniter->run()
 5 SYSTEMPATH\Commands\Server\rewrite.php(47): require_once('C:\\Users\\rimuru\\Development\\web-komisioning\\public\\index.php')
WARNING - 2023-04-10 11:15:02 --> [DEPRECATED] Creation of dynamic property App\Controllers\Penyulang::$medkom is deprecated in APPPATH\Controllers\Penyulang.php on line 25.
 1 SYSTEMPATH\CodeIgniter.php(906): App\Controllers\Penyulang->__construct()
 2 SYSTEMPATH\CodeIgniter.php(490): CodeIgniter\CodeIgniter->createController()
 3 SYSTEMPATH\CodeIgniter.php(368): CodeIgniter\CodeIgniter->handleRequest(null, Object(Config\Cache), false)
 4 FCPATH\index.php(67): CodeIgniter\CodeIgniter->run()
 5 SYSTEMPATH\Commands\Server\rewrite.php(47): require_once('C:\\Users\\rimuru\\Development\\web-komisioning\\public\\index.php')
WARNING - 2023-04-10 11:15:02 --> [DEPRECATED] Creation of dynamic property App\Controllers\Penyulang::$garduinduk is deprecated in APPPATH\Controllers\Penyulang.php on line 26.
 1 SYSTEMPATH\CodeIgniter.php(906): App\Controllers\Penyulang->__construct()
 2 SYSTEMPATH\CodeIgniter.php(490): CodeIgniter\CodeIgniter->createController()
 3 SYSTEMPATH\CodeIgniter.php(368): CodeIgniter\CodeIgniter->handleRequest(null, Object(Config\Cache), false)
 4 FCPATH\index.php(67): CodeIgniter\CodeIgniter->run()
 5 SYSTEMPATH\Commands\Server\rewrite.php(47): require_once('C:\\Users\\rimuru\\Development\\web-komisioning\\public\\index.php')
WARNING - 2023-04-10 11:15:02 --> [DEPRECATED] Creation of dynamic property App\Controllers\Penyulang::$modem is deprecated in APPPATH\Controllers\Penyulang.php on line 27.
 1 SYSTEMPATH\CodeIgniter.php(906): App\Controllers\Penyulang->__construct()
 2 SYSTEMPATH\CodeIgniter.php(490): CodeIgniter\CodeIgniter->createController()
 3 SYSTEMPATH\CodeIgniter.php(368): CodeIgniter\CodeIgniter->handleRequest(null, Object(Config\Cache), false)
 4 FCPATH\index.php(67): CodeIgniter\CodeIgniter->run()
 5 SYSTEMPATH\Commands\Server\rewrite.php(47): require_once('C:\\Users\\rimuru\\Development\\web-komisioning\\public\\index.php')
WARNING - 2023-04-10 11:15:02 --> [DEPRECATED] Creation of dynamic property App\Controllers\Penyulang::$sectoral is deprecated in APPPATH\Controllers\Penyulang.php on line 28.
 1 SYSTEMPATH\CodeIgniter.php(906): App\Controllers\Penyulang->__construct()
 2 SYSTEMPATH\CodeIgniter.php(490): CodeIgniter\CodeIgniter->createController()
 3 SYSTEMPATH\CodeIgniter.php(368): CodeIgniter\CodeIgniter->handleRequest(null, Object(Config\Cache), false)
 4 FCPATH\index.php(67): CodeIgniter\CodeIgniter->run()
 5 SYSTEMPATH\Commands\Server\rewrite.php(47): require_once('C:\\Users\\rimuru\\Development\\web-komisioning\\public\\index.php')
WARNING - 2023-04-10 11:15:02 --> [DEPRECATED] Creation of dynamic property App\Controllers\Penyulang::$admin is deprecated in APPPATH\Controllers\Penyulang.php on line 29.
 1 SYSTEMPATH\CodeIgniter.php(906): App\Controllers\Penyulang->__construct()
 2 SYSTEMPATH\CodeIgniter.php(490): CodeIgniter\CodeIgniter->createController()
 3 SYSTEMPATH\CodeIgniter.php(368): CodeIgniter\CodeIgniter->handleRequest(null, Object(Config\Cache), false)
 4 FCPATH\index.php(67): CodeIgniter\CodeIgniter->run()
 5 SYSTEMPATH\Commands\Server\rewrite.php(47): require_once('C:\\Users\\rimuru\\Development\\web-komisioning\\public\\index.php')
WARNING - 2023-04-10 11:15:02 --> [DEPRECATED] Creation of dynamic property App\Controllers\Penyulang::$merkrtugi is deprecated in APPPATH\Controllers\Penyulang.php on line 30.
 1 SYSTEMPATH\CodeIgniter.php(906): App\Controllers\Penyulang->__construct()
 2 SYSTEMPATH\CodeIgniter.php(490): CodeIgniter\CodeIgniter->createController()
 3 SYSTEMPATH\CodeIgniter.php(368): CodeIgniter\CodeIgniter->handleRequest(null, Object(Config\Cache), false)
 4 FCPATH\index.php(67): CodeIgniter\CodeIgniter->run()
 5 SYSTEMPATH\Commands\Server\rewrite.php(47): require_once('C:\\Users\\rimuru\\Development\\web-komisioning\\public\\index.php')
INFO - 2023-04-10 11:15:41 --> Session: Class initialized using 'CodeIgniter\Session\Handlers\FileHandler' driver.
WARNING - 2023-04-10 11:15:41 --> [DEPRECATED] Creation of dynamic property App\Controllers\Penyulang::$formpeny is deprecated in APPPATH\Controllers\Penyulang.php on line 22.
 1 SYSTEMPATH\CodeIgniter.php(906): App\Controllers\Penyulang->__construct()
 2 SYSTEMPATH\CodeIgniter.php(490): CodeIgniter\CodeIgniter->createController()
 3 SYSTEMPATH\CodeIgniter.php(368): CodeIgniter\CodeIgniter->handleRequest(null, Object(Config\Cache), false)
 4 FCPATH\index.php(67): CodeIgniter\CodeIgniter->run()
 5 SYSTEMPATH\Commands\Server\rewrite.php(47): require_once('C:\\Users\\rimuru\\Development\\web-komisioning\\public\\index.php')
WARNING - 2023-04-10 11:15:41 --> [DEPRECATED] Creation of dynamic property App\Controllers\Penyulang::$komkp is deprecated in APPPATH\Controllers\Penyulang.php on line 23.
 1 SYSTEMPATH\CodeIgniter.php(906): App\Controllers\Penyulang->__construct()
 2 SYSTEMPATH\CodeIgniter.php(490): CodeIgniter\CodeIgniter->createController()
 3 SYSTEMPATH\CodeIgniter.php(368): CodeIgniter\CodeIgniter->handleRequest(null, Object(Config\Cache), false)
 4 FCPATH\index.php(67): CodeIgniter\CodeIgniter->run()
 5 SYSTEMPATH\Commands\Server\rewrite.php(47): require_once('C:\\Users\\rimuru\\Development\\web-komisioning\\public\\index.php')
WARNING - 2023-04-10 11:15:41 --> [DEPRECATED] Creation of dynamic property App\Controllers\Penyulang::$picmaster is deprecated in APPPATH\Controllers\Penyulang.php on line 24.
 1 SYSTEMPATH\CodeIgniter.php(906): App\Controllers\Penyulang->__construct()
 2 SYSTEMPATH\CodeIgniter.php(490): CodeIgniter\CodeIgniter->createController()
 3 SYSTEMPATH\CodeIgniter.php(368): CodeIgniter\CodeIgniter->handleRequest(null, Object(Config\Cache), false)
 4 FCPATH\index.php(67): CodeIgniter\CodeIgniter->run()
 5 SYSTEMPATH\Commands\Server\rewrite.php(47): require_once('C:\\Users\\rimuru\\Development\\web-komisioning\\public\\index.php')
WARNING - 2023-04-10 11:15:41 --> [DEPRECATED] Creation of dynamic property App\Controllers\Penyulang::$medkom is deprecated in APPPATH\Controllers\Penyulang.php on line 25.
 1 SYSTEMPATH\CodeIgniter.php(906): App\Controllers\Penyulang->__construct()
 2 SYSTEMPATH\CodeIgniter.php(490): CodeIgniter\CodeIgniter->createController()
 3 SYSTEMPATH\CodeIgniter.php(368): CodeIgniter\CodeIgniter->handleRequest(null, Object(Config\Cache), false)
 4 FCPATH\index.php(67): CodeIgniter\CodeIgniter->run()
 5 SYSTEMPATH\Commands\Server\rewrite.php(47): require_once('C:\\Users\\rimuru\\Development\\web-komisioning\\public\\index.php')
WARNING - 2023-04-10 11:15:41 --> [DEPRECATED] Creation of dynamic property App\Controllers\Penyulang::$garduinduk is deprecated in APPPATH\Controllers\Penyulang.php on line 26.
 1 SYSTEMPATH\CodeIgniter.php(906): App\Controllers\Penyulang->__construct()
 2 SYSTEMPATH\CodeIgniter.php(490): CodeIgniter\CodeIgniter->createController()
 3 SYSTEMPATH\CodeIgniter.php(368): CodeIgniter\CodeIgniter->handleRequest(null, Object(Config\Cache), false)
 4 FCPATH\index.php(67): CodeIgniter\CodeIgniter->run()
 5 SYSTEMPATH\Commands\Server\rewrite.php(47): require_once('C:\\Users\\rimuru\\Development\\web-komisioning\\public\\index.php')
WARNING - 2023-04-10 11:15:41 --> [DEPRECATED] Creation of dynamic property App\Controllers\Penyulang::$modem is deprecated in APPPATH\Controllers\Penyulang.php on line 27.
 1 SYSTEMPATH\CodeIgniter.php(906): App\Controllers\Penyulang->__construct()
 2 SYSTEMPATH\CodeIgniter.php(490): CodeIgniter\CodeIgniter->createController()
 3 SYSTEMPATH\CodeIgniter.php(368): CodeIgniter\CodeIgniter->handleRequest(null, Object(Config\Cache), false)
 4 FCPATH\index.php(67): CodeIgniter\CodeIgniter->run()
 5 SYSTEMPATH\Commands\Server\rewrite.php(47): require_once('C:\\Users\\rimuru\\Development\\web-komisioning\\public\\index.php')
WARNING - 2023-04-10 11:15:41 --> [DEPRECATED] Creation of dynamic property App\Controllers\Penyulang::$sectoral is deprecated in APPPATH\Controllers\Penyulang.php on line 28.
 1 SYSTEMPATH\CodeIgniter.php(906): App\Controllers\Penyulang->__construct()
 2 SYSTEMPATH\CodeIgniter.php(490): CodeIgniter\CodeIgniter->createController()
 3 SYSTEMPATH\CodeIgniter.php(368): CodeIgniter\CodeIgniter->handleRequest(null, Object(Config\Cache), false)
 4 FCPATH\index.php(67): CodeIgniter\CodeIgniter->run()
 5 SYSTEMPATH\Commands\Server\rewrite.php(47): require_once('C:\\Users\\rimuru\\Development\\web-komisioning\\public\\index.php')
WARNING - 2023-04-10 11:15:41 --> [DEPRECATED] Creation of dynamic property App\Controllers\Penyulang::$admin is deprecated in APPPATH\Controllers\Penyulang.php on line 29.
 1 SYSTEMPATH\CodeIgniter.php(906): App\Controllers\Penyulang->__construct()
 2 SYSTEMPATH\CodeIgniter.php(490): CodeIgniter\CodeIgniter->createController()
 3 SYSTEMPATH\CodeIgniter.php(368): CodeIgniter\CodeIgniter->handleRequest(null, Object(Config\Cache), false)
 4 FCPATH\index.php(67): CodeIgniter\CodeIgniter->run()
 5 SYSTEMPATH\Commands\Server\rewrite.php(47): require_once('C:\\Users\\rimuru\\Development\\web-komisioning\\public\\index.php')
WARNING - 2023-04-10 11:15:41 --> [DEPRECATED] Creation of dynamic property App\Controllers\Penyulang::$merkrtugi is deprecated in APPPATH\Controllers\Penyulang.php on line 30.
 1 SYSTEMPATH\CodeIgniter.php(906): App\Controllers\Penyulang->__construct()
 2 SYSTEMPATH\CodeIgniter.php(490): CodeIgniter\CodeIgniter->createController()
 3 SYSTEMPATH\CodeIgniter.php(368): CodeIgniter\CodeIgniter->handleRequest(null, Object(Config\Cache), false)
 4 FCPATH\index.php(67): CodeIgniter\CodeIgniter->run()
 5 SYSTEMPATH\Commands\Server\rewrite.php(47): require_once('C:\\Users\\rimuru\\Development\\web-komisioning\\public\\index.php')
INFO - 2023-04-10 11:16:11 --> Session: Class initialized using 'CodeIgniter\Session\Handlers\FileHandler' driver.
WARNING - 2023-04-10 11:16:11 --> [DEPRECATED] Creation of dynamic property App\Controllers\Penyulang::$formpeny is deprecated in APPPATH\Controllers\Penyulang.php on line 22.
 1 SYSTEMPATH\CodeIgniter.php(906): App\Controllers\Penyulang->__construct()
 2 SYSTEMPATH\CodeIgniter.php(490): CodeIgniter\CodeIgniter->createController()
 3 SYSTEMPATH\CodeIgniter.php(368): CodeIgniter\CodeIgniter->handleRequest(null, Object(Config\Cache), false)
 4 FCPATH\index.php(67): CodeIgniter\CodeIgniter->run()
 5 SYSTEMPATH\Commands\Server\rewrite.php(47): require_once('C:\\Users\\rimuru\\Development\\web-komisioning\\public\\index.php')
WARNING - 2023-04-10 11:16:11 --> [DEPRECATED] Creation of dynamic property App\Controllers\Penyulang::$komkp is deprecated in APPPATH\Controllers\Penyulang.php on line 23.
 1 SYSTEMPATH\CodeIgniter.php(906): App\Controllers\Penyulang->__construct()
 2 SYSTEMPATH\CodeIgniter.php(490): CodeIgniter\CodeIgniter->createController()
 3 SYSTEMPATH\CodeIgniter.php(368): CodeIgniter\CodeIgniter->handleRequest(null, Object(Config\Cache), false)
 4 FCPATH\index.php(67): CodeIgniter\CodeIgniter->run()
 5 SYSTEMPATH\Commands\Server\rewrite.php(47): require_once('C:\\Users\\rimuru\\Development\\web-komisioning\\public\\index.php')
WARNING - 2023-04-10 11:16:11 --> [DEPRECATED] Creation of dynamic property App\Controllers\Penyulang::$picmaster is deprecated in APPPATH\Controllers\Penyulang.php on line 24.
 1 SYSTEMPATH\CodeIgniter.php(906): App\Controllers\Penyulang->__construct()
 2 SYSTEMPATH\CodeIgniter.php(490): CodeIgniter\CodeIgniter->createController()
 3 SYSTEMPATH\CodeIgniter.php(368): CodeIgniter\CodeIgniter->handleRequest(null, Object(Config\Cache), false)
 4 FCPATH\index.php(67): CodeIgniter\CodeIgniter->run()
 5 SYSTEMPATH\Commands\Server\rewrite.php(47): require_once('C:\\Users\\rimuru\\Development\\web-komisioning\\public\\index.php')
WARNING - 2023-04-10 11:16:11 --> [DEPRECATED] Creation of dynamic property App\Controllers\Penyulang::$medkom is deprecated in APPPATH\Controllers\Penyulang.php on line 25.
 1 SYSTEMPATH\CodeIgniter.php(906): App\Controllers\Penyulang->__construct()
 2 SYSTEMPATH\CodeIgniter.php(490): CodeIgniter\CodeIgniter->createController()
 3 SYSTEMPATH\CodeIgniter.php(368): CodeIgniter\CodeIgniter->handleRequest(null, Object(Config\Cache), false)
 4 FCPATH\index.php(67): CodeIgniter\CodeIgniter->run()
 5 SYSTEMPATH\Commands\Server\rewrite.php(47): require_once('C:\\Users\\rimuru\\Development\\web-komisioning\\public\\index.php')
WARNING - 2023-04-10 11:16:11 --> [DEPRECATED] Creation of dynamic property App\Controllers\Penyulang::$garduinduk is deprecated in APPPATH\Controllers\Penyulang.php on line 26.
 1 SYSTEMPATH\CodeIgniter.php(906): App\Controllers\Penyulang->__construct()
 2 SYSTEMPATH\CodeIgniter.php(490): CodeIgniter\CodeIgniter->createController()
 3 SYSTEMPATH\CodeIgniter.php(368): CodeIgniter\CodeIgniter->handleRequest(null, Object(Config\Cache), false)
 4 FCPATH\index.php(67): CodeIgniter\CodeIgniter->run()
 5 SYSTEMPATH\Commands\Server\rewrite.php(47): require_once('C:\\Users\\rimuru\\Development\\web-komisioning\\public\\index.php')
WARNING - 2023-04-10 11:16:11 --> [DEPRECATED] Creation of dynamic property App\Controllers\Penyulang::$modem is deprecated in APPPATH\Controllers\Penyulang.php on line 27.
 1 SYSTEMPATH\CodeIgniter.php(906): App\Controllers\Penyulang->__construct()
 2 SYSTEMPATH\CodeIgniter.php(490): CodeIgniter\CodeIgniter->createController()
 3 SYSTEMPATH\CodeIgniter.php(368): CodeIgniter\CodeIgniter->handleRequest(null, Object(Config\Cache), false)
 4 FCPATH\index.php(67): CodeIgniter\CodeIgniter->run()
 5 SYSTEMPATH\Commands\Server\rewrite.php(47): require_once('C:\\Users\\rimuru\\Development\\web-komisioning\\public\\index.php')
WARNING - 2023-04-10 11:16:11 --> [DEPRECATED] Creation of dynamic property App\Controllers\Penyulang::$sectoral is deprecated in APPPATH\Controllers\Penyulang.php on line 28.
 1 SYSTEMPATH\CodeIgniter.php(906): App\Controllers\Penyulang->__construct()
 2 SYSTEMPATH\CodeIgniter.php(490): CodeIgniter\CodeIgniter->createController()
 3 SYSTEMPATH\CodeIgniter.php(368): CodeIgniter\CodeIgniter->handleRequest(null, Object(Config\Cache), false)
 4 FCPATH\index.php(67): CodeIgniter\CodeIgniter->run()
 5 SYSTEMPATH\Commands\Server\rewrite.php(47): require_once('C:\\Users\\rimuru\\Development\\web-komisioning\\public\\index.php')
WARNING - 2023-04-10 11:16:11 --> [DEPRECATED] Creation of dynamic property App\Controllers\Penyulang::$admin is deprecated in APPPATH\Controllers\Penyulang.php on line 29.
 1 SYSTEMPATH\CodeIgniter.php(906): App\Controllers\Penyulang->__construct()
 2 SYSTEMPATH\CodeIgniter.php(490): CodeIgniter\CodeIgniter->createController()
 3 SYSTEMPATH\CodeIgniter.php(368): CodeIgniter\CodeIgniter->handleRequest(null, Object(Config\Cache), false)
 4 FCPATH\index.php(67): CodeIgniter\CodeIgniter->run()
 5 SYSTEMPATH\Commands\Server\rewrite.php(47): require_once('C:\\Users\\rimuru\\Development\\web-komisioning\\public\\index.php')
WARNING - 2023-04-10 11:16:11 --> [DEPRECATED] Creation of dynamic property App\Controllers\Penyulang::$merkrtugi is deprecated in APPPATH\Controllers\Penyulang.php on line 30.
 1 SYSTEMPATH\CodeIgniter.php(906): App\Controllers\Penyulang->__construct()
 2 SYSTEMPATH\CodeIgniter.php(490): CodeIgniter\CodeIgniter->createController()
 3 SYSTEMPATH\CodeIgniter.php(368): CodeIgniter\CodeIgniter->handleRequest(null, Object(Config\Cache), false)
 4 FCPATH\index.php(67): CodeIgniter\CodeIgniter->run()
 5 SYSTEMPATH\Commands\Server\rewrite.php(47): require_once('C:\\Users\\rimuru\\Development\\web-komisioning\\public\\index.php')
INFO - 2023-04-10 11:17:53 --> Session: Class initialized using 'CodeIgniter\Session\Handlers\FileHandler' driver.
WARNING - 2023-04-10 11:17:54 --> [DEPRECATED] Creation of dynamic property App\Controllers\Penyulang::$formpeny is deprecated in APPPATH\Controllers\Penyulang.php on line 22.
 1 SYSTEMPATH\CodeIgniter.php(906): App\Controllers\Penyulang->__construct()
 2 SYSTEMPATH\CodeIgniter.php(490): CodeIgniter\CodeIgniter->createController()
 3 SYSTEMPATH\CodeIgniter.php(368): CodeIgniter\CodeIgniter->handleRequest(null, Object(Config\Cache), false)
 4 FCPATH\index.php(67): CodeIgniter\CodeIgniter->run()
 5 SYSTEMPATH\Commands\Server\rewrite.php(47): require_once('C:\\Users\\rimuru\\Development\\web-komisioning\\public\\index.php')
WARNING - 2023-04-10 11:17:54 --> [DEPRECATED] Creation of dynamic property App\Controllers\Penyulang::$komkp is deprecated in APPPATH\Controllers\Penyulang.php on line 23.
 1 SYSTEMPATH\CodeIgniter.php(906): App\Controllers\Penyulang->__construct()
 2 SYSTEMPATH\CodeIgniter.php(490): CodeIgniter\CodeIgniter->createController()
 3 SYSTEMPATH\CodeIgniter.php(368): CodeIgniter\CodeIgniter->handleRequest(null, Object(Config\Cache), false)
 4 FCPATH\index.php(67): CodeIgniter\CodeIgniter->run()
 5 SYSTEMPATH\Commands\Server\rewrite.php(47): require_once('C:\\Users\\rimuru\\Development\\web-komisioning\\public\\index.php')
WARNING - 2023-04-10 11:17:54 --> [DEPRECATED] Creation of dynamic property App\Controllers\Penyulang::$picmaster is deprecated in APPPATH\Controllers\Penyulang.php on line 24.
 1 SYSTEMPATH\CodeIgniter.php(906): App\Controllers\Penyulang->__construct()
 2 SYSTEMPATH\CodeIgniter.php(490): CodeIgniter\CodeIgniter->createController()
 3 SYSTEMPATH\CodeIgniter.php(368): CodeIgniter\CodeIgniter->handleRequest(null, Object(Config\Cache), false)
 4 FCPATH\index.php(67): CodeIgniter\CodeIgniter->run()
 5 SYSTEMPATH\Commands\Server\rewrite.php(47): require_once('C:\\Users\\rimuru\\Development\\web-komisioning\\public\\index.php')
WARNING - 2023-04-10 11:17:54 --> [DEPRECATED] Creation of dynamic property App\Controllers\Penyulang::$medkom is deprecated in APPPATH\Controllers\Penyulang.php on line 25.
 1 SYSTEMPATH\CodeIgniter.php(906): App\Controllers\Penyulang->__construct()
 2 SYSTEMPATH\CodeIgniter.php(490): CodeIgniter\CodeIgniter->createController()
 3 SYSTEMPATH\CodeIgniter.php(368): CodeIgniter\CodeIgniter->handleRequest(null, Object(Config\Cache), false)
 4 FCPATH\index.php(67): CodeIgniter\CodeIgniter->run()
 5 SYSTEMPATH\Commands\Server\rewrite.php(47): require_once('C:\\Users\\rimuru\\Development\\web-komisioning\\public\\index.php')
WARNING - 2023-04-10 11:17:54 --> [DEPRECATED] Creation of dynamic property App\Controllers\Penyulang::$garduinduk is deprecated in APPPATH\Controllers\Penyulang.php on line 26.
 1 SYSTEMPATH\CodeIgniter.php(906): App\Controllers\Penyulang->__construct()
 2 SYSTEMPATH\CodeIgniter.php(490): CodeIgniter\CodeIgniter->createController()
 3 SYSTEMPATH\CodeIgniter.php(368): CodeIgniter\CodeIgniter->handleRequest(null, Object(Config\Cache), false)
 4 FCPATH\index.php(67): CodeIgniter\CodeIgniter->run()
 5 SYSTEMPATH\Commands\Server\rewrite.php(47): require_once('C:\\Users\\rimuru\\Development\\web-komisioning\\public\\index.php')
WARNING - 2023-04-10 11:17:54 --> [DEPRECATED] Creation of dynamic property App\Controllers\Penyulang::$modem is deprecated in APPPATH\Controllers\Penyulang.php on line 27.
 1 SYSTEMPATH\CodeIgniter.php(906): App\Controllers\Penyulang->__construct()
 2 SYSTEMPATH\CodeIgniter.php(490): CodeIgniter\CodeIgniter->createController()
 3 SYSTEMPATH\CodeIgniter.php(368): CodeIgniter\CodeIgniter->handleRequest(null, Object(Config\Cache), false)
 4 FCPATH\index.php(67): CodeIgniter\CodeIgniter->run()
 5 SYSTEMPATH\Commands\Server\rewrite.php(47): require_once('C:\\Users\\rimuru\\Development\\web-komisioning\\public\\index.php')
WARNING - 2023-04-10 11:17:54 --> [DEPRECATED] Creation of dynamic property App\Controllers\Penyulang::$sectoral is deprecated in APPPATH\Controllers\Penyulang.php on line 28.
 1 SYSTEMPATH\CodeIgniter.php(906): App\Controllers\Penyulang->__construct()
 2 SYSTEMPATH\CodeIgniter.php(490): CodeIgniter\CodeIgniter->createController()
 3 SYSTEMPATH\CodeIgniter.php(368): CodeIgniter\CodeIgniter->handleRequest(null, Object(Config\Cache), false)
 4 FCPATH\index.php(67): CodeIgniter\CodeIgniter->run()
 5 SYSTEMPATH\Commands\Server\rewrite.php(47): require_once('C:\\Users\\rimuru\\Development\\web-komisioning\\public\\index.php')
WARNING - 2023-04-10 11:17:54 --> [DEPRECATED] Creation of dynamic property App\Controllers\Penyulang::$admin is deprecated in APPPATH\Controllers\Penyulang.php on line 29.
 1 SYSTEMPATH\CodeIgniter.php(906): App\Controllers\Penyulang->__construct()
 2 SYSTEMPATH\CodeIgniter.php(490): CodeIgniter\CodeIgniter->createController()
 3 SYSTEMPATH\CodeIgniter.php(368): CodeIgniter\CodeIgniter->handleRequest(null, Object(Config\Cache), false)
 4 FCPATH\index.php(67): CodeIgniter\CodeIgniter->run()
 5 SYSTEMPATH\Commands\Server\rewrite.php(47): require_once('C:\\Users\\rimuru\\Development\\web-komisioning\\public\\index.php')
WARNING - 2023-04-10 11:17:54 --> [DEPRECATED] Creation of dynamic property App\Controllers\Penyulang::$merkrtugi is deprecated in APPPATH\Controllers\Penyulang.php on line 30.
 1 SYSTEMPATH\CodeIgniter.php(906): App\Controllers\Penyulang->__construct()
 2 SYSTEMPATH\CodeIgniter.php(490): CodeIgniter\CodeIgniter->createController()
 3 SYSTEMPATH\CodeIgniter.php(368): CodeIgniter\CodeIgniter->handleRequest(null, Object(Config\Cache), false)
 4 FCPATH\index.php(67): CodeIgniter\CodeIgniter->run()
 5 SYSTEMPATH\Commands\Server\rewrite.php(47): require_once('C:\\Users\\rimuru\\Development\\web-komisioning\\public\\index.php')
INFO - 2023-04-10 11:18:09 --> Session: Class initialized using 'CodeIgniter\Session\Handlers\FileHandler' driver.
WARNING - 2023-04-10 11:18:09 --> [DEPRECATED] Creation of dynamic property App\Controllers\Keypoint::$formkp is deprecated in APPPATH\Controllers\Keypoint.php on line 20.
 1 SYSTEMPATH\CodeIgniter.php(906): App\Controllers\Keypoint->__construct()
 2 SYSTEMPATH\CodeIgniter.php(490): CodeIgniter\CodeIgniter->createController()
 3 SYSTEMPATH\CodeIgniter.php(368): CodeIgniter\CodeIgniter->handleRequest(null, Object(Config\Cache), false)
 4 FCPATH\index.php(67): CodeIgniter\CodeIgniter->run()
 5 SYSTEMPATH\Commands\Server\rewrite.php(47): require_once('C:\\Users\\rimuru\\Development\\web-komisioning\\public\\index.php')
WARNING - 2023-04-10 11:18:09 --> [DEPRECATED] Creation of dynamic property App\Controllers\Keypoint::$komkp is deprecated in APPPATH\Controllers\Keypoint.php on line 21.
 1 SYSTEMPATH\CodeIgniter.php(906): App\Controllers\Keypoint->__construct()
 2 SYSTEMPATH\CodeIgniter.php(490): CodeIgniter\CodeIgniter->createController()
 3 SYSTEMPATH\CodeIgniter.php(368): CodeIgniter\CodeIgniter->handleRequest(null, Object(Config\Cache), false)
 4 FCPATH\index.php(67): CodeIgniter\CodeIgniter->run()
 5 SYSTEMPATH\Commands\Server\rewrite.php(47): require_once('C:\\Users\\rimuru\\Development\\web-komisioning\\public\\index.php')
WARNING - 2023-04-10 11:18:09 --> [DEPRECATED] Creation of dynamic property App\Controllers\Keypoint::$picmaster is deprecated in APPPATH\Controllers\Keypoint.php on line 22.
 1 SYSTEMPATH\CodeIgniter.php(906): App\Controllers\Keypoint->__construct()
 2 SYSTEMPATH\CodeIgniter.php(490): CodeIgniter\CodeIgniter->createController()
 3 SYSTEMPATH\CodeIgniter.php(368): CodeIgniter\CodeIgniter->handleRequest(null, Object(Config\Cache), false)
 4 FCPATH\index.php(67): CodeIgniter\CodeIgniter->run()
 5 SYSTEMPATH\Commands\Server\rewrite.php(47): require_once('C:\\Users\\rimuru\\Development\\web-komisioning\\public\\index.php')
WARNING - 2023-04-10 11:18:09 --> [DEPRECATED] Creation of dynamic property App\Controllers\Keypoint::$medkom is deprecated in APPPATH\Controllers\Keypoint.php on line 23.
 1 SYSTEMPATH\CodeIgniter.php(906): App\Controllers\Keypoint->__construct()
 2 SYSTEMPATH\CodeIgniter.php(490): CodeIgniter\CodeIgniter->createController()
 3 SYSTEMPATH\CodeIgniter.php(368): CodeIgniter\CodeIgniter->handleRequest(null, Object(Config\Cache), false)
 4 FCPATH\index.php(67): CodeIgniter\CodeIgniter->run()
 5 SYSTEMPATH\Commands\Server\rewrite.php(47): require_once('C:\\Users\\rimuru\\Development\\web-komisioning\\public\\index.php')
WARNING - 2023-04-10 11:18:09 --> [DEPRECATED] Creation of dynamic property App\Controllers\Keypoint::$merklbs is deprecated in APPPATH\Controllers\Keypoint.php on line 24.
 1 SYSTEMPATH\CodeIgniter.php(906): App\Controllers\Keypoint->__construct()
 2 SYSTEMPATH\CodeIgniter.php(490): CodeIgniter\CodeIgniter->createController()
 3 SYSTEMPATH\CodeIgniter.php(368): CodeIgniter\CodeIgniter->handleRequest(null, Object(Config\Cache), false)
 4 FCPATH\index.php(67): CodeIgniter\CodeIgniter->run()
 5 SYSTEMPATH\Commands\Server\rewrite.php(47): require_once('C:\\Users\\rimuru\\Development\\web-komisioning\\public\\index.php')
WARNING - 2023-04-10 11:18:09 --> [DEPRECATED] Creation of dynamic property App\Controllers\Keypoint::$garduinduk is deprecated in APPPATH\Controllers\Keypoint.php on line 25.
 1 SYSTEMPATH\CodeIgniter.php(906): App\Controllers\Keypoint->__construct()
 2 SYSTEMPATH\CodeIgniter.php(490): CodeIgniter\CodeIgniter->createController()
 3 SYSTEMPATH\CodeIgniter.php(368): CodeIgniter\CodeIgniter->handleRequest(null, Object(Config\Cache), false)
 4 FCPATH\index.php(67): CodeIgniter\CodeIgniter->run()
 5 SYSTEMPATH\Commands\Server\rewrite.php(47): require_once('C:\\Users\\rimuru\\Development\\web-komisioning\\public\\index.php')
WARNING - 2023-04-10 11:18:09 --> [DEPRECATED] Creation of dynamic property App\Controllers\Keypoint::$modem is deprecated in APPPATH\Controllers\Keypoint.php on line 26.
 1 SYSTEMPATH\CodeIgniter.php(906): App\Controllers\Keypoint->__construct()
 2 SYSTEMPATH\CodeIgniter.php(490): CodeIgniter\CodeIgniter->createController()
 3 SYSTEMPATH\CodeIgniter.php(368): CodeIgniter\CodeIgniter->handleRequest(null, Object(Config\Cache), false)
 4 FCPATH\index.php(67): CodeIgniter\CodeIgniter->run()
 5 SYSTEMPATH\Commands\Server\rewrite.php(47): require_once('C:\\Users\\rimuru\\Development\\web-komisioning\\public\\index.php')
WARNING - 2023-04-10 11:18:09 --> [DEPRECATED] Creation of dynamic property App\Controllers\Keypoint::$sectoral is deprecated in APPPATH\Controllers\Keypoint.php on line 27.
 1 SYSTEMPATH\CodeIgniter.php(906): App\Controllers\Keypoint->__construct()
 2 SYSTEMPATH\CodeIgniter.php(490): CodeIgniter\CodeIgniter->createController()
 3 SYSTEMPATH\CodeIgniter.php(368): CodeIgniter\CodeIgniter->handleRequest(null, Object(Config\Cache), false)
 4 FCPATH\index.php(67): CodeIgniter\CodeIgniter->run()
 5 SYSTEMPATH\Commands\Server\rewrite.php(47): require_once('C:\\Users\\rimuru\\Development\\web-komisioning\\public\\index.php')
WARNING - 2023-04-10 11:18:09 --> [DEPRECATED] Creation of dynamic property App\Controllers\Keypoint::$admin is deprecated in APPPATH\Controllers\Keypoint.php on line 28.
 1 SYSTEMPATH\CodeIgniter.php(906): App\Controllers\Keypoint->__construct()
 2 SYSTEMPATH\CodeIgniter.php(490): CodeIgniter\CodeIgniter->createController()
 3 SYSTEMPATH\CodeIgniter.php(368): CodeIgniter\CodeIgniter->handleRequest(null, Object(Config\Cache), false)
 4 FCPATH\index.php(67): CodeIgniter\CodeIgniter->run()
 5 SYSTEMPATH\Commands\Server\rewrite.php(47): require_once('C:\\Users\\rimuru\\Development\\web-komisioning\\public\\index.php')
INFO - 2023-04-10 11:18:17 --> Session: Class initialized using 'CodeIgniter\Session\Handlers\FileHandler' driver.
WARNING - 2023-04-10 11:18:17 --> [DEPRECATED] Creation of dynamic property App\Controllers\Keypoint::$formkp is deprecated in APPPATH\Controllers\Keypoint.php on line 20.
 1 SYSTEMPATH\CodeIgniter.php(906): App\Controllers\Keypoint->__construct()
 2 SYSTEMPATH\CodeIgniter.php(490): CodeIgniter\CodeIgniter->createController()
 3 SYSTEMPATH\CodeIgniter.php(368): CodeIgniter\CodeIgniter->handleRequest(null, Object(Config\Cache), false)
 4 FCPATH\index.php(67): CodeIgniter\CodeIgniter->run()
 5 SYSTEMPATH\Commands\Server\rewrite.php(47): require_once('C:\\Users\\rimuru\\Development\\web-komisioning\\public\\index.php')
WARNING - 2023-04-10 11:18:17 --> [DEPRECATED] Creation of dynamic property App\Controllers\Keypoint::$komkp is deprecated in APPPATH\Controllers\Keypoint.php on line 21.
 1 SYSTEMPATH\CodeIgniter.php(906): App\Controllers\Keypoint->__construct()
 2 SYSTEMPATH\CodeIgniter.php(490): CodeIgniter\CodeIgniter->createController()
 3 SYSTEMPATH\CodeIgniter.php(368): CodeIgniter\CodeIgniter->handleRequest(null, Object(Config\Cache), false)
 4 FCPATH\index.php(67): CodeIgniter\CodeIgniter->run()
 5 SYSTEMPATH\Commands\Server\rewrite.php(47): require_once('C:\\Users\\rimuru\\Development\\web-komisioning\\public\\index.php')
WARNING - 2023-04-10 11:18:17 --> [DEPRECATED] Creation of dynamic property App\Controllers\Keypoint::$picmaster is deprecated in APPPATH\Controllers\Keypoint.php on line 22.
 1 SYSTEMPATH\CodeIgniter.php(906): App\Controllers\Keypoint->__construct()
 2 SYSTEMPATH\CodeIgniter.php(490): CodeIgniter\CodeIgniter->createController()
 3 SYSTEMPATH\CodeIgniter.php(368): CodeIgniter\CodeIgniter->handleRequest(null, Object(Config\Cache), false)
 4 FCPATH\index.php(67): CodeIgniter\CodeIgniter->run()
 5 SYSTEMPATH\Commands\Server\rewrite.php(47): require_once('C:\\Users\\rimuru\\Development\\web-komisioning\\public\\index.php')
WARNING - 2023-04-10 11:18:17 --> [DEPRECATED] Creation of dynamic property App\Controllers\Keypoint::$medkom is deprecated in APPPATH\Controllers\Keypoint.php on line 23.
 1 SYSTEMPATH\CodeIgniter.php(906): App\Controllers\Keypoint->__construct()
 2 SYSTEMPATH\CodeIgniter.php(490): CodeIgniter\CodeIgniter->createController()
 3 SYSTEMPATH\CodeIgniter.php(368): CodeIgniter\CodeIgniter->handleRequest(null, Object(Config\Cache), false)
 4 FCPATH\index.php(67): CodeIgniter\CodeIgniter->run()
 5 SYSTEMPATH\Commands\Server\rewrite.php(47): require_once('C:\\Users\\rimuru\\Development\\web-komisioning\\public\\index.php')
WARNING - 2023-04-10 11:18:17 --> [DEPRECATED] Creation of dynamic property App\Controllers\Keypoint::$merklbs is deprecated in APPPATH\Controllers\Keypoint.php on line 24.
 1 SYSTEMPATH\CodeIgniter.php(906): App\Controllers\Keypoint->__construct()
 2 SYSTEMPATH\CodeIgniter.php(490): CodeIgniter\CodeIgniter->createController()
 3 SYSTEMPATH\CodeIgniter.php(368): CodeIgniter\CodeIgniter->handleRequest(null, Object(Config\Cache), false)
 4 FCPATH\index.php(67): CodeIgniter\CodeIgniter->run()
 5 SYSTEMPATH\Commands\Server\rewrite.php(47): require_once('C:\\Users\\rimuru\\Development\\web-komisioning\\public\\index.php')
WARNING - 2023-04-10 11:18:17 --> [DEPRECATED] Creation of dynamic property App\Controllers\Keypoint::$garduinduk is deprecated in APPPATH\Controllers\Keypoint.php on line 25.
 1 SYSTEMPATH\CodeIgniter.php(906): App\Controllers\Keypoint->__construct()
 2 SYSTEMPATH\CodeIgniter.php(490): CodeIgniter\CodeIgniter->createController()
 3 SYSTEMPATH\CodeIgniter.php(368): CodeIgniter\CodeIgniter->handleRequest(null, Object(Config\Cache), false)
 4 FCPATH\index.php(67): CodeIgniter\CodeIgniter->run()
 5 SYSTEMPATH\Commands\Server\rewrite.php(47): require_once('C:\\Users\\rimuru\\Development\\web-komisioning\\public\\index.php')
WARNING - 2023-04-10 11:18:17 --> [DEPRECATED] Creation of dynamic property App\Controllers\Keypoint::$modem is deprecated in APPPATH\Controllers\Keypoint.php on line 26.
 1 SYSTEMPATH\CodeIgniter.php(906): App\Controllers\Keypoint->__construct()
 2 SYSTEMPATH\CodeIgniter.php(490): CodeIgniter\CodeIgniter->createController()
 3 SYSTEMPATH\CodeIgniter.php(368): CodeIgniter\CodeIgniter->handleRequest(null, Object(Config\Cache), false)
 4 FCPATH\index.php(67): CodeIgniter\CodeIgniter->run()
 5 SYSTEMPATH\Commands\Server\rewrite.php(47): require_once('C:\\Users\\rimuru\\Development\\web-komisioning\\public\\index.php')
WARNING - 2023-04-10 11:18:17 --> [DEPRECATED] Creation of dynamic property App\Controllers\Keypoint::$sectoral is deprecated in APPPATH\Controllers\Keypoint.php on line 27.
 1 SYSTEMPATH\CodeIgniter.php(906): App\Controllers\Keypoint->__construct()
 2 SYSTEMPATH\CodeIgniter.php(490): CodeIgniter\CodeIgniter->createController()
 3 SYSTEMPATH\CodeIgniter.php(368): CodeIgniter\CodeIgniter->handleRequest(null, Object(Config\Cache), false)
 4 FCPATH\index.php(67): CodeIgniter\CodeIgniter->run()
 5 SYSTEMPATH\Commands\Server\rewrite.php(47): require_once('C:\\Users\\rimuru\\Development\\web-komisioning\\public\\index.php')
WARNING - 2023-04-10 11:18:17 --> [DEPRECATED] Creation of dynamic property App\Controllers\Keypoint::$admin is deprecated in APPPATH\Controllers\Keypoint.php on line 28.
 1 SYSTEMPATH\CodeIgniter.php(906): App\Controllers\Keypoint->__construct()
 2 SYSTEMPATH\CodeIgniter.php(490): CodeIgniter\CodeIgniter->createController()
 3 SYSTEMPATH\CodeIgniter.php(368): CodeIgniter\CodeIgniter->handleRequest(null, Object(Config\Cache), false)
 4 FCPATH\index.php(67): CodeIgniter\CodeIgniter->run()
 5 SYSTEMPATH\Commands\Server\rewrite.php(47): require_once('C:\\Users\\rimuru\\Development\\web-komisioning\\public\\index.php')
INFO - 2023-04-10 11:19:20 --> Session: Class initialized using 'CodeIgniter\Session\Handlers\FileHandler' driver.
WARNING - 2023-04-10 11:19:20 --> [DEPRECATED] Creation of dynamic property App\Controllers\Keypoint::$formkp is deprecated in APPPATH\Controllers\Keypoint.php on line 20.
 1 SYSTEMPATH\CodeIgniter.php(906): App\Controllers\Keypoint->__construct()
 2 SYSTEMPATH\CodeIgniter.php(490): CodeIgniter\CodeIgniter->createController()
 3 SYSTEMPATH\CodeIgniter.php(368): CodeIgniter\CodeIgniter->handleRequest(null, Object(Config\Cache), false)
 4 FCPATH\index.php(67): CodeIgniter\CodeIgniter->run()
 5 SYSTEMPATH\Commands\Server\rewrite.php(47): require_once('C:\\Users\\rimuru\\Development\\web-komisioning\\public\\index.php')
WARNING - 2023-04-10 11:19:20 --> [DEPRECATED] Creation of dynamic property App\Controllers\Keypoint::$komkp is deprecated in APPPATH\Controllers\Keypoint.php on line 21.
 1 SYSTEMPATH\CodeIgniter.php(906): App\Controllers\Keypoint->__construct()
 2 SYSTEMPATH\CodeIgniter.php(490): CodeIgniter\CodeIgniter->createController()
 3 SYSTEMPATH\CodeIgniter.php(368): CodeIgniter\CodeIgniter->handleRequest(null, Object(Config\Cache), false)
 4 FCPATH\index.php(67): CodeIgniter\CodeIgniter->run()
 5 SYSTEMPATH\Commands\Server\rewrite.php(47): require_once('C:\\Users\\rimuru\\Development\\web-komisioning\\public\\index.php')
WARNING - 2023-04-10 11:19:20 --> [DEPRECATED] Creation of dynamic property App\Controllers\Keypoint::$picmaster is deprecated in APPPATH\Controllers\Keypoint.php on line 22.
 1 SYSTEMPATH\CodeIgniter.php(906): App\Controllers\Keypoint->__construct()
 2 SYSTEMPATH\CodeIgniter.php(490): CodeIgniter\CodeIgniter->createController()
 3 SYSTEMPATH\CodeIgniter.php(368): CodeIgniter\CodeIgniter->handleRequest(null, Object(Config\Cache), false)
 4 FCPATH\index.php(67): CodeIgniter\CodeIgniter->run()
 5 SYSTEMPATH\Commands\Server\rewrite.php(47): require_once('C:\\Users\\rimuru\\Development\\web-komisioning\\public\\index.php')
WARNING - 2023-04-10 11:19:20 --> [DEPRECATED] Creation of dynamic property App\Controllers\Keypoint::$medkom is deprecated in APPPATH\Controllers\Keypoint.php on line 23.
 1 SYSTEMPATH\CodeIgniter.php(906): App\Controllers\Keypoint->__construct()
 2 SYSTEMPATH\CodeIgniter.php(490): CodeIgniter\CodeIgniter->createController()
 3 SYSTEMPATH\CodeIgniter.php(368): CodeIgniter\CodeIgniter->handleRequest(null, Object(Config\Cache), false)
 4 FCPATH\index.php(67): CodeIgniter\CodeIgniter->run()
 5 SYSTEMPATH\Commands\Server\rewrite.php(47): require_once('C:\\Users\\rimuru\\Development\\web-komisioning\\public\\index.php')
WARNING - 2023-04-10 11:19:20 --> [DEPRECATED] Creation of dynamic property App\Controllers\Keypoint::$merklbs is deprecated in APPPATH\Controllers\Keypoint.php on line 24.
 1 SYSTEMPATH\CodeIgniter.php(906): App\Controllers\Keypoint->__construct()
 2 SYSTEMPATH\CodeIgniter.php(490): CodeIgniter\CodeIgniter->createController()
 3 SYSTEMPATH\CodeIgniter.php(368): CodeIgniter\CodeIgniter->handleRequest(null, Object(Config\Cache), false)
 4 FCPATH\index.php(67): CodeIgniter\CodeIgniter->run()
 5 SYSTEMPATH\Commands\Server\rewrite.php(47): require_once('C:\\Users\\rimuru\\Development\\web-komisioning\\public\\index.php')
WARNING - 2023-04-10 11:19:20 --> [DEPRECATED] Creation of dynamic property App\Controllers\Keypoint::$garduinduk is deprecated in APPPATH\Controllers\Keypoint.php on line 25.
 1 SYSTEMPATH\CodeIgniter.php(906): App\Controllers\Keypoint->__construct()
 2 SYSTEMPATH\CodeIgniter.php(490): CodeIgniter\CodeIgniter->createController()
 3 SYSTEMPATH\CodeIgniter.php(368): CodeIgniter\CodeIgniter->handleRequest(null, Object(Config\Cache), false)
 4 FCPATH\index.php(67): CodeIgniter\CodeIgniter->run()
 5 SYSTEMPATH\Commands\Server\rewrite.php(47): require_once('C:\\Users\\rimuru\\Development\\web-komisioning\\public\\index.php')
WARNING - 2023-04-10 11:19:20 --> [DEPRECATED] Creation of dynamic property App\Controllers\Keypoint::$modem is deprecated in APPPATH\Controllers\Keypoint.php on line 26.
 1 SYSTEMPATH\CodeIgniter.php(906): App\Controllers\Keypoint->__construct()
 2 SYSTEMPATH\CodeIgniter.php(490): CodeIgniter\CodeIgniter->createController()
 3 SYSTEMPATH\CodeIgniter.php(368): CodeIgniter\CodeIgniter->handleRequest(null, Object(Config\Cache), false)
 4 FCPATH\index.php(67): CodeIgniter\CodeIgniter->run()
 5 SYSTEMPATH\Commands\Server\rewrite.php(47): require_once('C:\\Users\\rimuru\\Development\\web-komisioning\\public\\index.php')
WARNING - 2023-04-10 11:19:20 --> [DEPRECATED] Creation of dynamic property App\Controllers\Keypoint::$sectoral is deprecated in APPPATH\Controllers\Keypoint.php on line 27.
 1 SYSTEMPATH\CodeIgniter.php(906): App\Controllers\Keypoint->__construct()
 2 SYSTEMPATH\CodeIgniter.php(490): CodeIgniter\CodeIgniter->createController()
 3 SYSTEMPATH\CodeIgniter.php(368): CodeIgniter\CodeIgniter->handleRequest(null, Object(Config\Cache), false)
 4 FCPATH\index.php(67): CodeIgniter\CodeIgniter->run()
 5 SYSTEMPATH\Commands\Server\rewrite.php(47): require_once('C:\\Users\\rimuru\\Development\\web-komisioning\\public\\index.php')
WARNING - 2023-04-10 11:19:20 --> [DEPRECATED] Creation of dynamic property App\Controllers\Keypoint::$admin is deprecated in APPPATH\Controllers\Keypoint.php on line 28.
 1 SYSTEMPATH\CodeIgniter.php(906): App\Controllers\Keypoint->__construct()
 2 SYSTEMPATH\CodeIgniter.php(490): CodeIgniter\CodeIgniter->createController()
 3 SYSTEMPATH\CodeIgniter.php(368): CodeIgniter\CodeIgniter->handleRequest(null, Object(Config\Cache), false)
 4 FCPATH\index.php(67): CodeIgniter\CodeIgniter->run()
 5 SYSTEMPATH\Commands\Server\rewrite.php(47): require_once('C:\\Users\\rimuru\\Development\\web-komisioning\\public\\index.php')
INFO - 2023-04-10 11:20:32 --> Session: Class initialized using 'CodeIgniter\Session\Handlers\FileHandler' driver.
WARNING - 2023-04-10 11:20:32 --> [DEPRECATED] Creation of dynamic property App\Controllers\Keypoint::$formkp is deprecated in APPPATH\Controllers\Keypoint.php on line 20.
 1 SYSTEMPATH\CodeIgniter.php(906): App\Controllers\Keypoint->__construct()
 2 SYSTEMPATH\CodeIgniter.php(490): CodeIgniter\CodeIgniter->createController()
 3 SYSTEMPATH\CodeIgniter.php(368): CodeIgniter\CodeIgniter->handleRequest(null, Object(Config\Cache), false)
 4 FCPATH\index.php(67): CodeIgniter\CodeIgniter->run()
 5 SYSTEMPATH\Commands\Server\rewrite.php(47): require_once('C:\\Users\\rimuru\\Development\\web-komisioning\\public\\index.php')
WARNING - 2023-04-10 11:20:32 --> [DEPRECATED] Creation of dynamic property App\Controllers\Keypoint::$komkp is deprecated in APPPATH\Controllers\Keypoint.php on line 21.
 1 SYSTEMPATH\CodeIgniter.php(906): App\Controllers\Keypoint->__construct()
 2 SYSTEMPATH\CodeIgniter.php(490): CodeIgniter\CodeIgniter->createController()
 3 SYSTEMPATH\CodeIgniter.php(368): CodeIgniter\CodeIgniter->handleRequest(null, Object(Config\Cache), false)
 4 FCPATH\index.php(67): CodeIgniter\CodeIgniter->run()
 5 SYSTEMPATH\Commands\Server\rewrite.php(47): require_once('C:\\Users\\rimuru\\Development\\web-komisioning\\public\\index.php')
WARNING - 2023-04-10 11:20:32 --> [DEPRECATED] Creation of dynamic property App\Controllers\Keypoint::$picmaster is deprecated in APPPATH\Controllers\Keypoint.php on line 22.
 1 SYSTEMPATH\CodeIgniter.php(906): App\Controllers\Keypoint->__construct()
 2 SYSTEMPATH\CodeIgniter.php(490): CodeIgniter\CodeIgniter->createController()
 3 SYSTEMPATH\CodeIgniter.php(368): CodeIgniter\CodeIgniter->handleRequest(null, Object(Config\Cache), false)
 4 FCPATH\index.php(67): CodeIgniter\CodeIgniter->run()
 5 SYSTEMPATH\Commands\Server\rewrite.php(47): require_once('C:\\Users\\rimuru\\Development\\web-komisioning\\public\\index.php')
WARNING - 2023-04-10 11:20:32 --> [DEPRECATED] Creation of dynamic property App\Controllers\Keypoint::$medkom is deprecated in APPPATH\Controllers\Keypoint.php on line 23.
 1 SYSTEMPATH\CodeIgniter.php(906): App\Controllers\Keypoint->__construct()
 2 SYSTEMPATH\CodeIgniter.php(490): CodeIgniter\CodeIgniter->createController()
 3 SYSTEMPATH\CodeIgniter.php(368): CodeIgniter\CodeIgniter->handleRequest(null, Object(Config\Cache), false)
 4 FCPATH\index.php(67): CodeIgniter\CodeIgniter->run()
 5 SYSTEMPATH\Commands\Server\rewrite.php(47): require_once('C:\\Users\\rimuru\\Development\\web-komisioning\\public\\index.php')
WARNING - 2023-04-10 11:20:32 --> [DEPRECATED] Creation of dynamic property App\Controllers\Keypoint::$merklbs is deprecated in APPPATH\Controllers\Keypoint.php on line 24.
 1 SYSTEMPATH\CodeIgniter.php(906): App\Controllers\Keypoint->__construct()
 2 SYSTEMPATH\CodeIgniter.php(490): CodeIgniter\CodeIgniter->createController()
 3 SYSTEMPATH\CodeIgniter.php(368): CodeIgniter\CodeIgniter->handleRequest(null, Object(Config\Cache), false)
 4 FCPATH\index.php(67): CodeIgniter\CodeIgniter->run()
 5 SYSTEMPATH\Commands\Server\rewrite.php(47): require_once('C:\\Users\\rimuru\\Development\\web-komisioning\\public\\index.php')
WARNING - 2023-04-10 11:20:32 --> [DEPRECATED] Creation of dynamic property App\Controllers\Keypoint::$garduinduk is deprecated in APPPATH\Controllers\Keypoint.php on line 25.
 1 SYSTEMPATH\CodeIgniter.php(906): App\Controllers\Keypoint->__construct()
 2 SYSTEMPATH\CodeIgniter.php(490): CodeIgniter\CodeIgniter->createController()
 3 SYSTEMPATH\CodeIgniter.php(368): CodeIgniter\CodeIgniter->handleRequest(null, Object(Config\Cache), false)
 4 FCPATH\index.php(67): CodeIgniter\CodeIgniter->run()
 5 SYSTEMPATH\Commands\Server\rewrite.php(47): require_once('C:\\Users\\rimuru\\Development\\web-komisioning\\public\\index.php')
WARNING - 2023-04-10 11:20:32 --> [DEPRECATED] Creation of dynamic property App\Controllers\Keypoint::$modem is deprecated in APPPATH\Controllers\Keypoint.php on line 26.
 1 SYSTEMPATH\CodeIgniter.php(906): App\Controllers\Keypoint->__construct()
 2 SYSTEMPATH\CodeIgniter.php(490): CodeIgniter\CodeIgniter->createController()
 3 SYSTEMPATH\CodeIgniter.php(368): CodeIgniter\CodeIgniter->handleRequest(null, Object(Config\Cache), false)
 4 FCPATH\index.php(67): CodeIgniter\CodeIgniter->run()
 5 SYSTEMPATH\Commands\Server\rewrite.php(47): require_once('C:\\Users\\rimuru\\Development\\web-komisioning\\public\\index.php')
WARNING - 2023-04-10 11:20:32 --> [DEPRECATED] Creation of dynamic property App\Controllers\Keypoint::$sectoral is deprecated in APPPATH\Controllers\Keypoint.php on line 27.
 1 SYSTEMPATH\CodeIgniter.php(906): App\Controllers\Keypoint->__construct()
 2 SYSTEMPATH\CodeIgniter.php(490): CodeIgniter\CodeIgniter->createController()
 3 SYSTEMPATH\CodeIgniter.php(368): CodeIgniter\CodeIgniter->handleRequest(null, Object(Config\Cache), false)
 4 FCPATH\index.php(67): CodeIgniter\CodeIgniter->run()
 5 SYSTEMPATH\Commands\Server\rewrite.php(47): require_once('C:\\Users\\rimuru\\Development\\web-komisioning\\public\\index.php')
WARNING - 2023-04-10 11:20:32 --> [DEPRECATED] Creation of dynamic property App\Controllers\Keypoint::$admin is deprecated in APPPATH\Controllers\Keypoint.php on line 28.
 1 SYSTEMPATH\CodeIgniter.php(906): App\Controllers\Keypoint->__construct()
 2 SYSTEMPATH\CodeIgniter.php(490): CodeIgniter\CodeIgniter->createController()
 3 SYSTEMPATH\CodeIgniter.php(368): CodeIgniter\CodeIgniter->handleRequest(null, Object(Config\Cache), false)
 4 FCPATH\index.php(67): CodeIgniter\CodeIgniter->run()
 5 SYSTEMPATH\Commands\Server\rewrite.php(47): require_once('C:\\Users\\rimuru\\Development\\web-komisioning\\public\\index.php')
INFO - 2023-04-10 11:20:46 --> Session: Class initialized using 'CodeIgniter\Session\Handlers\FileHandler' driver.
WARNING - 2023-04-10 11:20:46 --> [DEPRECATED] Creation of dynamic property App\Controllers\Keypoint::$formkp is deprecated in APPPATH\Controllers\Keypoint.php on line 20.
 1 SYSTEMPATH\CodeIgniter.php(906): App\Controllers\Keypoint->__construct()
 2 SYSTEMPATH\CodeIgniter.php(490): CodeIgniter\CodeIgniter->createController()
 3 SYSTEMPATH\CodeIgniter.php(368): CodeIgniter\CodeIgniter->handleRequest(null, Object(Config\Cache), false)
 4 FCPATH\index.php(67): CodeIgniter\CodeIgniter->run()
 5 SYSTEMPATH\Commands\Server\rewrite.php(47): require_once('C:\\Users\\rimuru\\Development\\web-komisioning\\public\\index.php')
WARNING - 2023-04-10 11:20:46 --> [DEPRECATED] Creation of dynamic property App\Controllers\Keypoint::$komkp is deprecated in APPPATH\Controllers\Keypoint.php on line 21.
 1 SYSTEMPATH\CodeIgniter.php(906): App\Controllers\Keypoint->__construct()
 2 SYSTEMPATH\CodeIgniter.php(490): CodeIgniter\CodeIgniter->createController()
 3 SYSTEMPATH\CodeIgniter.php(368): CodeIgniter\CodeIgniter->handleRequest(null, Object(Config\Cache), false)
 4 FCPATH\index.php(67): CodeIgniter\CodeIgniter->run()
 5 SYSTEMPATH\Commands\Server\rewrite.php(47): require_once('C:\\Users\\rimuru\\Development\\web-komisioning\\public\\index.php')
WARNING - 2023-04-10 11:20:46 --> [DEPRECATED] Creation of dynamic property App\Controllers\Keypoint::$picmaster is deprecated in APPPATH\Controllers\Keypoint.php on line 22.
 1 SYSTEMPATH\CodeIgniter.php(906): App\Controllers\Keypoint->__construct()
 2 SYSTEMPATH\CodeIgniter.php(490): CodeIgniter\CodeIgniter->createController()
 3 SYSTEMPATH\CodeIgniter.php(368): CodeIgniter\CodeIgniter->handleRequest(null, Object(Config\Cache), false)
 4 FCPATH\index.php(67): CodeIgniter\CodeIgniter->run()
 5 SYSTEMPATH\Commands\Server\rewrite.php(47): require_once('C:\\Users\\rimuru\\Development\\web-komisioning\\public\\index.php')
WARNING - 2023-04-10 11:20:46 --> [DEPRECATED] Creation of dynamic property App\Controllers\Keypoint::$medkom is deprecated in APPPATH\Controllers\Keypoint.php on line 23.
 1 SYSTEMPATH\CodeIgniter.php(906): App\Controllers\Keypoint->__construct()
 2 SYSTEMPATH\CodeIgniter.php(490): CodeIgniter\CodeIgniter->createController()
 3 SYSTEMPATH\CodeIgniter.php(368): CodeIgniter\CodeIgniter->handleRequest(null, Object(Config\Cache), false)
 4 FCPATH\index.php(67): CodeIgniter\CodeIgniter->run()
 5 SYSTEMPATH\Commands\Server\rewrite.php(47): require_once('C:\\Users\\rimuru\\Development\\web-komisioning\\public\\index.php')
WARNING - 2023-04-10 11:20:46 --> [DEPRECATED] Creation of dynamic property App\Controllers\Keypoint::$merklbs is deprecated in APPPATH\Controllers\Keypoint.php on line 24.
 1 SYSTEMPATH\CodeIgniter.php(906): App\Controllers\Keypoint->__construct()
 2 SYSTEMPATH\CodeIgniter.php(490): CodeIgniter\CodeIgniter->createController()
 3 SYSTEMPATH\CodeIgniter.php(368): CodeIgniter\CodeIgniter->handleRequest(null, Object(Config\Cache), false)
 4 FCPATH\index.php(67): CodeIgniter\CodeIgniter->run()
 5 SYSTEMPATH\Commands\Server\rewrite.php(47): require_once('C:\\Users\\rimuru\\Development\\web-komisioning\\public\\index.php')
WARNING - 2023-04-10 11:20:46 --> [DEPRECATED] Creation of dynamic property App\Controllers\Keypoint::$garduinduk is deprecated in APPPATH\Controllers\Keypoint.php on line 25.
 1 SYSTEMPATH\CodeIgniter.php(906): App\Controllers\Keypoint->__construct()
 2 SYSTEMPATH\CodeIgniter.php(490): CodeIgniter\CodeIgniter->createController()
 3 SYSTEMPATH\CodeIgniter.php(368): CodeIgniter\CodeIgniter->handleRequest(null, Object(Config\Cache), false)
 4 FCPATH\index.php(67): CodeIgniter\CodeIgniter->run()
 5 SYSTEMPATH\Commands\Server\rewrite.php(47): require_once('C:\\Users\\rimuru\\Development\\web-komisioning\\public\\index.php')
WARNING - 2023-04-10 11:20:46 --> [DEPRECATED] Creation of dynamic property App\Controllers\Keypoint::$modem is deprecated in APPPATH\Controllers\Keypoint.php on line 26.
 1 SYSTEMPATH\CodeIgniter.php(906): App\Controllers\Keypoint->__construct()
 2 SYSTEMPATH\CodeIgniter.php(490): CodeIgniter\CodeIgniter->createController()
 3 SYSTEMPATH\CodeIgniter.php(368): CodeIgniter\CodeIgniter->handleRequest(null, Object(Config\Cache), false)
 4 FCPATH\index.php(67): CodeIgniter\CodeIgniter->run()
 5 SYSTEMPATH\Commands\Server\rewrite.php(47): require_once('C:\\Users\\rimuru\\Development\\web-komisioning\\public\\index.php')
WARNING - 2023-04-10 11:20:46 --> [DEPRECATED] Creation of dynamic property App\Controllers\Keypoint::$sectoral is deprecated in APPPATH\Controllers\Keypoint.php on line 27.
 1 SYSTEMPATH\CodeIgniter.php(906): App\Controllers\Keypoint->__construct()
 2 SYSTEMPATH\CodeIgniter.php(490): CodeIgniter\CodeIgniter->createController()
 3 SYSTEMPATH\CodeIgniter.php(368): CodeIgniter\CodeIgniter->handleRequest(null, Object(Config\Cache), false)
 4 FCPATH\index.php(67): CodeIgniter\CodeIgniter->run()
 5 SYSTEMPATH\Commands\Server\rewrite.php(47): require_once('C:\\Users\\rimuru\\Development\\web-komisioning\\public\\index.php')
WARNING - 2023-04-10 11:20:46 --> [DEPRECATED] Creation of dynamic property App\Controllers\Keypoint::$admin is deprecated in APPPATH\Controllers\Keypoint.php on line 28.
 1 SYSTEMPATH\CodeIgniter.php(906): App\Controllers\Keypoint->__construct()
 2 SYSTEMPATH\CodeIgniter.php(490): CodeIgniter\CodeIgniter->createController()
 3 SYSTEMPATH\CodeIgniter.php(368): CodeIgniter\CodeIgniter->handleRequest(null, Object(Config\Cache), false)
 4 FCPATH\index.php(67): CodeIgniter\CodeIgniter->run()
 5 SYSTEMPATH\Commands\Server\rewrite.php(47): require_once('C:\\Users\\rimuru\\Development\\web-komisioning\\public\\index.php')
WARNING - 2023-04-10 11:20:52 --> [DEPRECATED] Creation of dynamic property App\Controllers\Auth::$admin is deprecated in APPPATH\Controllers\Auth.php on line 12.
 1 SYSTEMPATH\CodeIgniter.php(906): App\Controllers\Auth->__construct()
 2 SYSTEMPATH\CodeIgniter.php(490): CodeIgniter\CodeIgniter->createController()
 3 SYSTEMPATH\CodeIgniter.php(368): CodeIgniter\CodeIgniter->handleRequest(null, Object(Config\Cache), false)
 4 FCPATH\index.php(67): CodeIgniter\CodeIgniter->run()
 5 SYSTEMPATH\Commands\Server\rewrite.php(47): require_once('C:\\Users\\rimuru\\Development\\web-komisioning\\public\\index.php')
INFO - 2023-04-10 11:20:52 --> Session: Class initialized using 'CodeIgniter\Session\Handlers\FileHandler' driver.
WARNING - 2023-04-10 11:20:53 --> [DEPRECATED] Creation of dynamic property App\Controllers\Auth::$admin is deprecated in APPPATH\Controllers\Auth.php on line 12.
 1 SYSTEMPATH\CodeIgniter.php(906): App\Controllers\Auth->__construct()
 2 SYSTEMPATH\CodeIgniter.php(490): CodeIgniter\CodeIgniter->createController()
 3 SYSTEMPATH\CodeIgniter.php(368): CodeIgniter\CodeIgniter->handleRequest(null, Object(Config\Cache), false)
 4 FCPATH\index.php(67): CodeIgniter\CodeIgniter->run()
 5 SYSTEMPATH\Commands\Server\rewrite.php(47): require_once('C:\\Users\\rimuru\\Development\\web-komisioning\\public\\index.php')
INFO - 2023-04-10 11:20:53 --> Session: Class initialized using 'CodeIgniter\Session\Handlers\FileHandler' driver.
WARNING - 2023-04-10 11:21:13 --> [DEPRECATED] Creation of dynamic property App\Controllers\Auth::$admin is deprecated in APPPATH\Controllers\Auth.php on line 12.
 1 SYSTEMPATH\CodeIgniter.php(906): App\Controllers\Auth->__construct()
 2 SYSTEMPATH\CodeIgniter.php(490): CodeIgniter\CodeIgniter->createController()
 3 SYSTEMPATH\CodeIgniter.php(368): CodeIgniter\CodeIgniter->handleRequest(null, Object(Config\Cache), false)
 4 FCPATH\index.php(67): CodeIgniter\CodeIgniter->run()
 5 SYSTEMPATH\Commands\Server\rewrite.php(47): require_once('C:\\Users\\rimuru\\Development\\web-komisioning\\public\\index.php')
INFO - 2023-04-10 11:21:13 --> Session: Class initialized using 'CodeIgniter\Session\Handlers\FileHandler' driver.
WARNING - 2023-04-10 11:21:45 --> [DEPRECATED] Creation of dynamic property App\Controllers\Auth::$admin is deprecated in APPPATH\Controllers\Auth.php on line 12.
 1 SYSTEMPATH\CodeIgniter.php(906): App\Controllers\Auth->__construct()
 2 SYSTEMPATH\CodeIgniter.php(490): CodeIgniter\CodeIgniter->createController()
 3 SYSTEMPATH\CodeIgniter.php(368): CodeIgniter\CodeIgniter->handleRequest(null, Object(Config\Cache), false)
 4 FCPATH\index.php(67): CodeIgniter\CodeIgniter->run()
 5 SYSTEMPATH\Commands\Server\rewrite.php(47): require_once('C:\\Users\\rimuru\\Development\\web-komisioning\\public\\index.php')
INFO - 2023-04-10 11:21:45 --> Session: Class initialized using 'CodeIgniter\Session\Handlers\FileHandler' driver.
WARNING - 2023-04-10 11:22:00 --> [DEPRECATED] Creation of dynamic property App\Controllers\Auth::$admin is deprecated in APPPATH\Controllers\Auth.php on line 12.
 1 SYSTEMPATH\CodeIgniter.php(906): App\Controllers\Auth->__construct()
 2 SYSTEMPATH\CodeIgniter.php(490): CodeIgniter\CodeIgniter->createController()
 3 SYSTEMPATH\CodeIgniter.php(368): CodeIgniter\CodeIgniter->handleRequest(null, Object(Config\Cache), false)
 4 FCPATH\index.php(67): CodeIgniter\CodeIgniter->run()
 5 SYSTEMPATH\Commands\Server\rewrite.php(47): require_once('C:\\Users\\rimuru\\Development\\web-komisioning\\public\\index.php')
INFO - 2023-04-10 11:22:00 --> Session: Class initialized using 'CodeIgniter\Session\Handlers\FileHandler' driver.
